[1.590s] Invoking command in '/home/mscrobotics2425laptop42/RoboticsSystemsDesignProject/src/sensors_package': PYTHONPATH=/home/mscrobotics2425laptop42/RoboticsSystemsDesignProject/build/sensors_package/prefix_override:/usr/lib/python3/dist-packages/colcon_core/task/python/colcon_distutils_commands:/home/mscrobotics2425laptop42/RoboticsSystemsDesignProject/install/sensors_package/lib/python3.10/site-packages:${PYTHONPATH} /usr/bin/python3 -W ignore:setup.py install is deprecated -W ignore:easy_install command is deprecated setup.py egg_info --egg-base ../../build/sensors_package build --build-base /home/mscrobotics2425laptop42/RoboticsSystemsDesignProject/build/sensors_package/build install --record /home/mscrobotics2425laptop42/RoboticsSystemsDesignProject/build/sensors_package/install.log --single-version-externally-managed install_data
[1.780s] running egg_info
[1.780s] creating ../../build/sensors_package/sensors_package.egg-info
[1.781s] writing ../../build/sensors_package/sensors_package.egg-info/PKG-INFO
[1.781s] writing dependency_links to ../../build/sensors_package/sensors_package.egg-info/dependency_links.txt
[1.781s] writing entry points to ../../build/sensors_package/sensors_package.egg-info/entry_points.txt
[1.782s] writing requirements to ../../build/sensors_package/sensors_package.egg-info/requires.txt
[1.782s] writing top-level names to ../../build/sensors_package/sensors_package.egg-info/top_level.txt
[1.782s] writing manifest file '../../build/sensors_package/sensors_package.egg-info/SOURCES.txt'
[1.788s] reading manifest file '../../build/sensors_package/sensors_package.egg-info/SOURCES.txt'
[1.788s] writing manifest file '../../build/sensors_package/sensors_package.egg-info/SOURCES.txt'
[1.789s] running build
[1.789s] running build_py
[1.790s] creating /home/mscrobotics2425laptop42/RoboticsSystemsDesignProject/build/sensors_package/build
[1.790s] creating /home/mscrobotics2425laptop42/RoboticsSystemsDesignProject/build/sensors_package/build/lib
[1.790s] creating /home/mscrobotics2425laptop42/RoboticsSystemsDesignProject/build/sensors_package/build/lib/sensors_package
[1.790s] copying sensors_package/__init__.py -> /home/mscrobotics2425laptop42/RoboticsSystemsDesignProject/build/sensors_package/build/lib/sensors_package
[1.790s] copying sensors_package/lidar_code.py -> /home/mscrobotics2425laptop42/RoboticsSystemsDesignProject/build/sensors_package/build/lib/sensors_package
[1.790s] copying sensors_package/camera_code.py -> /home/mscrobotics2425laptop42/RoboticsSystemsDesignProject/build/sensors_package/build/lib/sensors_package
[1.790s] running install
[1.790s] running install_lib
[1.794s] creating /home/mscrobotics2425laptop42/RoboticsSystemsDesignProject/install/sensors_package/lib/python3.10/site-packages/sensors_package
[1.794s] copying /home/mscrobotics2425laptop42/RoboticsSystemsDesignProject/build/sensors_package/build/lib/sensors_package/__init__.py -> /home/mscrobotics2425laptop42/RoboticsSystemsDesignProject/install/sensors_package/lib/python3.10/site-packages/sensors_package
[1.794s] copying /home/mscrobotics2425laptop42/RoboticsSystemsDesignProject/build/sensors_package/build/lib/sensors_package/lidar_code.py -> /home/mscrobotics2425laptop42/RoboticsSystemsDesignProject/install/sensors_package/lib/python3.10/site-packages/sensors_package
[1.794s] copying /home/mscrobotics2425laptop42/RoboticsSystemsDesignProject/build/sensors_package/build/lib/sensors_package/camera_code.py -> /home/mscrobotics2425laptop42/RoboticsSystemsDesignProject/install/sensors_package/lib/python3.10/site-packages/sensors_package
[1.795s] byte-compiling /home/mscrobotics2425laptop42/RoboticsSystemsDesignProject/install/sensors_package/lib/python3.10/site-packages/sensors_package/__init__.py to __init__.cpython-310.pyc
[1.797s] byte-compiling /home/mscrobotics2425laptop42/RoboticsSystemsDesignProject/install/sensors_package/lib/python3.10/site-packages/sensors_package/lidar_code.py to lidar_code.cpython-310.pyc
[1.797s] byte-compiling /home/mscrobotics2425laptop42/RoboticsSystemsDesignProject/install/sensors_package/lib/python3.10/site-packages/sensors_package/camera_code.py to camera_code.cpython-310.pyc
[1.802s] running install_data
[1.802s] creating /home/mscrobotics2425laptop42/RoboticsSystemsDesignProject/install/sensors_package/share/ament_index
[1.803s] creating /home/mscrobotics2425laptop42/RoboticsSystemsDesignProject/install/sensors_package/share/ament_index/resource_index
[1.803s] creating /home/mscrobotics2425laptop42/RoboticsSystemsDesignProject/install/sensors_package/share/ament_index/resource_index/packages
[1.803s] copying resource/sensors_package -> /home/mscrobotics2425laptop42/RoboticsSystemsDesignProject/install/sensors_package/share/ament_index/resource_index/packages
[1.803s] copying package.xml -> /home/mscrobotics2425laptop42/RoboticsSystemsDesignProject/install/sensors_package/share/sensors_package
[1.803s] creating /home/mscrobotics2425laptop42/RoboticsSystemsDesignProject/install/sensors_package/share/sensors_package/launch
[1.803s] copying launch/data_filterer.launch.py -> /home/mscrobotics2425laptop42/RoboticsSystemsDesignProject/install/sensors_package/share/sensors_package/launch
[1.803s] running install_egg_info
[1.806s] Copying ../../build/sensors_package/sensors_package.egg-info to /home/mscrobotics2425laptop42/RoboticsSystemsDesignProject/install/sensors_package/lib/python3.10/site-packages/sensors_package-0.0.0-py3.10.egg-info
[1.807s] running install_scripts
[1.850s] Installing camera_code script to /home/mscrobotics2425laptop42/RoboticsSystemsDesignProject/install/sensors_package/lib/sensors_package
[1.850s] Installing lidar_code script to /home/mscrobotics2425laptop42/RoboticsSystemsDesignProject/install/sensors_package/lib/sensors_package
[1.856s] writing list of installed files to '/home/mscrobotics2425laptop42/RoboticsSystemsDesignProject/build/sensors_package/install.log'
[1.908s] Invoked command in '/home/mscrobotics2425laptop42/RoboticsSystemsDesignProject/src/sensors_package' returned '0': PYTHONPATH=/home/mscrobotics2425laptop42/RoboticsSystemsDesignProject/build/sensors_package/prefix_override:/usr/lib/python3/dist-packages/colcon_core/task/python/colcon_distutils_commands:/home/mscrobotics2425laptop42/RoboticsSystemsDesignProject/install/sensors_package/lib/python3.10/site-packages:${PYTHONPATH} /usr/bin/python3 -W ignore:setup.py install is deprecated -W ignore:easy_install command is deprecated setup.py egg_info --egg-base ../../build/sensors_package build --build-base /home/mscrobotics2425laptop42/RoboticsSystemsDesignProject/build/sensors_package/build install --record /home/mscrobotics2425laptop42/RoboticsSystemsDesignProject/build/sensors_package/install.log --single-version-externally-managed install_data
