[0.093s] Invoking command in '/home/mscrobotics2425laptop42/RoboticsSystemsDesignProject/build/leo_msgs': CMAKE_PREFIX_PATH=${CMAKE_PREFIX_PATH}:/home/mscrobotics2425laptop42/RoboticsSystemsDesignProject/install/simulation_package:/home/mscrobotics2425laptop42/RoboticsSystemsDesignProject/install/sensors_package:/home/mscrobotics2425laptop42/RoboticsSystemsDesignProject/install/px100_control:/home/mscrobotics2425laptop42/RoboticsSystemsDesignProject/install/object_detect_package:/home/mscrobotics2425laptop42/RoboticsSystemsDesignProject/install/hardware_package:/home/mscrobotics2425laptop42/interbotix_ws/install/interbotix_xs_modules:/home/mscrobotics2425laptop42/interbotix_ws/install/interbotix_perception_modules:/home/mscrobotics2425laptop42/interbotix_ws/install/interbotix_common_modules:/opt/ros/humble /usr/bin/cmake --build /home/mscrobotics2425laptop42/RoboticsSystemsDesignProject/build/leo_msgs -- -j12 -l12
[1.165s] -- Found ament_cmake: 1.3.11 (/opt/ros/humble/share/ament_cmake/cmake)
[1.165s] -- Found rosidl_default_generators: 1.2.0 (/opt/ros/humble/share/rosidl_default_generators/cmake)
[1.166s] -- Using all available rosidl_typesupport_c: rosidl_typesupport_fastrtps_c;rosidl_typesupport_introspection_c
[1.166s] -- Found rosidl_adapter: 3.1.6 (/opt/ros/humble/share/rosidl_adapter/cmake)
[1.166s] -- Using all available rosidl_typesupport_cpp: rosidl_typesupport_fastrtps_cpp;rosidl_typesupport_introspection_cpp
[1.166s] -- Found builtin_interfaces: 1.2.1 (/opt/ros/humble/share/builtin_interfaces/cmake)
[1.166s] -- Found ament_cmake_ros: 0.10.0 (/opt/ros/humble/share/ament_cmake_ros/cmake)
[1.166s] -- Using all available rosidl_typesupport_c: rosidl_typesupport_fastrtps_c;rosidl_typesupport_introspection_c
[1.166s] -- Using all available rosidl_typesupport_cpp: rosidl_typesupport_fastrtps_cpp;rosidl_typesupport_introspection_cpp
[1.166s] -- Found python_cmake_module: 0.10.0 (/opt/ros/humble/share/python_cmake_module/cmake)
[1.167s] -- Using PYTHON_EXECUTABLE: /usr/bin/python3
[1.167s] -- Using PYTHON_INCLUDE_DIRS: /usr/include/python3.10
[1.167s] -- Using PYTHON_LIBRARIES: /usr/lib/x86_64-linux-gnu/libpython3.10.so
[1.187s] -- Found ament_lint_auto: 0.12.11 (/opt/ros/humble/share/ament_lint_auto/cmake)
[1.192s] -- Added test 'lint_cmake' to check CMake code style
[1.192s] -- Added test 'xmllint' to check XML markup files
[1.195s] -- Configuring done
[1.250s] -- Generating done
[1.258s] -- Build files have been written to: /home/mscrobotics2425laptop42/RoboticsSystemsDesignProject/build/leo_msgs
[1.285s] [35m[1mConsolidate compiler generated dependencies of target leo_msgs__rosidl_generator_c[0m
[1.295s] [  1%] Built target leo_msgs__cpp
[1.297s] [  3%] [32mBuilding C object CMakeFiles/leo_msgs__rosidl_generator_c.dir/rosidl_generator_c/leo_msgs/msg/detail/wheel_odom__functions.c.o[0m
[1.302s] [  6%] [32mBuilding C object CMakeFiles/leo_msgs__rosidl_generator_c.dir/rosidl_generator_c/leo_msgs/msg/detail/wheel_odom_mecanum__functions.c.o[0m
[1.302s] [  9%] [32mBuilding C object CMakeFiles/leo_msgs__rosidl_generator_c.dir/rosidl_generator_c/leo_msgs/srv/detail/set_imu_calibration__functions.c.o[0m
[1.303s] [  9%] [32mBuilding C object CMakeFiles/leo_msgs__rosidl_generator_c.dir/rosidl_generator_c/leo_msgs/msg/detail/wheel_states__functions.c.o[0m
[1.303s] [  6%] [32mBuilding C object CMakeFiles/leo_msgs__rosidl_generator_c.dir/rosidl_generator_c/leo_msgs/msg/detail/imu__functions.c.o[0m
[1.306s] [  9%] Built target ament_cmake_python_copy_leo_msgs
[1.307s] [35m[1mConsolidate compiler generated dependencies of target leo_msgs__rosidl_typesupport_cpp[0m
[1.311s] [35m[1mConsolidate compiler generated dependencies of target leo_msgs__rosidl_typesupport_fastrtps_cpp[0m
[1.313s] [35m[1mConsolidate compiler generated dependencies of target leo_msgs__rosidl_typesupport_introspection_cpp[0m
[1.351s] [ 12%] [32mBuilding CXX object CMakeFiles/leo_msgs__rosidl_typesupport_cpp.dir/rosidl_typesupport_cpp/leo_msgs/msg/imu__type_support.cpp.o[0m
[1.351s] [ 12%] [32mBuilding CXX object CMakeFiles/leo_msgs__rosidl_typesupport_introspection_cpp.dir/rosidl_typesupport_introspection_cpp/leo_msgs/msg/detail/imu__type_support.cpp.o[0m
[1.353s] [ 14%] [32mBuilding CXX object CMakeFiles/leo_msgs__rosidl_typesupport_introspection_cpp.dir/rosidl_typesupport_introspection_cpp/leo_msgs/msg/detail/wheel_odom__type_support.cpp.o[0m
[1.354s] [ 15%] [32mBuilding CXX object CMakeFiles/leo_msgs__rosidl_typesupport_cpp.dir/rosidl_typesupport_cpp/leo_msgs/msg/wheel_odom__type_support.cpp.o[0m
[1.359s] [ 17%] [32mBuilding CXX object CMakeFiles/leo_msgs__rosidl_typesupport_introspection_cpp.dir/rosidl_typesupport_introspection_cpp/leo_msgs/msg/detail/wheel_odom_mecanum__type_support.cpp.o[0m
[1.360s] [ 19%] [32mBuilding CXX object CMakeFiles/leo_msgs__rosidl_typesupport_fastrtps_cpp.dir/rosidl_typesupport_fastrtps_cpp/leo_msgs/msg/detail/dds_fastrtps/wheel_odom__type_support.cpp.o[0m
[1.360s] [ 20%] [32mBuilding CXX object CMakeFiles/leo_msgs__rosidl_typesupport_fastrtps_cpp.dir/rosidl_typesupport_fastrtps_cpp/leo_msgs/msg/detail/dds_fastrtps/imu__type_support.cpp.o[0m
[1.373s] [ 22%] [32mBuilding CXX object CMakeFiles/leo_msgs__rosidl_typesupport_introspection_cpp.dir/rosidl_typesupport_introspection_cpp/leo_msgs/msg/detail/wheel_states__type_support.cpp.o[0m
[1.385s] [ 23%] [32mBuilding CXX object CMakeFiles/leo_msgs__rosidl_typesupport_introspection_cpp.dir/rosidl_typesupport_introspection_cpp/leo_msgs/srv/detail/set_imu_calibration__type_support.cpp.o[0m
[1.389s] [ 25%] [32mBuilding CXX object CMakeFiles/leo_msgs__rosidl_typesupport_cpp.dir/rosidl_typesupport_cpp/leo_msgs/msg/wheel_odom_mecanum__type_support.cpp.o[0m
[1.393s] [ 26%] [32m[1mLinking C shared library libleo_msgs__rosidl_generator_c.so[0m
[1.503s] [ 28%] Built target leo_msgs__rosidl_generator_c
[1.555s] [ 30%] [32mBuilding CXX object CMakeFiles/leo_msgs__rosidl_typesupport_cpp.dir/rosidl_typesupport_cpp/leo_msgs/msg/wheel_states__type_support.cpp.o[0m
[1.798s] [ 31%] [32mBuilding CXX object CMakeFiles/leo_msgs__rosidl_typesupport_cpp.dir/rosidl_typesupport_cpp/leo_msgs/srv/set_imu_calibration__type_support.cpp.o[0m
[1.863s] running egg_info
[1.863s] [35m[1mConsolidate compiler generated dependencies of target leo_msgs__rosidl_typesupport_fastrtps_c[0m
[1.878s] writing leo_msgs.egg-info/PKG-INFO
[1.895s] writing dependency_links to leo_msgs.egg-info/dependency_links.txt
[1.896s] writing top-level names to leo_msgs.egg-info/top_level.txt
[1.899s] reading manifest file 'leo_msgs.egg-info/SOURCES.txt'
[1.899s] writing manifest file 'leo_msgs.egg-info/SOURCES.txt'
[1.931s] [ 33%] [32mBuilding CXX object CMakeFiles/leo_msgs__rosidl_typesupport_fastrtps_c.dir/rosidl_typesupport_fastrtps_c/leo_msgs/msg/detail/imu__type_support_c.cpp.o[0m
[2.028s] [35m[1mConsolidate compiler generated dependencies of target leo_msgs__rosidl_typesupport_introspection_c[0m
[2.035s] [ 33%] Built target ament_cmake_python_build_leo_msgs_egg
[2.047s] [ 34%] [32mBuilding CXX object CMakeFiles/leo_msgs__rosidl_typesupport_fastrtps_cpp.dir/rosidl_typesupport_fastrtps_cpp/leo_msgs/msg/detail/dds_fastrtps/wheel_odom_mecanum__type_support.cpp.o[0m
[2.055s] [ 36%] [32mBuilding CXX object CMakeFiles/leo_msgs__rosidl_typesupport_fastrtps_c.dir/rosidl_typesupport_fastrtps_c/leo_msgs/msg/detail/wheel_odom__type_support_c.cpp.o[0m
[2.066s] [ 38%] [32mBuilding CXX object CMakeFiles/leo_msgs__rosidl_typesupport_fastrtps_cpp.dir/rosidl_typesupport_fastrtps_cpp/leo_msgs/msg/detail/dds_fastrtps/wheel_states__type_support.cpp.o[0m
[2.071s] [ 39%] [32mBuilding C object CMakeFiles/leo_msgs__rosidl_typesupport_introspection_c.dir/rosidl_typesupport_introspection_c/leo_msgs/msg/detail/imu__type_support.c.o[0m
[2.178s] [35m[1mConsolidate compiler generated dependencies of target leo_msgs__rosidl_typesupport_c[0m
[2.182s] [ 41%] [32mBuilding C object CMakeFiles/leo_msgs__rosidl_typesupport_introspection_c.dir/rosidl_typesupport_introspection_c/leo_msgs/msg/detail/wheel_odom__type_support.c.o[0m
[2.202s] [ 42%] [32mBuilding C object CMakeFiles/leo_msgs__rosidl_typesupport_introspection_c.dir/rosidl_typesupport_introspection_c/leo_msgs/msg/detail/wheel_odom_mecanum__type_support.c.o[0m
[2.223s] [ 44%] [32mBuilding CXX object CMakeFiles/leo_msgs__rosidl_typesupport_c.dir/rosidl_typesupport_c/leo_msgs/msg/imu__type_support.cpp.o[0m
[2.286s] [ 46%] [32mBuilding C object CMakeFiles/leo_msgs__rosidl_typesupport_introspection_c.dir/rosidl_typesupport_introspection_c/leo_msgs/msg/detail/wheel_states__type_support.c.o[0m
[2.315s] [ 47%] [32mBuilding CXX object CMakeFiles/leo_msgs__rosidl_typesupport_fastrtps_c.dir/rosidl_typesupport_fastrtps_c/leo_msgs/msg/detail/wheel_odom_mecanum__type_support_c.cpp.o[0m
[2.316s] [ 49%] [32mBuilding C object CMakeFiles/leo_msgs__rosidl_typesupport_introspection_c.dir/rosidl_typesupport_introspection_c/leo_msgs/srv/detail/set_imu_calibration__type_support.c.o[0m
[2.317s] [ 50%] [32mBuilding CXX object CMakeFiles/leo_msgs__rosidl_typesupport_fastrtps_cpp.dir/rosidl_typesupport_fastrtps_cpp/leo_msgs/srv/detail/dds_fastrtps/set_imu_calibration__type_support.cpp.o[0m
[2.324s] [ 52%] [32mBuilding CXX object CMakeFiles/leo_msgs__rosidl_typesupport_c.dir/rosidl_typesupport_c/leo_msgs/msg/wheel_odom__type_support.cpp.o[0m
[2.378s] [ 53%] [32mBuilding CXX object CMakeFiles/leo_msgs__rosidl_typesupport_fastrtps_c.dir/rosidl_typesupport_fastrtps_c/leo_msgs/msg/detail/wheel_states__type_support_c.cpp.o[0m
[2.395s] [ 55%] [32mBuilding CXX object CMakeFiles/leo_msgs__rosidl_typesupport_c.dir/rosidl_typesupport_c/leo_msgs/msg/wheel_odom_mecanum__type_support.cpp.o[0m
[2.421s] [ 57%] [32mBuilding CXX object CMakeFiles/leo_msgs__rosidl_typesupport_fastrtps_c.dir/rosidl_typesupport_fastrtps_c/leo_msgs/srv/detail/set_imu_calibration__type_support_c.cpp.o[0m
[2.431s] [ 58%] [32m[1mLinking C shared library libleo_msgs__rosidl_typesupport_introspection_c.so[0m
[2.451s] [ 60%] [32m[1mLinking CXX shared library libleo_msgs__rosidl_typesupport_cpp.so[0m
[2.478s] [ 61%] [32mBuilding CXX object CMakeFiles/leo_msgs__rosidl_typesupport_c.dir/rosidl_typesupport_c/leo_msgs/msg/wheel_states__type_support.cpp.o[0m
[2.495s] [ 63%] Built target leo_msgs__rosidl_typesupport_introspection_c
[2.513s] [ 65%] [32mBuilding CXX object CMakeFiles/leo_msgs__rosidl_typesupport_c.dir/rosidl_typesupport_c/leo_msgs/srv/set_imu_calibration__type_support.cpp.o[0m
[2.570s] [ 66%] [32m[1mLinking CXX shared library libleo_msgs__rosidl_typesupport_introspection_cpp.so[0m
[2.595s] [ 68%] [32m[1mLinking CXX shared library libleo_msgs__rosidl_typesupport_c.so[0m
[2.598s] [ 69%] Built target leo_msgs__rosidl_typesupport_cpp
[2.738s] [ 71%] Built target leo_msgs__rosidl_typesupport_c
[2.758s] [ 73%] Built target leo_msgs__rosidl_typesupport_introspection_cpp
[3.099s] [ 74%] [32m[1mLinking CXX shared library libleo_msgs__rosidl_typesupport_fastrtps_cpp.so[0m
[3.156s] [ 76%] [32m[1mLinking CXX shared library libleo_msgs__rosidl_typesupport_fastrtps_c.so[0m
[3.228s] [ 77%] Built target leo_msgs__rosidl_typesupport_fastrtps_cpp
[3.281s] [ 79%] Built target leo_msgs__rosidl_typesupport_fastrtps_c
[3.315s] [ 79%] Built target leo_msgs
[3.362s] [ 80%] Built target leo_msgs__py
[3.374s] [35m[1mConsolidate compiler generated dependencies of target leo_msgs__rosidl_generator_py[0m
[3.389s] [ 82%] [32mBuilding C object CMakeFiles/leo_msgs__rosidl_generator_py.dir/rosidl_generator_py/leo_msgs/msg/_wheel_odom_s.c.o[0m
[3.389s] [ 84%] [32mBuilding C object CMakeFiles/leo_msgs__rosidl_generator_py.dir/rosidl_generator_py/leo_msgs/msg/_wheel_states_s.c.o[0m
[3.392s] [ 87%] [32mBuilding C object CMakeFiles/leo_msgs__rosidl_generator_py.dir/rosidl_generator_py/leo_msgs/msg/_wheel_odom_mecanum_s.c.o[0m
[3.392s] [ 87%] [32mBuilding C object CMakeFiles/leo_msgs__rosidl_generator_py.dir/rosidl_generator_py/leo_msgs/msg/_imu_s.c.o[0m
[3.393s] [ 88%] [32mBuilding C object CMakeFiles/leo_msgs__rosidl_generator_py.dir/rosidl_generator_py/leo_msgs/srv/_set_imu_calibration_s.c.o[0m
[3.526s] [ 90%] [32m[1mLinking C shared library rosidl_generator_py/leo_msgs/libleo_msgs__rosidl_generator_py.so[0m
[3.573s] [ 90%] Built target leo_msgs__rosidl_generator_py
[3.588s] [35m[1mConsolidate compiler generated dependencies of target leo_msgs__rosidl_typesupport_introspection_c__pyext[0m
[3.588s] [35m[1mConsolidate compiler generated dependencies of target leo_msgs__rosidl_typesupport_c__pyext[0m
[3.591s] [35m[1mConsolidate compiler generated dependencies of target leo_msgs__rosidl_typesupport_fastrtps_c__pyext[0m
[3.600s] [ 92%] [32mBuilding C object CMakeFiles/leo_msgs__rosidl_typesupport_c__pyext.dir/rosidl_generator_py/leo_msgs/_leo_msgs_s.ep.rosidl_typesupport_c.c.o[0m
[3.603s] [ 93%] [32mBuilding C object CMakeFiles/leo_msgs__rosidl_typesupport_introspection_c__pyext.dir/rosidl_generator_py/leo_msgs/_leo_msgs_s.ep.rosidl_typesupport_introspection_c.c.o[0m
[3.609s] [ 95%] [32mBuilding C object CMakeFiles/leo_msgs__rosidl_typesupport_fastrtps_c__pyext.dir/rosidl_generator_py/leo_msgs/_leo_msgs_s.ep.rosidl_typesupport_fastrtps_c.c.o[0m
[3.696s] [ 96%] [32m[1mLinking C shared library rosidl_generator_py/leo_msgs/leo_msgs_s__rosidl_typesupport_introspection_c.cpython-310-x86_64-linux-gnu.so[0m
[3.705s] [ 98%] [32m[1mLinking C shared library rosidl_generator_py/leo_msgs/leo_msgs_s__rosidl_typesupport_fastrtps_c.cpython-310-x86_64-linux-gnu.so[0m
[3.743s] [100%] [32m[1mLinking C shared library rosidl_generator_py/leo_msgs/leo_msgs_s__rosidl_typesupport_c.cpython-310-x86_64-linux-gnu.so[0m
[3.743s] [100%] Built target leo_msgs__rosidl_typesupport_introspection_c__pyext
[3.754s] [100%] Built target leo_msgs__rosidl_typesupport_fastrtps_c__pyext
[3.781s] [100%] Built target leo_msgs__rosidl_typesupport_c__pyext
[3.796s] Invoked command in '/home/mscrobotics2425laptop42/RoboticsSystemsDesignProject/build/leo_msgs' returned '0': CMAKE_PREFIX_PATH=${CMAKE_PREFIX_PATH}:/home/mscrobotics2425laptop42/RoboticsSystemsDesignProject/install/simulation_package:/home/mscrobotics2425laptop42/RoboticsSystemsDesignProject/install/sensors_package:/home/mscrobotics2425laptop42/RoboticsSystemsDesignProject/install/px100_control:/home/mscrobotics2425laptop42/RoboticsSystemsDesignProject/install/object_detect_package:/home/mscrobotics2425laptop42/RoboticsSystemsDesignProject/install/hardware_package:/home/mscrobotics2425laptop42/interbotix_ws/install/interbotix_xs_modules:/home/mscrobotics2425laptop42/interbotix_ws/install/interbotix_perception_modules:/home/mscrobotics2425laptop42/interbotix_ws/install/interbotix_common_modules:/opt/ros/humble /usr/bin/cmake --build /home/mscrobotics2425laptop42/RoboticsSystemsDesignProject/build/leo_msgs -- -j12 -l12
[3.799s] Invoking command in '/home/mscrobotics2425laptop42/RoboticsSystemsDesignProject/build/leo_msgs': CMAKE_PREFIX_PATH=${CMAKE_PREFIX_PATH}:/home/mscrobotics2425laptop42/RoboticsSystemsDesignProject/install/simulation_package:/home/mscrobotics2425laptop42/RoboticsSystemsDesignProject/install/sensors_package:/home/mscrobotics2425laptop42/RoboticsSystemsDesignProject/install/px100_control:/home/mscrobotics2425laptop42/RoboticsSystemsDesignProject/install/object_detect_package:/home/mscrobotics2425laptop42/RoboticsSystemsDesignProject/install/hardware_package:/home/mscrobotics2425laptop42/interbotix_ws/install/interbotix_xs_modules:/home/mscrobotics2425laptop42/interbotix_ws/install/interbotix_perception_modules:/home/mscrobotics2425laptop42/interbotix_ws/install/interbotix_common_modules:/opt/ros/humble /usr/bin/cmake --install /home/mscrobotics2425laptop42/RoboticsSystemsDesignProject/build/leo_msgs
[3.812s] -- Install configuration: ""
[3.813s] -- Up-to-date: /home/mscrobotics2425laptop42/RoboticsSystemsDesignProject/install/leo_msgs/share/ament_index/resource_index/rosidl_interfaces/leo_msgs
[3.813s] -- Up-to-date: /home/mscrobotics2425laptop42/RoboticsSystemsDesignProject/install/leo_msgs/include/leo_msgs/leo_msgs
[3.814s] -- Up-to-date: /home/mscrobotics2425laptop42/RoboticsSystemsDesignProject/install/leo_msgs/include/leo_msgs/leo_msgs/msg
[3.814s] -- Up-to-date: /home/mscrobotics2425laptop42/RoboticsSystemsDesignProject/install/leo_msgs/include/leo_msgs/leo_msgs/msg/wheel_states.h
[3.815s] -- Up-to-date: /home/mscrobotics2425laptop42/RoboticsSystemsDesignProject/install/leo_msgs/include/leo_msgs/leo_msgs/msg/rosidl_generator_c__visibility_control.h
[3.815s] -- Up-to-date: /home/mscrobotics2425laptop42/RoboticsSystemsDesignProject/install/leo_msgs/include/leo_msgs/leo_msgs/msg/detail
[3.815s] -- Up-to-date: /home/mscrobotics2425laptop42/RoboticsSystemsDesignProject/install/leo_msgs/include/leo_msgs/leo_msgs/msg/detail/wheel_states__functions.c
[3.816s] -- Up-to-date: /home/mscrobotics2425laptop42/RoboticsSystemsDesignProject/install/leo_msgs/include/leo_msgs/leo_msgs/msg/detail/imu__type_support.h
[3.816s] -- Up-to-date: /home/mscrobotics2425laptop42/RoboticsSystemsDesignProject/install/leo_msgs/include/leo_msgs/leo_msgs/msg/detail/imu__struct.h
[3.816s] -- Up-to-date: /home/mscrobotics2425laptop42/RoboticsSystemsDesignProject/install/leo_msgs/include/leo_msgs/leo_msgs/msg/detail/wheel_states__functions.h
[3.817s] -- Up-to-date: /home/mscrobotics2425laptop42/RoboticsSystemsDesignProject/install/leo_msgs/include/leo_msgs/leo_msgs/msg/detail/wheel_odom_mecanum__functions.c
[3.817s] -- Up-to-date: /home/mscrobotics2425laptop42/RoboticsSystemsDesignProject/install/leo_msgs/include/leo_msgs/leo_msgs/msg/detail/wheel_odom_mecanum__struct.h
[3.818s] -- Up-to-date: /home/mscrobotics2425laptop42/RoboticsSystemsDesignProject/install/leo_msgs/include/leo_msgs/leo_msgs/msg/detail/wheel_odom__struct.h
[3.818s] -- Up-to-date: /home/mscrobotics2425laptop42/RoboticsSystemsDesignProject/install/leo_msgs/include/leo_msgs/leo_msgs/msg/detail/wheel_odom__functions.h
[3.818s] -- Up-to-date: /home/mscrobotics2425laptop42/RoboticsSystemsDesignProject/install/leo_msgs/include/leo_msgs/leo_msgs/msg/detail/imu__functions.h
[3.819s] -- Up-to-date: /home/mscrobotics2425laptop42/RoboticsSystemsDesignProject/install/leo_msgs/include/leo_msgs/leo_msgs/msg/detail/wheel_odom__functions.c
[3.820s] -- Up-to-date: /home/mscrobotics2425laptop42/RoboticsSystemsDesignProject/install/leo_msgs/include/leo_msgs/leo_msgs/msg/detail/wheel_odom_mecanum__type_support.h
[3.820s] -- Up-to-date: /home/mscrobotics2425laptop42/RoboticsSystemsDesignProject/install/leo_msgs/include/leo_msgs/leo_msgs/msg/detail/wheel_states__type_support.h
[3.821s] -- Up-to-date: /home/mscrobotics2425laptop42/RoboticsSystemsDesignProject/install/leo_msgs/include/leo_msgs/leo_msgs/msg/detail/wheel_odom__type_support.h
[3.821s] -- Up-to-date: /home/mscrobotics2425laptop42/RoboticsSystemsDesignProject/install/leo_msgs/include/leo_msgs/leo_msgs/msg/detail/wheel_odom_mecanum__functions.h
[3.821s] -- Up-to-date: /home/mscrobotics2425laptop42/RoboticsSystemsDesignProject/install/leo_msgs/include/leo_msgs/leo_msgs/msg/detail/wheel_states__struct.h
[3.822s] -- Up-to-date: /home/mscrobotics2425laptop42/RoboticsSystemsDesignProject/install/leo_msgs/include/leo_msgs/leo_msgs/msg/detail/imu__functions.c
[3.822s] -- Up-to-date: /home/mscrobotics2425laptop42/RoboticsSystemsDesignProject/install/leo_msgs/include/leo_msgs/leo_msgs/msg/wheel_odom.h
[3.822s] -- Up-to-date: /home/mscrobotics2425laptop42/RoboticsSystemsDesignProject/install/leo_msgs/include/leo_msgs/leo_msgs/msg/wheel_odom_mecanum.h
[3.823s] -- Up-to-date: /home/mscrobotics2425laptop42/RoboticsSystemsDesignProject/install/leo_msgs/include/leo_msgs/leo_msgs/msg/imu.h
[3.823s] -- Up-to-date: /home/mscrobotics2425laptop42/RoboticsSystemsDesignProject/install/leo_msgs/include/leo_msgs/leo_msgs/srv
[3.823s] -- Up-to-date: /home/mscrobotics2425laptop42/RoboticsSystemsDesignProject/install/leo_msgs/include/leo_msgs/leo_msgs/srv/detail
[3.824s] -- Up-to-date: /home/mscrobotics2425laptop42/RoboticsSystemsDesignProject/install/leo_msgs/include/leo_msgs/leo_msgs/srv/detail/set_imu_calibration__functions.c
[3.824s] -- Up-to-date: /home/mscrobotics2425laptop42/RoboticsSystemsDesignProject/install/leo_msgs/include/leo_msgs/leo_msgs/srv/detail/set_imu_calibration__functions.h
[3.825s] -- Up-to-date: /home/mscrobotics2425laptop42/RoboticsSystemsDesignProject/install/leo_msgs/include/leo_msgs/leo_msgs/srv/detail/set_imu_calibration__type_support.h
[3.826s] -- Up-to-date: /home/mscrobotics2425laptop42/RoboticsSystemsDesignProject/install/leo_msgs/include/leo_msgs/leo_msgs/srv/detail/set_imu_calibration__struct.h
[3.827s] -- Up-to-date: /home/mscrobotics2425laptop42/RoboticsSystemsDesignProject/install/leo_msgs/include/leo_msgs/leo_msgs/srv/set_imu_calibration.h
[3.828s] -- Installing: /home/mscrobotics2425laptop42/RoboticsSystemsDesignProject/install/leo_msgs/share/leo_msgs/environment/library_path.sh
[3.828s] -- Installing: /home/mscrobotics2425laptop42/RoboticsSystemsDesignProject/install/leo_msgs/share/leo_msgs/environment/library_path.dsv
[3.828s] -- Installing: /home/mscrobotics2425laptop42/RoboticsSystemsDesignProject/install/leo_msgs/lib/libleo_msgs__rosidl_generator_c.so
[3.828s] -- Set runtime path of "/home/mscrobotics2425laptop42/RoboticsSystemsDesignProject/install/leo_msgs/lib/libleo_msgs__rosidl_generator_c.so" to ""
[3.829s] -- Up-to-date: /home/mscrobotics2425laptop42/RoboticsSystemsDesignProject/install/leo_msgs/include/leo_msgs/leo_msgs
[3.829s] -- Up-to-date: /home/mscrobotics2425laptop42/RoboticsSystemsDesignProject/install/leo_msgs/include/leo_msgs/leo_msgs/msg
[3.829s] -- Up-to-date: /home/mscrobotics2425laptop42/RoboticsSystemsDesignProject/install/leo_msgs/include/leo_msgs/leo_msgs/msg/detail
[3.829s] -- Up-to-date: /home/mscrobotics2425laptop42/RoboticsSystemsDesignProject/install/leo_msgs/include/leo_msgs/leo_msgs/msg/detail/wheel_odom_mecanum__rosidl_typesupport_fastrtps_c.h
[3.829s] -- Up-to-date: /home/mscrobotics2425laptop42/RoboticsSystemsDesignProject/install/leo_msgs/include/leo_msgs/leo_msgs/msg/detail/wheel_odom__rosidl_typesupport_fastrtps_c.h
[3.829s] -- Up-to-date: /home/mscrobotics2425laptop42/RoboticsSystemsDesignProject/install/leo_msgs/include/leo_msgs/leo_msgs/msg/detail/imu__rosidl_typesupport_fastrtps_c.h
[3.830s] -- Up-to-date: /home/mscrobotics2425laptop42/RoboticsSystemsDesignProject/install/leo_msgs/include/leo_msgs/leo_msgs/msg/detail/wheel_states__rosidl_typesupport_fastrtps_c.h
[3.830s] -- Up-to-date: /home/mscrobotics2425laptop42/RoboticsSystemsDesignProject/install/leo_msgs/include/leo_msgs/leo_msgs/msg/rosidl_typesupport_fastrtps_c__visibility_control.h
[3.830s] -- Up-to-date: /home/mscrobotics2425laptop42/RoboticsSystemsDesignProject/install/leo_msgs/include/leo_msgs/leo_msgs/srv
[3.830s] -- Up-to-date: /home/mscrobotics2425laptop42/RoboticsSystemsDesignProject/install/leo_msgs/include/leo_msgs/leo_msgs/srv/detail
[3.830s] -- Up-to-date: /home/mscrobotics2425laptop42/RoboticsSystemsDesignProject/install/leo_msgs/include/leo_msgs/leo_msgs/srv/detail/set_imu_calibration__rosidl_typesupport_fastrtps_c.h
[3.830s] -- Installing: /home/mscrobotics2425laptop42/RoboticsSystemsDesignProject/install/leo_msgs/lib/libleo_msgs__rosidl_typesupport_fastrtps_c.so
[3.830s] -- Set runtime path of "/home/mscrobotics2425laptop42/RoboticsSystemsDesignProject/install/leo_msgs/lib/libleo_msgs__rosidl_typesupport_fastrtps_c.so" to ""
[3.830s] -- Up-to-date: /home/mscrobotics2425laptop42/RoboticsSystemsDesignProject/install/leo_msgs/include/leo_msgs/leo_msgs
[3.831s] -- Up-to-date: /home/mscrobotics2425laptop42/RoboticsSystemsDesignProject/install/leo_msgs/include/leo_msgs/leo_msgs/msg
[3.831s] -- Up-to-date: /home/mscrobotics2425laptop42/RoboticsSystemsDesignProject/install/leo_msgs/include/leo_msgs/leo_msgs/msg/detail
[3.831s] -- Up-to-date: /home/mscrobotics2425laptop42/RoboticsSystemsDesignProject/install/leo_msgs/include/leo_msgs/leo_msgs/msg/detail/wheel_odom__rosidl_typesupport_introspection_c.h
[3.831s] -- Up-to-date: /home/mscrobotics2425laptop42/RoboticsSystemsDesignProject/install/leo_msgs/include/leo_msgs/leo_msgs/msg/detail/wheel_states__rosidl_typesupport_introspection_c.h
[3.831s] -- Up-to-date: /home/mscrobotics2425laptop42/RoboticsSystemsDesignProject/install/leo_msgs/include/leo_msgs/leo_msgs/msg/detail/wheel_odom_mecanum__rosidl_typesupport_introspection_c.h
[3.831s] -- Up-to-date: /home/mscrobotics2425laptop42/RoboticsSystemsDesignProject/install/leo_msgs/include/leo_msgs/leo_msgs/msg/detail/imu__type_support.c
[3.831s] -- Up-to-date: /home/mscrobotics2425laptop42/RoboticsSystemsDesignProject/install/leo_msgs/include/leo_msgs/leo_msgs/msg/detail/imu__rosidl_typesupport_introspection_c.h
[3.831s] -- Up-to-date: /home/mscrobotics2425laptop42/RoboticsSystemsDesignProject/install/leo_msgs/include/leo_msgs/leo_msgs/msg/detail/wheel_odom__type_support.c
[3.832s] -- Up-to-date: /home/mscrobotics2425laptop42/RoboticsSystemsDesignProject/install/leo_msgs/include/leo_msgs/leo_msgs/msg/detail/wheel_states__type_support.c
[3.832s] -- Up-to-date: /home/mscrobotics2425laptop42/RoboticsSystemsDesignProject/install/leo_msgs/include/leo_msgs/leo_msgs/msg/detail/wheel_odom_mecanum__type_support.c
[3.832s] -- Up-to-date: /home/mscrobotics2425laptop42/RoboticsSystemsDesignProject/install/leo_msgs/include/leo_msgs/leo_msgs/msg/rosidl_typesupport_introspection_c__visibility_control.h
[3.832s] -- Up-to-date: /home/mscrobotics2425laptop42/RoboticsSystemsDesignProject/install/leo_msgs/include/leo_msgs/leo_msgs/srv
[3.832s] -- Up-to-date: /home/mscrobotics2425laptop42/RoboticsSystemsDesignProject/install/leo_msgs/include/leo_msgs/leo_msgs/srv/detail
[3.832s] -- Up-to-date: /home/mscrobotics2425laptop42/RoboticsSystemsDesignProject/install/leo_msgs/include/leo_msgs/leo_msgs/srv/detail/set_imu_calibration__type_support.c
[3.832s] -- Up-to-date: /home/mscrobotics2425laptop42/RoboticsSystemsDesignProject/install/leo_msgs/include/leo_msgs/leo_msgs/srv/detail/set_imu_calibration__rosidl_typesupport_introspection_c.h
[3.832s] -- Installing: /home/mscrobotics2425laptop42/RoboticsSystemsDesignProject/install/leo_msgs/lib/libleo_msgs__rosidl_typesupport_introspection_c.so
[3.832s] -- Set runtime path of "/home/mscrobotics2425laptop42/RoboticsSystemsDesignProject/install/leo_msgs/lib/libleo_msgs__rosidl_typesupport_introspection_c.so" to ""
[3.832s] -- Installing: /home/mscrobotics2425laptop42/RoboticsSystemsDesignProject/install/leo_msgs/lib/libleo_msgs__rosidl_typesupport_c.so
[3.832s] -- Set runtime path of "/home/mscrobotics2425laptop42/RoboticsSystemsDesignProject/install/leo_msgs/lib/libleo_msgs__rosidl_typesupport_c.so" to ""
[3.832s] -- Up-to-date: /home/mscrobotics2425laptop42/RoboticsSystemsDesignProject/install/leo_msgs/include/leo_msgs/leo_msgs
[3.832s] -- Up-to-date: /home/mscrobotics2425laptop42/RoboticsSystemsDesignProject/install/leo_msgs/include/leo_msgs/leo_msgs/msg
[3.832s] -- Up-to-date: /home/mscrobotics2425laptop42/RoboticsSystemsDesignProject/install/leo_msgs/include/leo_msgs/leo_msgs/msg/rosidl_generator_cpp__visibility_control.hpp
[3.832s] -- Up-to-date: /home/mscrobotics2425laptop42/RoboticsSystemsDesignProject/install/leo_msgs/include/leo_msgs/leo_msgs/msg/detail
[3.833s] -- Up-to-date: /home/mscrobotics2425laptop42/RoboticsSystemsDesignProject/install/leo_msgs/include/leo_msgs/leo_msgs/msg/detail/wheel_odom__builder.hpp
[3.833s] -- Up-to-date: /home/mscrobotics2425laptop42/RoboticsSystemsDesignProject/install/leo_msgs/include/leo_msgs/leo_msgs/msg/detail/wheel_states__builder.hpp
[3.833s] -- Up-to-date: /home/mscrobotics2425laptop42/RoboticsSystemsDesignProject/install/leo_msgs/include/leo_msgs/leo_msgs/msg/detail/wheel_odom_mecanum__builder.hpp
[3.833s] -- Up-to-date: /home/mscrobotics2425laptop42/RoboticsSystemsDesignProject/install/leo_msgs/include/leo_msgs/leo_msgs/msg/detail/wheel_states__traits.hpp
[3.833s] -- Up-to-date: /home/mscrobotics2425laptop42/RoboticsSystemsDesignProject/install/leo_msgs/include/leo_msgs/leo_msgs/msg/detail/imu__struct.hpp
[3.833s] -- Up-to-date: /home/mscrobotics2425laptop42/RoboticsSystemsDesignProject/install/leo_msgs/include/leo_msgs/leo_msgs/msg/detail/wheel_states__type_support.hpp
[3.833s] -- Up-to-date: /home/mscrobotics2425laptop42/RoboticsSystemsDesignProject/install/leo_msgs/include/leo_msgs/leo_msgs/msg/detail/wheel_odom__traits.hpp
[3.833s] -- Up-to-date: /home/mscrobotics2425laptop42/RoboticsSystemsDesignProject/install/leo_msgs/include/leo_msgs/leo_msgs/msg/detail/wheel_odom__type_support.hpp
[3.833s] -- Up-to-date: /home/mscrobotics2425laptop42/RoboticsSystemsDesignProject/install/leo_msgs/include/leo_msgs/leo_msgs/msg/detail/imu__type_support.hpp
[3.833s] -- Up-to-date: /home/mscrobotics2425laptop42/RoboticsSystemsDesignProject/install/leo_msgs/include/leo_msgs/leo_msgs/msg/detail/wheel_states__struct.hpp
[3.833s] -- Up-to-date: /home/mscrobotics2425laptop42/RoboticsSystemsDesignProject/install/leo_msgs/include/leo_msgs/leo_msgs/msg/detail/wheel_odom_mecanum__struct.hpp
[3.833s] -- Up-to-date: /home/mscrobotics2425laptop42/RoboticsSystemsDesignProject/install/leo_msgs/include/leo_msgs/leo_msgs/msg/detail/wheel_odom_mecanum__type_support.hpp
[3.833s] -- Up-to-date: /home/mscrobotics2425laptop42/RoboticsSystemsDesignProject/install/leo_msgs/include/leo_msgs/leo_msgs/msg/detail/imu__builder.hpp
[3.833s] -- Up-to-date: /home/mscrobotics2425laptop42/RoboticsSystemsDesignProject/install/leo_msgs/include/leo_msgs/leo_msgs/msg/detail/wheel_odom_mecanum__traits.hpp
[3.833s] -- Up-to-date: /home/mscrobotics2425laptop42/RoboticsSystemsDesignProject/install/leo_msgs/include/leo_msgs/leo_msgs/msg/detail/imu__traits.hpp
[3.833s] -- Up-to-date: /home/mscrobotics2425laptop42/RoboticsSystemsDesignProject/install/leo_msgs/include/leo_msgs/leo_msgs/msg/detail/wheel_odom__struct.hpp
[3.833s] -- Up-to-date: /home/mscrobotics2425laptop42/RoboticsSystemsDesignProject/install/leo_msgs/include/leo_msgs/leo_msgs/msg/wheel_odom_mecanum.hpp
[3.833s] -- Up-to-date: /home/mscrobotics2425laptop42/RoboticsSystemsDesignProject/install/leo_msgs/include/leo_msgs/leo_msgs/msg/wheel_states.hpp
[3.833s] -- Up-to-date: /home/mscrobotics2425laptop42/RoboticsSystemsDesignProject/install/leo_msgs/include/leo_msgs/leo_msgs/msg/wheel_odom.hpp
[3.833s] -- Up-to-date: /home/mscrobotics2425laptop42/RoboticsSystemsDesignProject/install/leo_msgs/include/leo_msgs/leo_msgs/msg/imu.hpp
[3.833s] -- Up-to-date: /home/mscrobotics2425laptop42/RoboticsSystemsDesignProject/install/leo_msgs/include/leo_msgs/leo_msgs/srv
[3.833s] -- Up-to-date: /home/mscrobotics2425laptop42/RoboticsSystemsDesignProject/install/leo_msgs/include/leo_msgs/leo_msgs/srv/detail
[3.833s] -- Up-to-date: /home/mscrobotics2425laptop42/RoboticsSystemsDesignProject/install/leo_msgs/include/leo_msgs/leo_msgs/srv/detail/set_imu_calibration__traits.hpp
[3.833s] -- Up-to-date: /home/mscrobotics2425laptop42/RoboticsSystemsDesignProject/install/leo_msgs/include/leo_msgs/leo_msgs/srv/detail/set_imu_calibration__type_support.hpp
[3.833s] -- Up-to-date: /home/mscrobotics2425laptop42/RoboticsSystemsDesignProject/install/leo_msgs/include/leo_msgs/leo_msgs/srv/detail/set_imu_calibration__struct.hpp
[3.834s] -- Up-to-date: /home/mscrobotics2425laptop42/RoboticsSystemsDesignProject/install/leo_msgs/include/leo_msgs/leo_msgs/srv/detail/set_imu_calibration__builder.hpp
[3.834s] -- Up-to-date: /home/mscrobotics2425laptop42/RoboticsSystemsDesignProject/install/leo_msgs/include/leo_msgs/leo_msgs/srv/set_imu_calibration.hpp
[3.834s] -- Up-to-date: /home/mscrobotics2425laptop42/RoboticsSystemsDesignProject/install/leo_msgs/include/leo_msgs/leo_msgs
[3.834s] -- Up-to-date: /home/mscrobotics2425laptop42/RoboticsSystemsDesignProject/install/leo_msgs/include/leo_msgs/leo_msgs/msg
[3.834s] -- Up-to-date: /home/mscrobotics2425laptop42/RoboticsSystemsDesignProject/install/leo_msgs/include/leo_msgs/leo_msgs/msg/rosidl_typesupport_fastrtps_cpp__visibility_control.h
[3.834s] -- Up-to-date: /home/mscrobotics2425laptop42/RoboticsSystemsDesignProject/install/leo_msgs/include/leo_msgs/leo_msgs/msg/detail
[3.834s] -- Up-to-date: /home/mscrobotics2425laptop42/RoboticsSystemsDesignProject/install/leo_msgs/include/leo_msgs/leo_msgs/msg/detail/wheel_odom_mecanum__rosidl_typesupport_fastrtps_cpp.hpp
[3.834s] -- Up-to-date: /home/mscrobotics2425laptop42/RoboticsSystemsDesignProject/install/leo_msgs/include/leo_msgs/leo_msgs/msg/detail/wheel_states__rosidl_typesupport_fastrtps_cpp.hpp
[3.834s] -- Up-to-date: /home/mscrobotics2425laptop42/RoboticsSystemsDesignProject/install/leo_msgs/include/leo_msgs/leo_msgs/msg/detail/imu__rosidl_typesupport_fastrtps_cpp.hpp
[3.834s] -- Up-to-date: /home/mscrobotics2425laptop42/RoboticsSystemsDesignProject/install/leo_msgs/include/leo_msgs/leo_msgs/msg/detail/dds_fastrtps
[3.834s] -- Up-to-date: /home/mscrobotics2425laptop42/RoboticsSystemsDesignProject/install/leo_msgs/include/leo_msgs/leo_msgs/msg/detail/wheel_odom__rosidl_typesupport_fastrtps_cpp.hpp
[3.834s] -- Up-to-date: /home/mscrobotics2425laptop42/RoboticsSystemsDesignProject/install/leo_msgs/include/leo_msgs/leo_msgs/srv
[3.834s] -- Up-to-date: /home/mscrobotics2425laptop42/RoboticsSystemsDesignProject/install/leo_msgs/include/leo_msgs/leo_msgs/srv/detail
[3.834s] -- Up-to-date: /home/mscrobotics2425laptop42/RoboticsSystemsDesignProject/install/leo_msgs/include/leo_msgs/leo_msgs/srv/detail/set_imu_calibration__rosidl_typesupport_fastrtps_cpp.hpp
[3.834s] -- Up-to-date: /home/mscrobotics2425laptop42/RoboticsSystemsDesignProject/install/leo_msgs/include/leo_msgs/leo_msgs/srv/detail/dds_fastrtps
[3.834s] -- Installing: /home/mscrobotics2425laptop42/RoboticsSystemsDesignProject/install/leo_msgs/lib/libleo_msgs__rosidl_typesupport_fastrtps_cpp.so
[3.834s] -- Set runtime path of "/home/mscrobotics2425laptop42/RoboticsSystemsDesignProject/install/leo_msgs/lib/libleo_msgs__rosidl_typesupport_fastrtps_cpp.so" to ""
[3.834s] -- Up-to-date: /home/mscrobotics2425laptop42/RoboticsSystemsDesignProject/install/leo_msgs/include/leo_msgs/leo_msgs
[3.834s] -- Up-to-date: /home/mscrobotics2425laptop42/RoboticsSystemsDesignProject/install/leo_msgs/include/leo_msgs/leo_msgs/msg
[3.834s] -- Up-to-date: /home/mscrobotics2425laptop42/RoboticsSystemsDesignProject/install/leo_msgs/include/leo_msgs/leo_msgs/msg/detail
[3.834s] -- Up-to-date: /home/mscrobotics2425laptop42/RoboticsSystemsDesignProject/install/leo_msgs/include/leo_msgs/leo_msgs/msg/detail/wheel_states__rosidl_typesupport_introspection_cpp.hpp
[3.834s] -- Up-to-date: /home/mscrobotics2425laptop42/RoboticsSystemsDesignProject/install/leo_msgs/include/leo_msgs/leo_msgs/msg/detail/wheel_odom_mecanum__type_support.cpp
[3.834s] -- Up-to-date: /home/mscrobotics2425laptop42/RoboticsSystemsDesignProject/install/leo_msgs/include/leo_msgs/leo_msgs/msg/detail/imu__rosidl_typesupport_introspection_cpp.hpp
[3.834s] -- Up-to-date: /home/mscrobotics2425laptop42/RoboticsSystemsDesignProject/install/leo_msgs/include/leo_msgs/leo_msgs/msg/detail/wheel_odom__type_support.cpp
[3.834s] -- Up-to-date: /home/mscrobotics2425laptop42/RoboticsSystemsDesignProject/install/leo_msgs/include/leo_msgs/leo_msgs/msg/detail/wheel_odom_mecanum__rosidl_typesupport_introspection_cpp.hpp
[3.834s] -- Up-to-date: /home/mscrobotics2425laptop42/RoboticsSystemsDesignProject/install/leo_msgs/include/leo_msgs/leo_msgs/msg/detail/wheel_odom__rosidl_typesupport_introspection_cpp.hpp
[3.834s] -- Up-to-date: /home/mscrobotics2425laptop42/RoboticsSystemsDesignProject/install/leo_msgs/include/leo_msgs/leo_msgs/msg/detail/imu__type_support.cpp
[3.835s] -- Up-to-date: /home/mscrobotics2425laptop42/RoboticsSystemsDesignProject/install/leo_msgs/include/leo_msgs/leo_msgs/msg/detail/wheel_states__type_support.cpp
[3.835s] -- Up-to-date: /home/mscrobotics2425laptop42/RoboticsSystemsDesignProject/install/leo_msgs/include/leo_msgs/leo_msgs/srv
[3.835s] -- Up-to-date: /home/mscrobotics2425laptop42/RoboticsSystemsDesignProject/install/leo_msgs/include/leo_msgs/leo_msgs/srv/detail
[3.835s] -- Up-to-date: /home/mscrobotics2425laptop42/RoboticsSystemsDesignProject/install/leo_msgs/include/leo_msgs/leo_msgs/srv/detail/set_imu_calibration__type_support.cpp
[3.835s] -- Up-to-date: /home/mscrobotics2425laptop42/RoboticsSystemsDesignProject/install/leo_msgs/include/leo_msgs/leo_msgs/srv/detail/set_imu_calibration__rosidl_typesupport_introspection_cpp.hpp
[3.835s] -- Installing: /home/mscrobotics2425laptop42/RoboticsSystemsDesignProject/install/leo_msgs/lib/libleo_msgs__rosidl_typesupport_introspection_cpp.so
[3.835s] -- Set runtime path of "/home/mscrobotics2425laptop42/RoboticsSystemsDesignProject/install/leo_msgs/lib/libleo_msgs__rosidl_typesupport_introspection_cpp.so" to ""
[3.835s] -- Installing: /home/mscrobotics2425laptop42/RoboticsSystemsDesignProject/install/leo_msgs/lib/libleo_msgs__rosidl_typesupport_cpp.so
[3.835s] -- Set runtime path of "/home/mscrobotics2425laptop42/RoboticsSystemsDesignProject/install/leo_msgs/lib/libleo_msgs__rosidl_typesupport_cpp.so" to ""
[3.835s] -- Up-to-date: /home/mscrobotics2425laptop42/RoboticsSystemsDesignProject/install/leo_msgs/share/leo_msgs/environment/pythonpath.sh
[3.835s] -- Installing: /home/mscrobotics2425laptop42/RoboticsSystemsDesignProject/install/leo_msgs/share/leo_msgs/environment/pythonpath.dsv
[3.835s] -- Up-to-date: /home/mscrobotics2425laptop42/RoboticsSystemsDesignProject/install/leo_msgs/local/lib/python3.10/dist-packages/leo_msgs-1.2.4-py3.10.egg-info
[3.835s] -- Installing: /home/mscrobotics2425laptop42/RoboticsSystemsDesignProject/install/leo_msgs/local/lib/python3.10/dist-packages/leo_msgs-1.2.4-py3.10.egg-info/top_level.txt
[3.835s] -- Installing: /home/mscrobotics2425laptop42/RoboticsSystemsDesignProject/install/leo_msgs/local/lib/python3.10/dist-packages/leo_msgs-1.2.4-py3.10.egg-info/dependency_links.txt
[3.835s] -- Installing: /home/mscrobotics2425laptop42/RoboticsSystemsDesignProject/install/leo_msgs/local/lib/python3.10/dist-packages/leo_msgs-1.2.4-py3.10.egg-info/PKG-INFO
[3.835s] -- Installing: /home/mscrobotics2425laptop42/RoboticsSystemsDesignProject/install/leo_msgs/local/lib/python3.10/dist-packages/leo_msgs-1.2.4-py3.10.egg-info/SOURCES.txt
[3.835s] -- Up-to-date: /home/mscrobotics2425laptop42/RoboticsSystemsDesignProject/install/leo_msgs/local/lib/python3.10/dist-packages/leo_msgs
[3.835s] -- Installing: /home/mscrobotics2425laptop42/RoboticsSystemsDesignProject/install/leo_msgs/local/lib/python3.10/dist-packages/leo_msgs/leo_msgs_s__rosidl_typesupport_introspection_c.cpython-310-x86_64-linux-gnu.so
[3.835s] -- Up-to-date: /home/mscrobotics2425laptop42/RoboticsSystemsDesignProject/install/leo_msgs/local/lib/python3.10/dist-packages/leo_msgs/_leo_msgs_s.ep.rosidl_typesupport_c.c
[3.835s] -- Installing: /home/mscrobotics2425laptop42/RoboticsSystemsDesignProject/install/leo_msgs/local/lib/python3.10/dist-packages/leo_msgs/leo_msgs_s__rosidl_typesupport_fastrtps_c.cpython-310-x86_64-linux-gnu.so
[3.835s] -- Installing: /home/mscrobotics2425laptop42/RoboticsSystemsDesignProject/install/leo_msgs/local/lib/python3.10/dist-packages/leo_msgs/__init__.py
[3.835s] -- Installing: /home/mscrobotics2425laptop42/RoboticsSystemsDesignProject/install/leo_msgs/local/lib/python3.10/dist-packages/leo_msgs/leo_msgs_s__rosidl_typesupport_c.cpython-310-x86_64-linux-gnu.so
[3.835s] -- Up-to-date: /home/mscrobotics2425laptop42/RoboticsSystemsDesignProject/install/leo_msgs/local/lib/python3.10/dist-packages/leo_msgs/_leo_msgs_s.ep.rosidl_typesupport_fastrtps_c.c
[3.835s] -- Up-to-date: /home/mscrobotics2425laptop42/RoboticsSystemsDesignProject/install/leo_msgs/local/lib/python3.10/dist-packages/leo_msgs/msg
[3.836s] -- Up-to-date: /home/mscrobotics2425laptop42/RoboticsSystemsDesignProject/install/leo_msgs/local/lib/python3.10/dist-packages/leo_msgs/msg/__init__.py
[3.836s] -- Up-to-date: /home/mscrobotics2425laptop42/RoboticsSystemsDesignProject/install/leo_msgs/local/lib/python3.10/dist-packages/leo_msgs/msg/_wheel_odom.py
[3.836s] -- Up-to-date: /home/mscrobotics2425laptop42/RoboticsSystemsDesignProject/install/leo_msgs/local/lib/python3.10/dist-packages/leo_msgs/msg/_wheel_odom_s.c
[3.836s] -- Up-to-date: /home/mscrobotics2425laptop42/RoboticsSystemsDesignProject/install/leo_msgs/local/lib/python3.10/dist-packages/leo_msgs/msg/_imu.py
[3.836s] -- Up-to-date: /home/mscrobotics2425laptop42/RoboticsSystemsDesignProject/install/leo_msgs/local/lib/python3.10/dist-packages/leo_msgs/msg/_wheel_states_s.c
[3.836s] -- Up-to-date: /home/mscrobotics2425laptop42/RoboticsSystemsDesignProject/install/leo_msgs/local/lib/python3.10/dist-packages/leo_msgs/msg/_imu_s.c
[3.836s] -- Up-to-date: /home/mscrobotics2425laptop42/RoboticsSystemsDesignProject/install/leo_msgs/local/lib/python3.10/dist-packages/leo_msgs/msg/_wheel_odom_mecanum.py
[3.836s] -- Up-to-date: /home/mscrobotics2425laptop42/RoboticsSystemsDesignProject/install/leo_msgs/local/lib/python3.10/dist-packages/leo_msgs/msg/_wheel_odom_mecanum_s.c
[3.836s] -- Up-to-date: /home/mscrobotics2425laptop42/RoboticsSystemsDesignProject/install/leo_msgs/local/lib/python3.10/dist-packages/leo_msgs/msg/_wheel_states.py
[3.836s] -- Up-to-date: /home/mscrobotics2425laptop42/RoboticsSystemsDesignProject/install/leo_msgs/local/lib/python3.10/dist-packages/leo_msgs/_leo_msgs_s.ep.rosidl_typesupport_introspection_c.c
[3.836s] -- Up-to-date: /home/mscrobotics2425laptop42/RoboticsSystemsDesignProject/install/leo_msgs/local/lib/python3.10/dist-packages/leo_msgs/srv
[3.836s] -- Up-to-date: /home/mscrobotics2425laptop42/RoboticsSystemsDesignProject/install/leo_msgs/local/lib/python3.10/dist-packages/leo_msgs/srv/_set_imu_calibration_s.c
[3.836s] -- Up-to-date: /home/mscrobotics2425laptop42/RoboticsSystemsDesignProject/install/leo_msgs/local/lib/python3.10/dist-packages/leo_msgs/srv/__init__.py
[3.836s] -- Up-to-date: /home/mscrobotics2425laptop42/RoboticsSystemsDesignProject/install/leo_msgs/local/lib/python3.10/dist-packages/leo_msgs/srv/_set_imu_calibration.py
[3.836s] -- Installing: /home/mscrobotics2425laptop42/RoboticsSystemsDesignProject/install/leo_msgs/local/lib/python3.10/dist-packages/leo_msgs/libleo_msgs__rosidl_generator_py.so
[3.878s] Listing '/home/mscrobotics2425laptop42/RoboticsSystemsDesignProject/install/leo_msgs/local/lib/python3.10/dist-packages/leo_msgs'...
[3.878s] Compiling '/home/mscrobotics2425laptop42/RoboticsSystemsDesignProject/install/leo_msgs/local/lib/python3.10/dist-packages/leo_msgs/__init__.py'...
[3.878s] Listing '/home/mscrobotics2425laptop42/RoboticsSystemsDesignProject/install/leo_msgs/local/lib/python3.10/dist-packages/leo_msgs/msg'...
[3.878s] Compiling '/home/mscrobotics2425laptop42/RoboticsSystemsDesignProject/install/leo_msgs/local/lib/python3.10/dist-packages/leo_msgs/msg/__init__.py'...
[3.878s] Compiling '/home/mscrobotics2425laptop42/RoboticsSystemsDesignProject/install/leo_msgs/local/lib/python3.10/dist-packages/leo_msgs/msg/_imu.py'...
[3.878s] Compiling '/home/mscrobotics2425laptop42/RoboticsSystemsDesignProject/install/leo_msgs/local/lib/python3.10/dist-packages/leo_msgs/msg/_wheel_odom.py'...
[3.878s] Compiling '/home/mscrobotics2425laptop42/RoboticsSystemsDesignProject/install/leo_msgs/local/lib/python3.10/dist-packages/leo_msgs/msg/_wheel_odom_mecanum.py'...
[3.878s] Compiling '/home/mscrobotics2425laptop42/RoboticsSystemsDesignProject/install/leo_msgs/local/lib/python3.10/dist-packages/leo_msgs/msg/_wheel_states.py'...
[3.878s] Listing '/home/mscrobotics2425laptop42/RoboticsSystemsDesignProject/install/leo_msgs/local/lib/python3.10/dist-packages/leo_msgs/srv'...
[3.878s] Compiling '/home/mscrobotics2425laptop42/RoboticsSystemsDesignProject/install/leo_msgs/local/lib/python3.10/dist-packages/leo_msgs/srv/__init__.py'...
[3.878s] Compiling '/home/mscrobotics2425laptop42/RoboticsSystemsDesignProject/install/leo_msgs/local/lib/python3.10/dist-packages/leo_msgs/srv/_set_imu_calibration.py'...
[3.881s] -- Installing: /home/mscrobotics2425laptop42/RoboticsSystemsDesignProject/install/leo_msgs/local/lib/python3.10/dist-packages/leo_msgs/leo_msgs_s__rosidl_typesupport_fastrtps_c.cpython-310-x86_64-linux-gnu.so
[3.881s] -- Set runtime path of "/home/mscrobotics2425laptop42/RoboticsSystemsDesignProject/install/leo_msgs/local/lib/python3.10/dist-packages/leo_msgs/leo_msgs_s__rosidl_typesupport_fastrtps_c.cpython-310-x86_64-linux-gnu.so" to ""
[3.881s] -- Installing: /home/mscrobotics2425laptop42/RoboticsSystemsDesignProject/install/leo_msgs/local/lib/python3.10/dist-packages/leo_msgs/leo_msgs_s__rosidl_typesupport_introspection_c.cpython-310-x86_64-linux-gnu.so
[3.882s] -- Set runtime path of "/home/mscrobotics2425laptop42/RoboticsSystemsDesignProject/install/leo_msgs/local/lib/python3.10/dist-packages/leo_msgs/leo_msgs_s__rosidl_typesupport_introspection_c.cpython-310-x86_64-linux-gnu.so" to ""
[3.882s] -- Installing: /home/mscrobotics2425laptop42/RoboticsSystemsDesignProject/install/leo_msgs/local/lib/python3.10/dist-packages/leo_msgs/leo_msgs_s__rosidl_typesupport_c.cpython-310-x86_64-linux-gnu.so
[3.882s] -- Set runtime path of "/home/mscrobotics2425laptop42/RoboticsSystemsDesignProject/install/leo_msgs/local/lib/python3.10/dist-packages/leo_msgs/leo_msgs_s__rosidl_typesupport_c.cpython-310-x86_64-linux-gnu.so" to ""
[3.882s] -- Installing: /home/mscrobotics2425laptop42/RoboticsSystemsDesignProject/install/leo_msgs/lib/libleo_msgs__rosidl_generator_py.so
[3.882s] -- Set runtime path of "/home/mscrobotics2425laptop42/RoboticsSystemsDesignProject/install/leo_msgs/lib/libleo_msgs__rosidl_generator_py.so" to ""
[3.882s] -- Up-to-date: /home/mscrobotics2425laptop42/RoboticsSystemsDesignProject/install/leo_msgs/share/leo_msgs/msg/Imu.idl
[3.882s] -- Up-to-date: /home/mscrobotics2425laptop42/RoboticsSystemsDesignProject/install/leo_msgs/share/leo_msgs/msg/WheelOdom.idl
[3.882s] -- Up-to-date: /home/mscrobotics2425laptop42/RoboticsSystemsDesignProject/install/leo_msgs/share/leo_msgs/msg/WheelOdomMecanum.idl
[3.883s] -- Up-to-date: /home/mscrobotics2425laptop42/RoboticsSystemsDesignProject/install/leo_msgs/share/leo_msgs/msg/WheelStates.idl
[3.883s] -- Up-to-date: /home/mscrobotics2425laptop42/RoboticsSystemsDesignProject/install/leo_msgs/share/leo_msgs/srv/SetImuCalibration.idl
[3.883s] -- Installing: /home/mscrobotics2425laptop42/RoboticsSystemsDesignProject/install/leo_msgs/share/leo_msgs/msg/Imu.msg
[3.883s] -- Installing: /home/mscrobotics2425laptop42/RoboticsSystemsDesignProject/install/leo_msgs/share/leo_msgs/msg/WheelOdom.msg
[3.883s] -- Installing: /home/mscrobotics2425laptop42/RoboticsSystemsDesignProject/install/leo_msgs/share/leo_msgs/msg/WheelOdomMecanum.msg
[3.883s] -- Installing: /home/mscrobotics2425laptop42/RoboticsSystemsDesignProject/install/leo_msgs/share/leo_msgs/msg/WheelStates.msg
[3.883s] -- Installing: /home/mscrobotics2425laptop42/RoboticsSystemsDesignProject/install/leo_msgs/share/leo_msgs/srv/SetImuCalibration.srv
[3.883s] -- Up-to-date: /home/mscrobotics2425laptop42/RoboticsSystemsDesignProject/install/leo_msgs/share/leo_msgs/srv/SetImuCalibration_Request.msg
[3.884s] -- Up-to-date: /home/mscrobotics2425laptop42/RoboticsSystemsDesignProject/install/leo_msgs/share/leo_msgs/srv/SetImuCalibration_Response.msg
[3.884s] -- Up-to-date: /home/mscrobotics2425laptop42/RoboticsSystemsDesignProject/install/leo_msgs/share/ament_index/resource_index/package_run_dependencies/leo_msgs
[3.884s] -- Installing: /home/mscrobotics2425laptop42/RoboticsSystemsDesignProject/install/leo_msgs/share/ament_index/resource_index/parent_prefix_path/leo_msgs
[3.884s] -- Installing: /home/mscrobotics2425laptop42/RoboticsSystemsDesignProject/install/leo_msgs/share/leo_msgs/environment/ament_prefix_path.sh
[3.884s] -- Installing: /home/mscrobotics2425laptop42/RoboticsSystemsDesignProject/install/leo_msgs/share/leo_msgs/environment/ament_prefix_path.dsv
[3.884s] -- Installing: /home/mscrobotics2425laptop42/RoboticsSystemsDesignProject/install/leo_msgs/share/leo_msgs/environment/path.sh
[3.884s] -- Installing: /home/mscrobotics2425laptop42/RoboticsSystemsDesignProject/install/leo_msgs/share/leo_msgs/environment/path.dsv
[3.884s] -- Up-to-date: /home/mscrobotics2425laptop42/RoboticsSystemsDesignProject/install/leo_msgs/share/leo_msgs/local_setup.bash
[3.884s] -- Up-to-date: /home/mscrobotics2425laptop42/RoboticsSystemsDesignProject/install/leo_msgs/share/leo_msgs/local_setup.sh
[3.884s] -- Up-to-date: /home/mscrobotics2425laptop42/RoboticsSystemsDesignProject/install/leo_msgs/share/leo_msgs/local_setup.zsh
[3.884s] -- Installing: /home/mscrobotics2425laptop42/RoboticsSystemsDesignProject/install/leo_msgs/share/leo_msgs/local_setup.dsv
[3.884s] -- Installing: /home/mscrobotics2425laptop42/RoboticsSystemsDesignProject/install/leo_msgs/share/leo_msgs/package.dsv
[3.885s] -- Up-to-date: /home/mscrobotics2425laptop42/RoboticsSystemsDesignProject/install/leo_msgs/share/ament_index/resource_index/packages/leo_msgs
[3.885s] -- Up-to-date: /home/mscrobotics2425laptop42/RoboticsSystemsDesignProject/install/leo_msgs/share/leo_msgs/cmake/export_leo_msgs__rosidl_generator_cExport.cmake
[3.885s] -- Up-to-date: /home/mscrobotics2425laptop42/RoboticsSystemsDesignProject/install/leo_msgs/share/leo_msgs/cmake/export_leo_msgs__rosidl_generator_cExport-noconfig.cmake
[3.885s] -- Up-to-date: /home/mscrobotics2425laptop42/RoboticsSystemsDesignProject/install/leo_msgs/share/leo_msgs/cmake/export_leo_msgs__rosidl_typesupport_fastrtps_cExport.cmake
[3.885s] -- Up-to-date: /home/mscrobotics2425laptop42/RoboticsSystemsDesignProject/install/leo_msgs/share/leo_msgs/cmake/export_leo_msgs__rosidl_typesupport_fastrtps_cExport-noconfig.cmake
[3.885s] -- Up-to-date: /home/mscrobotics2425laptop42/RoboticsSystemsDesignProject/install/leo_msgs/share/leo_msgs/cmake/leo_msgs__rosidl_typesupport_introspection_cExport.cmake
[3.885s] -- Up-to-date: /home/mscrobotics2425laptop42/RoboticsSystemsDesignProject/install/leo_msgs/share/leo_msgs/cmake/leo_msgs__rosidl_typesupport_introspection_cExport-noconfig.cmake
[3.885s] -- Up-to-date: /home/mscrobotics2425laptop42/RoboticsSystemsDesignProject/install/leo_msgs/share/leo_msgs/cmake/leo_msgs__rosidl_typesupport_cExport.cmake
[3.885s] -- Up-to-date: /home/mscrobotics2425laptop42/RoboticsSystemsDesignProject/install/leo_msgs/share/leo_msgs/cmake/leo_msgs__rosidl_typesupport_cExport-noconfig.cmake
[3.885s] -- Up-to-date: /home/mscrobotics2425laptop42/RoboticsSystemsDesignProject/install/leo_msgs/share/leo_msgs/cmake/export_leo_msgs__rosidl_generator_cppExport.cmake
[3.886s] -- Up-to-date: /home/mscrobotics2425laptop42/RoboticsSystemsDesignProject/install/leo_msgs/share/leo_msgs/cmake/export_leo_msgs__rosidl_typesupport_fastrtps_cppExport.cmake
[3.886s] -- Up-to-date: /home/mscrobotics2425laptop42/RoboticsSystemsDesignProject/install/leo_msgs/share/leo_msgs/cmake/export_leo_msgs__rosidl_typesupport_fastrtps_cppExport-noconfig.cmake
[3.886s] -- Up-to-date: /home/mscrobotics2425laptop42/RoboticsSystemsDesignProject/install/leo_msgs/share/leo_msgs/cmake/leo_msgs__rosidl_typesupport_introspection_cppExport.cmake
[3.886s] -- Up-to-date: /home/mscrobotics2425laptop42/RoboticsSystemsDesignProject/install/leo_msgs/share/leo_msgs/cmake/leo_msgs__rosidl_typesupport_introspection_cppExport-noconfig.cmake
[3.886s] -- Up-to-date: /home/mscrobotics2425laptop42/RoboticsSystemsDesignProject/install/leo_msgs/share/leo_msgs/cmake/leo_msgs__rosidl_typesupport_cppExport.cmake
[3.886s] -- Up-to-date: /home/mscrobotics2425laptop42/RoboticsSystemsDesignProject/install/leo_msgs/share/leo_msgs/cmake/leo_msgs__rosidl_typesupport_cppExport-noconfig.cmake
[3.886s] -- Up-to-date: /home/mscrobotics2425laptop42/RoboticsSystemsDesignProject/install/leo_msgs/share/leo_msgs/cmake/export_leo_msgs__rosidl_generator_pyExport.cmake
[3.887s] -- Up-to-date: /home/mscrobotics2425laptop42/RoboticsSystemsDesignProject/install/leo_msgs/share/leo_msgs/cmake/export_leo_msgs__rosidl_generator_pyExport-noconfig.cmake
[3.887s] -- Up-to-date: /home/mscrobotics2425laptop42/RoboticsSystemsDesignProject/install/leo_msgs/share/leo_msgs/cmake/rosidl_cmake-extras.cmake
[3.887s] -- Up-to-date: /home/mscrobotics2425laptop42/RoboticsSystemsDesignProject/install/leo_msgs/share/leo_msgs/cmake/ament_cmake_export_dependencies-extras.cmake
[3.887s] -- Up-to-date: /home/mscrobotics2425laptop42/RoboticsSystemsDesignProject/install/leo_msgs/share/leo_msgs/cmake/ament_cmake_export_include_directories-extras.cmake
[3.887s] -- Up-to-date: /home/mscrobotics2425laptop42/RoboticsSystemsDesignProject/install/leo_msgs/share/leo_msgs/cmake/ament_cmake_export_libraries-extras.cmake
[3.887s] -- Up-to-date: /home/mscrobotics2425laptop42/RoboticsSystemsDesignProject/install/leo_msgs/share/leo_msgs/cmake/ament_cmake_export_targets-extras.cmake
[3.888s] -- Up-to-date: /home/mscrobotics2425laptop42/RoboticsSystemsDesignProject/install/leo_msgs/share/leo_msgs/cmake/rosidl_cmake_export_typesupport_targets-extras.cmake
[3.888s] -- Up-to-date: /home/mscrobotics2425laptop42/RoboticsSystemsDesignProject/install/leo_msgs/share/leo_msgs/cmake/rosidl_cmake_export_typesupport_libraries-extras.cmake
[3.888s] -- Up-to-date: /home/mscrobotics2425laptop42/RoboticsSystemsDesignProject/install/leo_msgs/share/leo_msgs/cmake/leo_msgsConfig.cmake
[3.888s] -- Up-to-date: /home/mscrobotics2425laptop42/RoboticsSystemsDesignProject/install/leo_msgs/share/leo_msgs/cmake/leo_msgsConfig-version.cmake
[3.889s] -- Installing: /home/mscrobotics2425laptop42/RoboticsSystemsDesignProject/install/leo_msgs/share/leo_msgs/package.xml
[3.889s] Invoked command in '/home/mscrobotics2425laptop42/RoboticsSystemsDesignProject/build/leo_msgs' returned '0': CMAKE_PREFIX_PATH=${CMAKE_PREFIX_PATH}:/home/mscrobotics2425laptop42/RoboticsSystemsDesignProject/install/simulation_package:/home/mscrobotics2425laptop42/RoboticsSystemsDesignProject/install/sensors_package:/home/mscrobotics2425laptop42/RoboticsSystemsDesignProject/install/px100_control:/home/mscrobotics2425laptop42/RoboticsSystemsDesignProject/install/object_detect_package:/home/mscrobotics2425laptop42/RoboticsSystemsDesignProject/install/hardware_package:/home/mscrobotics2425laptop42/interbotix_ws/install/interbotix_xs_modules:/home/mscrobotics2425laptop42/interbotix_ws/install/interbotix_perception_modules:/home/mscrobotics2425laptop42/interbotix_ws/install/interbotix_common_modules:/opt/ros/humble /usr/bin/cmake --install /home/mscrobotics2425laptop42/RoboticsSystemsDesignProject/build/leo_msgs
