[0.057s] Invoking command in '/home/mscrobotics2425laptop42/RoboticsSystemsDesignProject/build/leo_teleop': CMAKE_PREFIX_PATH=${CMAKE_PREFIX_PATH}:/home/mscrobotics2425laptop42/interbotix_ws/install/interbotix_xs_modules:/home/mscrobotics2425laptop42/interbotix_ws/install/interbotix_perception_modules:/home/mscrobotics2425laptop42/interbotix_ws/install/interbotix_common_modules:/opt/ros/humble /usr/bin/cmake /home/mscrobotics2425laptop42/RoboticsSystemsDesignProject/src/leo_common-ros2-humble/leo_teleop -DCMAKE_INSTALL_PREFIX=/home/mscrobotics2425laptop42/RoboticsSystemsDesignProject/install/leo_teleop
[1.027s] -- The C compiler identification is GNU 11.4.0
[1.027s] -- The CXX compiler identification is GNU 11.4.0
[1.027s] -- Detecting C compiler ABI info
[1.028s] -- Detecting C compiler ABI info - done
[1.028s] -- Check for working C compiler: /usr/bin/cc - skipped
[1.028s] -- Detecting C compile features
[1.028s] -- Detecting C compile features - done
[1.028s] -- Detecting CXX compiler ABI info
[1.028s] -- Detecting CXX compiler ABI info - done
[1.028s] -- Check for working CXX compiler: /usr/bin/c++ - skipped
[1.028s] -- Detecting CXX compile features
[1.028s] -- Detecting CXX compile features - done
[1.028s] -- Found ament_cmake: 1.3.11 (/opt/ros/humble/share/ament_cmake/cmake)
[1.028s] -- Found Python3: /usr/bin/python3 (found version "3.10.12") found components: Interpreter 
[1.028s] -- Found ament_lint_auto: 0.12.11 (/opt/ros/humble/share/ament_lint_auto/cmake)
[1.028s] -- Added test 'lint_cmake' to check CMake code style
[1.029s] -- Added test 'xmllint' to check XML markup files
[1.029s] -- Configuring done
[1.029s] -- Generating done
[1.029s] -- Build files have been written to: /home/mscrobotics2425laptop42/RoboticsSystemsDesignProject/build/leo_teleop
[1.033s] Invoked command in '/home/mscrobotics2425laptop42/RoboticsSystemsDesignProject/build/leo_teleop' returned '0': CMAKE_PREFIX_PATH=${CMAKE_PREFIX_PATH}:/home/mscrobotics2425laptop42/interbotix_ws/install/interbotix_xs_modules:/home/mscrobotics2425laptop42/interbotix_ws/install/interbotix_perception_modules:/home/mscrobotics2425laptop42/interbotix_ws/install/interbotix_common_modules:/opt/ros/humble /usr/bin/cmake /home/mscrobotics2425laptop42/RoboticsSystemsDesignProject/src/leo_common-ros2-humble/leo_teleop -DCMAKE_INSTALL_PREFIX=/home/mscrobotics2425laptop42/RoboticsSystemsDesignProject/install/leo_teleop
[1.033s] Invoking command in '/home/mscrobotics2425laptop42/RoboticsSystemsDesignProject/build/leo_teleop': CMAKE_PREFIX_PATH=${CMAKE_PREFIX_PATH}:/home/mscrobotics2425laptop42/interbotix_ws/install/interbotix_xs_modules:/home/mscrobotics2425laptop42/interbotix_ws/install/interbotix_perception_modules:/home/mscrobotics2425laptop42/interbotix_ws/install/interbotix_common_modules:/opt/ros/humble /usr/bin/cmake --build /home/mscrobotics2425laptop42/RoboticsSystemsDesignProject/build/leo_teleop -- -j12 -l12
[1.313s] Invoked command in '/home/mscrobotics2425laptop42/RoboticsSystemsDesignProject/build/leo_teleop' returned '0': CMAKE_PREFIX_PATH=${CMAKE_PREFIX_PATH}:/home/mscrobotics2425laptop42/interbotix_ws/install/interbotix_xs_modules:/home/mscrobotics2425laptop42/interbotix_ws/install/interbotix_perception_modules:/home/mscrobotics2425laptop42/interbotix_ws/install/interbotix_common_modules:/opt/ros/humble /usr/bin/cmake --build /home/mscrobotics2425laptop42/RoboticsSystemsDesignProject/build/leo_teleop -- -j12 -l12
[1.324s] Invoking command in '/home/mscrobotics2425laptop42/RoboticsSystemsDesignProject/build/leo_teleop': CMAKE_PREFIX_PATH=${CMAKE_PREFIX_PATH}:/home/mscrobotics2425laptop42/interbotix_ws/install/interbotix_xs_modules:/home/mscrobotics2425laptop42/interbotix_ws/install/interbotix_perception_modules:/home/mscrobotics2425laptop42/interbotix_ws/install/interbotix_common_modules:/opt/ros/humble /usr/bin/cmake --install /home/mscrobotics2425laptop42/RoboticsSystemsDesignProject/build/leo_teleop
[1.333s] -- Install configuration: ""
[1.333s] -- Installing: /home/mscrobotics2425laptop42/RoboticsSystemsDesignProject/install/leo_teleop/share/leo_teleop/config
[1.333s] -- Installing: /home/mscrobotics2425laptop42/RoboticsSystemsDesignProject/install/leo_teleop/share/leo_teleop/config/joy_config.yaml
[1.333s] -- Installing: /home/mscrobotics2425laptop42/RoboticsSystemsDesignProject/install/leo_teleop/share/leo_teleop/launch
[1.333s] -- Installing: /home/mscrobotics2425laptop42/RoboticsSystemsDesignProject/install/leo_teleop/share/leo_teleop/launch/joy_teleop.launch.xml
[1.333s] -- Installing: /home/mscrobotics2425laptop42/RoboticsSystemsDesignProject/install/leo_teleop/share/leo_teleop/launch/key_teleop.launch.xml
[1.333s] -- Installing: /home/mscrobotics2425laptop42/RoboticsSystemsDesignProject/install/leo_teleop/share/ament_index/resource_index/package_run_dependencies/leo_teleop
[1.333s] -- Installing: /home/mscrobotics2425laptop42/RoboticsSystemsDesignProject/install/leo_teleop/share/ament_index/resource_index/parent_prefix_path/leo_teleop
[1.334s] -- Installing: /home/mscrobotics2425laptop42/RoboticsSystemsDesignProject/install/leo_teleop/share/leo_teleop/environment/ament_prefix_path.sh
[1.334s] -- Installing: /home/mscrobotics2425laptop42/RoboticsSystemsDesignProject/install/leo_teleop/share/leo_teleop/environment/ament_prefix_path.dsv
[1.334s] -- Installing: /home/mscrobotics2425laptop42/RoboticsSystemsDesignProject/install/leo_teleop/share/leo_teleop/environment/path.sh
[1.334s] -- Installing: /home/mscrobotics2425laptop42/RoboticsSystemsDesignProject/install/leo_teleop/share/leo_teleop/environment/path.dsv
[1.334s] -- Installing: /home/mscrobotics2425laptop42/RoboticsSystemsDesignProject/install/leo_teleop/share/leo_teleop/local_setup.bash
[1.334s] -- Installing: /home/mscrobotics2425laptop42/RoboticsSystemsDesignProject/install/leo_teleop/share/leo_teleop/local_setup.sh
[1.334s] -- Installing: /home/mscrobotics2425laptop42/RoboticsSystemsDesignProject/install/leo_teleop/share/leo_teleop/local_setup.zsh
[1.334s] -- Installing: /home/mscrobotics2425laptop42/RoboticsSystemsDesignProject/install/leo_teleop/share/leo_teleop/local_setup.dsv
[1.335s] -- Installing: /home/mscrobotics2425laptop42/RoboticsSystemsDesignProject/install/leo_teleop/share/leo_teleop/package.dsv
[1.335s] -- Installing: /home/mscrobotics2425laptop42/RoboticsSystemsDesignProject/install/leo_teleop/share/ament_index/resource_index/packages/leo_teleop
[1.335s] -- Installing: /home/mscrobotics2425laptop42/RoboticsSystemsDesignProject/install/leo_teleop/share/leo_teleop/cmake/leo_teleopConfig.cmake
[1.335s] -- Installing: /home/mscrobotics2425laptop42/RoboticsSystemsDesignProject/install/leo_teleop/share/leo_teleop/cmake/leo_teleopConfig-version.cmake
[1.335s] -- Installing: /home/mscrobotics2425laptop42/RoboticsSystemsDesignProject/install/leo_teleop/share/leo_teleop/package.xml
[1.337s] Invoked command in '/home/mscrobotics2425laptop42/RoboticsSystemsDesignProject/build/leo_teleop' returned '0': CMAKE_PREFIX_PATH=${CMAKE_PREFIX_PATH}:/home/mscrobotics2425laptop42/interbotix_ws/install/interbotix_xs_modules:/home/mscrobotics2425laptop42/interbotix_ws/install/interbotix_perception_modules:/home/mscrobotics2425laptop42/interbotix_ws/install/interbotix_common_modules:/opt/ros/humble /usr/bin/cmake --install /home/mscrobotics2425laptop42/RoboticsSystemsDesignProject/build/leo_teleop
