[1.688s] Invoking command in '/home/mscrobotics2425laptop42/RoboticsSystemsDesignProject/src/hardware_package': PYTHONPATH=/home/mscrobotics2425laptop42/RoboticsSystemsDesignProject/build/hardware_package/prefix_override:/usr/lib/python3/dist-packages/colcon_core/task/python/colcon_distutils_commands:/home/mscrobotics2425laptop42/RoboticsSystemsDesignProject/install/hardware_package/lib/python3.10/site-packages:${PYTHONPATH} /usr/bin/python3 -W ignore:setup.py install is deprecated -W ignore:easy_install command is deprecated setup.py egg_info --egg-base ../../build/hardware_package build --build-base /home/mscrobotics2425laptop42/RoboticsSystemsDesignProject/build/hardware_package/build install --record /home/mscrobotics2425laptop42/RoboticsSystemsDesignProject/build/hardware_package/install.log --single-version-externally-managed install_data
[1.909s] running egg_info
[1.909s] writing ../../build/hardware_package/hardware_package.egg-info/PKG-INFO
[1.909s] writing dependency_links to ../../build/hardware_package/hardware_package.egg-info/dependency_links.txt
[1.910s] writing entry points to ../../build/hardware_package/hardware_package.egg-info/entry_points.txt
[1.910s] writing requirements to ../../build/hardware_package/hardware_package.egg-info/requires.txt
[1.910s] writing top-level names to ../../build/hardware_package/hardware_package.egg-info/top_level.txt
[1.912s] reading manifest file '../../build/hardware_package/hardware_package.egg-info/SOURCES.txt'
[1.913s] writing manifest file '../../build/hardware_package/hardware_package.egg-info/SOURCES.txt'
[1.913s] running build
[1.914s] running build_py
[1.914s] running install
[1.914s] running install_lib
[1.915s] running install_data
[1.916s] running install_egg_info
[1.919s] removing '/home/mscrobotics2425laptop42/RoboticsSystemsDesignProject/install/hardware_package/lib/python3.10/site-packages/hardware_package-0.0.0-py3.10.egg-info' (and everything under it)
[1.920s] Copying ../../build/hardware_package/hardware_package.egg-info to /home/mscrobotics2425laptop42/RoboticsSystemsDesignProject/install/hardware_package/lib/python3.10/site-packages/hardware_package-0.0.0-py3.10.egg-info
[1.922s] running install_scripts
[1.956s] Installing lidar_node script to /home/mscrobotics2425laptop42/RoboticsSystemsDesignProject/install/hardware_package/lib/hardware_package
[1.957s] writing list of installed files to '/home/mscrobotics2425laptop42/RoboticsSystemsDesignProject/build/hardware_package/install.log'
[2.002s] Invoked command in '/home/mscrobotics2425laptop42/RoboticsSystemsDesignProject/src/hardware_package' returned '0': PYTHONPATH=/home/mscrobotics2425laptop42/RoboticsSystemsDesignProject/build/hardware_package/prefix_override:/usr/lib/python3/dist-packages/colcon_core/task/python/colcon_distutils_commands:/home/mscrobotics2425laptop42/RoboticsSystemsDesignProject/install/hardware_package/lib/python3.10/site-packages:${PYTHONPATH} /usr/bin/python3 -W ignore:setup.py install is deprecated -W ignore:easy_install command is deprecated setup.py egg_info --egg-base ../../build/hardware_package build --build-base /home/mscrobotics2425laptop42/RoboticsSystemsDesignProject/build/hardware_package/build install --record /home/mscrobotics2425laptop42/RoboticsSystemsDesignProject/build/hardware_package/install.log --single-version-externally-managed install_data
