[0.102s] Invoking command in '/home/mscrobotics2425laptop42/RoboticsSystemsDesignProject/build/leo_description': CMAKE_PREFIX_PATH=${CMAKE_PREFIX_PATH}:/home/mscrobotics2425laptop42/RoboticsSystemsDesignProject/install/simulation_package:/home/mscrobotics2425laptop42/RoboticsSystemsDesignProject/install/sensors_package:/home/mscrobotics2425laptop42/RoboticsSystemsDesignProject/install/px100_control:/home/mscrobotics2425laptop42/RoboticsSystemsDesignProject/install/object_detect_package:/home/mscrobotics2425laptop42/RoboticsSystemsDesignProject/install/hardware_package:/home/mscrobotics2425laptop42/interbotix_ws/install/interbotix_xs_modules:/home/mscrobotics2425laptop42/interbotix_ws/install/interbotix_perception_modules:/home/mscrobotics2425laptop42/interbotix_ws/install/interbotix_common_modules:/opt/ros/humble /usr/bin/cmake --build /home/mscrobotics2425laptop42/RoboticsSystemsDesignProject/build/leo_description -- -j12 -l12
[1.173s] -- Found ament_cmake: 1.3.11 (/opt/ros/humble/share/ament_cmake/cmake)
[1.174s] -- Found ament_lint_auto: 0.12.11 (/opt/ros/humble/share/ament_lint_auto/cmake)
[1.174s] -- Added test 'lint_cmake' to check CMake code style
[1.175s] -- Added test 'xmllint' to check XML markup files
[1.176s] -- Configuring done
[1.176s] -- Generating done
[1.177s] -- Build files have been written to: /home/mscrobotics2425laptop42/RoboticsSystemsDesignProject/build/leo_description
[1.761s] Invoked command in '/home/mscrobotics2425laptop42/RoboticsSystemsDesignProject/build/leo_description' returned '0': CMAKE_PREFIX_PATH=${CMAKE_PREFIX_PATH}:/home/mscrobotics2425laptop42/RoboticsSystemsDesignProject/install/simulation_package:/home/mscrobotics2425laptop42/RoboticsSystemsDesignProject/install/sensors_package:/home/mscrobotics2425laptop42/RoboticsSystemsDesignProject/install/px100_control:/home/mscrobotics2425laptop42/RoboticsSystemsDesignProject/install/object_detect_package:/home/mscrobotics2425laptop42/RoboticsSystemsDesignProject/install/hardware_package:/home/mscrobotics2425laptop42/interbotix_ws/install/interbotix_xs_modules:/home/mscrobotics2425laptop42/interbotix_ws/install/interbotix_perception_modules:/home/mscrobotics2425laptop42/interbotix_ws/install/interbotix_common_modules:/opt/ros/humble /usr/bin/cmake --build /home/mscrobotics2425laptop42/RoboticsSystemsDesignProject/build/leo_description -- -j12 -l12
[1.762s] Invoking command in '/home/mscrobotics2425laptop42/RoboticsSystemsDesignProject/build/leo_description': CMAKE_PREFIX_PATH=${CMAKE_PREFIX_PATH}:/home/mscrobotics2425laptop42/RoboticsSystemsDesignProject/install/simulation_package:/home/mscrobotics2425laptop42/RoboticsSystemsDesignProject/install/sensors_package:/home/mscrobotics2425laptop42/RoboticsSystemsDesignProject/install/px100_control:/home/mscrobotics2425laptop42/RoboticsSystemsDesignProject/install/object_detect_package:/home/mscrobotics2425laptop42/RoboticsSystemsDesignProject/install/hardware_package:/home/mscrobotics2425laptop42/interbotix_ws/install/interbotix_xs_modules:/home/mscrobotics2425laptop42/interbotix_ws/install/interbotix_perception_modules:/home/mscrobotics2425laptop42/interbotix_ws/install/interbotix_common_modules:/opt/ros/humble /usr/bin/cmake --install /home/mscrobotics2425laptop42/RoboticsSystemsDesignProject/build/leo_description
[1.843s] -- Install configuration: ""
[1.843s] -- Up-to-date: /home/mscrobotics2425laptop42/RoboticsSystemsDesignProject/install/leo_description/share/leo_description/launch
[1.843s] -- Installing: /home/mscrobotics2425laptop42/RoboticsSystemsDesignProject/install/leo_description/share/leo_description/launch/state_publisher.launch.xml
[1.843s] -- Up-to-date: /home/mscrobotics2425laptop42/RoboticsSystemsDesignProject/install/leo_description/share/leo_description/models
[1.843s] -- Installing: /home/mscrobotics2425laptop42/RoboticsSystemsDesignProject/install/leo_description/share/leo_description/models/Chassis_outline.stl
[1.843s] -- Installing: /home/mscrobotics2425laptop42/RoboticsSystemsDesignProject/install/leo_description/share/leo_description/models/Wheel_outline.stl
[1.843s] -- Installing: /home/mscrobotics2425laptop42/RoboticsSystemsDesignProject/install/leo_description/share/leo_description/models/Rocker.dae
[1.843s] -- Installing: /home/mscrobotics2425laptop42/RoboticsSystemsDesignProject/install/leo_description/share/leo_description/models/WheelMecanumB.dae
[1.843s] -- Installing: /home/mscrobotics2425laptop42/RoboticsSystemsDesignProject/install/leo_description/share/leo_description/models/Chassis.dae
[1.844s] -- Installing: /home/mscrobotics2425laptop42/RoboticsSystemsDesignProject/install/leo_description/share/leo_description/models/WheelB.dae
[1.844s] -- Installing: /home/mscrobotics2425laptop42/RoboticsSystemsDesignProject/install/leo_description/share/leo_description/models/WheelMecanumA.dae
[1.868s] -- Installing: /home/mscrobotics2425laptop42/RoboticsSystemsDesignProject/install/leo_description/share/leo_description/models/WheelA.dae
[1.888s] -- Installing: /home/mscrobotics2425laptop42/RoboticsSystemsDesignProject/install/leo_description/share/leo_description/models/Antenna.dae
[1.888s] -- Installing: /home/mscrobotics2425laptop42/RoboticsSystemsDesignProject/install/leo_description/share/leo_description/models/Rocker_outline.stl
[1.888s] -- Installing: /home/mscrobotics2425laptop42/RoboticsSystemsDesignProject/install/leo_description/share/leo_description/models/Mecanum_wheel_outline.stl
[1.888s] -- Up-to-date: /home/mscrobotics2425laptop42/RoboticsSystemsDesignProject/install/leo_description/share/leo_description/urdf
[1.889s] -- Installing: /home/mscrobotics2425laptop42/RoboticsSystemsDesignProject/install/leo_description/share/leo_description/urdf/leo_sim.urdf.xacro
[1.889s] -- Installing: /home/mscrobotics2425laptop42/RoboticsSystemsDesignProject/install/leo_description/share/leo_description/urdf/macros.xacro
[1.889s] -- Installing: /home/mscrobotics2425laptop42/RoboticsSystemsDesignProject/install/leo_description/share/leo_description/urdf/leo.urdf.xacro
[1.889s] -- Installing: /home/mscrobotics2425laptop42/RoboticsSystemsDesignProject/install/leo_description/share/leo_description/environment/gz_sim_resource_path.sh
[1.889s] -- Installing: /home/mscrobotics2425laptop42/RoboticsSystemsDesignProject/install/leo_description/share/leo_description/environment/gz_sim_resource_path.dsv
[1.889s] -- Up-to-date: /home/mscrobotics2425laptop42/RoboticsSystemsDesignProject/install/leo_description/share/ament_index/resource_index/package_run_dependencies/leo_description
[1.889s] -- Installing: /home/mscrobotics2425laptop42/RoboticsSystemsDesignProject/install/leo_description/share/ament_index/resource_index/parent_prefix_path/leo_description
[1.889s] -- Installing: /home/mscrobotics2425laptop42/RoboticsSystemsDesignProject/install/leo_description/share/leo_description/environment/ament_prefix_path.sh
[1.889s] -- Installing: /home/mscrobotics2425laptop42/RoboticsSystemsDesignProject/install/leo_description/share/leo_description/environment/ament_prefix_path.dsv
[1.890s] -- Installing: /home/mscrobotics2425laptop42/RoboticsSystemsDesignProject/install/leo_description/share/leo_description/environment/path.sh
[1.909s] -- Installing: /home/mscrobotics2425laptop42/RoboticsSystemsDesignProject/install/leo_description/share/leo_description/environment/path.dsv
[1.910s] -- Up-to-date: /home/mscrobotics2425laptop42/RoboticsSystemsDesignProject/install/leo_description/share/leo_description/local_setup.bash
[1.910s] -- Up-to-date: /home/mscrobotics2425laptop42/RoboticsSystemsDesignProject/install/leo_description/share/leo_description/local_setup.sh
[1.910s] -- Up-to-date: /home/mscrobotics2425laptop42/RoboticsSystemsDesignProject/install/leo_description/share/leo_description/local_setup.zsh
[1.910s] -- Installing: /home/mscrobotics2425laptop42/RoboticsSystemsDesignProject/install/leo_description/share/leo_description/local_setup.dsv
[1.910s] -- Installing: /home/mscrobotics2425laptop42/RoboticsSystemsDesignProject/install/leo_description/share/leo_description/package.dsv
[1.911s] -- Up-to-date: /home/mscrobotics2425laptop42/RoboticsSystemsDesignProject/install/leo_description/share/ament_index/resource_index/packages/leo_description
[1.911s] -- Up-to-date: /home/mscrobotics2425laptop42/RoboticsSystemsDesignProject/install/leo_description/share/leo_description/cmake/leo_descriptionConfig.cmake
[1.911s] -- Up-to-date: /home/mscrobotics2425laptop42/RoboticsSystemsDesignProject/install/leo_description/share/leo_description/cmake/leo_descriptionConfig-version.cmake
[1.911s] -- Installing: /home/mscrobotics2425laptop42/RoboticsSystemsDesignProject/install/leo_description/share/leo_description/package.xml
[1.980s] Invoked command in '/home/mscrobotics2425laptop42/RoboticsSystemsDesignProject/build/leo_description' returned '0': CMAKE_PREFIX_PATH=${CMAKE_PREFIX_PATH}:/home/mscrobotics2425laptop42/RoboticsSystemsDesignProject/install/simulation_package:/home/mscrobotics2425laptop42/RoboticsSystemsDesignProject/install/sensors_package:/home/mscrobotics2425laptop42/RoboticsSystemsDesignProject/install/px100_control:/home/mscrobotics2425laptop42/RoboticsSystemsDesignProject/install/object_detect_package:/home/mscrobotics2425laptop42/RoboticsSystemsDesignProject/install/hardware_package:/home/mscrobotics2425laptop42/interbotix_ws/install/interbotix_xs_modules:/home/mscrobotics2425laptop42/interbotix_ws/install/interbotix_perception_modules:/home/mscrobotics2425laptop42/interbotix_ws/install/interbotix_common_modules:/opt/ros/humble /usr/bin/cmake --install /home/mscrobotics2425laptop42/RoboticsSystemsDesignProject/build/leo_description
