[0.081s] Invoking command in '/home/mscrobotics2425laptop42/RoboticsSystemsDesignProject/build/leo_description': CMAKE_PREFIX_PATH=${CMAKE_PREFIX_PATH}:/home/mscrobotics2425laptop42/RoboticsSystemsDesignProject/install/simulation_package:/home/mscrobotics2425laptop42/RoboticsSystemsDesignProject/install/sensors_package:/home/mscrobotics2425laptop42/RoboticsSystemsDesignProject/install/px100_control:/home/mscrobotics2425laptop42/RoboticsSystemsDesignProject/install/object_detect_package:/home/mscrobotics2425laptop42/RoboticsSystemsDesignProject/install/hardware_package:/home/mscrobotics2425laptop42/interbotix_ws/install/interbotix_xs_modules:/home/mscrobotics2425laptop42/interbotix_ws/install/interbotix_perception_modules:/home/mscrobotics2425laptop42/interbotix_ws/install/interbotix_common_modules:/opt/ros/humble /usr/bin/cmake --build /home/mscrobotics2425laptop42/RoboticsSystemsDesignProject/build/leo_description -- -j12 -l12
[0.992s] Invoked command in '/home/mscrobotics2425laptop42/RoboticsSystemsDesignProject/build/leo_description' returned '0': CMAKE_PREFIX_PATH=${CMAKE_PREFIX_PATH}:/home/mscrobotics2425laptop42/RoboticsSystemsDesignProject/install/simulation_package:/home/mscrobotics2425laptop42/RoboticsSystemsDesignProject/install/sensors_package:/home/mscrobotics2425laptop42/RoboticsSystemsDesignProject/install/px100_control:/home/mscrobotics2425laptop42/RoboticsSystemsDesignProject/install/object_detect_package:/home/mscrobotics2425laptop42/RoboticsSystemsDesignProject/install/hardware_package:/home/mscrobotics2425laptop42/interbotix_ws/install/interbotix_xs_modules:/home/mscrobotics2425laptop42/interbotix_ws/install/interbotix_perception_modules:/home/mscrobotics2425laptop42/interbotix_ws/install/interbotix_common_modules:/opt/ros/humble /usr/bin/cmake --build /home/mscrobotics2425laptop42/RoboticsSystemsDesignProject/build/leo_description -- -j12 -l12
[1.004s] Invoking command in '/home/mscrobotics2425laptop42/RoboticsSystemsDesignProject/build/leo_description': CMAKE_PREFIX_PATH=${CMAKE_PREFIX_PATH}:/home/mscrobotics2425laptop42/RoboticsSystemsDesignProject/install/simulation_package:/home/mscrobotics2425laptop42/RoboticsSystemsDesignProject/install/sensors_package:/home/mscrobotics2425laptop42/RoboticsSystemsDesignProject/install/px100_control:/home/mscrobotics2425laptop42/RoboticsSystemsDesignProject/install/object_detect_package:/home/mscrobotics2425laptop42/RoboticsSystemsDesignProject/install/hardware_package:/home/mscrobotics2425laptop42/interbotix_ws/install/interbotix_xs_modules:/home/mscrobotics2425laptop42/interbotix_ws/install/interbotix_perception_modules:/home/mscrobotics2425laptop42/interbotix_ws/install/interbotix_common_modules:/opt/ros/humble /usr/bin/cmake --install /home/mscrobotics2425laptop42/RoboticsSystemsDesignProject/build/leo_description
[1.197s] -- Install configuration: ""
[1.197s] -- Up-to-date: /home/mscrobotics2425laptop42/RoboticsSystemsDesignProject/install/leo_description/share/leo_description/launch
[1.198s] -- Up-to-date: /home/mscrobotics2425laptop42/RoboticsSystemsDesignProject/install/leo_description/share/leo_description/launch/state_publisher.launch.xml
[1.198s] -- Up-to-date: /home/mscrobotics2425laptop42/RoboticsSystemsDesignProject/install/leo_description/share/leo_description/models
[1.198s] -- Up-to-date: /home/mscrobotics2425laptop42/RoboticsSystemsDesignProject/install/leo_description/share/leo_description/models/Chassis_outline.stl
[1.198s] -- Up-to-date: /home/mscrobotics2425laptop42/RoboticsSystemsDesignProject/install/leo_description/share/leo_description/models/Wheel_outline.stl
[1.198s] -- Up-to-date: /home/mscrobotics2425laptop42/RoboticsSystemsDesignProject/install/leo_description/share/leo_description/models/Rocker.dae
[1.199s] -- Up-to-date: /home/mscrobotics2425laptop42/RoboticsSystemsDesignProject/install/leo_description/share/leo_description/models/WheelMecanumB.dae
[1.200s] -- Up-to-date: /home/mscrobotics2425laptop42/RoboticsSystemsDesignProject/install/leo_description/share/leo_description/models/Chassis.dae
[1.201s] -- Up-to-date: /home/mscrobotics2425laptop42/RoboticsSystemsDesignProject/install/leo_description/share/leo_description/models/WheelB.dae
[1.202s] -- Up-to-date: /home/mscrobotics2425laptop42/RoboticsSystemsDesignProject/install/leo_description/share/leo_description/models/WheelMecanumA.dae
[1.202s] -- Up-to-date: /home/mscrobotics2425laptop42/RoboticsSystemsDesignProject/install/leo_description/share/leo_description/models/WheelA.dae
[1.202s] -- Up-to-date: /home/mscrobotics2425laptop42/RoboticsSystemsDesignProject/install/leo_description/share/leo_description/models/Antenna.dae
[1.202s] -- Up-to-date: /home/mscrobotics2425laptop42/RoboticsSystemsDesignProject/install/leo_description/share/leo_description/models/Rocker_outline.stl
[1.202s] -- Up-to-date: /home/mscrobotics2425laptop42/RoboticsSystemsDesignProject/install/leo_description/share/leo_description/models/Mecanum_wheel_outline.stl
[1.202s] -- Up-to-date: /home/mscrobotics2425laptop42/RoboticsSystemsDesignProject/install/leo_description/share/leo_description/urdf
[1.202s] -- Up-to-date: /home/mscrobotics2425laptop42/RoboticsSystemsDesignProject/install/leo_description/share/leo_description/urdf/leo_sim.urdf.xacro
[1.202s] -- Up-to-date: /home/mscrobotics2425laptop42/RoboticsSystemsDesignProject/install/leo_description/share/leo_description/urdf/macros.xacro
[1.202s] -- Up-to-date: /home/mscrobotics2425laptop42/RoboticsSystemsDesignProject/install/leo_description/share/leo_description/urdf/leo.urdf.xacro
[1.202s] -- Up-to-date: /home/mscrobotics2425laptop42/RoboticsSystemsDesignProject/install/leo_description/share/leo_description/environment/gz_sim_resource_path.sh
[1.202s] -- Up-to-date: /home/mscrobotics2425laptop42/RoboticsSystemsDesignProject/install/leo_description/share/leo_description/environment/gz_sim_resource_path.dsv
[1.203s] -- Up-to-date: /home/mscrobotics2425laptop42/RoboticsSystemsDesignProject/install/leo_description/share/ament_index/resource_index/package_run_dependencies/leo_description
[1.203s] -- Up-to-date: /home/mscrobotics2425laptop42/RoboticsSystemsDesignProject/install/leo_description/share/ament_index/resource_index/parent_prefix_path/leo_description
[1.203s] -- Up-to-date: /home/mscrobotics2425laptop42/RoboticsSystemsDesignProject/install/leo_description/share/leo_description/environment/ament_prefix_path.sh
[1.204s] -- Up-to-date: /home/mscrobotics2425laptop42/RoboticsSystemsDesignProject/install/leo_description/share/leo_description/environment/ament_prefix_path.dsv
[1.204s] -- Up-to-date: /home/mscrobotics2425laptop42/RoboticsSystemsDesignProject/install/leo_description/share/leo_description/environment/path.sh
[1.204s] -- Up-to-date: /home/mscrobotics2425laptop42/RoboticsSystemsDesignProject/install/leo_description/share/leo_description/environment/path.dsv
[1.204s] -- Up-to-date: /home/mscrobotics2425laptop42/RoboticsSystemsDesignProject/install/leo_description/share/leo_description/local_setup.bash
[1.204s] -- Up-to-date: /home/mscrobotics2425laptop42/RoboticsSystemsDesignProject/install/leo_description/share/leo_description/local_setup.sh
[1.204s] -- Up-to-date: /home/mscrobotics2425laptop42/RoboticsSystemsDesignProject/install/leo_description/share/leo_description/local_setup.zsh
[1.205s] -- Up-to-date: /home/mscrobotics2425laptop42/RoboticsSystemsDesignProject/install/leo_description/share/leo_description/local_setup.dsv
[1.205s] -- Installing: /home/mscrobotics2425laptop42/RoboticsSystemsDesignProject/install/leo_description/share/leo_description/package.dsv
[1.207s] -- Up-to-date: /home/mscrobotics2425laptop42/RoboticsSystemsDesignProject/install/leo_description/share/ament_index/resource_index/packages/leo_description
[1.207s] -- Up-to-date: /home/mscrobotics2425laptop42/RoboticsSystemsDesignProject/install/leo_description/share/leo_description/cmake/leo_descriptionConfig.cmake
[1.207s] -- Up-to-date: /home/mscrobotics2425laptop42/RoboticsSystemsDesignProject/install/leo_description/share/leo_description/cmake/leo_descriptionConfig-version.cmake
[1.207s] -- Up-to-date: /home/mscrobotics2425laptop42/RoboticsSystemsDesignProject/install/leo_description/share/leo_description/package.xml
[1.228s] Invoked command in '/home/mscrobotics2425laptop42/RoboticsSystemsDesignProject/build/leo_description' returned '0': CMAKE_PREFIX_PATH=${CMAKE_PREFIX_PATH}:/home/mscrobotics2425laptop42/RoboticsSystemsDesignProject/install/simulation_package:/home/mscrobotics2425laptop42/RoboticsSystemsDesignProject/install/sensors_package:/home/mscrobotics2425laptop42/RoboticsSystemsDesignProject/install/px100_control:/home/mscrobotics2425laptop42/RoboticsSystemsDesignProject/install/object_detect_package:/home/mscrobotics2425laptop42/RoboticsSystemsDesignProject/install/hardware_package:/home/mscrobotics2425laptop42/interbotix_ws/install/interbotix_xs_modules:/home/mscrobotics2425laptop42/interbotix_ws/install/interbotix_perception_modules:/home/mscrobotics2425laptop42/interbotix_ws/install/interbotix_common_modules:/opt/ros/humble /usr/bin/cmake --install /home/mscrobotics2425laptop42/RoboticsSystemsDesignProject/build/leo_description
