[0.250s] DEBUG:colcon:Command line arguments: ['/usr/bin/colcon', 'build']
[0.250s] DEBUG:colcon:Parsed command line arguments: Namespace(log_base=None, log_level=None, verb_name='build', build_base='build', install_base='install', merge_install=False, symlink_install=False, test_result_base=None, continue_on_error=False, executor='parallel', parallel_workers=9, event_handlers=None, ignore_user_meta=False, metas=['./colcon.meta'], base_paths=['.'], packages_ignore=None, packages_ignore_regex=None, paths=None, packages_up_to=None, packages_up_to_regex=None, packages_above=None, packages_above_and_dependencies=None, packages_above_depth=None, packages_select_by_dep=None, packages_skip_by_dep=None, packages_skip_up_to=None, packages_select_build_failed=False, packages_skip_build_finished=False, packages_select_test_failures=False, packages_skip_test_passed=False, packages_select=None, packages_skip=None, packages_select_regex=None, packages_skip_regex=None, packages_start=None, packages_end=None, allow_overriding=[], cmake_args=None, cmake_target=None, cmake_target_skip_unavailable=False, cmake_clean_cache=False, cmake_clean_first=False, cmake_force_configure=False, ament_cmake_args=None, catkin_cmake_args=None, catkin_skip_building_tests=False, mixin_files=None, mixin=None, verb_parser=<colcon_mixin.mixin.mixin_argument.MixinArgumentDecorator object at 0x7aab60152c20>, verb_extension=<colcon_core.verb.build.BuildVerb object at 0x7aab6025b2b0>, main=<bound method BuildVerb.main of <colcon_core.verb.build.BuildVerb object at 0x7aab6025b2b0>>, mixin_verb=('build',))
[0.723s] Level 1:colcon.colcon_core.package_discovery:discover_packages(colcon_meta) check parameters
[0.723s] Level 1:colcon.colcon_core.package_discovery:discover_packages(recursive) check parameters
[0.723s] Level 1:colcon.colcon_core.package_discovery:discover_packages(ignore) check parameters
[0.723s] Level 1:colcon.colcon_core.package_discovery:discover_packages(path) check parameters
[0.723s] Level 1:colcon.colcon_core.package_discovery:discover_packages(colcon_meta) discover
[0.724s] Level 1:colcon.colcon_core.package_discovery:discover_packages(recursive) discover
[0.724s] INFO:colcon.colcon_core.package_discovery:Crawling recursively for packages in '/home/delewlew/UoM-Robotics-Team8/src/leo_simulation'
[0.724s] Level 1:colcon.colcon_core.package_identification:_identify(.) by extensions ['ignore', 'ignore_ament_install']
[0.725s] Level 1:colcon.colcon_core.package_identification:_identify(.) by extension 'ignore'
[0.725s] Level 1:colcon.colcon_core.package_identification:_identify(.) by extension 'ignore_ament_install'
[0.725s] Level 1:colcon.colcon_core.package_identification:_identify(.) by extensions ['colcon_pkg']
[0.725s] Level 1:colcon.colcon_core.package_identification:_identify(.) by extension 'colcon_pkg'
[0.725s] Level 1:colcon.colcon_core.package_identification:_identify(.) by extensions ['colcon_meta']
[0.725s] Level 1:colcon.colcon_core.package_identification:_identify(.) by extension 'colcon_meta'
[0.725s] Level 1:colcon.colcon_core.package_identification:_identify(.) by extensions ['ros']
[0.725s] Level 1:colcon.colcon_core.package_identification:_identify(.) by extension 'ros'
[0.751s] DEBUG:colcon.colcon_core.package_identification:Package '.' with type 'ros.ament_python' and name 'leo_simulation'
[0.751s] Level 1:colcon.colcon_core.package_discovery:discover_packages(recursive) using defaults
[0.751s] Level 1:colcon.colcon_core.package_discovery:discover_packages(ignore) discover
[0.751s] Level 1:colcon.colcon_core.package_discovery:discover_packages(ignore) using defaults
[0.751s] Level 1:colcon.colcon_core.package_discovery:discover_packages(path) discover
[0.751s] Level 1:colcon.colcon_core.package_discovery:discover_packages(path) using defaults
[0.812s] Level 1:colcon.colcon_core.package_discovery:discover_packages(prefix_path) check parameters
[0.812s] Level 1:colcon.colcon_core.package_discovery:discover_packages(prefix_path) discover
[0.819s] DEBUG:colcon.colcon_installed_package_information.package_discovery:Found 340 installed packages in /opt/ros/humble
[0.821s] Level 1:colcon.colcon_core.package_discovery:discover_packages(prefix_path) using defaults
[0.879s] Level 5:colcon.colcon_core.verb:set package 'leo_simulation' build argument 'cmake_args' from command line to 'None'
[0.879s] Level 5:colcon.colcon_core.verb:set package 'leo_simulation' build argument 'cmake_target' from command line to 'None'
[0.879s] Level 5:colcon.colcon_core.verb:set package 'leo_simulation' build argument 'cmake_target_skip_unavailable' from command line to 'False'
[0.879s] Level 5:colcon.colcon_core.verb:set package 'leo_simulation' build argument 'cmake_clean_cache' from command line to 'False'
[0.879s] Level 5:colcon.colcon_core.verb:set package 'leo_simulation' build argument 'cmake_clean_first' from command line to 'False'
[0.879s] Level 5:colcon.colcon_core.verb:set package 'leo_simulation' build argument 'cmake_force_configure' from command line to 'False'
[0.879s] Level 5:colcon.colcon_core.verb:set package 'leo_simulation' build argument 'ament_cmake_args' from command line to 'None'
[0.879s] Level 5:colcon.colcon_core.verb:set package 'leo_simulation' build argument 'catkin_cmake_args' from command line to 'None'
[0.879s] Level 5:colcon.colcon_core.verb:set package 'leo_simulation' build argument 'catkin_skip_building_tests' from command line to 'False'
[0.879s] DEBUG:colcon.colcon_core.verb:Building package 'leo_simulation' with the following arguments: {'ament_cmake_args': None, 'build_base': '/home/delewlew/UoM-Robotics-Team8/src/leo_simulation/build/leo_simulation', 'catkin_cmake_args': None, 'catkin_skip_building_tests': False, 'cmake_args': None, 'cmake_clean_cache': False, 'cmake_clean_first': False, 'cmake_force_configure': False, 'cmake_target': None, 'cmake_target_skip_unavailable': False, 'install_base': '/home/delewlew/UoM-Robotics-Team8/src/leo_simulation/install/leo_simulation', 'merge_install': False, 'path': '/home/delewlew/UoM-Robotics-Team8/src/leo_simulation', 'symlink_install': False, 'test_result_base': None}
[0.879s] INFO:colcon.colcon_core.executor:Executing jobs using 'parallel' executor
[0.880s] DEBUG:colcon.colcon_parallel_executor.executor.parallel:run_until_complete
[0.881s] INFO:colcon.colcon_ros.task.ament_python.build:Building ROS package in '/home/delewlew/UoM-Robotics-Team8/src/leo_simulation' with build type 'ament_python'
[0.881s] Level 1:colcon.colcon_core.shell:create_environment_hook('leo_simulation', 'ament_prefix_path')
[0.889s] INFO:colcon.colcon_core.plugin_system:Skipping extension 'colcon_core.shell.bat': Not used on non-Windows systems
[0.890s] INFO:colcon.colcon_core.shell:Creating environment hook '/home/delewlew/UoM-Robotics-Team8/src/leo_simulation/install/leo_simulation/share/leo_simulation/hook/ament_prefix_path.ps1'
[0.891s] INFO:colcon.colcon_core.shell:Creating environment descriptor '/home/delewlew/UoM-Robotics-Team8/src/leo_simulation/install/leo_simulation/share/leo_simulation/hook/ament_prefix_path.dsv'
[0.892s] INFO:colcon.colcon_core.shell:Creating environment hook '/home/delewlew/UoM-Robotics-Team8/src/leo_simulation/install/leo_simulation/share/leo_simulation/hook/ament_prefix_path.sh'
[0.895s] INFO:colcon.colcon_core.shell:Skip shell extension 'powershell' for command environment: Not usable outside of PowerShell
[0.895s] DEBUG:colcon.colcon_core.shell:Skip shell extension 'dsv' for command environment
[1.164s] INFO:colcon.colcon_core.task.python.build:Building Python package in '/home/delewlew/UoM-Robotics-Team8/src/leo_simulation'
[1.165s] INFO:colcon.colcon_core.shell:Skip shell extension 'powershell' for command environment: Not usable outside of PowerShell
[1.165s] DEBUG:colcon.colcon_core.shell:Skip shell extension 'dsv' for command environment
[1.619s] DEBUG:colcon.colcon_core.event_handler.log_command:Invoking command in '/home/delewlew/UoM-Robotics-Team8/src/leo_simulation': PYTHONPATH=/home/delewlew/UoM-Robotics-Team8/src/leo_simulation/build/leo_simulation/prefix_override:/usr/lib/python3/dist-packages/colcon_core/task/python/colcon_distutils_commands:/home/delewlew/UoM-Robotics-Team8/src/leo_simulation/install/leo_simulation/lib/python3.10/site-packages:${PYTHONPATH} /usr/bin/python3 -W ignore:setup.py install is deprecated setup.py egg_info --egg-base build/leo_simulation build --build-base /home/delewlew/UoM-Robotics-Team8/src/leo_simulation/build/leo_simulation/build install --record /home/delewlew/UoM-Robotics-Team8/src/leo_simulation/build/leo_simulation/install.log --single-version-externally-managed install_data
[1.906s] DEBUG:colcon.colcon_core.event_handler.log_command:Invoked command in '/home/delewlew/UoM-Robotics-Team8/src/leo_simulation' returned '0': PYTHONPATH=/home/delewlew/UoM-Robotics-Team8/src/leo_simulation/build/leo_simulation/prefix_override:/usr/lib/python3/dist-packages/colcon_core/task/python/colcon_distutils_commands:/home/delewlew/UoM-Robotics-Team8/src/leo_simulation/install/leo_simulation/lib/python3.10/site-packages:${PYTHONPATH} /usr/bin/python3 -W ignore:setup.py install is deprecated setup.py egg_info --egg-base build/leo_simulation build --build-base /home/delewlew/UoM-Robotics-Team8/src/leo_simulation/build/leo_simulation/build install --record /home/delewlew/UoM-Robotics-Team8/src/leo_simulation/build/leo_simulation/install.log --single-version-externally-managed install_data
[1.917s] Level 1:colcon.colcon_core.environment:checking '/home/delewlew/UoM-Robotics-Team8/src/leo_simulation/install/leo_simulation' for CMake module files
[1.917s] Level 1:colcon.colcon_core.environment:checking '/home/delewlew/UoM-Robotics-Team8/src/leo_simulation/install/leo_simulation' for CMake config files
[1.918s] Level 1:colcon.colcon_core.environment:checking '/home/delewlew/UoM-Robotics-Team8/src/leo_simulation/install/leo_simulation/lib'
[1.918s] Level 1:colcon.colcon_core.environment:checking '/home/delewlew/UoM-Robotics-Team8/src/leo_simulation/install/leo_simulation/bin'
[1.918s] Level 1:colcon.colcon_core.environment:checking '/home/delewlew/UoM-Robotics-Team8/src/leo_simulation/install/leo_simulation/lib/pkgconfig/leo_simulation.pc'
[1.919s] Level 1:colcon.colcon_core.environment:checking '/home/delewlew/UoM-Robotics-Team8/src/leo_simulation/install/leo_simulation/lib/python3.10/site-packages'
[1.919s] Level 1:colcon.colcon_core.shell:create_environment_hook('leo_simulation', 'pythonpath')
[1.919s] INFO:colcon.colcon_core.shell:Creating environment hook '/home/delewlew/UoM-Robotics-Team8/src/leo_simulation/install/leo_simulation/share/leo_simulation/hook/pythonpath.ps1'
[1.920s] INFO:colcon.colcon_core.shell:Creating environment descriptor '/home/delewlew/UoM-Robotics-Team8/src/leo_simulation/install/leo_simulation/share/leo_simulation/hook/pythonpath.dsv'
[1.920s] INFO:colcon.colcon_core.shell:Creating environment hook '/home/delewlew/UoM-Robotics-Team8/src/leo_simulation/install/leo_simulation/share/leo_simulation/hook/pythonpath.sh'
[1.921s] Level 1:colcon.colcon_core.environment:checking '/home/delewlew/UoM-Robotics-Team8/src/leo_simulation/install/leo_simulation/bin'
[1.921s] Level 1:colcon.colcon_core.environment:create_environment_scripts_only(leo_simulation)
[1.921s] INFO:colcon.colcon_core.shell:Creating package script '/home/delewlew/UoM-Robotics-Team8/src/leo_simulation/install/leo_simulation/share/leo_simulation/package.ps1'
[1.923s] INFO:colcon.colcon_core.shell:Creating package descriptor '/home/delewlew/UoM-Robotics-Team8/src/leo_simulation/install/leo_simulation/share/leo_simulation/package.dsv'
[1.925s] INFO:colcon.colcon_core.shell:Creating package script '/home/delewlew/UoM-Robotics-Team8/src/leo_simulation/install/leo_simulation/share/leo_simulation/package.sh'
[1.927s] INFO:colcon.colcon_core.shell:Creating package script '/home/delewlew/UoM-Robotics-Team8/src/leo_simulation/install/leo_simulation/share/leo_simulation/package.bash'
[1.928s] INFO:colcon.colcon_core.shell:Creating package script '/home/delewlew/UoM-Robotics-Team8/src/leo_simulation/install/leo_simulation/share/leo_simulation/package.zsh'
[1.930s] Level 1:colcon.colcon_core.environment:create_file_with_runtime_dependencies(/home/delewlew/UoM-Robotics-Team8/src/leo_simulation/install/leo_simulation/share/colcon-core/packages/leo_simulation)
[1.930s] DEBUG:colcon.colcon_parallel_executor.executor.parallel:closing loop
[1.930s] DEBUG:colcon.colcon_parallel_executor.executor.parallel:loop closed
[1.930s] DEBUG:colcon.colcon_parallel_executor.executor.parallel:run_until_complete finished with '0'
[1.930s] DEBUG:colcon.colcon_core.event_reactor:joining thread
[1.940s] INFO:colcon.colcon_core.plugin_system:Skipping extension 'colcon_notification.desktop_notification.terminal_notifier': Not used on non-Darwin systems
[1.940s] INFO:colcon.colcon_core.plugin_system:Skipping extension 'colcon_notification.desktop_notification.win32': Not used on non-Windows systems
[1.940s] INFO:colcon.colcon_notification.desktop_notification:Sending desktop notification using 'notify2'
[1.979s] DEBUG:colcon.colcon_core.event_reactor:joined thread
[1.980s] INFO:colcon.colcon_core.shell:Creating prefix script '/home/delewlew/UoM-Robotics-Team8/src/leo_simulation/install/local_setup.ps1'
[1.982s] INFO:colcon.colcon_core.shell:Creating prefix util module '/home/delewlew/UoM-Robotics-Team8/src/leo_simulation/install/_local_setup_util_ps1.py'
[1.989s] INFO:colcon.colcon_core.shell:Creating prefix chain script '/home/delewlew/UoM-Robotics-Team8/src/leo_simulation/install/setup.ps1'
[1.992s] INFO:colcon.colcon_core.shell:Creating prefix script '/home/delewlew/UoM-Robotics-Team8/src/leo_simulation/install/local_setup.sh'
[1.993s] INFO:colcon.colcon_core.shell:Creating prefix util module '/home/delewlew/UoM-Robotics-Team8/src/leo_simulation/install/_local_setup_util_sh.py'
[1.995s] INFO:colcon.colcon_core.shell:Creating prefix chain script '/home/delewlew/UoM-Robotics-Team8/src/leo_simulation/install/setup.sh'
[2.000s] INFO:colcon.colcon_core.shell:Creating prefix script '/home/delewlew/UoM-Robotics-Team8/src/leo_simulation/install/local_setup.bash'
[2.003s] INFO:colcon.colcon_core.shell:Creating prefix chain script '/home/delewlew/UoM-Robotics-Team8/src/leo_simulation/install/setup.bash'
[2.007s] INFO:colcon.colcon_core.shell:Creating prefix script '/home/delewlew/UoM-Robotics-Team8/src/leo_simulation/install/local_setup.zsh'
[2.010s] INFO:colcon.colcon_core.shell:Creating prefix chain script '/home/delewlew/UoM-Robotics-Team8/src/leo_simulation/install/setup.zsh'
