running egg_info
writing ../../build/px100_control/px100_control.egg-info/PKG-INFO
writing dependency_links to ../../build/px100_control/px100_control.egg-info/dependency_links.txt
writing entry points to ../../build/px100_control/px100_control.egg-info/entry_points.txt
writing requirements to ../../build/px100_control/px100_control.egg-info/requires.txt
writing top-level names to ../../build/px100_control/px100_control.egg-info/top_level.txt
reading manifest file '../../build/px100_control/px100_control.egg-info/SOURCES.txt'
writing manifest file '../../build/px100_control/px100_control.egg-info/SOURCES.txt'
running build
running build_py
copying px100_control/px100_node.py -> /home/mscrobotics2425laptop42/RoboticsSystemsDesignProject/build/px100_control/build/lib/px100_control
running install
running install_lib
copying /home/mscrobotics2425laptop42/RoboticsSystemsDesignProject/build/px100_control/build/lib/px100_control/px100_node.py -> /home/mscrobotics2425laptop42/RoboticsSystemsDesignProject/install/px100_control/lib/python3.10/site-packages/px100_control
byte-compiling /home/mscrobotics2425laptop42/RoboticsSystemsDesignProject/install/px100_control/lib/python3.10/site-packages/px100_control/px100_node.py to px100_node.cpython-310.pyc
running install_data
running install_egg_info
removing '/home/mscrobotics2425laptop42/RoboticsSystemsDesignProject/install/px100_control/lib/python3.10/site-packages/px100_control-0.0.0-py3.10.egg-info' (and everything under it)
Copying ../../build/px100_control/px100_control.egg-info to /home/mscrobotics2425laptop42/RoboticsSystemsDesignProject/install/px100_control/lib/python3.10/site-packages/px100_control-0.0.0-py3.10.egg-info
running install_scripts
Installing px100_node script to /home/mscrobotics2425laptop42/RoboticsSystemsDesignProject/install/px100_control/lib/px100_control
writing list of installed files to '/home/mscrobotics2425laptop42/RoboticsSystemsDesignProject/build/px100_control/install.log'
