[0.085s] Invoking command in '/home/mscrobotics2425laptop42/RoboticsSystemsDesignProject/build/leo_teleop': CMAKE_PREFIX_PATH=${CMAKE_PREFIX_PATH}:/home/mscrobotics2425laptop42/RoboticsSystemsDesignProject/install/simulation_package:/home/mscrobotics2425laptop42/RoboticsSystemsDesignProject/install/sensors_package:/home/mscrobotics2425laptop42/RoboticsSystemsDesignProject/install/px100_control:/home/mscrobotics2425laptop42/RoboticsSystemsDesignProject/install/object_detect_package:/home/mscrobotics2425laptop42/RoboticsSystemsDesignProject/install/hardware_package:/home/mscrobotics2425laptop42/interbotix_ws/install/interbotix_xs_modules:/home/mscrobotics2425laptop42/interbotix_ws/install/interbotix_perception_modules:/home/mscrobotics2425laptop42/interbotix_ws/install/interbotix_common_modules:/opt/ros/humble /usr/bin/cmake --build /home/mscrobotics2425laptop42/RoboticsSystemsDesignProject/build/leo_teleop -- -j12 -l12
[1.156s] -- Found ament_cmake: 1.3.11 (/opt/ros/humble/share/ament_cmake/cmake)
[1.156s] -- Found ament_lint_auto: 0.12.11 (/opt/ros/humble/share/ament_lint_auto/cmake)
[1.156s] -- Added test 'lint_cmake' to check CMake code style
[1.156s] -- Added test 'xmllint' to check XML markup files
[1.157s] -- Configuring done
[1.157s] -- Generating done
[1.157s] -- Build files have been written to: /home/mscrobotics2425laptop42/RoboticsSystemsDesignProject/build/leo_teleop
[1.700s] Invoked command in '/home/mscrobotics2425laptop42/RoboticsSystemsDesignProject/build/leo_teleop' returned '0': CMAKE_PREFIX_PATH=${CMAKE_PREFIX_PATH}:/home/mscrobotics2425laptop42/RoboticsSystemsDesignProject/install/simulation_package:/home/mscrobotics2425laptop42/RoboticsSystemsDesignProject/install/sensors_package:/home/mscrobotics2425laptop42/RoboticsSystemsDesignProject/install/px100_control:/home/mscrobotics2425laptop42/RoboticsSystemsDesignProject/install/object_detect_package:/home/mscrobotics2425laptop42/RoboticsSystemsDesignProject/install/hardware_package:/home/mscrobotics2425laptop42/interbotix_ws/install/interbotix_xs_modules:/home/mscrobotics2425laptop42/interbotix_ws/install/interbotix_perception_modules:/home/mscrobotics2425laptop42/interbotix_ws/install/interbotix_common_modules:/opt/ros/humble /usr/bin/cmake --build /home/mscrobotics2425laptop42/RoboticsSystemsDesignProject/build/leo_teleop -- -j12 -l12
[1.729s] Invoking command in '/home/mscrobotics2425laptop42/RoboticsSystemsDesignProject/build/leo_teleop': CMAKE_PREFIX_PATH=${CMAKE_PREFIX_PATH}:/home/mscrobotics2425laptop42/RoboticsSystemsDesignProject/install/simulation_package:/home/mscrobotics2425laptop42/RoboticsSystemsDesignProject/install/sensors_package:/home/mscrobotics2425laptop42/RoboticsSystemsDesignProject/install/px100_control:/home/mscrobotics2425laptop42/RoboticsSystemsDesignProject/install/object_detect_package:/home/mscrobotics2425laptop42/RoboticsSystemsDesignProject/install/hardware_package:/home/mscrobotics2425laptop42/interbotix_ws/install/interbotix_xs_modules:/home/mscrobotics2425laptop42/interbotix_ws/install/interbotix_perception_modules:/home/mscrobotics2425laptop42/interbotix_ws/install/interbotix_common_modules:/opt/ros/humble /usr/bin/cmake --install /home/mscrobotics2425laptop42/RoboticsSystemsDesignProject/build/leo_teleop
[1.805s] -- Install configuration: ""
[1.805s] -- Up-to-date: /home/mscrobotics2425laptop42/RoboticsSystemsDesignProject/install/leo_teleop/share/leo_teleop/config
[1.806s] -- Installing: /home/mscrobotics2425laptop42/RoboticsSystemsDesignProject/install/leo_teleop/share/leo_teleop/config/joy_config.yaml
[1.806s] -- Up-to-date: /home/mscrobotics2425laptop42/RoboticsSystemsDesignProject/install/leo_teleop/share/leo_teleop/launch
[1.806s] -- Installing: /home/mscrobotics2425laptop42/RoboticsSystemsDesignProject/install/leo_teleop/share/leo_teleop/launch/joy_teleop.launch.xml
[1.806s] -- Installing: /home/mscrobotics2425laptop42/RoboticsSystemsDesignProject/install/leo_teleop/share/leo_teleop/launch/key_teleop.launch.xml
[1.806s] -- Up-to-date: /home/mscrobotics2425laptop42/RoboticsSystemsDesignProject/install/leo_teleop/share/ament_index/resource_index/package_run_dependencies/leo_teleop
[1.806s] -- Installing: /home/mscrobotics2425laptop42/RoboticsSystemsDesignProject/install/leo_teleop/share/ament_index/resource_index/parent_prefix_path/leo_teleop
[1.806s] -- Installing: /home/mscrobotics2425laptop42/RoboticsSystemsDesignProject/install/leo_teleop/share/leo_teleop/environment/ament_prefix_path.sh
[1.806s] -- Installing: /home/mscrobotics2425laptop42/RoboticsSystemsDesignProject/install/leo_teleop/share/leo_teleop/environment/ament_prefix_path.dsv
[1.806s] -- Installing: /home/mscrobotics2425laptop42/RoboticsSystemsDesignProject/install/leo_teleop/share/leo_teleop/environment/path.sh
[1.807s] -- Installing: /home/mscrobotics2425laptop42/RoboticsSystemsDesignProject/install/leo_teleop/share/leo_teleop/environment/path.dsv
[1.807s] -- Up-to-date: /home/mscrobotics2425laptop42/RoboticsSystemsDesignProject/install/leo_teleop/share/leo_teleop/local_setup.bash
[1.807s] -- Up-to-date: /home/mscrobotics2425laptop42/RoboticsSystemsDesignProject/install/leo_teleop/share/leo_teleop/local_setup.sh
[1.807s] -- Up-to-date: /home/mscrobotics2425laptop42/RoboticsSystemsDesignProject/install/leo_teleop/share/leo_teleop/local_setup.zsh
[1.807s] -- Installing: /home/mscrobotics2425laptop42/RoboticsSystemsDesignProject/install/leo_teleop/share/leo_teleop/local_setup.dsv
[1.807s] -- Installing: /home/mscrobotics2425laptop42/RoboticsSystemsDesignProject/install/leo_teleop/share/leo_teleop/package.dsv
[1.807s] -- Up-to-date: /home/mscrobotics2425laptop42/RoboticsSystemsDesignProject/install/leo_teleop/share/ament_index/resource_index/packages/leo_teleop
[1.807s] -- Up-to-date: /home/mscrobotics2425laptop42/RoboticsSystemsDesignProject/install/leo_teleop/share/leo_teleop/cmake/leo_teleopConfig.cmake
[1.807s] -- Up-to-date: /home/mscrobotics2425laptop42/RoboticsSystemsDesignProject/install/leo_teleop/share/leo_teleop/cmake/leo_teleopConfig-version.cmake
[1.808s] -- Installing: /home/mscrobotics2425laptop42/RoboticsSystemsDesignProject/install/leo_teleop/share/leo_teleop/package.xml
[1.830s] Invoked command in '/home/mscrobotics2425laptop42/RoboticsSystemsDesignProject/build/leo_teleop' returned '0': CMAKE_PREFIX_PATH=${CMAKE_PREFIX_PATH}:/home/mscrobotics2425laptop42/RoboticsSystemsDesignProject/install/simulation_package:/home/mscrobotics2425laptop42/RoboticsSystemsDesignProject/install/sensors_package:/home/mscrobotics2425laptop42/RoboticsSystemsDesignProject/install/px100_control:/home/mscrobotics2425laptop42/RoboticsSystemsDesignProject/install/object_detect_package:/home/mscrobotics2425laptop42/RoboticsSystemsDesignProject/install/hardware_package:/home/mscrobotics2425laptop42/interbotix_ws/install/interbotix_xs_modules:/home/mscrobotics2425laptop42/interbotix_ws/install/interbotix_perception_modules:/home/mscrobotics2425laptop42/interbotix_ws/install/interbotix_common_modules:/opt/ros/humble /usr/bin/cmake --install /home/mscrobotics2425laptop42/RoboticsSystemsDesignProject/build/leo_teleop
