running egg_info
creating ../../../build/object_detect_package/object_detect_package.egg-info
writing ../../../build/object_detect_package/object_detect_package.egg-info/PKG-INFO
writing dependency_links to ../../../build/object_detect_package/object_detect_package.egg-info/dependency_links.txt
writing entry points to ../../../build/object_detect_package/object_detect_package.egg-info/entry_points.txt
writing requirements to ../../../build/object_detect_package/object_detect_package.egg-info/requires.txt
writing top-level names to ../../../build/object_detect_package/object_detect_package.egg-info/top_level.txt
writing manifest file '../../../build/object_detect_package/object_detect_package.egg-info/SOURCES.txt'
reading manifest file '../../../build/object_detect_package/object_detect_package.egg-info/SOURCES.txt'
writing manifest file '../../../build/object_detect_package/object_detect_package.egg-info/SOURCES.txt'
running build
running build_py
creating /home/mscrobotics2425laptop42/RoboticsSystemsDesignProject/build/object_detect_package/build
creating /home/mscrobotics2425laptop42/RoboticsSystemsDesignProject/build/object_detect_package/build/lib
creating /home/mscrobotics2425laptop42/RoboticsSystemsDesignProject/build/object_detect_package/build/lib/object_detect_package
copying object_detect_package/__init__.py -> /home/mscrobotics2425laptop42/RoboticsSystemsDesignProject/build/object_detect_package/build/lib/object_detect_package
copying object_detect_package/image_subscriber.py -> /home/mscrobotics2425laptop42/RoboticsSystemsDesignProject/build/object_detect_package/build/lib/object_detect_package
running install
running install_lib
creating /home/mscrobotics2425laptop42/RoboticsSystemsDesignProject/install/object_detect_package/lib/python3.10/site-packages/object_detect_package
copying /home/mscrobotics2425laptop42/RoboticsSystemsDesignProject/build/object_detect_package/build/lib/object_detect_package/__init__.py -> /home/mscrobotics2425laptop42/RoboticsSystemsDesignProject/install/object_detect_package/lib/python3.10/site-packages/object_detect_package
copying /home/mscrobotics2425laptop42/RoboticsSystemsDesignProject/build/object_detect_package/build/lib/object_detect_package/image_subscriber.py -> /home/mscrobotics2425laptop42/RoboticsSystemsDesignProject/install/object_detect_package/lib/python3.10/site-packages/object_detect_package
byte-compiling /home/mscrobotics2425laptop42/RoboticsSystemsDesignProject/install/object_detect_package/lib/python3.10/site-packages/object_detect_package/__init__.py to __init__.cpython-310.pyc
byte-compiling /home/mscrobotics2425laptop42/RoboticsSystemsDesignProject/install/object_detect_package/lib/python3.10/site-packages/object_detect_package/image_subscriber.py to image_subscriber.cpython-310.pyc
running install_data
creating /home/mscrobotics2425laptop42/RoboticsSystemsDesignProject/install/object_detect_package/share/ament_index
creating /home/mscrobotics2425laptop42/RoboticsSystemsDesignProject/install/object_detect_package/share/ament_index/resource_index
creating /home/mscrobotics2425laptop42/RoboticsSystemsDesignProject/install/object_detect_package/share/ament_index/resource_index/packages
copying resource/object_detect_package -> /home/mscrobotics2425laptop42/RoboticsSystemsDesignProject/install/object_detect_package/share/ament_index/resource_index/packages
copying package.xml -> /home/mscrobotics2425laptop42/RoboticsSystemsDesignProject/install/object_detect_package/share/object_detect_package
running install_egg_info
Copying ../../../build/object_detect_package/object_detect_package.egg-info to /home/mscrobotics2425laptop42/RoboticsSystemsDesignProject/install/object_detect_package/lib/python3.10/site-packages/object_detect_package-0.0.0-py3.10.egg-info
running install_scripts
Installing image_subscriber script to /home/mscrobotics2425laptop42/RoboticsSystemsDesignProject/install/object_detect_package/lib/object_detect_package
writing list of installed files to '/home/mscrobotics2425laptop42/RoboticsSystemsDesignProject/build/object_detect_package/install.log'
