[1.881s] Invoking command in '/home/mscrobotics2425laptop42/RoboticsSystemsDesignProject/src/object_detection/object_detect_package': PYTHONPATH=/home/mscrobotics2425laptop42/RoboticsSystemsDesignProject/build/object_detect_package/prefix_override:/usr/lib/python3/dist-packages/colcon_core/task/python/colcon_distutils_commands:/home/mscrobotics2425laptop42/RoboticsSystemsDesignProject/install/object_detect_package/lib/python3.10/site-packages:${PYTHONPATH} /usr/bin/python3 -W ignore:setup.py install is deprecated -W ignore:easy_install command is deprecated setup.py egg_info --egg-base ../../../build/object_detect_package build --build-base /home/mscrobotics2425laptop42/RoboticsSystemsDesignProject/build/object_detect_package/build install --record /home/mscrobotics2425laptop42/RoboticsSystemsDesignProject/build/object_detect_package/install.log --single-version-externally-managed install_data
[2.207s] running egg_info
[2.208s] writing ../../../build/object_detect_package/object_detect_package.egg-info/PKG-INFO
[2.209s] writing dependency_links to ../../../build/object_detect_package/object_detect_package.egg-info/dependency_links.txt
[2.209s] writing entry points to ../../../build/object_detect_package/object_detect_package.egg-info/entry_points.txt
[2.209s] writing requirements to ../../../build/object_detect_package/object_detect_package.egg-info/requires.txt
[2.209s] writing top-level names to ../../../build/object_detect_package/object_detect_package.egg-info/top_level.txt
[2.212s] reading manifest file '../../../build/object_detect_package/object_detect_package.egg-info/SOURCES.txt'
[2.213s] writing manifest file '../../../build/object_detect_package/object_detect_package.egg-info/SOURCES.txt'
[2.214s] running build
[2.214s] running build_py
[2.214s] running install
[2.214s] running install_lib
[2.216s] running install_data
[2.216s] running install_egg_info
[2.218s] removing '/home/mscrobotics2425laptop42/RoboticsSystemsDesignProject/install/object_detect_package/lib/python3.10/site-packages/object_detect_package-0.0.0-py3.10.egg-info' (and everything under it)
[2.219s] Copying ../../../build/object_detect_package/object_detect_package.egg-info to /home/mscrobotics2425laptop42/RoboticsSystemsDesignProject/install/object_detect_package/lib/python3.10/site-packages/object_detect_package-0.0.0-py3.10.egg-info
[2.221s] running install_scripts
[2.243s] Installing image_subscriber script to /home/mscrobotics2425laptop42/RoboticsSystemsDesignProject/install/object_detect_package/lib/object_detect_package
[2.243s] writing list of installed files to '/home/mscrobotics2425laptop42/RoboticsSystemsDesignProject/build/object_detect_package/install.log'
[2.265s] Invoked command in '/home/mscrobotics2425laptop42/RoboticsSystemsDesignProject/src/object_detection/object_detect_package' returned '0': PYTHONPATH=/home/mscrobotics2425laptop42/RoboticsSystemsDesignProject/build/object_detect_package/prefix_override:/usr/lib/python3/dist-packages/colcon_core/task/python/colcon_distutils_commands:/home/mscrobotics2425laptop42/RoboticsSystemsDesignProject/install/object_detect_package/lib/python3.10/site-packages:${PYTHONPATH} /usr/bin/python3 -W ignore:setup.py install is deprecated -W ignore:easy_install command is deprecated setup.py egg_info --egg-base ../../../build/object_detect_package build --build-base /home/mscrobotics2425laptop42/RoboticsSystemsDesignProject/build/object_detect_package/build install --record /home/mscrobotics2425laptop42/RoboticsSystemsDesignProject/build/object_detect_package/install.log --single-version-externally-managed install_data
