/home/mscrobotics2425laptop42/RoboticsSystemsDesignProject/install/simulation_package/lib/python3.10/site-packages/simulation_package/__init__.py
/home/mscrobotics2425laptop42/RoboticsSystemsDesignProject/install/simulation_package/lib/python3.10/site-packages/simulation_package/__pycache__/__init__.cpython-310.pyc
/home/mscrobotics2425laptop42/RoboticsSystemsDesignProject/install/simulation_package/share/ament_index/resource_index/packages/simulation_package
/home/mscrobotics2425laptop42/RoboticsSystemsDesignProject/install/simulation_package/share/simulation_package/package.xml
/home/mscrobotics2425laptop42/RoboticsSystemsDesignProject/install/simulation_package/share/simulation_package/urdf/leo_rover.urdf.xacro
/home/mscrobotics2425laptop42/RoboticsSystemsDesignProject/install/simulation_package/share/simulation_package/meshes/Chassis_outline.stl
/home/mscrobotics2425laptop42/RoboticsSystemsDesignProject/install/simulation_package/share/simulation_package/meshes/Wheel_outline.stl
/home/mscrobotics2425laptop42/RoboticsSystemsDesignProject/install/simulation_package/share/simulation_package/meshes/Generic_100mm_lidar.stl
/home/mscrobotics2425laptop42/RoboticsSystemsDesignProject/install/simulation_package/share/simulation_package/meshes/Rocker_outline.stl
/home/mscrobotics2425laptop42/RoboticsSystemsDesignProject/install/simulation_package/share/simulation_package/meshes/Mecanum_wheel_outline.stl
/home/mscrobotics2425laptop42/RoboticsSystemsDesignProject/install/simulation_package/share/simulation_package/meshes/Rover_mounts_v1.stl
/home/mscrobotics2425laptop42/RoboticsSystemsDesignProject/install/simulation_package/share/simulation_package/meshes/Rocker.dae
/home/mscrobotics2425laptop42/RoboticsSystemsDesignProject/install/simulation_package/share/simulation_package/meshes/WheelMecanumB.dae
/home/mscrobotics2425laptop42/RoboticsSystemsDesignProject/install/simulation_package/share/simulation_package/meshes/Chassis.dae
/home/mscrobotics2425laptop42/RoboticsSystemsDesignProject/install/simulation_package/share/simulation_package/meshes/WheelB.dae
/home/mscrobotics2425laptop42/RoboticsSystemsDesignProject/install/simulation_package/share/simulation_package/meshes/WheelMecanumA.dae
/home/mscrobotics2425laptop42/RoboticsSystemsDesignProject/install/simulation_package/share/simulation_package/meshes/WheelA.dae
/home/mscrobotics2425laptop42/RoboticsSystemsDesignProject/install/simulation_package/share/simulation_package/meshes/Antenna.dae
/home/mscrobotics2425laptop42/RoboticsSystemsDesignProject/install/simulation_package/share/simulation_package/worlds/wall.dae
/home/mscrobotics2425laptop42/RoboticsSystemsDesignProject/install/simulation_package/share/simulation_package/worlds/hexagon.dae
/home/mscrobotics2425laptop42/RoboticsSystemsDesignProject/install/simulation_package/share/simulation_package/worlds/model.sdf
/home/mscrobotics2425laptop42/RoboticsSystemsDesignProject/install/simulation_package/share/simulation_package/worlds/tb3.sdf
/home/mscrobotics2425laptop42/RoboticsSystemsDesignProject/install/simulation_package/share/simulation_package/launch/run_simulation.launch.py
/home/mscrobotics2425laptop42/RoboticsSystemsDesignProject/install/simulation_package/share/simulation_package/launch/nav.launch.py
/home/mscrobotics2425laptop42/RoboticsSystemsDesignProject/install/simulation_package/share/simulation_package/launch/simulation_bringup.launch.py
/home/mscrobotics2425laptop42/RoboticsSystemsDesignProject/install/simulation_package/share/simulation_package/launch/slam.launch.py
/home/mscrobotics2425laptop42/RoboticsSystemsDesignProject/install/simulation_package/share/simulation_package/config/ekf_node.yaml
/home/mscrobotics2425laptop42/RoboticsSystemsDesignProject/install/simulation_package/share/simulation_package/config/explore.yaml
/home/mscrobotics2425laptop42/RoboticsSystemsDesignProject/install/simulation_package/share/simulation_package/config/diff_drive_control.yaml
/home/mscrobotics2425laptop42/RoboticsSystemsDesignProject/install/simulation_package/share/simulation_package/config/bt_nav.yaml
/home/mscrobotics2425laptop42/RoboticsSystemsDesignProject/install/simulation_package/share/simulation_package/config/controller.yaml
/home/mscrobotics2425laptop42/RoboticsSystemsDesignProject/install/simulation_package/share/simulation_package/config/planner.yaml
/home/mscrobotics2425laptop42/RoboticsSystemsDesignProject/install/simulation_package/share/simulation_package/maps
/home/mscrobotics2425laptop42/RoboticsSystemsDesignProject/install/simulation_package/share/simulation_package/rviz/view_model.rviz
/home/mscrobotics2425laptop42/RoboticsSystemsDesignProject/install/simulation_package/share/simulation_package/rviz/nav2.rviz
/home/mscrobotics2425laptop42/RoboticsSystemsDesignProject/install/simulation_package/share/simulation_package/rviz/slam.rviz
/home/mscrobotics2425laptop42/RoboticsSystemsDesignProject/install/simulation_package/share/simulation_package/behaviour/nav_tree.xml
/home/mscrobotics2425laptop42/RoboticsSystemsDesignProject/install/simulation_package/share/simulation_package/behaviour/bt_simple_nav.xml
/home/mscrobotics2425laptop42/RoboticsSystemsDesignProject/install/simulation_package/share/simulation_package/behaviour/nav_to_pose.xml
/home/mscrobotics2425laptop42/RoboticsSystemsDesignProject/install/simulation_package/lib/python3.10/site-packages/simulation_package-0.0.0-py3.10.egg-info/top_level.txt
/home/mscrobotics2425laptop42/RoboticsSystemsDesignProject/install/simulation_package/lib/python3.10/site-packages/simulation_package-0.0.0-py3.10.egg-info/entry_points.txt
/home/mscrobotics2425laptop42/RoboticsSystemsDesignProject/install/simulation_package/lib/python3.10/site-packages/simulation_package-0.0.0-py3.10.egg-info/requires.txt
/home/mscrobotics2425laptop42/RoboticsSystemsDesignProject/install/simulation_package/lib/python3.10/site-packages/simulation_package-0.0.0-py3.10.egg-info/zip-safe
/home/mscrobotics2425laptop42/RoboticsSystemsDesignProject/install/simulation_package/lib/python3.10/site-packages/simulation_package-0.0.0-py3.10.egg-info/dependency_links.txt
/home/mscrobotics2425laptop42/RoboticsSystemsDesignProject/install/simulation_package/lib/python3.10/site-packages/simulation_package-0.0.0-py3.10.egg-info/PKG-INFO
/home/mscrobotics2425laptop42/RoboticsSystemsDesignProject/install/simulation_package/lib/python3.10/site-packages/simulation_package-0.0.0-py3.10.egg-info/SOURCES.txt
