[0.062s] Invoking command in '/home/mscrobotics2425laptop42/RoboticsSystemsDesignProject/build/leo_description': CMAKE_PREFIX_PATH=${CMAKE_PREFIX_PATH}:/home/mscrobotics2425laptop42/interbotix_ws/install/interbotix_xs_modules:/home/mscrobotics2425laptop42/interbotix_ws/install/interbotix_perception_modules:/home/mscrobotics2425laptop42/interbotix_ws/install/interbotix_common_modules:/opt/ros/humble /usr/bin/cmake /home/mscrobotics2425laptop42/RoboticsSystemsDesignProject/src/leo_common-ros2-humble/leo_description -DCMAKE_INSTALL_PREFIX=/home/mscrobotics2425laptop42/RoboticsSystemsDesignProject/install/leo_description
[1.043s] -- The C compiler identification is GNU 11.4.0
[1.043s] -- The CXX compiler identification is GNU 11.4.0
[1.043s] -- Detecting C compiler ABI info
[1.043s] -- Detecting C compiler ABI info - done
[1.043s] -- Check for working C compiler: /usr/bin/cc - skipped
[1.043s] -- Detecting C compile features
[1.043s] -- Detecting C compile features - done
[1.043s] -- Detecting CXX compiler ABI info
[1.043s] -- Detecting CXX compiler ABI info - done
[1.043s] -- Check for working CXX compiler: /usr/bin/c++ - skipped
[1.043s] -- Detecting CXX compile features
[1.043s] -- Detecting CXX compile features - done
[1.043s] -- Found ament_cmake: 1.3.11 (/opt/ros/humble/share/ament_cmake/cmake)
[1.043s] -- Found Python3: /usr/bin/python3 (found version "3.10.12") found components: Interpreter 
[1.043s] -- Found ament_lint_auto: 0.12.11 (/opt/ros/humble/share/ament_lint_auto/cmake)
[1.043s] -- Added test 'lint_cmake' to check CMake code style
[1.043s] -- Added test 'xmllint' to check XML markup files
[1.043s] -- Configuring done
[1.043s] -- Generating done
[1.043s] -- Build files have been written to: /home/mscrobotics2425laptop42/RoboticsSystemsDesignProject/build/leo_description
[1.298s] Invoked command in '/home/mscrobotics2425laptop42/RoboticsSystemsDesignProject/build/leo_description' returned '0': CMAKE_PREFIX_PATH=${CMAKE_PREFIX_PATH}:/home/mscrobotics2425laptop42/interbotix_ws/install/interbotix_xs_modules:/home/mscrobotics2425laptop42/interbotix_ws/install/interbotix_perception_modules:/home/mscrobotics2425laptop42/interbotix_ws/install/interbotix_common_modules:/opt/ros/humble /usr/bin/cmake /home/mscrobotics2425laptop42/RoboticsSystemsDesignProject/src/leo_common-ros2-humble/leo_description -DCMAKE_INSTALL_PREFIX=/home/mscrobotics2425laptop42/RoboticsSystemsDesignProject/install/leo_description
[1.301s] Invoking command in '/home/mscrobotics2425laptop42/RoboticsSystemsDesignProject/build/leo_description': CMAKE_PREFIX_PATH=${CMAKE_PREFIX_PATH}:/home/mscrobotics2425laptop42/interbotix_ws/install/interbotix_xs_modules:/home/mscrobotics2425laptop42/interbotix_ws/install/interbotix_perception_modules:/home/mscrobotics2425laptop42/interbotix_ws/install/interbotix_common_modules:/opt/ros/humble /usr/bin/cmake --build /home/mscrobotics2425laptop42/RoboticsSystemsDesignProject/build/leo_description -- -j12 -l12
[1.371s] Invoked command in '/home/mscrobotics2425laptop42/RoboticsSystemsDesignProject/build/leo_description' returned '0': CMAKE_PREFIX_PATH=${CMAKE_PREFIX_PATH}:/home/mscrobotics2425laptop42/interbotix_ws/install/interbotix_xs_modules:/home/mscrobotics2425laptop42/interbotix_ws/install/interbotix_perception_modules:/home/mscrobotics2425laptop42/interbotix_ws/install/interbotix_common_modules:/opt/ros/humble /usr/bin/cmake --build /home/mscrobotics2425laptop42/RoboticsSystemsDesignProject/build/leo_description -- -j12 -l12
[1.373s] Invoking command in '/home/mscrobotics2425laptop42/RoboticsSystemsDesignProject/build/leo_description': CMAKE_PREFIX_PATH=${CMAKE_PREFIX_PATH}:/home/mscrobotics2425laptop42/interbotix_ws/install/interbotix_xs_modules:/home/mscrobotics2425laptop42/interbotix_ws/install/interbotix_perception_modules:/home/mscrobotics2425laptop42/interbotix_ws/install/interbotix_common_modules:/opt/ros/humble /usr/bin/cmake --install /home/mscrobotics2425laptop42/RoboticsSystemsDesignProject/build/leo_description
[1.392s] -- Install configuration: ""
[1.392s] -- Installing: /home/mscrobotics2425laptop42/RoboticsSystemsDesignProject/install/leo_description/share/leo_description/launch
[1.392s] -- Installing: /home/mscrobotics2425laptop42/RoboticsSystemsDesignProject/install/leo_description/share/leo_description/launch/state_publisher.launch.xml
[1.392s] -- Installing: /home/mscrobotics2425laptop42/RoboticsSystemsDesignProject/install/leo_description/share/leo_description/models
[1.392s] -- Installing: /home/mscrobotics2425laptop42/RoboticsSystemsDesignProject/install/leo_description/share/leo_description/models/Chassis_outline.stl
[1.393s] -- Installing: /home/mscrobotics2425laptop42/RoboticsSystemsDesignProject/install/leo_description/share/leo_description/models/Wheel_outline.stl
[1.393s] -- Installing: /home/mscrobotics2425laptop42/RoboticsSystemsDesignProject/install/leo_description/share/leo_description/models/Rocker.dae
[1.396s] -- Installing: /home/mscrobotics2425laptop42/RoboticsSystemsDesignProject/install/leo_description/share/leo_description/models/WheelMecanumB.dae
[1.408s] -- Installing: /home/mscrobotics2425laptop42/RoboticsSystemsDesignProject/install/leo_description/share/leo_description/models/Chassis.dae
[1.497s] -- Installing: /home/mscrobotics2425laptop42/RoboticsSystemsDesignProject/install/leo_description/share/leo_description/models/WheelB.dae
[1.500s] -- Installing: /home/mscrobotics2425laptop42/RoboticsSystemsDesignProject/install/leo_description/share/leo_description/models/WheelMecanumA.dae
[1.510s] -- Installing: /home/mscrobotics2425laptop42/RoboticsSystemsDesignProject/install/leo_description/share/leo_description/models/WheelA.dae
[1.513s] -- Installing: /home/mscrobotics2425laptop42/RoboticsSystemsDesignProject/install/leo_description/share/leo_description/models/Antenna.dae
[1.515s] -- Installing: /home/mscrobotics2425laptop42/RoboticsSystemsDesignProject/install/leo_description/share/leo_description/models/Rocker_outline.stl
[1.515s] -- Installing: /home/mscrobotics2425laptop42/RoboticsSystemsDesignProject/install/leo_description/share/leo_description/models/Mecanum_wheel_outline.stl
[1.516s] -- Installing: /home/mscrobotics2425laptop42/RoboticsSystemsDesignProject/install/leo_description/share/leo_description/urdf
[1.516s] -- Installing: /home/mscrobotics2425laptop42/RoboticsSystemsDesignProject/install/leo_description/share/leo_description/urdf/leo_sim.urdf.xacro
[1.516s] -- Installing: /home/mscrobotics2425laptop42/RoboticsSystemsDesignProject/install/leo_description/share/leo_description/urdf/macros.xacro
[1.516s] -- Installing: /home/mscrobotics2425laptop42/RoboticsSystemsDesignProject/install/leo_description/share/leo_description/urdf/leo.urdf.xacro
[1.516s] -- Installing: /home/mscrobotics2425laptop42/RoboticsSystemsDesignProject/install/leo_description/share/leo_description/environment/gz_sim_resource_path.sh
[1.518s] -- Installing: /home/mscrobotics2425laptop42/RoboticsSystemsDesignProject/install/leo_description/share/leo_description/environment/gz_sim_resource_path.dsv
[1.518s] -- Installing: /home/mscrobotics2425laptop42/RoboticsSystemsDesignProject/install/leo_description/share/ament_index/resource_index/package_run_dependencies/leo_description
[1.518s] -- Installing: /home/mscrobotics2425laptop42/RoboticsSystemsDesignProject/install/leo_description/share/ament_index/resource_index/parent_prefix_path/leo_description
[1.518s] -- Installing: /home/mscrobotics2425laptop42/RoboticsSystemsDesignProject/install/leo_description/share/leo_description/environment/ament_prefix_path.sh
[1.518s] -- Installing: /home/mscrobotics2425laptop42/RoboticsSystemsDesignProject/install/leo_description/share/leo_description/environment/ament_prefix_path.dsv
[1.518s] -- Installing: /home/mscrobotics2425laptop42/RoboticsSystemsDesignProject/install/leo_description/share/leo_description/environment/path.sh
[1.520s] -- Installing: /home/mscrobotics2425laptop42/RoboticsSystemsDesignProject/install/leo_description/share/leo_description/environment/path.dsv
[1.521s] -- Installing: /home/mscrobotics2425laptop42/RoboticsSystemsDesignProject/install/leo_description/share/leo_description/local_setup.bash
[1.521s] -- Installing: /home/mscrobotics2425laptop42/RoboticsSystemsDesignProject/install/leo_description/share/leo_description/local_setup.sh
[1.521s] -- Installing: /home/mscrobotics2425laptop42/RoboticsSystemsDesignProject/install/leo_description/share/leo_description/local_setup.zsh
[1.522s] -- Installing: /home/mscrobotics2425laptop42/RoboticsSystemsDesignProject/install/leo_description/share/leo_description/local_setup.dsv
[1.522s] -- Installing: /home/mscrobotics2425laptop42/RoboticsSystemsDesignProject/install/leo_description/share/leo_description/package.dsv
[1.522s] -- Installing: /home/mscrobotics2425laptop42/RoboticsSystemsDesignProject/install/leo_description/share/ament_index/resource_index/packages/leo_description
[1.523s] -- Installing: /home/mscrobotics2425laptop42/RoboticsSystemsDesignProject/install/leo_description/share/leo_description/cmake/leo_descriptionConfig.cmake
[1.523s] -- Installing: /home/mscrobotics2425laptop42/RoboticsSystemsDesignProject/install/leo_description/share/leo_description/cmake/leo_descriptionConfig-version.cmake
[1.523s] -- Installing: /home/mscrobotics2425laptop42/RoboticsSystemsDesignProject/install/leo_description/share/leo_description/package.xml
[1.525s] Invoked command in '/home/mscrobotics2425laptop42/RoboticsSystemsDesignProject/build/leo_description' returned '0': CMAKE_PREFIX_PATH=${CMAKE_PREFIX_PATH}:/home/mscrobotics2425laptop42/interbotix_ws/install/interbotix_xs_modules:/home/mscrobotics2425laptop42/interbotix_ws/install/interbotix_perception_modules:/home/mscrobotics2425laptop42/interbotix_ws/install/interbotix_common_modules:/opt/ros/humble /usr/bin/cmake --install /home/mscrobotics2425laptop42/RoboticsSystemsDesignProject/build/leo_description
