[2.766s] Invoking command in '/home/mscrobotics2425laptop42/RoboticsSystemsDesignProject/src/hardware_package': PYTHONPATH=/home/mscrobotics2425laptop42/RoboticsSystemsDesignProject/build/hardware_package/prefix_override:/usr/lib/python3/dist-packages/colcon_core/task/python/colcon_distutils_commands:/home/mscrobotics2425laptop42/RoboticsSystemsDesignProject/install/hardware_package/lib/python3.10/site-packages:${PYTHONPATH} /usr/bin/python3 -W ignore:setup.py install is deprecated -W ignore:easy_install command is deprecated setup.py egg_info --egg-base ../../build/hardware_package build --build-base /home/mscrobotics2425laptop42/RoboticsSystemsDesignProject/build/hardware_package/build install --record /home/mscrobotics2425laptop42/RoboticsSystemsDesignProject/build/hardware_package/install.log --single-version-externally-managed install_data
[3.164s] running egg_info
[3.165s] writing ../../build/hardware_package/hardware_package.egg-info/PKG-INFO
[3.165s] writing dependency_links to ../../build/hardware_package/hardware_package.egg-info/dependency_links.txt
[3.165s] writing entry points to ../../build/hardware_package/hardware_package.egg-info/entry_points.txt
[3.165s] writing requirements to ../../build/hardware_package/hardware_package.egg-info/requires.txt
[3.165s] writing top-level names to ../../build/hardware_package/hardware_package.egg-info/top_level.txt
[3.167s] reading manifest file '../../build/hardware_package/hardware_package.egg-info/SOURCES.txt'
[3.168s] writing manifest file '../../build/hardware_package/hardware_package.egg-info/SOURCES.txt'
[3.168s] running build
[3.168s] running build_py
[3.168s] running install
[3.168s] running install_lib
[3.169s] running install_data
[3.170s] running install_egg_info
[3.172s] removing '/home/mscrobotics2425laptop42/RoboticsSystemsDesignProject/install/hardware_package/lib/python3.10/site-packages/hardware_package-0.0.0-py3.10.egg-info' (and everything under it)
[3.172s] Copying ../../build/hardware_package/hardware_package.egg-info to /home/mscrobotics2425laptop42/RoboticsSystemsDesignProject/install/hardware_package/lib/python3.10/site-packages/hardware_package-0.0.0-py3.10.egg-info
[3.172s] running install_scripts
[3.190s] Installing lidar_node script to /home/mscrobotics2425laptop42/RoboticsSystemsDesignProject/install/hardware_package/lib/hardware_package
[3.191s] writing list of installed files to '/home/mscrobotics2425laptop42/RoboticsSystemsDesignProject/build/hardware_package/install.log'
[3.253s] Invoked command in '/home/mscrobotics2425laptop42/RoboticsSystemsDesignProject/src/hardware_package' returned '0': PYTHONPATH=/home/mscrobotics2425laptop42/RoboticsSystemsDesignProject/build/hardware_package/prefix_override:/usr/lib/python3/dist-packages/colcon_core/task/python/colcon_distutils_commands:/home/mscrobotics2425laptop42/RoboticsSystemsDesignProject/install/hardware_package/lib/python3.10/site-packages:${PYTHONPATH} /usr/bin/python3 -W ignore:setup.py install is deprecated -W ignore:easy_install command is deprecated setup.py egg_info --egg-base ../../build/hardware_package build --build-base /home/mscrobotics2425laptop42/RoboticsSystemsDesignProject/build/hardware_package/build install --record /home/mscrobotics2425laptop42/RoboticsSystemsDesignProject/build/hardware_package/install.log --single-version-externally-managed install_data
