[1.697s] Invoking command in '/home/mscrobotics2425laptop42/RoboticsSystemsDesignProject/src/sensors_package': PYTHONPATH=/home/mscrobotics2425laptop42/RoboticsSystemsDesignProject/build/sensors_package/prefix_override:/usr/lib/python3/dist-packages/colcon_core/task/python/colcon_distutils_commands:/home/mscrobotics2425laptop42/RoboticsSystemsDesignProject/install/sensors_package/lib/python3.10/site-packages:${PYTHONPATH} /usr/bin/python3 -W ignore:setup.py install is deprecated -W ignore:easy_install command is deprecated setup.py egg_info --egg-base ../../build/sensors_package build --build-base /home/mscrobotics2425laptop42/RoboticsSystemsDesignProject/build/sensors_package/build install --record /home/mscrobotics2425laptop42/RoboticsSystemsDesignProject/build/sensors_package/install.log --single-version-externally-managed install_data
[2.000s] running egg_info
[2.001s] writing ../../build/sensors_package/sensors_package.egg-info/PKG-INFO
[2.001s] writing dependency_links to ../../build/sensors_package/sensors_package.egg-info/dependency_links.txt
[2.002s] writing entry points to ../../build/sensors_package/sensors_package.egg-info/entry_points.txt
[2.002s] writing requirements to ../../build/sensors_package/sensors_package.egg-info/requires.txt
[2.002s] writing top-level names to ../../build/sensors_package/sensors_package.egg-info/top_level.txt
[2.005s] reading manifest file '../../build/sensors_package/sensors_package.egg-info/SOURCES.txt'
[2.006s] writing manifest file '../../build/sensors_package/sensors_package.egg-info/SOURCES.txt'
[2.006s] running build
[2.006s] running build_py
[2.007s] running install
[2.007s] running install_lib
[2.009s] running install_data
[2.009s] running install_egg_info
[2.014s] removing '/home/mscrobotics2425laptop42/RoboticsSystemsDesignProject/install/sensors_package/lib/python3.10/site-packages/sensors_package-0.0.0-py3.10.egg-info' (and everything under it)
[2.016s] Copying ../../build/sensors_package/sensors_package.egg-info to /home/mscrobotics2425laptop42/RoboticsSystemsDesignProject/install/sensors_package/lib/python3.10/site-packages/sensors_package-0.0.0-py3.10.egg-info
[2.016s] running install_scripts
[2.052s] Installing camera_code script to /home/mscrobotics2425laptop42/RoboticsSystemsDesignProject/install/sensors_package/lib/sensors_package
[2.053s] Installing lidar_code script to /home/mscrobotics2425laptop42/RoboticsSystemsDesignProject/install/sensors_package/lib/sensors_package
[2.053s] writing list of installed files to '/home/mscrobotics2425laptop42/RoboticsSystemsDesignProject/build/sensors_package/install.log'
[2.126s] Invoked command in '/home/mscrobotics2425laptop42/RoboticsSystemsDesignProject/src/sensors_package' returned '0': PYTHONPATH=/home/mscrobotics2425laptop42/RoboticsSystemsDesignProject/build/sensors_package/prefix_override:/usr/lib/python3/dist-packages/colcon_core/task/python/colcon_distutils_commands:/home/mscrobotics2425laptop42/RoboticsSystemsDesignProject/install/sensors_package/lib/python3.10/site-packages:${PYTHONPATH} /usr/bin/python3 -W ignore:setup.py install is deprecated -W ignore:easy_install command is deprecated setup.py egg_info --egg-base ../../build/sensors_package build --build-base /home/mscrobotics2425laptop42/RoboticsSystemsDesignProject/build/sensors_package/build install --record /home/mscrobotics2425laptop42/RoboticsSystemsDesignProject/build/sensors_package/install.log --single-version-externally-managed install_data
