running egg_info
creating ../../build/px100_control/px100_control.egg-info
writing ../../build/px100_control/px100_control.egg-info/PKG-INFO
writing dependency_links to ../../build/px100_control/px100_control.egg-info/dependency_links.txt
writing entry points to ../../build/px100_control/px100_control.egg-info/entry_points.txt
writing requirements to ../../build/px100_control/px100_control.egg-info/requires.txt
writing top-level names to ../../build/px100_control/px100_control.egg-info/top_level.txt
writing manifest file '../../build/px100_control/px100_control.egg-info/SOURCES.txt'
reading manifest file '../../build/px100_control/px100_control.egg-info/SOURCES.txt'
writing manifest file '../../build/px100_control/px100_control.egg-info/SOURCES.txt'
running build
running build_py
creating /home/mscrobotics2425laptop42/RoboticsSystemsDesignProject/build/px100_control/build
creating /home/mscrobotics2425laptop42/RoboticsSystemsDesignProject/build/px100_control/build/lib
creating /home/mscrobotics2425laptop42/RoboticsSystemsDesignProject/build/px100_control/build/lib/px100_control
copying px100_control/__init__.py -> /home/mscrobotics2425laptop42/RoboticsSystemsDesignProject/build/px100_control/build/lib/px100_control
copying px100_control/px100_node.py -> /home/mscrobotics2425laptop42/RoboticsSystemsDesignProject/build/px100_control/build/lib/px100_control
running install
running install_lib
creating /home/mscrobotics2425laptop42/RoboticsSystemsDesignProject/install/px100_control/lib/python3.10/site-packages/px100_control
copying /home/mscrobotics2425laptop42/RoboticsSystemsDesignProject/build/px100_control/build/lib/px100_control/__init__.py -> /home/mscrobotics2425laptop42/RoboticsSystemsDesignProject/install/px100_control/lib/python3.10/site-packages/px100_control
copying /home/mscrobotics2425laptop42/RoboticsSystemsDesignProject/build/px100_control/build/lib/px100_control/px100_node.py -> /home/mscrobotics2425laptop42/RoboticsSystemsDesignProject/install/px100_control/lib/python3.10/site-packages/px100_control
byte-compiling /home/mscrobotics2425laptop42/RoboticsSystemsDesignProject/install/px100_control/lib/python3.10/site-packages/px100_control/__init__.py to __init__.cpython-310.pyc
byte-compiling /home/mscrobotics2425laptop42/RoboticsSystemsDesignProject/install/px100_control/lib/python3.10/site-packages/px100_control/px100_node.py to px100_node.cpython-310.pyc
running install_data
creating /home/mscrobotics2425laptop42/RoboticsSystemsDesignProject/install/px100_control/share/ament_index
creating /home/mscrobotics2425laptop42/RoboticsSystemsDesignProject/install/px100_control/share/ament_index/resource_index
creating /home/mscrobotics2425laptop42/RoboticsSystemsDesignProject/install/px100_control/share/ament_index/resource_index/packages
