[2.954s] Invoking command in '/home/mscrobotics2425laptop42/RoboticsSystemsDesignProject/src/px100_control': PYTHONPATH=/home/mscrobotics2425laptop42/RoboticsSystemsDesignProject/build/px100_control/prefix_override:/usr/lib/python3/dist-packages/colcon_core/task/python/colcon_distutils_commands:/home/mscrobotics2425laptop42/RoboticsSystemsDesignProject/install/px100_control/lib/python3.10/site-packages:${PYTHONPATH} /usr/bin/python3 -W ignore:setup.py install is deprecated -W ignore:easy_install command is deprecated setup.py egg_info --egg-base ../../build/px100_control build --build-base /home/mscrobotics2425laptop42/RoboticsSystemsDesignProject/build/px100_control/build install --record /home/mscrobotics2425laptop42/RoboticsSystemsDesignProject/build/px100_control/install.log --single-version-externally-managed install_data
[3.192s] running egg_info
[3.192s] writing ../../build/px100_control/px100_control.egg-info/PKG-INFO
[3.192s] writing dependency_links to ../../build/px100_control/px100_control.egg-info/dependency_links.txt
[3.193s] writing entry points to ../../build/px100_control/px100_control.egg-info/entry_points.txt
[3.193s] writing requirements to ../../build/px100_control/px100_control.egg-info/requires.txt
[3.193s] writing top-level names to ../../build/px100_control/px100_control.egg-info/top_level.txt
[3.195s] reading manifest file '../../build/px100_control/px100_control.egg-info/SOURCES.txt'
[3.196s] writing manifest file '../../build/px100_control/px100_control.egg-info/SOURCES.txt'
[3.196s] running build
[3.196s] running build_py
[3.196s] running install
[3.196s] running install_lib
[3.197s] running install_data
[3.197s] copying resource/px100_control -> /home/mscrobotics2425laptop42/RoboticsSystemsDesignProject/install/px100_control/share/ament_index/resource_index/packages
[3.197s] copying package.xml -> /home/mscrobotics2425laptop42/RoboticsSystemsDesignProject/install/px100_control/share/px100_control
[3.198s] running install_egg_info
[3.199s] Copying ../../build/px100_control/px100_control.egg-info to /home/mscrobotics2425laptop42/RoboticsSystemsDesignProject/install/px100_control/lib/python3.10/site-packages/px100_control-0.0.0-py3.10.egg-info
[3.199s] running install_scripts
[3.219s] Installing px100_node script to /home/mscrobotics2425laptop42/RoboticsSystemsDesignProject/install/px100_control/lib/px100_control
[3.219s] writing list of installed files to '/home/mscrobotics2425laptop42/RoboticsSystemsDesignProject/build/px100_control/install.log'
[3.242s] Invoked command in '/home/mscrobotics2425laptop42/RoboticsSystemsDesignProject/src/px100_control' returned '0': PYTHONPATH=/home/mscrobotics2425laptop42/RoboticsSystemsDesignProject/build/px100_control/prefix_override:/usr/lib/python3/dist-packages/colcon_core/task/python/colcon_distutils_commands:/home/mscrobotics2425laptop42/RoboticsSystemsDesignProject/install/px100_control/lib/python3.10/site-packages:${PYTHONPATH} /usr/bin/python3 -W ignore:setup.py install is deprecated -W ignore:easy_install command is deprecated setup.py egg_info --egg-base ../../build/px100_control build --build-base /home/mscrobotics2425laptop42/RoboticsSystemsDesignProject/build/px100_control/build install --record /home/mscrobotics2425laptop42/RoboticsSystemsDesignProject/build/px100_control/install.log --single-version-externally-managed install_data
