[2.825s] Invoking command in '/home/mscrobotics2425laptop42/RoboticsSystemsDesignProject/src/object_detection/object_detect_package': PYTHONPATH=/home/mscrobotics2425laptop42/RoboticsSystemsDesignProject/build/object_detect_package/prefix_override:/usr/lib/python3/dist-packages/colcon_core/task/python/colcon_distutils_commands:/home/mscrobotics2425laptop42/RoboticsSystemsDesignProject/install/object_detect_package/lib/python3.10/site-packages:${PYTHONPATH} /usr/bin/python3 -W ignore:setup.py install is deprecated -W ignore:easy_install command is deprecated setup.py egg_info --egg-base ../../../build/object_detect_package build --build-base /home/mscrobotics2425laptop42/RoboticsSystemsDesignProject/build/object_detect_package/build install --record /home/mscrobotics2425laptop42/RoboticsSystemsDesignProject/build/object_detect_package/install.log --single-version-externally-managed install_data
[3.216s] running egg_info
[3.217s] writing ../../../build/object_detect_package/object_detect_package.egg-info/PKG-INFO
[3.217s] writing dependency_links to ../../../build/object_detect_package/object_detect_package.egg-info/dependency_links.txt
[3.217s] writing entry points to ../../../build/object_detect_package/object_detect_package.egg-info/entry_points.txt
[3.218s] writing requirements to ../../../build/object_detect_package/object_detect_package.egg-info/requires.txt
[3.218s] writing top-level names to ../../../build/object_detect_package/object_detect_package.egg-info/top_level.txt
[3.221s] reading manifest file '../../../build/object_detect_package/object_detect_package.egg-info/SOURCES.txt'
[3.223s] writing manifest file '../../../build/object_detect_package/object_detect_package.egg-info/SOURCES.txt'
[3.223s] running build
[3.223s] running build_py
[3.223s] running install
[3.224s] running install_lib
[3.226s] running install_data
[3.226s] running install_egg_info
[3.229s] removing '/home/mscrobotics2425laptop42/RoboticsSystemsDesignProject/install/object_detect_package/lib/python3.10/site-packages/object_detect_package-0.0.0-py3.10.egg-info' (and everything under it)
[3.229s] Copying ../../../build/object_detect_package/object_detect_package.egg-info to /home/mscrobotics2425laptop42/RoboticsSystemsDesignProject/install/object_detect_package/lib/python3.10/site-packages/object_detect_package-0.0.0-py3.10.egg-info
[3.231s] running install_scripts
[3.259s] Installing image_subscriber script to /home/mscrobotics2425laptop42/RoboticsSystemsDesignProject/install/object_detect_package/lib/object_detect_package
[3.259s] writing list of installed files to '/home/mscrobotics2425laptop42/RoboticsSystemsDesignProject/build/object_detect_package/install.log'
[3.331s] Invoked command in '/home/mscrobotics2425laptop42/RoboticsSystemsDesignProject/src/object_detection/object_detect_package' returned '0': PYTHONPATH=/home/mscrobotics2425laptop42/RoboticsSystemsDesignProject/build/object_detect_package/prefix_override:/usr/lib/python3/dist-packages/colcon_core/task/python/colcon_distutils_commands:/home/mscrobotics2425laptop42/RoboticsSystemsDesignProject/install/object_detect_package/lib/python3.10/site-packages:${PYTHONPATH} /usr/bin/python3 -W ignore:setup.py install is deprecated -W ignore:easy_install command is deprecated setup.py egg_info --egg-base ../../../build/object_detect_package build --build-base /home/mscrobotics2425laptop42/RoboticsSystemsDesignProject/build/object_detect_package/build install --record /home/mscrobotics2425laptop42/RoboticsSystemsDesignProject/build/object_detect_package/install.log --single-version-externally-managed install_data
