running egg_info
writing ../../../build/object_detect_package/object_detect_package.egg-info/PKG-INFO
writing dependency_links to ../../../build/object_detect_package/object_detect_package.egg-info/dependency_links.txt
writing entry points to ../../../build/object_detect_package/object_detect_package.egg-info/entry_points.txt
writing requirements to ../../../build/object_detect_package/object_detect_package.egg-info/requires.txt
writing top-level names to ../../../build/object_detect_package/object_detect_package.egg-info/top_level.txt
reading manifest file '../../../build/object_detect_package/object_detect_package.egg-info/SOURCES.txt'
writing manifest file '../../../build/object_detect_package/object_detect_package.egg-info/SOURCES.txt'
running build
running build_py
copying object_detect_package/image_subscriber.py -> /home/mscrobotics2425laptop42/RoboticsSystemsDesignProject/build/object_detect_package/build/lib/object_detect_package
running install
running install_lib
copying /home/mscrobotics2425laptop42/RoboticsSystemsDesignProject/build/object_detect_package/build/lib/object_detect_package/image_subscriber.py -> /home/mscrobotics2425laptop42/RoboticsSystemsDesignProject/install/object_detect_package/lib/python3.10/site-packages/object_detect_package
byte-compiling /home/mscrobotics2425laptop42/RoboticsSystemsDesignProject/install/object_detect_package/lib/python3.10/site-packages/object_detect_package/image_subscriber.py to image_subscriber.cpython-310.pyc
running install_data
running install_egg_info
removing '/home/mscrobotics2425laptop42/RoboticsSystemsDesignProject/install/object_detect_package/lib/python3.10/site-packages/object_detect_package-0.0.0-py3.10.egg-info' (and everything under it)
Copying ../../../build/object_detect_package/object_detect_package.egg-info to /home/mscrobotics2425laptop42/RoboticsSystemsDesignProject/install/object_detect_package/lib/python3.10/site-packages/object_detect_package-0.0.0-py3.10.egg-info
running install_scripts
Installing image_subscriber script to /home/mscrobotics2425laptop42/RoboticsSystemsDesignProject/install/object_detect_package/lib/object_detect_package
writing list of installed files to '/home/mscrobotics2425laptop42/RoboticsSystemsDesignProject/build/object_detect_package/install.log'
