[1.537s] Invoking command in '/home/mscrobotics2425laptop42/RoboticsSystemsDesignProject/src/object_detection/object_detect_package': PYTHONPATH=/home/mscrobotics2425laptop42/RoboticsSystemsDesignProject/build/object_detect_package/prefix_override:/usr/lib/python3/dist-packages/colcon_core/task/python/colcon_distutils_commands:/home/mscrobotics2425laptop42/RoboticsSystemsDesignProject/install/object_detect_package/lib/python3.10/site-packages:${PYTHONPATH} /usr/bin/python3 -W ignore:setup.py install is deprecated -W ignore:easy_install command is deprecated setup.py egg_info --egg-base ../../../build/object_detect_package build --build-base /home/mscrobotics2425laptop42/RoboticsSystemsDesignProject/build/object_detect_package/build install --record /home/mscrobotics2425laptop42/RoboticsSystemsDesignProject/build/object_detect_package/install.log --single-version-externally-managed install_data
[1.731s] running egg_info
[1.732s] writing ../../../build/object_detect_package/object_detect_package.egg-info/PKG-INFO
[1.732s] writing dependency_links to ../../../build/object_detect_package/object_detect_package.egg-info/dependency_links.txt
[1.734s] writing entry points to ../../../build/object_detect_package/object_detect_package.egg-info/entry_points.txt
[1.734s] writing requirements to ../../../build/object_detect_package/object_detect_package.egg-info/requires.txt
[1.734s] writing top-level names to ../../../build/object_detect_package/object_detect_package.egg-info/top_level.txt
[1.735s] reading manifest file '../../../build/object_detect_package/object_detect_package.egg-info/SOURCES.txt'
[1.736s] writing manifest file '../../../build/object_detect_package/object_detect_package.egg-info/SOURCES.txt'
[1.736s] running build
[1.737s] running build_py
[1.737s] copying object_detect_package/image_subscriber.py -> /home/mscrobotics2425laptop42/RoboticsSystemsDesignProject/build/object_detect_package/build/lib/object_detect_package
[1.737s] running install
[1.737s] running install_lib
[1.738s] copying /home/mscrobotics2425laptop42/RoboticsSystemsDesignProject/build/object_detect_package/build/lib/object_detect_package/image_subscriber.py -> /home/mscrobotics2425laptop42/RoboticsSystemsDesignProject/install/object_detect_package/lib/python3.10/site-packages/object_detect_package
[1.739s] byte-compiling /home/mscrobotics2425laptop42/RoboticsSystemsDesignProject/install/object_detect_package/lib/python3.10/site-packages/object_detect_package/image_subscriber.py to image_subscriber.cpython-310.pyc
[1.741s] running install_data
[1.741s] running install_egg_info
[1.743s] removing '/home/mscrobotics2425laptop42/RoboticsSystemsDesignProject/install/object_detect_package/lib/python3.10/site-packages/object_detect_package-0.0.0-py3.10.egg-info' (and everything under it)
[1.744s] Copying ../../../build/object_detect_package/object_detect_package.egg-info to /home/mscrobotics2425laptop42/RoboticsSystemsDesignProject/install/object_detect_package/lib/python3.10/site-packages/object_detect_package-0.0.0-py3.10.egg-info
[1.745s] running install_scripts
[1.773s] Installing image_subscriber script to /home/mscrobotics2425laptop42/RoboticsSystemsDesignProject/install/object_detect_package/lib/object_detect_package
[1.774s] writing list of installed files to '/home/mscrobotics2425laptop42/RoboticsSystemsDesignProject/build/object_detect_package/install.log'
[1.828s] Invoked command in '/home/mscrobotics2425laptop42/RoboticsSystemsDesignProject/src/object_detection/object_detect_package' returned '0': PYTHONPATH=/home/mscrobotics2425laptop42/RoboticsSystemsDesignProject/build/object_detect_package/prefix_override:/usr/lib/python3/dist-packages/colcon_core/task/python/colcon_distutils_commands:/home/mscrobotics2425laptop42/RoboticsSystemsDesignProject/install/object_detect_package/lib/python3.10/site-packages:${PYTHONPATH} /usr/bin/python3 -W ignore:setup.py install is deprecated -W ignore:easy_install command is deprecated setup.py egg_info --egg-base ../../../build/object_detect_package build --build-base /home/mscrobotics2425laptop42/RoboticsSystemsDesignProject/build/object_detect_package/build install --record /home/mscrobotics2425laptop42/RoboticsSystemsDesignProject/build/object_detect_package/install.log --single-version-externally-managed install_data
