[0.068s] Invoking command in '/home/mscrobotics2425laptop42/RoboticsSystemsDesignProject/build/leo_msgs': CMAKE_PREFIX_PATH=${CMAKE_PREFIX_PATH}:/home/mscrobotics2425laptop42/interbotix_ws/install/interbotix_xs_modules:/home/mscrobotics2425laptop42/interbotix_ws/install/interbotix_perception_modules:/home/mscrobotics2425laptop42/interbotix_ws/install/interbotix_common_modules:/opt/ros/humble /usr/bin/cmake --build /home/mscrobotics2425laptop42/RoboticsSystemsDesignProject/build/leo_msgs -- -j12 -l12
[1.633s] [  1%] [34m[1mGenerating C code for ROS interfaces[0m
[1.634s] [  3%] [34m[1mGenerating C++ code for ROS interfaces[0m
[1.634s] [  3%] Built target ament_cmake_python_copy_leo_msgs
[1.634s] running egg_info
[1.634s] creating leo_msgs.egg-info
[1.634s] writing leo_msgs.egg-info/PKG-INFO
[1.634s] writing dependency_links to leo_msgs.egg-info/dependency_links.txt
[1.634s] writing top-level names to leo_msgs.egg-info/top_level.txt
[1.634s] writing manifest file 'leo_msgs.egg-info/SOURCES.txt'
[1.634s] reading manifest file 'leo_msgs.egg-info/SOURCES.txt'
[1.635s] writing manifest file 'leo_msgs.egg-info/SOURCES.txt'
[1.635s] [  3%] Built target ament_cmake_python_build_leo_msgs_egg
[1.635s] [  6%] [32mBuilding C object CMakeFiles/leo_msgs__rosidl_generator_c.dir/rosidl_generator_c/leo_msgs/msg/detail/wheel_odom_mecanum__functions.c.o[0m
[1.635s] [  6%] [32mBuilding C object CMakeFiles/leo_msgs__rosidl_generator_c.dir/rosidl_generator_c/leo_msgs/srv/detail/set_imu_calibration__functions.c.o[0m
[1.635s] [  7%] [32mBuilding C object CMakeFiles/leo_msgs__rosidl_generator_c.dir/rosidl_generator_c/leo_msgs/msg/detail/imu__functions.c.o[0m
[1.635s] [  9%] [32mBuilding C object CMakeFiles/leo_msgs__rosidl_generator_c.dir/rosidl_generator_c/leo_msgs/msg/detail/wheel_odom__functions.c.o[0m
[1.635s] [ 11%] [32mBuilding C object CMakeFiles/leo_msgs__rosidl_generator_c.dir/rosidl_generator_c/leo_msgs/msg/detail/wheel_states__functions.c.o[0m
[1.635s] [ 12%] [32m[1mLinking C shared library libleo_msgs__rosidl_generator_c.so[0m
[1.635s] [ 12%] Built target leo_msgs__rosidl_generator_c
[1.636s] [ 17%] [34m[1mGenerating C introspection for ROS interfaces[0m
[1.636s] [ 17%] [34m[1mGenerating C type support dispatch for ROS interfaces[0m
[1.636s] [ 17%] [34m[1mGenerating C type support for eProsima Fast-RTPS[0m
[1.636s] [ 17%] Built target leo_msgs__cpp
[1.636s] [ 22%] [34m[1mGenerating C++ introspection for ROS interfaces[0m
[1.636s] [ 22%] [34m[1mGenerating C++ type support dispatch for ROS interfaces[0m
[1.636s] [ 22%] [34m[1mGenerating C++ type support for eProsima Fast-RTPS[0m
[1.636s] [ 23%] [32mBuilding CXX object CMakeFiles/leo_msgs__rosidl_typesupport_c.dir/rosidl_typesupport_c/leo_msgs/msg/imu__type_support.cpp.o[0m
[1.636s] [ 25%] [32mBuilding CXX object CMakeFiles/leo_msgs__rosidl_typesupport_c.dir/rosidl_typesupport_c/leo_msgs/msg/wheel_states__type_support.cpp.o[0m
[1.636s] [ 26%] [32mBuilding CXX object CMakeFiles/leo_msgs__rosidl_typesupport_c.dir/rosidl_typesupport_c/leo_msgs/srv/set_imu_calibration__type_support.cpp.o[0m
[1.640s] [ 28%] [32mBuilding CXX object CMakeFiles/leo_msgs__rosidl_typesupport_c.dir/rosidl_typesupport_c/leo_msgs/msg/wheel_odom__type_support.cpp.o[0m
[1.641s] [ 30%] [32mBuilding CXX object CMakeFiles/leo_msgs__rosidl_typesupport_c.dir/rosidl_typesupport_c/leo_msgs/msg/wheel_odom_mecanum__type_support.cpp.o[0m
[1.641s] [ 31%] [32m[1mLinking CXX shared library libleo_msgs__rosidl_typesupport_c.so[0m
[1.641s] [ 31%] Built target leo_msgs__rosidl_typesupport_c
[1.641s] [ 36%] [32mBuilding CXX object CMakeFiles/leo_msgs__rosidl_typesupport_cpp.dir/rosidl_typesupport_cpp/leo_msgs/msg/wheel_states__type_support.cpp.o[0m
[1.641s] [ 36%] [32mBuilding CXX object CMakeFiles/leo_msgs__rosidl_typesupport_cpp.dir/rosidl_typesupport_cpp/leo_msgs/srv/set_imu_calibration__type_support.cpp.o[0m
[1.641s] [ 36%] [32mBuilding C object CMakeFiles/leo_msgs__rosidl_typesupport_introspection_c.dir/rosidl_typesupport_introspection_c/leo_msgs/msg/detail/imu__type_support.c.o[0m
[1.641s] [ 38%] [32mBuilding CXX object CMakeFiles/leo_msgs__rosidl_typesupport_cpp.dir/rosidl_typesupport_cpp/leo_msgs/msg/wheel_odom_mecanum__type_support.cpp.o[0m
[1.641s] [ 39%] [32mBuilding CXX object CMakeFiles/leo_msgs__rosidl_typesupport_cpp.dir/rosidl_typesupport_cpp/leo_msgs/msg/wheel_odom__type_support.cpp.o[0m
[1.641s] [ 41%] [32mBuilding CXX object CMakeFiles/leo_msgs__rosidl_typesupport_cpp.dir/rosidl_typesupport_cpp/leo_msgs/msg/imu__type_support.cpp.o[0m
[1.649s] [ 42%] [32mBuilding C object CMakeFiles/leo_msgs__rosidl_typesupport_introspection_c.dir/rosidl_typesupport_introspection_c/leo_msgs/msg/detail/wheel_odom__type_support.c.o[0m
[1.649s] [ 44%] [32mBuilding C object CMakeFiles/leo_msgs__rosidl_typesupport_introspection_c.dir/rosidl_typesupport_introspection_c/leo_msgs/msg/detail/wheel_odom_mecanum__type_support.c.o[0m
[1.649s] [ 46%] [32mBuilding C object CMakeFiles/leo_msgs__rosidl_typesupport_introspection_c.dir/rosidl_typesupport_introspection_c/leo_msgs/msg/detail/wheel_states__type_support.c.o[0m
[1.649s] [ 47%] [32mBuilding CXX object CMakeFiles/leo_msgs__rosidl_typesupport_fastrtps_c.dir/rosidl_typesupport_fastrtps_c/leo_msgs/msg/detail/imu__type_support_c.cpp.o[0m
[1.650s] [ 49%] [32mBuilding CXX object CMakeFiles/leo_msgs__rosidl_typesupport_introspection_cpp.dir/rosidl_typesupport_introspection_cpp/leo_msgs/msg/detail/imu__type_support.cpp.o[0m
[1.658s] [ 50%] [32mBuilding CXX object CMakeFiles/leo_msgs__rosidl_typesupport_fastrtps_c.dir/rosidl_typesupport_fastrtps_c/leo_msgs/msg/detail/wheel_odom__type_support_c.cpp.o[0m
[1.658s] [ 52%] [32mBuilding CXX object CMakeFiles/leo_msgs__rosidl_typesupport_introspection_cpp.dir/rosidl_typesupport_introspection_cpp/leo_msgs/msg/detail/wheel_odom__type_support.cpp.o[0m
[1.659s] [ 53%] [32mBuilding C object CMakeFiles/leo_msgs__rosidl_typesupport_introspection_c.dir/rosidl_typesupport_introspection_c/leo_msgs/srv/detail/set_imu_calibration__type_support.c.o[0m
[1.660s] [ 55%] [32mBuilding CXX object CMakeFiles/leo_msgs__rosidl_typesupport_fastrtps_c.dir/rosidl_typesupport_fastrtps_c/leo_msgs/msg/detail/wheel_odom_mecanum__type_support_c.cpp.o[0m
[1.660s] [ 57%] [32m[1mLinking C shared library libleo_msgs__rosidl_typesupport_introspection_c.so[0m
[1.661s] [ 58%] [32mBuilding CXX object CMakeFiles/leo_msgs__rosidl_typesupport_fastrtps_cpp.dir/rosidl_typesupport_fastrtps_cpp/leo_msgs/msg/detail/dds_fastrtps/imu__type_support.cpp.o[0m
[1.661s] [ 58%] Built target leo_msgs__rosidl_typesupport_introspection_c
[1.661s] [ 60%] [32mBuilding CXX object CMakeFiles/leo_msgs__rosidl_typesupport_introspection_cpp.dir/rosidl_typesupport_introspection_cpp/leo_msgs/msg/detail/wheel_odom_mecanum__type_support.cpp.o[0m
[1.829s] [ 61%] [32mBuilding CXX object CMakeFiles/leo_msgs__rosidl_typesupport_introspection_cpp.dir/rosidl_typesupport_introspection_cpp/leo_msgs/msg/detail/wheel_states__type_support.cpp.o[0m
[1.875s] [ 63%] [32mBuilding CXX object CMakeFiles/leo_msgs__rosidl_typesupport_fastrtps_c.dir/rosidl_typesupport_fastrtps_c/leo_msgs/msg/detail/wheel_states__type_support_c.cpp.o[0m
[1.912s] [ 65%] [32mBuilding CXX object CMakeFiles/leo_msgs__rosidl_typesupport_fastrtps_cpp.dir/rosidl_typesupport_fastrtps_cpp/leo_msgs/msg/detail/dds_fastrtps/wheel_odom__type_support.cpp.o[0m
[1.922s] [ 66%] [32mBuilding CXX object CMakeFiles/leo_msgs__rosidl_typesupport_fastrtps_cpp.dir/rosidl_typesupport_fastrtps_cpp/leo_msgs/msg/detail/dds_fastrtps/wheel_odom_mecanum__type_support.cpp.o[0m
[1.972s] [ 68%] [32m[1mLinking CXX shared library libleo_msgs__rosidl_typesupport_cpp.so[0m
[2.065s] [ 69%] [32mBuilding CXX object CMakeFiles/leo_msgs__rosidl_typesupport_fastrtps_c.dir/rosidl_typesupport_fastrtps_c/leo_msgs/srv/detail/set_imu_calibration__type_support_c.cpp.o[0m
[2.109s] [ 69%] Built target leo_msgs__rosidl_typesupport_cpp
[2.136s] [ 71%] [32mBuilding CXX object CMakeFiles/leo_msgs__rosidl_typesupport_fastrtps_cpp.dir/rosidl_typesupport_fastrtps_cpp/leo_msgs/msg/detail/dds_fastrtps/wheel_states__type_support.cpp.o[0m
[2.145s] [ 73%] [32mBuilding CXX object CMakeFiles/leo_msgs__rosidl_typesupport_introspection_cpp.dir/rosidl_typesupport_introspection_cpp/leo_msgs/srv/detail/set_imu_calibration__type_support.cpp.o[0m
[2.180s] [ 74%] [32mBuilding CXX object CMakeFiles/leo_msgs__rosidl_typesupport_fastrtps_cpp.dir/rosidl_typesupport_fastrtps_cpp/leo_msgs/srv/detail/dds_fastrtps/set_imu_calibration__type_support.cpp.o[0m
[2.648s] [ 76%] [32m[1mLinking CXX shared library libleo_msgs__rosidl_typesupport_fastrtps_c.so[0m
[2.771s] [ 76%] Built target leo_msgs__rosidl_typesupport_fastrtps_c
[2.882s] [ 77%] [32m[1mLinking CXX shared library libleo_msgs__rosidl_typesupport_fastrtps_cpp.so[0m
[2.930s] [ 79%] [32m[1mLinking CXX shared library libleo_msgs__rosidl_typesupport_introspection_cpp.so[0m
[3.053s] [ 79%] Built target leo_msgs__rosidl_typesupport_fastrtps_cpp
[3.081s] [ 79%] Built target leo_msgs__rosidl_typesupport_introspection_cpp
[3.111s] [ 79%] Built target leo_msgs
[3.141s] [ 80%] [34m[1mGenerating Python code for ROS interfaces[0m
[3.879s] [ 80%] Built target leo_msgs__py
[3.908s] [ 82%] [32mBuilding C object CMakeFiles/leo_msgs__rosidl_generator_py.dir/rosidl_generator_py/leo_msgs/msg/_wheel_odom_s.c.o[0m
[3.914s] [ 87%] [32mBuilding C object CMakeFiles/leo_msgs__rosidl_generator_py.dir/rosidl_generator_py/leo_msgs/msg/_wheel_odom_mecanum_s.c.o[0m
[3.914s] [ 85%] [32mBuilding C object CMakeFiles/leo_msgs__rosidl_generator_py.dir/rosidl_generator_py/leo_msgs/msg/_imu_s.c.o[0m
[3.914s] [ 88%] [32mBuilding C object CMakeFiles/leo_msgs__rosidl_generator_py.dir/rosidl_generator_py/leo_msgs/srv/_set_imu_calibration_s.c.o[0m
[3.915s] [ 88%] [32mBuilding C object CMakeFiles/leo_msgs__rosidl_generator_py.dir/rosidl_generator_py/leo_msgs/msg/_wheel_states_s.c.o[0m
[4.054s] [ 90%] [32m[1mLinking C shared library rosidl_generator_py/leo_msgs/libleo_msgs__rosidl_generator_py.so[0m
[4.110s] [ 90%] Built target leo_msgs__rosidl_generator_py
[4.134s] [ 92%] [32mBuilding C object CMakeFiles/leo_msgs__rosidl_typesupport_fastrtps_c__pyext.dir/rosidl_generator_py/leo_msgs/_leo_msgs_s.ep.rosidl_typesupport_fastrtps_c.c.o[0m
[4.134s] [ 93%] [32mBuilding C object CMakeFiles/leo_msgs__rosidl_typesupport_c__pyext.dir/rosidl_generator_py/leo_msgs/_leo_msgs_s.ep.rosidl_typesupport_c.c.o[0m
[4.137s] [ 95%] [32mBuilding C object CMakeFiles/leo_msgs__rosidl_typesupport_introspection_c__pyext.dir/rosidl_generator_py/leo_msgs/_leo_msgs_s.ep.rosidl_typesupport_introspection_c.c.o[0m
[4.215s] [ 96%] [32m[1mLinking C shared library rosidl_generator_py/leo_msgs/leo_msgs_s__rosidl_typesupport_c.cpython-310-x86_64-linux-gnu.so[0m
[4.240s] [ 98%] [32m[1mLinking C shared library rosidl_generator_py/leo_msgs/leo_msgs_s__rosidl_typesupport_fastrtps_c.cpython-310-x86_64-linux-gnu.so[0m
[4.249s] [ 98%] Built target leo_msgs__rosidl_typesupport_c__pyext
[4.274s] [100%] [32m[1mLinking C shared library rosidl_generator_py/leo_msgs/leo_msgs_s__rosidl_typesupport_introspection_c.cpython-310-x86_64-linux-gnu.so[0m
[4.274s] [100%] Built target leo_msgs__rosidl_typesupport_fastrtps_c__pyext
[4.320s] [100%] Built target leo_msgs__rosidl_typesupport_introspection_c__pyext
[4.330s] Invoked command in '/home/mscrobotics2425laptop42/RoboticsSystemsDesignProject/build/leo_msgs' returned '0': CMAKE_PREFIX_PATH=${CMAKE_PREFIX_PATH}:/home/mscrobotics2425laptop42/interbotix_ws/install/interbotix_xs_modules:/home/mscrobotics2425laptop42/interbotix_ws/install/interbotix_perception_modules:/home/mscrobotics2425laptop42/interbotix_ws/install/interbotix_common_modules:/opt/ros/humble /usr/bin/cmake --build /home/mscrobotics2425laptop42/RoboticsSystemsDesignProject/build/leo_msgs -- -j12 -l12
[4.331s] Invoking command in '/home/mscrobotics2425laptop42/RoboticsSystemsDesignProject/build/leo_msgs': CMAKE_PREFIX_PATH=${CMAKE_PREFIX_PATH}:/home/mscrobotics2425laptop42/interbotix_ws/install/interbotix_xs_modules:/home/mscrobotics2425laptop42/interbotix_ws/install/interbotix_perception_modules:/home/mscrobotics2425laptop42/interbotix_ws/install/interbotix_common_modules:/opt/ros/humble /usr/bin/cmake --install /home/mscrobotics2425laptop42/RoboticsSystemsDesignProject/build/leo_msgs
[4.340s] -- Install configuration: ""
[4.340s] -- Installing: /home/mscrobotics2425laptop42/RoboticsSystemsDesignProject/install/leo_msgs/share/ament_index/resource_index/rosidl_interfaces/leo_msgs
[4.340s] -- Installing: /home/mscrobotics2425laptop42/RoboticsSystemsDesignProject/install/leo_msgs/include/leo_msgs/leo_msgs
[4.340s] -- Installing: /home/mscrobotics2425laptop42/RoboticsSystemsDesignProject/install/leo_msgs/include/leo_msgs/leo_msgs/msg
[4.340s] -- Installing: /home/mscrobotics2425laptop42/RoboticsSystemsDesignProject/install/leo_msgs/include/leo_msgs/leo_msgs/msg/wheel_states.h
[4.341s] -- Installing: /home/mscrobotics2425laptop42/RoboticsSystemsDesignProject/install/leo_msgs/include/leo_msgs/leo_msgs/msg/rosidl_generator_c__visibility_control.h
[4.341s] -- Installing: /home/mscrobotics2425laptop42/RoboticsSystemsDesignProject/install/leo_msgs/include/leo_msgs/leo_msgs/msg/detail
[4.341s] -- Installing: /home/mscrobotics2425laptop42/RoboticsSystemsDesignProject/install/leo_msgs/include/leo_msgs/leo_msgs/msg/detail/wheel_states__functions.c
[4.341s] -- Installing: /home/mscrobotics2425laptop42/RoboticsSystemsDesignProject/install/leo_msgs/include/leo_msgs/leo_msgs/msg/detail/imu__type_support.h
[4.341s] -- Installing: /home/mscrobotics2425laptop42/RoboticsSystemsDesignProject/install/leo_msgs/include/leo_msgs/leo_msgs/msg/detail/imu__struct.h
[4.341s] -- Installing: /home/mscrobotics2425laptop42/RoboticsSystemsDesignProject/install/leo_msgs/include/leo_msgs/leo_msgs/msg/detail/wheel_states__functions.h
[4.341s] -- Installing: /home/mscrobotics2425laptop42/RoboticsSystemsDesignProject/install/leo_msgs/include/leo_msgs/leo_msgs/msg/detail/wheel_odom_mecanum__functions.c
[4.342s] -- Installing: /home/mscrobotics2425laptop42/RoboticsSystemsDesignProject/install/leo_msgs/include/leo_msgs/leo_msgs/msg/detail/wheel_odom_mecanum__struct.h
[4.343s] -- Installing: /home/mscrobotics2425laptop42/RoboticsSystemsDesignProject/install/leo_msgs/include/leo_msgs/leo_msgs/msg/detail/wheel_odom__struct.h
[4.343s] -- Installing: /home/mscrobotics2425laptop42/RoboticsSystemsDesignProject/install/leo_msgs/include/leo_msgs/leo_msgs/msg/detail/wheel_odom__functions.h
[4.343s] -- Installing: /home/mscrobotics2425laptop42/RoboticsSystemsDesignProject/install/leo_msgs/include/leo_msgs/leo_msgs/msg/detail/imu__functions.h
[4.343s] -- Installing: /home/mscrobotics2425laptop42/RoboticsSystemsDesignProject/install/leo_msgs/include/leo_msgs/leo_msgs/msg/detail/wheel_odom__functions.c
[4.343s] -- Installing: /home/mscrobotics2425laptop42/RoboticsSystemsDesignProject/install/leo_msgs/include/leo_msgs/leo_msgs/msg/detail/wheel_odom_mecanum__type_support.h
[4.343s] -- Installing: /home/mscrobotics2425laptop42/RoboticsSystemsDesignProject/install/leo_msgs/include/leo_msgs/leo_msgs/msg/detail/wheel_states__type_support.h
[4.344s] -- Installing: /home/mscrobotics2425laptop42/RoboticsSystemsDesignProject/install/leo_msgs/include/leo_msgs/leo_msgs/msg/detail/wheel_odom__type_support.h
[4.344s] -- Installing: /home/mscrobotics2425laptop42/RoboticsSystemsDesignProject/install/leo_msgs/include/leo_msgs/leo_msgs/msg/detail/wheel_odom_mecanum__functions.h
[4.344s] -- Installing: /home/mscrobotics2425laptop42/RoboticsSystemsDesignProject/install/leo_msgs/include/leo_msgs/leo_msgs/msg/detail/wheel_states__struct.h
[4.344s] -- Installing: /home/mscrobotics2425laptop42/RoboticsSystemsDesignProject/install/leo_msgs/include/leo_msgs/leo_msgs/msg/detail/imu__functions.c
[4.344s] -- Installing: /home/mscrobotics2425laptop42/RoboticsSystemsDesignProject/install/leo_msgs/include/leo_msgs/leo_msgs/msg/wheel_odom.h
[4.344s] -- Installing: /home/mscrobotics2425laptop42/RoboticsSystemsDesignProject/install/leo_msgs/include/leo_msgs/leo_msgs/msg/wheel_odom_mecanum.h
[4.344s] -- Installing: /home/mscrobotics2425laptop42/RoboticsSystemsDesignProject/install/leo_msgs/include/leo_msgs/leo_msgs/msg/imu.h
[4.344s] -- Installing: /home/mscrobotics2425laptop42/RoboticsSystemsDesignProject/install/leo_msgs/include/leo_msgs/leo_msgs/srv
[4.345s] -- Installing: /home/mscrobotics2425laptop42/RoboticsSystemsDesignProject/install/leo_msgs/include/leo_msgs/leo_msgs/srv/detail
[4.345s] -- Installing: /home/mscrobotics2425laptop42/RoboticsSystemsDesignProject/install/leo_msgs/include/leo_msgs/leo_msgs/srv/detail/set_imu_calibration__functions.c
[4.345s] -- Installing: /home/mscrobotics2425laptop42/RoboticsSystemsDesignProject/install/leo_msgs/include/leo_msgs/leo_msgs/srv/detail/set_imu_calibration__functions.h
[4.345s] -- Installing: /home/mscrobotics2425laptop42/RoboticsSystemsDesignProject/install/leo_msgs/include/leo_msgs/leo_msgs/srv/detail/set_imu_calibration__type_support.h
[4.345s] -- Installing: /home/mscrobotics2425laptop42/RoboticsSystemsDesignProject/install/leo_msgs/include/leo_msgs/leo_msgs/srv/detail/set_imu_calibration__struct.h
[4.345s] -- Installing: /home/mscrobotics2425laptop42/RoboticsSystemsDesignProject/install/leo_msgs/include/leo_msgs/leo_msgs/srv/set_imu_calibration.h
[4.345s] -- Installing: /home/mscrobotics2425laptop42/RoboticsSystemsDesignProject/install/leo_msgs/share/leo_msgs/environment/library_path.sh
[4.345s] -- Installing: /home/mscrobotics2425laptop42/RoboticsSystemsDesignProject/install/leo_msgs/share/leo_msgs/environment/library_path.dsv
[4.346s] -- Installing: /home/mscrobotics2425laptop42/RoboticsSystemsDesignProject/install/leo_msgs/lib/libleo_msgs__rosidl_generator_c.so
[4.346s] -- Set runtime path of "/home/mscrobotics2425laptop42/RoboticsSystemsDesignProject/install/leo_msgs/lib/libleo_msgs__rosidl_generator_c.so" to ""
[4.346s] -- Up-to-date: /home/mscrobotics2425laptop42/RoboticsSystemsDesignProject/install/leo_msgs/include/leo_msgs/leo_msgs
[4.346s] -- Up-to-date: /home/mscrobotics2425laptop42/RoboticsSystemsDesignProject/install/leo_msgs/include/leo_msgs/leo_msgs/msg
[4.346s] -- Up-to-date: /home/mscrobotics2425laptop42/RoboticsSystemsDesignProject/install/leo_msgs/include/leo_msgs/leo_msgs/msg/detail
[4.346s] -- Installing: /home/mscrobotics2425laptop42/RoboticsSystemsDesignProject/install/leo_msgs/include/leo_msgs/leo_msgs/msg/detail/wheel_odom_mecanum__rosidl_typesupport_fastrtps_c.h
[4.346s] -- Installing: /home/mscrobotics2425laptop42/RoboticsSystemsDesignProject/install/leo_msgs/include/leo_msgs/leo_msgs/msg/detail/wheel_odom__rosidl_typesupport_fastrtps_c.h
[4.347s] -- Installing: /home/mscrobotics2425laptop42/RoboticsSystemsDesignProject/install/leo_msgs/include/leo_msgs/leo_msgs/msg/detail/imu__rosidl_typesupport_fastrtps_c.h
[4.347s] -- Installing: /home/mscrobotics2425laptop42/RoboticsSystemsDesignProject/install/leo_msgs/include/leo_msgs/leo_msgs/msg/detail/wheel_states__rosidl_typesupport_fastrtps_c.h
[4.347s] -- Installing: /home/mscrobotics2425laptop42/RoboticsSystemsDesignProject/install/leo_msgs/include/leo_msgs/leo_msgs/msg/rosidl_typesupport_fastrtps_c__visibility_control.h
[4.347s] -- Up-to-date: /home/mscrobotics2425laptop42/RoboticsSystemsDesignProject/install/leo_msgs/include/leo_msgs/leo_msgs/srv
[4.347s] -- Up-to-date: /home/mscrobotics2425laptop42/RoboticsSystemsDesignProject/install/leo_msgs/include/leo_msgs/leo_msgs/srv/detail
[4.347s] -- Installing: /home/mscrobotics2425laptop42/RoboticsSystemsDesignProject/install/leo_msgs/include/leo_msgs/leo_msgs/srv/detail/set_imu_calibration__rosidl_typesupport_fastrtps_c.h
[4.347s] -- Installing: /home/mscrobotics2425laptop42/RoboticsSystemsDesignProject/install/leo_msgs/lib/libleo_msgs__rosidl_typesupport_fastrtps_c.so
[4.347s] -- Set runtime path of "/home/mscrobotics2425laptop42/RoboticsSystemsDesignProject/install/leo_msgs/lib/libleo_msgs__rosidl_typesupport_fastrtps_c.so" to ""
[4.347s] -- Up-to-date: /home/mscrobotics2425laptop42/RoboticsSystemsDesignProject/install/leo_msgs/include/leo_msgs/leo_msgs
[4.348s] -- Up-to-date: /home/mscrobotics2425laptop42/RoboticsSystemsDesignProject/install/leo_msgs/include/leo_msgs/leo_msgs/msg
[4.348s] -- Up-to-date: /home/mscrobotics2425laptop42/RoboticsSystemsDesignProject/install/leo_msgs/include/leo_msgs/leo_msgs/msg/detail
[4.348s] -- Installing: /home/mscrobotics2425laptop42/RoboticsSystemsDesignProject/install/leo_msgs/include/leo_msgs/leo_msgs/msg/detail/wheel_odom__rosidl_typesupport_introspection_c.h
[4.348s] -- Installing: /home/mscrobotics2425laptop42/RoboticsSystemsDesignProject/install/leo_msgs/include/leo_msgs/leo_msgs/msg/detail/wheel_states__rosidl_typesupport_introspection_c.h
[4.348s] -- Installing: /home/mscrobotics2425laptop42/RoboticsSystemsDesignProject/install/leo_msgs/include/leo_msgs/leo_msgs/msg/detail/wheel_odom_mecanum__rosidl_typesupport_introspection_c.h
[4.348s] -- Installing: /home/mscrobotics2425laptop42/RoboticsSystemsDesignProject/install/leo_msgs/include/leo_msgs/leo_msgs/msg/detail/imu__type_support.c
[4.348s] -- Installing: /home/mscrobotics2425laptop42/RoboticsSystemsDesignProject/install/leo_msgs/include/leo_msgs/leo_msgs/msg/detail/imu__rosidl_typesupport_introspection_c.h
[4.348s] -- Installing: /home/mscrobotics2425laptop42/RoboticsSystemsDesignProject/install/leo_msgs/include/leo_msgs/leo_msgs/msg/detail/wheel_odom__type_support.c
[4.348s] -- Installing: /home/mscrobotics2425laptop42/RoboticsSystemsDesignProject/install/leo_msgs/include/leo_msgs/leo_msgs/msg/detail/wheel_states__type_support.c
[4.349s] -- Installing: /home/mscrobotics2425laptop42/RoboticsSystemsDesignProject/install/leo_msgs/include/leo_msgs/leo_msgs/msg/detail/wheel_odom_mecanum__type_support.c
[4.349s] -- Installing: /home/mscrobotics2425laptop42/RoboticsSystemsDesignProject/install/leo_msgs/include/leo_msgs/leo_msgs/msg/rosidl_typesupport_introspection_c__visibility_control.h
[4.349s] -- Up-to-date: /home/mscrobotics2425laptop42/RoboticsSystemsDesignProject/install/leo_msgs/include/leo_msgs/leo_msgs/srv
[4.349s] -- Up-to-date: /home/mscrobotics2425laptop42/RoboticsSystemsDesignProject/install/leo_msgs/include/leo_msgs/leo_msgs/srv/detail
[4.349s] -- Installing: /home/mscrobotics2425laptop42/RoboticsSystemsDesignProject/install/leo_msgs/include/leo_msgs/leo_msgs/srv/detail/set_imu_calibration__type_support.c
[4.349s] -- Installing: /home/mscrobotics2425laptop42/RoboticsSystemsDesignProject/install/leo_msgs/include/leo_msgs/leo_msgs/srv/detail/set_imu_calibration__rosidl_typesupport_introspection_c.h
[4.349s] -- Installing: /home/mscrobotics2425laptop42/RoboticsSystemsDesignProject/install/leo_msgs/lib/libleo_msgs__rosidl_typesupport_introspection_c.so
[4.349s] -- Set runtime path of "/home/mscrobotics2425laptop42/RoboticsSystemsDesignProject/install/leo_msgs/lib/libleo_msgs__rosidl_typesupport_introspection_c.so" to ""
[4.349s] -- Installing: /home/mscrobotics2425laptop42/RoboticsSystemsDesignProject/install/leo_msgs/lib/libleo_msgs__rosidl_typesupport_c.so
[4.349s] -- Set runtime path of "/home/mscrobotics2425laptop42/RoboticsSystemsDesignProject/install/leo_msgs/lib/libleo_msgs__rosidl_typesupport_c.so" to ""
[4.350s] -- Up-to-date: /home/mscrobotics2425laptop42/RoboticsSystemsDesignProject/install/leo_msgs/include/leo_msgs/leo_msgs
[4.350s] -- Up-to-date: /home/mscrobotics2425laptop42/RoboticsSystemsDesignProject/install/leo_msgs/include/leo_msgs/leo_msgs/msg
[4.350s] -- Installing: /home/mscrobotics2425laptop42/RoboticsSystemsDesignProject/install/leo_msgs/include/leo_msgs/leo_msgs/msg/rosidl_generator_cpp__visibility_control.hpp
[4.350s] -- Up-to-date: /home/mscrobotics2425laptop42/RoboticsSystemsDesignProject/install/leo_msgs/include/leo_msgs/leo_msgs/msg/detail
[4.350s] -- Installing: /home/mscrobotics2425laptop42/RoboticsSystemsDesignProject/install/leo_msgs/include/leo_msgs/leo_msgs/msg/detail/wheel_odom__builder.hpp
[4.350s] -- Installing: /home/mscrobotics2425laptop42/RoboticsSystemsDesignProject/install/leo_msgs/include/leo_msgs/leo_msgs/msg/detail/wheel_states__builder.hpp
[4.350s] -- Installing: /home/mscrobotics2425laptop42/RoboticsSystemsDesignProject/install/leo_msgs/include/leo_msgs/leo_msgs/msg/detail/wheel_odom_mecanum__builder.hpp
[4.350s] -- Installing: /home/mscrobotics2425laptop42/RoboticsSystemsDesignProject/install/leo_msgs/include/leo_msgs/leo_msgs/msg/detail/wheel_states__traits.hpp
[4.351s] -- Installing: /home/mscrobotics2425laptop42/RoboticsSystemsDesignProject/install/leo_msgs/include/leo_msgs/leo_msgs/msg/detail/imu__struct.hpp
[4.351s] -- Installing: /home/mscrobotics2425laptop42/RoboticsSystemsDesignProject/install/leo_msgs/include/leo_msgs/leo_msgs/msg/detail/wheel_states__type_support.hpp
[4.351s] -- Installing: /home/mscrobotics2425laptop42/RoboticsSystemsDesignProject/install/leo_msgs/include/leo_msgs/leo_msgs/msg/detail/wheel_odom__traits.hpp
[4.351s] -- Installing: /home/mscrobotics2425laptop42/RoboticsSystemsDesignProject/install/leo_msgs/include/leo_msgs/leo_msgs/msg/detail/wheel_odom__type_support.hpp
[4.351s] -- Installing: /home/mscrobotics2425laptop42/RoboticsSystemsDesignProject/install/leo_msgs/include/leo_msgs/leo_msgs/msg/detail/imu__type_support.hpp
[4.351s] -- Installing: /home/mscrobotics2425laptop42/RoboticsSystemsDesignProject/install/leo_msgs/include/leo_msgs/leo_msgs/msg/detail/wheel_states__struct.hpp
[4.351s] -- Installing: /home/mscrobotics2425laptop42/RoboticsSystemsDesignProject/install/leo_msgs/include/leo_msgs/leo_msgs/msg/detail/wheel_odom_mecanum__struct.hpp
[4.351s] -- Installing: /home/mscrobotics2425laptop42/RoboticsSystemsDesignProject/install/leo_msgs/include/leo_msgs/leo_msgs/msg/detail/wheel_odom_mecanum__type_support.hpp
[4.351s] -- Installing: /home/mscrobotics2425laptop42/RoboticsSystemsDesignProject/install/leo_msgs/include/leo_msgs/leo_msgs/msg/detail/imu__builder.hpp
[4.351s] -- Installing: /home/mscrobotics2425laptop42/RoboticsSystemsDesignProject/install/leo_msgs/include/leo_msgs/leo_msgs/msg/detail/wheel_odom_mecanum__traits.hpp
[4.351s] -- Installing: /home/mscrobotics2425laptop42/RoboticsSystemsDesignProject/install/leo_msgs/include/leo_msgs/leo_msgs/msg/detail/imu__traits.hpp
[4.351s] -- Installing: /home/mscrobotics2425laptop42/RoboticsSystemsDesignProject/install/leo_msgs/include/leo_msgs/leo_msgs/msg/detail/wheel_odom__struct.hpp
[4.351s] -- Installing: /home/mscrobotics2425laptop42/RoboticsSystemsDesignProject/install/leo_msgs/include/leo_msgs/leo_msgs/msg/wheel_odom_mecanum.hpp
[4.351s] -- Installing: /home/mscrobotics2425laptop42/RoboticsSystemsDesignProject/install/leo_msgs/include/leo_msgs/leo_msgs/msg/wheel_states.hpp
[4.351s] -- Installing: /home/mscrobotics2425laptop42/RoboticsSystemsDesignProject/install/leo_msgs/include/leo_msgs/leo_msgs/msg/wheel_odom.hpp
[4.351s] -- Installing: /home/mscrobotics2425laptop42/RoboticsSystemsDesignProject/install/leo_msgs/include/leo_msgs/leo_msgs/msg/imu.hpp
[4.351s] -- Up-to-date: /home/mscrobotics2425laptop42/RoboticsSystemsDesignProject/install/leo_msgs/include/leo_msgs/leo_msgs/srv
[4.351s] -- Up-to-date: /home/mscrobotics2425laptop42/RoboticsSystemsDesignProject/install/leo_msgs/include/leo_msgs/leo_msgs/srv/detail
[4.351s] -- Installing: /home/mscrobotics2425laptop42/RoboticsSystemsDesignProject/install/leo_msgs/include/leo_msgs/leo_msgs/srv/detail/set_imu_calibration__traits.hpp
[4.351s] -- Installing: /home/mscrobotics2425laptop42/RoboticsSystemsDesignProject/install/leo_msgs/include/leo_msgs/leo_msgs/srv/detail/set_imu_calibration__type_support.hpp
[4.351s] -- Installing: /home/mscrobotics2425laptop42/RoboticsSystemsDesignProject/install/leo_msgs/include/leo_msgs/leo_msgs/srv/detail/set_imu_calibration__struct.hpp
[4.351s] -- Installing: /home/mscrobotics2425laptop42/RoboticsSystemsDesignProject/install/leo_msgs/include/leo_msgs/leo_msgs/srv/detail/set_imu_calibration__builder.hpp
[4.351s] -- Installing: /home/mscrobotics2425laptop42/RoboticsSystemsDesignProject/install/leo_msgs/include/leo_msgs/leo_msgs/srv/set_imu_calibration.hpp
[4.351s] -- Up-to-date: /home/mscrobotics2425laptop42/RoboticsSystemsDesignProject/install/leo_msgs/include/leo_msgs/leo_msgs
[4.351s] -- Up-to-date: /home/mscrobotics2425laptop42/RoboticsSystemsDesignProject/install/leo_msgs/include/leo_msgs/leo_msgs/msg
[4.351s] -- Installing: /home/mscrobotics2425laptop42/RoboticsSystemsDesignProject/install/leo_msgs/include/leo_msgs/leo_msgs/msg/rosidl_typesupport_fastrtps_cpp__visibility_control.h
[4.351s] -- Up-to-date: /home/mscrobotics2425laptop42/RoboticsSystemsDesignProject/install/leo_msgs/include/leo_msgs/leo_msgs/msg/detail
[4.351s] -- Installing: /home/mscrobotics2425laptop42/RoboticsSystemsDesignProject/install/leo_msgs/include/leo_msgs/leo_msgs/msg/detail/wheel_odom_mecanum__rosidl_typesupport_fastrtps_cpp.hpp
[4.351s] -- Installing: /home/mscrobotics2425laptop42/RoboticsSystemsDesignProject/install/leo_msgs/include/leo_msgs/leo_msgs/msg/detail/wheel_states__rosidl_typesupport_fastrtps_cpp.hpp
[4.351s] -- Installing: /home/mscrobotics2425laptop42/RoboticsSystemsDesignProject/install/leo_msgs/include/leo_msgs/leo_msgs/msg/detail/imu__rosidl_typesupport_fastrtps_cpp.hpp
[4.351s] -- Installing: /home/mscrobotics2425laptop42/RoboticsSystemsDesignProject/install/leo_msgs/include/leo_msgs/leo_msgs/msg/detail/dds_fastrtps
[4.351s] -- Installing: /home/mscrobotics2425laptop42/RoboticsSystemsDesignProject/install/leo_msgs/include/leo_msgs/leo_msgs/msg/detail/wheel_odom__rosidl_typesupport_fastrtps_cpp.hpp
[4.351s] -- Up-to-date: /home/mscrobotics2425laptop42/RoboticsSystemsDesignProject/install/leo_msgs/include/leo_msgs/leo_msgs/srv
[4.351s] -- Up-to-date: /home/mscrobotics2425laptop42/RoboticsSystemsDesignProject/install/leo_msgs/include/leo_msgs/leo_msgs/srv/detail
[4.352s] -- Installing: /home/mscrobotics2425laptop42/RoboticsSystemsDesignProject/install/leo_msgs/include/leo_msgs/leo_msgs/srv/detail/set_imu_calibration__rosidl_typesupport_fastrtps_cpp.hpp
[4.352s] -- Installing: /home/mscrobotics2425laptop42/RoboticsSystemsDesignProject/install/leo_msgs/include/leo_msgs/leo_msgs/srv/detail/dds_fastrtps
[4.352s] -- Installing: /home/mscrobotics2425laptop42/RoboticsSystemsDesignProject/install/leo_msgs/lib/libleo_msgs__rosidl_typesupport_fastrtps_cpp.so
[4.352s] -- Set runtime path of "/home/mscrobotics2425laptop42/RoboticsSystemsDesignProject/install/leo_msgs/lib/libleo_msgs__rosidl_typesupport_fastrtps_cpp.so" to ""
[4.352s] -- Up-to-date: /home/mscrobotics2425laptop42/RoboticsSystemsDesignProject/install/leo_msgs/include/leo_msgs/leo_msgs
[4.352s] -- Up-to-date: /home/mscrobotics2425laptop42/RoboticsSystemsDesignProject/install/leo_msgs/include/leo_msgs/leo_msgs/msg
[4.352s] -- Up-to-date: /home/mscrobotics2425laptop42/RoboticsSystemsDesignProject/install/leo_msgs/include/leo_msgs/leo_msgs/msg/detail
[4.352s] -- Installing: /home/mscrobotics2425laptop42/RoboticsSystemsDesignProject/install/leo_msgs/include/leo_msgs/leo_msgs/msg/detail/wheel_states__rosidl_typesupport_introspection_cpp.hpp
[4.352s] -- Installing: /home/mscrobotics2425laptop42/RoboticsSystemsDesignProject/install/leo_msgs/include/leo_msgs/leo_msgs/msg/detail/wheel_odom_mecanum__type_support.cpp
[4.352s] -- Installing: /home/mscrobotics2425laptop42/RoboticsSystemsDesignProject/install/leo_msgs/include/leo_msgs/leo_msgs/msg/detail/imu__rosidl_typesupport_introspection_cpp.hpp
[4.352s] -- Installing: /home/mscrobotics2425laptop42/RoboticsSystemsDesignProject/install/leo_msgs/include/leo_msgs/leo_msgs/msg/detail/wheel_odom__type_support.cpp
[4.352s] -- Installing: /home/mscrobotics2425laptop42/RoboticsSystemsDesignProject/install/leo_msgs/include/leo_msgs/leo_msgs/msg/detail/wheel_odom_mecanum__rosidl_typesupport_introspection_cpp.hpp
[4.352s] -- Installing: /home/mscrobotics2425laptop42/RoboticsSystemsDesignProject/install/leo_msgs/include/leo_msgs/leo_msgs/msg/detail/wheel_odom__rosidl_typesupport_introspection_cpp.hpp
[4.352s] -- Installing: /home/mscrobotics2425laptop42/RoboticsSystemsDesignProject/install/leo_msgs/include/leo_msgs/leo_msgs/msg/detail/imu__type_support.cpp
[4.352s] -- Installing: /home/mscrobotics2425laptop42/RoboticsSystemsDesignProject/install/leo_msgs/include/leo_msgs/leo_msgs/msg/detail/wheel_states__type_support.cpp
[4.352s] -- Up-to-date: /home/mscrobotics2425laptop42/RoboticsSystemsDesignProject/install/leo_msgs/include/leo_msgs/leo_msgs/srv
[4.352s] -- Up-to-date: /home/mscrobotics2425laptop42/RoboticsSystemsDesignProject/install/leo_msgs/include/leo_msgs/leo_msgs/srv/detail
[4.352s] -- Installing: /home/mscrobotics2425laptop42/RoboticsSystemsDesignProject/install/leo_msgs/include/leo_msgs/leo_msgs/srv/detail/set_imu_calibration__type_support.cpp
[4.352s] -- Installing: /home/mscrobotics2425laptop42/RoboticsSystemsDesignProject/install/leo_msgs/include/leo_msgs/leo_msgs/srv/detail/set_imu_calibration__rosidl_typesupport_introspection_cpp.hpp
[4.352s] -- Installing: /home/mscrobotics2425laptop42/RoboticsSystemsDesignProject/install/leo_msgs/lib/libleo_msgs__rosidl_typesupport_introspection_cpp.so
[4.352s] -- Set runtime path of "/home/mscrobotics2425laptop42/RoboticsSystemsDesignProject/install/leo_msgs/lib/libleo_msgs__rosidl_typesupport_introspection_cpp.so" to ""
[4.352s] -- Installing: /home/mscrobotics2425laptop42/RoboticsSystemsDesignProject/install/leo_msgs/lib/libleo_msgs__rosidl_typesupport_cpp.so
[4.352s] -- Set runtime path of "/home/mscrobotics2425laptop42/RoboticsSystemsDesignProject/install/leo_msgs/lib/libleo_msgs__rosidl_typesupport_cpp.so" to ""
[4.352s] -- Installing: /home/mscrobotics2425laptop42/RoboticsSystemsDesignProject/install/leo_msgs/share/leo_msgs/environment/pythonpath.sh
[4.352s] -- Installing: /home/mscrobotics2425laptop42/RoboticsSystemsDesignProject/install/leo_msgs/share/leo_msgs/environment/pythonpath.dsv
[4.352s] -- Installing: /home/mscrobotics2425laptop42/RoboticsSystemsDesignProject/install/leo_msgs/local/lib/python3.10/dist-packages/leo_msgs-1.2.4-py3.10.egg-info
[4.352s] -- Installing: /home/mscrobotics2425laptop42/RoboticsSystemsDesignProject/install/leo_msgs/local/lib/python3.10/dist-packages/leo_msgs-1.2.4-py3.10.egg-info/top_level.txt
[4.352s] -- Installing: /home/mscrobotics2425laptop42/RoboticsSystemsDesignProject/install/leo_msgs/local/lib/python3.10/dist-packages/leo_msgs-1.2.4-py3.10.egg-info/dependency_links.txt
[4.352s] -- Installing: /home/mscrobotics2425laptop42/RoboticsSystemsDesignProject/install/leo_msgs/local/lib/python3.10/dist-packages/leo_msgs-1.2.4-py3.10.egg-info/PKG-INFO
[4.352s] -- Installing: /home/mscrobotics2425laptop42/RoboticsSystemsDesignProject/install/leo_msgs/local/lib/python3.10/dist-packages/leo_msgs-1.2.4-py3.10.egg-info/SOURCES.txt
[4.352s] -- Installing: /home/mscrobotics2425laptop42/RoboticsSystemsDesignProject/install/leo_msgs/local/lib/python3.10/dist-packages/leo_msgs
[4.352s] -- Installing: /home/mscrobotics2425laptop42/RoboticsSystemsDesignProject/install/leo_msgs/local/lib/python3.10/dist-packages/leo_msgs/leo_msgs_s__rosidl_typesupport_introspection_c.cpython-310-x86_64-linux-gnu.so
[4.352s] -- Installing: /home/mscrobotics2425laptop42/RoboticsSystemsDesignProject/install/leo_msgs/local/lib/python3.10/dist-packages/leo_msgs/_leo_msgs_s.ep.rosidl_typesupport_c.c
[4.352s] -- Installing: /home/mscrobotics2425laptop42/RoboticsSystemsDesignProject/install/leo_msgs/local/lib/python3.10/dist-packages/leo_msgs/leo_msgs_s__rosidl_typesupport_fastrtps_c.cpython-310-x86_64-linux-gnu.so
[4.352s] -- Installing: /home/mscrobotics2425laptop42/RoboticsSystemsDesignProject/install/leo_msgs/local/lib/python3.10/dist-packages/leo_msgs/__init__.py
[4.352s] -- Installing: /home/mscrobotics2425laptop42/RoboticsSystemsDesignProject/install/leo_msgs/local/lib/python3.10/dist-packages/leo_msgs/leo_msgs_s__rosidl_typesupport_c.cpython-310-x86_64-linux-gnu.so
[4.352s] -- Installing: /home/mscrobotics2425laptop42/RoboticsSystemsDesignProject/install/leo_msgs/local/lib/python3.10/dist-packages/leo_msgs/_leo_msgs_s.ep.rosidl_typesupport_fastrtps_c.c
[4.352s] -- Installing: /home/mscrobotics2425laptop42/RoboticsSystemsDesignProject/install/leo_msgs/local/lib/python3.10/dist-packages/leo_msgs/msg
[4.352s] -- Installing: /home/mscrobotics2425laptop42/RoboticsSystemsDesignProject/install/leo_msgs/local/lib/python3.10/dist-packages/leo_msgs/msg/__init__.py
[4.353s] -- Installing: /home/mscrobotics2425laptop42/RoboticsSystemsDesignProject/install/leo_msgs/local/lib/python3.10/dist-packages/leo_msgs/msg/_wheel_odom.py
[4.353s] -- Installing: /home/mscrobotics2425laptop42/RoboticsSystemsDesignProject/install/leo_msgs/local/lib/python3.10/dist-packages/leo_msgs/msg/_wheel_odom_s.c
[4.353s] -- Installing: /home/mscrobotics2425laptop42/RoboticsSystemsDesignProject/install/leo_msgs/local/lib/python3.10/dist-packages/leo_msgs/msg/_imu.py
[4.353s] -- Installing: /home/mscrobotics2425laptop42/RoboticsSystemsDesignProject/install/leo_msgs/local/lib/python3.10/dist-packages/leo_msgs/msg/_wheel_states_s.c
[4.353s] -- Installing: /home/mscrobotics2425laptop42/RoboticsSystemsDesignProject/install/leo_msgs/local/lib/python3.10/dist-packages/leo_msgs/msg/_imu_s.c
[4.353s] -- Installing: /home/mscrobotics2425laptop42/RoboticsSystemsDesignProject/install/leo_msgs/local/lib/python3.10/dist-packages/leo_msgs/msg/_wheel_odom_mecanum.py
[4.353s] -- Installing: /home/mscrobotics2425laptop42/RoboticsSystemsDesignProject/install/leo_msgs/local/lib/python3.10/dist-packages/leo_msgs/msg/_wheel_odom_mecanum_s.c
[4.353s] -- Installing: /home/mscrobotics2425laptop42/RoboticsSystemsDesignProject/install/leo_msgs/local/lib/python3.10/dist-packages/leo_msgs/msg/_wheel_states.py
[4.353s] -- Installing: /home/mscrobotics2425laptop42/RoboticsSystemsDesignProject/install/leo_msgs/local/lib/python3.10/dist-packages/leo_msgs/_leo_msgs_s.ep.rosidl_typesupport_introspection_c.c
[4.353s] -- Installing: /home/mscrobotics2425laptop42/RoboticsSystemsDesignProject/install/leo_msgs/local/lib/python3.10/dist-packages/leo_msgs/srv
[4.353s] -- Installing: /home/mscrobotics2425laptop42/RoboticsSystemsDesignProject/install/leo_msgs/local/lib/python3.10/dist-packages/leo_msgs/srv/_set_imu_calibration_s.c
[4.353s] -- Installing: /home/mscrobotics2425laptop42/RoboticsSystemsDesignProject/install/leo_msgs/local/lib/python3.10/dist-packages/leo_msgs/srv/__init__.py
[4.353s] -- Installing: /home/mscrobotics2425laptop42/RoboticsSystemsDesignProject/install/leo_msgs/local/lib/python3.10/dist-packages/leo_msgs/srv/_set_imu_calibration.py
[4.353s] -- Installing: /home/mscrobotics2425laptop42/RoboticsSystemsDesignProject/install/leo_msgs/local/lib/python3.10/dist-packages/leo_msgs/libleo_msgs__rosidl_generator_py.so
[4.387s] Listing '/home/mscrobotics2425laptop42/RoboticsSystemsDesignProject/install/leo_msgs/local/lib/python3.10/dist-packages/leo_msgs'...
[4.387s] Compiling '/home/mscrobotics2425laptop42/RoboticsSystemsDesignProject/install/leo_msgs/local/lib/python3.10/dist-packages/leo_msgs/__init__.py'...
[4.387s] Listing '/home/mscrobotics2425laptop42/RoboticsSystemsDesignProject/install/leo_msgs/local/lib/python3.10/dist-packages/leo_msgs/msg'...
[4.387s] Compiling '/home/mscrobotics2425laptop42/RoboticsSystemsDesignProject/install/leo_msgs/local/lib/python3.10/dist-packages/leo_msgs/msg/__init__.py'...
[4.387s] Compiling '/home/mscrobotics2425laptop42/RoboticsSystemsDesignProject/install/leo_msgs/local/lib/python3.10/dist-packages/leo_msgs/msg/_imu.py'...
[4.387s] Compiling '/home/mscrobotics2425laptop42/RoboticsSystemsDesignProject/install/leo_msgs/local/lib/python3.10/dist-packages/leo_msgs/msg/_wheel_odom.py'...
[4.387s] Compiling '/home/mscrobotics2425laptop42/RoboticsSystemsDesignProject/install/leo_msgs/local/lib/python3.10/dist-packages/leo_msgs/msg/_wheel_odom_mecanum.py'...
[4.387s] Compiling '/home/mscrobotics2425laptop42/RoboticsSystemsDesignProject/install/leo_msgs/local/lib/python3.10/dist-packages/leo_msgs/msg/_wheel_states.py'...
[4.388s] Listing '/home/mscrobotics2425laptop42/RoboticsSystemsDesignProject/install/leo_msgs/local/lib/python3.10/dist-packages/leo_msgs/srv'...
[4.388s] Compiling '/home/mscrobotics2425laptop42/RoboticsSystemsDesignProject/install/leo_msgs/local/lib/python3.10/dist-packages/leo_msgs/srv/__init__.py'...
[4.388s] Compiling '/home/mscrobotics2425laptop42/RoboticsSystemsDesignProject/install/leo_msgs/local/lib/python3.10/dist-packages/leo_msgs/srv/_set_imu_calibration.py'...
[4.390s] -- Installing: /home/mscrobotics2425laptop42/RoboticsSystemsDesignProject/install/leo_msgs/local/lib/python3.10/dist-packages/leo_msgs/leo_msgs_s__rosidl_typesupport_fastrtps_c.cpython-310-x86_64-linux-gnu.so
[4.390s] -- Set runtime path of "/home/mscrobotics2425laptop42/RoboticsSystemsDesignProject/install/leo_msgs/local/lib/python3.10/dist-packages/leo_msgs/leo_msgs_s__rosidl_typesupport_fastrtps_c.cpython-310-x86_64-linux-gnu.so" to ""
[4.390s] -- Installing: /home/mscrobotics2425laptop42/RoboticsSystemsDesignProject/install/leo_msgs/local/lib/python3.10/dist-packages/leo_msgs/leo_msgs_s__rosidl_typesupport_introspection_c.cpython-310-x86_64-linux-gnu.so
[4.390s] -- Set runtime path of "/home/mscrobotics2425laptop42/RoboticsSystemsDesignProject/install/leo_msgs/local/lib/python3.10/dist-packages/leo_msgs/leo_msgs_s__rosidl_typesupport_introspection_c.cpython-310-x86_64-linux-gnu.so" to ""
[4.391s] -- Installing: /home/mscrobotics2425laptop42/RoboticsSystemsDesignProject/install/leo_msgs/local/lib/python3.10/dist-packages/leo_msgs/leo_msgs_s__rosidl_typesupport_c.cpython-310-x86_64-linux-gnu.so
[4.391s] -- Set runtime path of "/home/mscrobotics2425laptop42/RoboticsSystemsDesignProject/install/leo_msgs/local/lib/python3.10/dist-packages/leo_msgs/leo_msgs_s__rosidl_typesupport_c.cpython-310-x86_64-linux-gnu.so" to ""
[4.391s] -- Installing: /home/mscrobotics2425laptop42/RoboticsSystemsDesignProject/install/leo_msgs/lib/libleo_msgs__rosidl_generator_py.so
[4.391s] -- Set runtime path of "/home/mscrobotics2425laptop42/RoboticsSystemsDesignProject/install/leo_msgs/lib/libleo_msgs__rosidl_generator_py.so" to ""
[4.391s] -- Installing: /home/mscrobotics2425laptop42/RoboticsSystemsDesignProject/install/leo_msgs/share/leo_msgs/msg/Imu.idl
[4.391s] -- Installing: /home/mscrobotics2425laptop42/RoboticsSystemsDesignProject/install/leo_msgs/share/leo_msgs/msg/WheelOdom.idl
[4.392s] -- Installing: /home/mscrobotics2425laptop42/RoboticsSystemsDesignProject/install/leo_msgs/share/leo_msgs/msg/WheelOdomMecanum.idl
[4.392s] -- Installing: /home/mscrobotics2425laptop42/RoboticsSystemsDesignProject/install/leo_msgs/share/leo_msgs/msg/WheelStates.idl
[4.392s] -- Installing: /home/mscrobotics2425laptop42/RoboticsSystemsDesignProject/install/leo_msgs/share/leo_msgs/srv/SetImuCalibration.idl
[4.392s] -- Installing: /home/mscrobotics2425laptop42/RoboticsSystemsDesignProject/install/leo_msgs/share/leo_msgs/msg/Imu.msg
[4.392s] -- Installing: /home/mscrobotics2425laptop42/RoboticsSystemsDesignProject/install/leo_msgs/share/leo_msgs/msg/WheelOdom.msg
[4.392s] -- Installing: /home/mscrobotics2425laptop42/RoboticsSystemsDesignProject/install/leo_msgs/share/leo_msgs/msg/WheelOdomMecanum.msg
[4.392s] -- Installing: /home/mscrobotics2425laptop42/RoboticsSystemsDesignProject/install/leo_msgs/share/leo_msgs/msg/WheelStates.msg
[4.392s] -- Installing: /home/mscrobotics2425laptop42/RoboticsSystemsDesignProject/install/leo_msgs/share/leo_msgs/srv/SetImuCalibration.srv
[4.392s] -- Installing: /home/mscrobotics2425laptop42/RoboticsSystemsDesignProject/install/leo_msgs/share/leo_msgs/srv/SetImuCalibration_Request.msg
[4.392s] -- Installing: /home/mscrobotics2425laptop42/RoboticsSystemsDesignProject/install/leo_msgs/share/leo_msgs/srv/SetImuCalibration_Response.msg
[4.393s] -- Installing: /home/mscrobotics2425laptop42/RoboticsSystemsDesignProject/install/leo_msgs/share/ament_index/resource_index/package_run_dependencies/leo_msgs
[4.393s] -- Installing: /home/mscrobotics2425laptop42/RoboticsSystemsDesignProject/install/leo_msgs/share/ament_index/resource_index/parent_prefix_path/leo_msgs
[4.393s] -- Installing: /home/mscrobotics2425laptop42/RoboticsSystemsDesignProject/install/leo_msgs/share/leo_msgs/environment/ament_prefix_path.sh
[4.393s] -- Installing: /home/mscrobotics2425laptop42/RoboticsSystemsDesignProject/install/leo_msgs/share/leo_msgs/environment/ament_prefix_path.dsv
[4.393s] -- Installing: /home/mscrobotics2425laptop42/RoboticsSystemsDesignProject/install/leo_msgs/share/leo_msgs/environment/path.sh
[4.393s] -- Installing: /home/mscrobotics2425laptop42/RoboticsSystemsDesignProject/install/leo_msgs/share/leo_msgs/environment/path.dsv
[4.393s] -- Installing: /home/mscrobotics2425laptop42/RoboticsSystemsDesignProject/install/leo_msgs/share/leo_msgs/local_setup.bash
[4.393s] -- Installing: /home/mscrobotics2425laptop42/RoboticsSystemsDesignProject/install/leo_msgs/share/leo_msgs/local_setup.sh
[4.393s] -- Installing: /home/mscrobotics2425laptop42/RoboticsSystemsDesignProject/install/leo_msgs/share/leo_msgs/local_setup.zsh
[4.393s] -- Installing: /home/mscrobotics2425laptop42/RoboticsSystemsDesignProject/install/leo_msgs/share/leo_msgs/local_setup.dsv
[4.394s] -- Installing: /home/mscrobotics2425laptop42/RoboticsSystemsDesignProject/install/leo_msgs/share/leo_msgs/package.dsv
[4.394s] -- Installing: /home/mscrobotics2425laptop42/RoboticsSystemsDesignProject/install/leo_msgs/share/ament_index/resource_index/packages/leo_msgs
[4.394s] -- Installing: /home/mscrobotics2425laptop42/RoboticsSystemsDesignProject/install/leo_msgs/share/leo_msgs/cmake/export_leo_msgs__rosidl_generator_cExport.cmake
[4.394s] -- Installing: /home/mscrobotics2425laptop42/RoboticsSystemsDesignProject/install/leo_msgs/share/leo_msgs/cmake/export_leo_msgs__rosidl_generator_cExport-noconfig.cmake
[4.394s] -- Installing: /home/mscrobotics2425laptop42/RoboticsSystemsDesignProject/install/leo_msgs/share/leo_msgs/cmake/export_leo_msgs__rosidl_typesupport_fastrtps_cExport.cmake
[4.394s] -- Installing: /home/mscrobotics2425laptop42/RoboticsSystemsDesignProject/install/leo_msgs/share/leo_msgs/cmake/export_leo_msgs__rosidl_typesupport_fastrtps_cExport-noconfig.cmake
[4.395s] -- Installing: /home/mscrobotics2425laptop42/RoboticsSystemsDesignProject/install/leo_msgs/share/leo_msgs/cmake/leo_msgs__rosidl_typesupport_introspection_cExport.cmake
[4.395s] -- Installing: /home/mscrobotics2425laptop42/RoboticsSystemsDesignProject/install/leo_msgs/share/leo_msgs/cmake/leo_msgs__rosidl_typesupport_introspection_cExport-noconfig.cmake
[4.395s] -- Installing: /home/mscrobotics2425laptop42/RoboticsSystemsDesignProject/install/leo_msgs/share/leo_msgs/cmake/leo_msgs__rosidl_typesupport_cExport.cmake
[4.395s] -- Installing: /home/mscrobotics2425laptop42/RoboticsSystemsDesignProject/install/leo_msgs/share/leo_msgs/cmake/leo_msgs__rosidl_typesupport_cExport-noconfig.cmake
[4.395s] -- Installing: /home/mscrobotics2425laptop42/RoboticsSystemsDesignProject/install/leo_msgs/share/leo_msgs/cmake/export_leo_msgs__rosidl_generator_cppExport.cmake
[4.395s] -- Installing: /home/mscrobotics2425laptop42/RoboticsSystemsDesignProject/install/leo_msgs/share/leo_msgs/cmake/export_leo_msgs__rosidl_typesupport_fastrtps_cppExport.cmake
[4.396s] -- Installing: /home/mscrobotics2425laptop42/RoboticsSystemsDesignProject/install/leo_msgs/share/leo_msgs/cmake/export_leo_msgs__rosidl_typesupport_fastrtps_cppExport-noconfig.cmake
[4.396s] -- Installing: /home/mscrobotics2425laptop42/RoboticsSystemsDesignProject/install/leo_msgs/share/leo_msgs/cmake/leo_msgs__rosidl_typesupport_introspection_cppExport.cmake
[4.396s] -- Installing: /home/mscrobotics2425laptop42/RoboticsSystemsDesignProject/install/leo_msgs/share/leo_msgs/cmake/leo_msgs__rosidl_typesupport_introspection_cppExport-noconfig.cmake
[4.396s] -- Installing: /home/mscrobotics2425laptop42/RoboticsSystemsDesignProject/install/leo_msgs/share/leo_msgs/cmake/leo_msgs__rosidl_typesupport_cppExport.cmake
[4.396s] -- Installing: /home/mscrobotics2425laptop42/RoboticsSystemsDesignProject/install/leo_msgs/share/leo_msgs/cmake/leo_msgs__rosidl_typesupport_cppExport-noconfig.cmake
[4.397s] -- Installing: /home/mscrobotics2425laptop42/RoboticsSystemsDesignProject/install/leo_msgs/share/leo_msgs/cmake/export_leo_msgs__rosidl_generator_pyExport.cmake
[4.397s] -- Installing: /home/mscrobotics2425laptop42/RoboticsSystemsDesignProject/install/leo_msgs/share/leo_msgs/cmake/export_leo_msgs__rosidl_generator_pyExport-noconfig.cmake
[4.397s] -- Installing: /home/mscrobotics2425laptop42/RoboticsSystemsDesignProject/install/leo_msgs/share/leo_msgs/cmake/rosidl_cmake-extras.cmake
[4.397s] -- Installing: /home/mscrobotics2425laptop42/RoboticsSystemsDesignProject/install/leo_msgs/share/leo_msgs/cmake/ament_cmake_export_dependencies-extras.cmake
[4.398s] -- Installing: /home/mscrobotics2425laptop42/RoboticsSystemsDesignProject/install/leo_msgs/share/leo_msgs/cmake/ament_cmake_export_include_directories-extras.cmake
[4.398s] -- Installing: /home/mscrobotics2425laptop42/RoboticsSystemsDesignProject/install/leo_msgs/share/leo_msgs/cmake/ament_cmake_export_libraries-extras.cmake
[4.398s] -- Installing: /home/mscrobotics2425laptop42/RoboticsSystemsDesignProject/install/leo_msgs/share/leo_msgs/cmake/ament_cmake_export_targets-extras.cmake
[4.398s] -- Installing: /home/mscrobotics2425laptop42/RoboticsSystemsDesignProject/install/leo_msgs/share/leo_msgs/cmake/rosidl_cmake_export_typesupport_targets-extras.cmake
[4.398s] -- Installing: /home/mscrobotics2425laptop42/RoboticsSystemsDesignProject/install/leo_msgs/share/leo_msgs/cmake/rosidl_cmake_export_typesupport_libraries-extras.cmake
[4.398s] -- Installing: /home/mscrobotics2425laptop42/RoboticsSystemsDesignProject/install/leo_msgs/share/leo_msgs/cmake/leo_msgsConfig.cmake
[4.398s] -- Installing: /home/mscrobotics2425laptop42/RoboticsSystemsDesignProject/install/leo_msgs/share/leo_msgs/cmake/leo_msgsConfig-version.cmake
[4.399s] -- Installing: /home/mscrobotics2425laptop42/RoboticsSystemsDesignProject/install/leo_msgs/share/leo_msgs/package.xml
[4.401s] Invoked command in '/home/mscrobotics2425laptop42/RoboticsSystemsDesignProject/build/leo_msgs' returned '0': CMAKE_PREFIX_PATH=${CMAKE_PREFIX_PATH}:/home/mscrobotics2425laptop42/interbotix_ws/install/interbotix_xs_modules:/home/mscrobotics2425laptop42/interbotix_ws/install/interbotix_perception_modules:/home/mscrobotics2425laptop42/interbotix_ws/install/interbotix_common_modules:/opt/ros/humble /usr/bin/cmake --install /home/mscrobotics2425laptop42/RoboticsSystemsDesignProject/build/leo_msgs
