[1.604s] Invoking command in '/home/mscrobotics2425laptop42/RoboticsSystemsDesignProject/src/simulation_package': PYTHONPATH=/home/mscrobotics2425laptop42/RoboticsSystemsDesignProject/build/simulation_package/prefix_override:/usr/lib/python3/dist-packages/colcon_core/task/python/colcon_distutils_commands:/home/mscrobotics2425laptop42/RoboticsSystemsDesignProject/install/simulation_package/lib/python3.10/site-packages:${PYTHONPATH} /usr/bin/python3 -W ignore:setup.py install is deprecated -W ignore:easy_install command is deprecated setup.py egg_info --egg-base ../../build/simulation_package build --build-base /home/mscrobotics2425laptop42/RoboticsSystemsDesignProject/build/simulation_package/build install --record /home/mscrobotics2425laptop42/RoboticsSystemsDesignProject/build/simulation_package/install.log --single-version-externally-managed install_data
[1.807s] running egg_info
[1.807s] writing ../../build/simulation_package/simulation_package.egg-info/PKG-INFO
[1.808s] writing dependency_links to ../../build/simulation_package/simulation_package.egg-info/dependency_links.txt
[1.808s] writing entry points to ../../build/simulation_package/simulation_package.egg-info/entry_points.txt
[1.808s] writing requirements to ../../build/simulation_package/simulation_package.egg-info/requires.txt
[1.808s] writing top-level names to ../../build/simulation_package/simulation_package.egg-info/top_level.txt
[1.812s] reading manifest file '../../build/simulation_package/simulation_package.egg-info/SOURCES.txt'
[1.814s] writing manifest file '../../build/simulation_package/simulation_package.egg-info/SOURCES.txt'
[1.814s] running build
[1.814s] running build_py
[1.815s] running install
[1.815s] running install_lib
[1.817s] running install_data
[1.819s] running install_egg_info
[1.822s] removing '/home/mscrobotics2425laptop42/RoboticsSystemsDesignProject/install/simulation_package/lib/python3.10/site-packages/simulation_package-0.0.0-py3.10.egg-info' (and everything under it)
[1.823s] Copying ../../build/simulation_package/simulation_package.egg-info to /home/mscrobotics2425laptop42/RoboticsSystemsDesignProject/install/simulation_package/lib/python3.10/site-packages/simulation_package-0.0.0-py3.10.egg-info
[1.824s] running install_scripts
[1.859s] writing list of installed files to '/home/mscrobotics2425laptop42/RoboticsSystemsDesignProject/build/simulation_package/install.log'
[1.897s] Invoked command in '/home/mscrobotics2425laptop42/RoboticsSystemsDesignProject/src/simulation_package' returned '0': PYTHONPATH=/home/mscrobotics2425laptop42/RoboticsSystemsDesignProject/build/simulation_package/prefix_override:/usr/lib/python3/dist-packages/colcon_core/task/python/colcon_distutils_commands:/home/mscrobotics2425laptop42/RoboticsSystemsDesignProject/install/simulation_package/lib/python3.10/site-packages:${PYTHONPATH} /usr/bin/python3 -W ignore:setup.py install is deprecated -W ignore:easy_install command is deprecated setup.py egg_info --egg-base ../../build/simulation_package build --build-base /home/mscrobotics2425laptop42/RoboticsSystemsDesignProject/build/simulation_package/build install --record /home/mscrobotics2425laptop42/RoboticsSystemsDesignProject/build/simulation_package/install.log --single-version-externally-managed install_data
