running egg_info
creating build/leo_simulation/leo_simulation.egg-info
writing build/leo_simulation/leo_simulation.egg-info/PKG-INFO
writing dependency_links to build/leo_simulation/leo_simulation.egg-info/dependency_links.txt
writing entry points to build/leo_simulation/leo_simulation.egg-info/entry_points.txt
writing requirements to build/leo_simulation/leo_simulation.egg-info/requires.txt
writing top-level names to build/leo_simulation/leo_simulation.egg-info/top_level.txt
writing manifest file 'build/leo_simulation/leo_simulation.egg-info/SOURCES.txt'
reading manifest file 'build/leo_simulation/leo_simulation.egg-info/SOURCES.txt'
writing manifest file 'build/leo_simulation/leo_simulation.egg-info/SOURCES.txt'
running build
running build_py
creating /home/delewlew/UoM-Robotics-Team8/src/leo_simulation/build/leo_simulation/build
creating /home/delewlew/UoM-Robotics-Team8/src/leo_simulation/build/leo_simulation/build/lib
creating /home/delewlew/UoM-Robotics-Team8/src/leo_simulation/build/leo_simulation/build/lib/leo_simulation
copying leo_simulation/__init__.py -> /home/delewlew/UoM-Robotics-Team8/src/leo_simulation/build/leo_simulation/build/lib/leo_simulation
running install
running install_lib
creating /home/delewlew/UoM-Robotics-Team8/src/leo_simulation/install/leo_simulation/lib/python3.10/site-packages/leo_simulation
copying /home/delewlew/UoM-Robotics-Team8/src/leo_simulation/build/leo_simulation/build/lib/leo_simulation/__init__.py -> /home/delewlew/UoM-Robotics-Team8/src/leo_simulation/install/leo_simulation/lib/python3.10/site-packages/leo_simulation
byte-compiling /home/delewlew/UoM-Robotics-Team8/src/leo_simulation/install/leo_simulation/lib/python3.10/site-packages/leo_simulation/__init__.py to __init__.cpython-310.pyc
running install_data
creating /home/delewlew/UoM-Robotics-Team8/src/leo_simulation/install/leo_simulation/share/ament_index
creating /home/delewlew/UoM-Robotics-Team8/src/leo_simulation/install/leo_simulation/share/ament_index/resource_index
creating /home/delewlew/UoM-Robotics-Team8/src/leo_simulation/install/leo_simulation/share/ament_index/resource_index/packages
copying resource/leo_simulation -> /home/delewlew/UoM-Robotics-Team8/src/leo_simulation/install/leo_simulation/share/ament_index/resource_index/packages
copying package.xml -> /home/delewlew/UoM-Robotics-Team8/src/leo_simulation/install/leo_simulation/share/leo_simulation
creating /home/delewlew/UoM-Robotics-Team8/src/leo_simulation/install/leo_simulation/share/leo_simulation/urdf
copying urdf/leo.urdf.xacro -> /home/delewlew/UoM-Robotics-Team8/src/leo_simulation/install/leo_simulation/share/leo_simulation/urdf
copying urdf/macros.xacro -> /home/delewlew/UoM-Robotics-Team8/src/leo_simulation/install/leo_simulation/share/leo_simulation/urdf
copying urdf/leo_sim.urdf.xacro -> /home/delewlew/UoM-Robotics-Team8/src/leo_simulation/install/leo_simulation/share/leo_simulation/urdf
creating /home/delewlew/UoM-Robotics-Team8/src/leo_simulation/install/leo_simulation/share/leo_simulation/meshes
copying meshes/Mecanum_wheel_outline.stl -> /home/delewlew/UoM-Robotics-Team8/src/leo_simulation/install/leo_simulation/share/leo_simulation/meshes
copying meshes/Wheel_outline.stl -> /home/delewlew/UoM-Robotics-Team8/src/leo_simulation/install/leo_simulation/share/leo_simulation/meshes
copying meshes/Generic_100mm_lidar.stl -> /home/delewlew/UoM-Robotics-Team8/src/leo_simulation/install/leo_simulation/share/leo_simulation/meshes
copying meshes/Chassis_outline.stl -> /home/delewlew/UoM-Robotics-Team8/src/leo_simulation/install/leo_simulation/share/leo_simulation/meshes
copying meshes/Rocker_outline.stl -> /home/delewlew/UoM-Robotics-Team8/src/leo_simulation/install/leo_simulation/share/leo_simulation/meshes
creating /home/delewlew/UoM-Robotics-Team8/src/leo_simulation/install/leo_simulation/share/leo_simulation/worlds
creating /home/delewlew/UoM-Robotics-Team8/src/leo_simulation/install/leo_simulation/share/leo_simulation/launch
copying launch/simulation.launch.py -> /home/delewlew/UoM-Robotics-Team8/src/leo_simulation/install/leo_simulation/share/leo_simulation/launch
running install_egg_info
Copying build/leo_simulation/leo_simulation.egg-info to /home/delewlew/UoM-Robotics-Team8/src/leo_simulation/install/leo_simulation/lib/python3.10/site-packages/leo_simulation-0.0.0-py3.10.egg-info
running install_scripts
writing list of installed files to '/home/delewlew/UoM-Robotics-Team8/src/leo_simulation/build/leo_simulation/install.log'
