[0.181s] DEBUG:colcon:Command line arguments: ['/usr/bin/colcon', 'list', '-p', '--base-paths', '/home/mscrobotics2425laptop42/RoboticsSystemsDesignProject']
[0.181s] DEBUG:colcon:Parsed command line arguments: Namespace(log_base=None, log_level=None, verb_name='list', build_base='build', ignore_user_meta=False, metas=['./colcon.meta'], base_paths=['/home/mscrobotics2425laptop42/RoboticsSystemsDesignProject'], packages_ignore=None, packages_ignore_regex=None, paths=None, packages_up_to=None, packages_up_to_regex=None, packages_above=None, packages_above_and_dependencies=None, packages_above_depth=None, packages_select_by_dep=None, packages_skip_by_dep=None, packages_skip_up_to=None, packages_select_build_failed=False, packages_skip_build_finished=False, packages_select_test_failures=False, packages_skip_test_passed=False, packages_select=None, packages_skip=None, packages_select_regex=None, packages_skip_regex=None, packages_start=None, packages_end=None, allow_overriding=[], topological_order=False, names_only=False, paths_only=True, topological_graph=False, topological_graph_dot=False, topological_graph_density=False, topological_graph_legend=False, topological_graph_dot_cluster=False, topological_graph_dot_include_skipped=False, mixin_files=None, mixin=None, verb_parser=<colcon_mixin.mixin.mixin_argument.MixinArgumentDecorator object at 0x7a66a356bc70>, verb_extension=<colcon_package_information.verb.list.ListVerb object at 0x7a66a36b0130>, main=<bound method ListVerb.main of <colcon_package_information.verb.list.ListVerb object at 0x7a66a36b0130>>, mixin_verb=('list',))
[0.381s] Level 1:colcon.colcon_core.package_discovery:discover_packages(colcon_meta) check parameters
[0.381s] Level 1:colcon.colcon_core.package_discovery:discover_packages(recursive) check parameters
[0.381s] Level 1:colcon.colcon_core.package_discovery:discover_packages(ignore) check parameters
[0.381s] Level 1:colcon.colcon_core.package_discovery:discover_packages(path) check parameters
[0.381s] Level 1:colcon.colcon_core.package_discovery:discover_packages(recursive) discover
[0.381s] INFO:colcon.colcon_core.package_discovery:Crawling recursively for packages in '/home/mscrobotics2425laptop42/RoboticsSystemsDesignProject'
[0.381s] Level 1:colcon.colcon_core.package_identification:_identify(/home/mscrobotics2425laptop42/RoboticsSystemsDesignProject) by extensions ['ignore', 'ignore_ament_install']
[0.381s] Level 1:colcon.colcon_core.package_identification:_identify(/home/mscrobotics2425laptop42/RoboticsSystemsDesignProject) by extension 'ignore'
[0.381s] Level 1:colcon.colcon_core.package_identification:_identify(/home/mscrobotics2425laptop42/RoboticsSystemsDesignProject) by extension 'ignore_ament_install'
[0.381s] Level 1:colcon.colcon_core.package_identification:_identify(/home/mscrobotics2425laptop42/RoboticsSystemsDesignProject) by extensions ['colcon_pkg']
[0.381s] Level 1:colcon.colcon_core.package_identification:_identify(/home/mscrobotics2425laptop42/RoboticsSystemsDesignProject) by extension 'colcon_pkg'
[0.381s] Level 1:colcon.colcon_core.package_identification:_identify(/home/mscrobotics2425laptop42/RoboticsSystemsDesignProject) by extensions ['colcon_meta']
[0.381s] Level 1:colcon.colcon_core.package_identification:_identify(/home/mscrobotics2425laptop42/RoboticsSystemsDesignProject) by extension 'colcon_meta'
[0.381s] Level 1:colcon.colcon_core.package_identification:_identify(/home/mscrobotics2425laptop42/RoboticsSystemsDesignProject) by extensions ['ros']
[0.381s] Level 1:colcon.colcon_core.package_identification:_identify(/home/mscrobotics2425laptop42/RoboticsSystemsDesignProject) by extension 'ros'
[0.391s] Level 1:colcon.colcon_core.package_identification:_identify(/home/mscrobotics2425laptop42/RoboticsSystemsDesignProject) by extensions ['cmake', 'python']
[0.391s] Level 1:colcon.colcon_core.package_identification:_identify(/home/mscrobotics2425laptop42/RoboticsSystemsDesignProject) by extension 'cmake'
[0.391s] Level 1:colcon.colcon_core.package_identification:_identify(/home/mscrobotics2425laptop42/RoboticsSystemsDesignProject) by extension 'python'
[0.391s] Level 1:colcon.colcon_core.package_identification:_identify(/home/mscrobotics2425laptop42/RoboticsSystemsDesignProject) by extensions ['python_setup_py']
[0.391s] Level 1:colcon.colcon_core.package_identification:_identify(/home/mscrobotics2425laptop42/RoboticsSystemsDesignProject) by extension 'python_setup_py'
[0.391s] Level 1:colcon.colcon_core.package_identification:_identify(/home/mscrobotics2425laptop42/RoboticsSystemsDesignProject/CAD Files) by extensions ['ignore', 'ignore_ament_install']
[0.391s] Level 1:colcon.colcon_core.package_identification:_identify(/home/mscrobotics2425laptop42/RoboticsSystemsDesignProject/CAD Files) by extension 'ignore'
[0.391s] Level 1:colcon.colcon_core.package_identification:_identify(/home/mscrobotics2425laptop42/RoboticsSystemsDesignProject/CAD Files) by extension 'ignore_ament_install'
[0.391s] Level 1:colcon.colcon_core.package_identification:_identify(/home/mscrobotics2425laptop42/RoboticsSystemsDesignProject/CAD Files) by extensions ['colcon_pkg']
[0.391s] Level 1:colcon.colcon_core.package_identification:_identify(/home/mscrobotics2425laptop42/RoboticsSystemsDesignProject/CAD Files) by extension 'colcon_pkg'
[0.391s] Level 1:colcon.colcon_core.package_identification:_identify(/home/mscrobotics2425laptop42/RoboticsSystemsDesignProject/CAD Files) by extensions ['colcon_meta']
[0.391s] Level 1:colcon.colcon_core.package_identification:_identify(/home/mscrobotics2425laptop42/RoboticsSystemsDesignProject/CAD Files) by extension 'colcon_meta'
[0.391s] Level 1:colcon.colcon_core.package_identification:_identify(/home/mscrobotics2425laptop42/RoboticsSystemsDesignProject/CAD Files) by extensions ['ros']
[0.391s] Level 1:colcon.colcon_core.package_identification:_identify(/home/mscrobotics2425laptop42/RoboticsSystemsDesignProject/CAD Files) by extension 'ros'
[0.391s] Level 1:colcon.colcon_core.package_identification:_identify(/home/mscrobotics2425laptop42/RoboticsSystemsDesignProject/CAD Files) by extensions ['cmake', 'python']
[0.391s] Level 1:colcon.colcon_core.package_identification:_identify(/home/mscrobotics2425laptop42/RoboticsSystemsDesignProject/CAD Files) by extension 'cmake'
[0.391s] Level 1:colcon.colcon_core.package_identification:_identify(/home/mscrobotics2425laptop42/RoboticsSystemsDesignProject/CAD Files) by extension 'python'
[0.391s] Level 1:colcon.colcon_core.package_identification:_identify(/home/mscrobotics2425laptop42/RoboticsSystemsDesignProject/CAD Files) by extensions ['python_setup_py']
[0.391s] Level 1:colcon.colcon_core.package_identification:_identify(/home/mscrobotics2425laptop42/RoboticsSystemsDesignProject/CAD Files) by extension 'python_setup_py'
[0.392s] Level 1:colcon.colcon_core.package_identification:_identify(/home/mscrobotics2425laptop42/RoboticsSystemsDesignProject/log) by extensions ['ignore', 'ignore_ament_install']
[0.392s] Level 1:colcon.colcon_core.package_identification:_identify(/home/mscrobotics2425laptop42/RoboticsSystemsDesignProject/log) by extension 'ignore'
[0.392s] Level 1:colcon.colcon_core.package_identification:_identify(/home/mscrobotics2425laptop42/RoboticsSystemsDesignProject/log) ignored
[0.392s] Level 1:colcon.colcon_core.package_identification:_identify(/home/mscrobotics2425laptop42/RoboticsSystemsDesignProject/src) by extensions ['ignore', 'ignore_ament_install']
[0.392s] Level 1:colcon.colcon_core.package_identification:_identify(/home/mscrobotics2425laptop42/RoboticsSystemsDesignProject/src) by extension 'ignore'
[0.392s] Level 1:colcon.colcon_core.package_identification:_identify(/home/mscrobotics2425laptop42/RoboticsSystemsDesignProject/src) by extension 'ignore_ament_install'
[0.392s] Level 1:colcon.colcon_core.package_identification:_identify(/home/mscrobotics2425laptop42/RoboticsSystemsDesignProject/src) by extensions ['colcon_pkg']
[0.392s] Level 1:colcon.colcon_core.package_identification:_identify(/home/mscrobotics2425laptop42/RoboticsSystemsDesignProject/src) by extension 'colcon_pkg'
[0.392s] Level 1:colcon.colcon_core.package_identification:_identify(/home/mscrobotics2425laptop42/RoboticsSystemsDesignProject/src) by extensions ['colcon_meta']
[0.392s] Level 1:colcon.colcon_core.package_identification:_identify(/home/mscrobotics2425laptop42/RoboticsSystemsDesignProject/src) by extension 'colcon_meta'
[0.392s] Level 1:colcon.colcon_core.package_identification:_identify(/home/mscrobotics2425laptop42/RoboticsSystemsDesignProject/src) by extensions ['ros']
[0.392s] Level 1:colcon.colcon_core.package_identification:_identify(/home/mscrobotics2425laptop42/RoboticsSystemsDesignProject/src) by extension 'ros'
[0.392s] Level 1:colcon.colcon_core.package_identification:_identify(/home/mscrobotics2425laptop42/RoboticsSystemsDesignProject/src) by extensions ['cmake', 'python']
[0.392s] Level 1:colcon.colcon_core.package_identification:_identify(/home/mscrobotics2425laptop42/RoboticsSystemsDesignProject/src) by extension 'cmake'
[0.392s] Level 1:colcon.colcon_core.package_identification:_identify(/home/mscrobotics2425laptop42/RoboticsSystemsDesignProject/src) by extension 'python'
[0.392s] Level 1:colcon.colcon_core.package_identification:_identify(/home/mscrobotics2425laptop42/RoboticsSystemsDesignProject/src) by extensions ['python_setup_py']
[0.392s] Level 1:colcon.colcon_core.package_identification:_identify(/home/mscrobotics2425laptop42/RoboticsSystemsDesignProject/src) by extension 'python_setup_py'
[0.392s] Level 1:colcon.colcon_core.package_identification:_identify(/home/mscrobotics2425laptop42/RoboticsSystemsDesignProject/src/hardware_package) by extensions ['ignore', 'ignore_ament_install']
[0.392s] Level 1:colcon.colcon_core.package_identification:_identify(/home/mscrobotics2425laptop42/RoboticsSystemsDesignProject/src/hardware_package) by extension 'ignore'
[0.392s] Level 1:colcon.colcon_core.package_identification:_identify(/home/mscrobotics2425laptop42/RoboticsSystemsDesignProject/src/hardware_package) by extension 'ignore_ament_install'
[0.392s] Level 1:colcon.colcon_core.package_identification:_identify(/home/mscrobotics2425laptop42/RoboticsSystemsDesignProject/src/hardware_package) by extensions ['colcon_pkg']
[0.392s] Level 1:colcon.colcon_core.package_identification:_identify(/home/mscrobotics2425laptop42/RoboticsSystemsDesignProject/src/hardware_package) by extension 'colcon_pkg'
[0.392s] Level 1:colcon.colcon_core.package_identification:_identify(/home/mscrobotics2425laptop42/RoboticsSystemsDesignProject/src/hardware_package) by extensions ['colcon_meta']
[0.392s] Level 1:colcon.colcon_core.package_identification:_identify(/home/mscrobotics2425laptop42/RoboticsSystemsDesignProject/src/hardware_package) by extension 'colcon_meta'
[0.392s] Level 1:colcon.colcon_core.package_identification:_identify(/home/mscrobotics2425laptop42/RoboticsSystemsDesignProject/src/hardware_package) by extensions ['ros']
[0.392s] Level 1:colcon.colcon_core.package_identification:_identify(/home/mscrobotics2425laptop42/RoboticsSystemsDesignProject/src/hardware_package) by extension 'ros'
[0.395s] DEBUG:colcon.colcon_core.package_identification:Package '/home/mscrobotics2425laptop42/RoboticsSystemsDesignProject/src/hardware_package' with type 'ros.ament_python' and name 'hardware_package'
[0.395s] Level 1:colcon.colcon_core.package_identification:_identify(/home/mscrobotics2425laptop42/RoboticsSystemsDesignProject/src/leo_common-ros2-humble) by extensions ['ignore', 'ignore_ament_install']
[0.395s] Level 1:colcon.colcon_core.package_identification:_identify(/home/mscrobotics2425laptop42/RoboticsSystemsDesignProject/src/leo_common-ros2-humble) by extension 'ignore'
[0.395s] Level 1:colcon.colcon_core.package_identification:_identify(/home/mscrobotics2425laptop42/RoboticsSystemsDesignProject/src/leo_common-ros2-humble) by extension 'ignore_ament_install'
[0.395s] Level 1:colcon.colcon_core.package_identification:_identify(/home/mscrobotics2425laptop42/RoboticsSystemsDesignProject/src/leo_common-ros2-humble) by extensions ['colcon_pkg']
[0.395s] Level 1:colcon.colcon_core.package_identification:_identify(/home/mscrobotics2425laptop42/RoboticsSystemsDesignProject/src/leo_common-ros2-humble) by extension 'colcon_pkg'
[0.395s] Level 1:colcon.colcon_core.package_identification:_identify(/home/mscrobotics2425laptop42/RoboticsSystemsDesignProject/src/leo_common-ros2-humble) by extensions ['colcon_meta']
[0.395s] Level 1:colcon.colcon_core.package_identification:_identify(/home/mscrobotics2425laptop42/RoboticsSystemsDesignProject/src/leo_common-ros2-humble) by extension 'colcon_meta'
[0.395s] Level 1:colcon.colcon_core.package_identification:_identify(/home/mscrobotics2425laptop42/RoboticsSystemsDesignProject/src/leo_common-ros2-humble) by extensions ['ros']
[0.395s] Level 1:colcon.colcon_core.package_identification:_identify(/home/mscrobotics2425laptop42/RoboticsSystemsDesignProject/src/leo_common-ros2-humble) by extension 'ros'
[0.395s] Level 1:colcon.colcon_core.package_identification:_identify(/home/mscrobotics2425laptop42/RoboticsSystemsDesignProject/src/leo_common-ros2-humble) by extensions ['cmake', 'python']
[0.395s] Level 1:colcon.colcon_core.package_identification:_identify(/home/mscrobotics2425laptop42/RoboticsSystemsDesignProject/src/leo_common-ros2-humble) by extension 'cmake'
[0.395s] Level 1:colcon.colcon_core.package_identification:_identify(/home/mscrobotics2425laptop42/RoboticsSystemsDesignProject/src/leo_common-ros2-humble) by extension 'python'
[0.395s] Level 1:colcon.colcon_core.package_identification:_identify(/home/mscrobotics2425laptop42/RoboticsSystemsDesignProject/src/leo_common-ros2-humble) by extensions ['python_setup_py']
[0.395s] Level 1:colcon.colcon_core.package_identification:_identify(/home/mscrobotics2425laptop42/RoboticsSystemsDesignProject/src/leo_common-ros2-humble) by extension 'python_setup_py'
[0.396s] Level 1:colcon.colcon_core.package_identification:_identify(/home/mscrobotics2425laptop42/RoboticsSystemsDesignProject/src/leo_common-ros2-humble/leo) by extensions ['ignore', 'ignore_ament_install']
[0.396s] Level 1:colcon.colcon_core.package_identification:_identify(/home/mscrobotics2425laptop42/RoboticsSystemsDesignProject/src/leo_common-ros2-humble/leo) by extension 'ignore'
[0.396s] Level 1:colcon.colcon_core.package_identification:_identify(/home/mscrobotics2425laptop42/RoboticsSystemsDesignProject/src/leo_common-ros2-humble/leo) by extension 'ignore_ament_install'
[0.396s] Level 1:colcon.colcon_core.package_identification:_identify(/home/mscrobotics2425laptop42/RoboticsSystemsDesignProject/src/leo_common-ros2-humble/leo) by extensions ['colcon_pkg']
[0.396s] Level 1:colcon.colcon_core.package_identification:_identify(/home/mscrobotics2425laptop42/RoboticsSystemsDesignProject/src/leo_common-ros2-humble/leo) by extension 'colcon_pkg'
[0.396s] Level 1:colcon.colcon_core.package_identification:_identify(/home/mscrobotics2425laptop42/RoboticsSystemsDesignProject/src/leo_common-ros2-humble/leo) by extensions ['colcon_meta']
[0.396s] Level 1:colcon.colcon_core.package_identification:_identify(/home/mscrobotics2425laptop42/RoboticsSystemsDesignProject/src/leo_common-ros2-humble/leo) by extension 'colcon_meta'
[0.396s] Level 1:colcon.colcon_core.package_identification:_identify(/home/mscrobotics2425laptop42/RoboticsSystemsDesignProject/src/leo_common-ros2-humble/leo) by extensions ['ros']
[0.396s] Level 1:colcon.colcon_core.package_identification:_identify(/home/mscrobotics2425laptop42/RoboticsSystemsDesignProject/src/leo_common-ros2-humble/leo) by extension 'ros'
[0.396s] DEBUG:colcon.colcon_core.package_identification:Package '/home/mscrobotics2425laptop42/RoboticsSystemsDesignProject/src/leo_common-ros2-humble/leo' with type 'ros.ament_cmake' and name 'leo'
[0.397s] Level 1:colcon.colcon_core.package_identification:_identify(/home/mscrobotics2425laptop42/RoboticsSystemsDesignProject/src/leo_common-ros2-humble/leo_description) by extensions ['ignore', 'ignore_ament_install']
[0.397s] Level 1:colcon.colcon_core.package_identification:_identify(/home/mscrobotics2425laptop42/RoboticsSystemsDesignProject/src/leo_common-ros2-humble/leo_description) by extension 'ignore'
[0.397s] Level 1:colcon.colcon_core.package_identification:_identify(/home/mscrobotics2425laptop42/RoboticsSystemsDesignProject/src/leo_common-ros2-humble/leo_description) by extension 'ignore_ament_install'
[0.397s] Level 1:colcon.colcon_core.package_identification:_identify(/home/mscrobotics2425laptop42/RoboticsSystemsDesignProject/src/leo_common-ros2-humble/leo_description) by extensions ['colcon_pkg']
[0.397s] Level 1:colcon.colcon_core.package_identification:_identify(/home/mscrobotics2425laptop42/RoboticsSystemsDesignProject/src/leo_common-ros2-humble/leo_description) by extension 'colcon_pkg'
[0.397s] Level 1:colcon.colcon_core.package_identification:_identify(/home/mscrobotics2425laptop42/RoboticsSystemsDesignProject/src/leo_common-ros2-humble/leo_description) by extensions ['colcon_meta']
[0.397s] Level 1:colcon.colcon_core.package_identification:_identify(/home/mscrobotics2425laptop42/RoboticsSystemsDesignProject/src/leo_common-ros2-humble/leo_description) by extension 'colcon_meta'
[0.397s] Level 1:colcon.colcon_core.package_identification:_identify(/home/mscrobotics2425laptop42/RoboticsSystemsDesignProject/src/leo_common-ros2-humble/leo_description) by extensions ['ros']
[0.397s] Level 1:colcon.colcon_core.package_identification:_identify(/home/mscrobotics2425laptop42/RoboticsSystemsDesignProject/src/leo_common-ros2-humble/leo_description) by extension 'ros'
[0.397s] DEBUG:colcon.colcon_core.package_identification:Package '/home/mscrobotics2425laptop42/RoboticsSystemsDesignProject/src/leo_common-ros2-humble/leo_description' with type 'ros.ament_cmake' and name 'leo_description'
[0.397s] Level 1:colcon.colcon_core.package_identification:_identify(/home/mscrobotics2425laptop42/RoboticsSystemsDesignProject/src/leo_common-ros2-humble/leo_msgs) by extensions ['ignore', 'ignore_ament_install']
[0.398s] Level 1:colcon.colcon_core.package_identification:_identify(/home/mscrobotics2425laptop42/RoboticsSystemsDesignProject/src/leo_common-ros2-humble/leo_msgs) by extension 'ignore'
[0.398s] Level 1:colcon.colcon_core.package_identification:_identify(/home/mscrobotics2425laptop42/RoboticsSystemsDesignProject/src/leo_common-ros2-humble/leo_msgs) by extension 'ignore_ament_install'
[0.398s] Level 1:colcon.colcon_core.package_identification:_identify(/home/mscrobotics2425laptop42/RoboticsSystemsDesignProject/src/leo_common-ros2-humble/leo_msgs) by extensions ['colcon_pkg']
[0.398s] Level 1:colcon.colcon_core.package_identification:_identify(/home/mscrobotics2425laptop42/RoboticsSystemsDesignProject/src/leo_common-ros2-humble/leo_msgs) by extension 'colcon_pkg'
[0.398s] Level 1:colcon.colcon_core.package_identification:_identify(/home/mscrobotics2425laptop42/RoboticsSystemsDesignProject/src/leo_common-ros2-humble/leo_msgs) by extensions ['colcon_meta']
[0.398s] Level 1:colcon.colcon_core.package_identification:_identify(/home/mscrobotics2425laptop42/RoboticsSystemsDesignProject/src/leo_common-ros2-humble/leo_msgs) by extension 'colcon_meta'
[0.398s] Level 1:colcon.colcon_core.package_identification:_identify(/home/mscrobotics2425laptop42/RoboticsSystemsDesignProject/src/leo_common-ros2-humble/leo_msgs) by extensions ['ros']
[0.398s] Level 1:colcon.colcon_core.package_identification:_identify(/home/mscrobotics2425laptop42/RoboticsSystemsDesignProject/src/leo_common-ros2-humble/leo_msgs) by extension 'ros'
[0.398s] DEBUG:colcon.colcon_core.package_identification:Package '/home/mscrobotics2425laptop42/RoboticsSystemsDesignProject/src/leo_common-ros2-humble/leo_msgs' with type 'ros.ament_cmake' and name 'leo_msgs'
[0.398s] Level 1:colcon.colcon_core.package_identification:_identify(/home/mscrobotics2425laptop42/RoboticsSystemsDesignProject/src/leo_common-ros2-humble/leo_teleop) by extensions ['ignore', 'ignore_ament_install']
[0.398s] Level 1:colcon.colcon_core.package_identification:_identify(/home/mscrobotics2425laptop42/RoboticsSystemsDesignProject/src/leo_common-ros2-humble/leo_teleop) by extension 'ignore'
[0.399s] Level 1:colcon.colcon_core.package_identification:_identify(/home/mscrobotics2425laptop42/RoboticsSystemsDesignProject/src/leo_common-ros2-humble/leo_teleop) by extension 'ignore_ament_install'
[0.399s] Level 1:colcon.colcon_core.package_identification:_identify(/home/mscrobotics2425laptop42/RoboticsSystemsDesignProject/src/leo_common-ros2-humble/leo_teleop) by extensions ['colcon_pkg']
[0.399s] Level 1:colcon.colcon_core.package_identification:_identify(/home/mscrobotics2425laptop42/RoboticsSystemsDesignProject/src/leo_common-ros2-humble/leo_teleop) by extension 'colcon_pkg'
[0.399s] Level 1:colcon.colcon_core.package_identification:_identify(/home/mscrobotics2425laptop42/RoboticsSystemsDesignProject/src/leo_common-ros2-humble/leo_teleop) by extensions ['colcon_meta']
[0.399s] Level 1:colcon.colcon_core.package_identification:_identify(/home/mscrobotics2425laptop42/RoboticsSystemsDesignProject/src/leo_common-ros2-humble/leo_teleop) by extension 'colcon_meta'
[0.399s] Level 1:colcon.colcon_core.package_identification:_identify(/home/mscrobotics2425laptop42/RoboticsSystemsDesignProject/src/leo_common-ros2-humble/leo_teleop) by extensions ['ros']
[0.399s] Level 1:colcon.colcon_core.package_identification:_identify(/home/mscrobotics2425laptop42/RoboticsSystemsDesignProject/src/leo_common-ros2-humble/leo_teleop) by extension 'ros'
[0.399s] DEBUG:colcon.colcon_core.package_identification:Package '/home/mscrobotics2425laptop42/RoboticsSystemsDesignProject/src/leo_common-ros2-humble/leo_teleop' with type 'ros.ament_cmake' and name 'leo_teleop'
[0.399s] Level 1:colcon.colcon_core.package_identification:_identify(/home/mscrobotics2425laptop42/RoboticsSystemsDesignProject/src/m-explore-ros2) by extensions ['ignore', 'ignore_ament_install']
[0.399s] Level 1:colcon.colcon_core.package_identification:_identify(/home/mscrobotics2425laptop42/RoboticsSystemsDesignProject/src/m-explore-ros2) by extension 'ignore'
[0.399s] Level 1:colcon.colcon_core.package_identification:_identify(/home/mscrobotics2425laptop42/RoboticsSystemsDesignProject/src/m-explore-ros2) by extension 'ignore_ament_install'
[0.399s] Level 1:colcon.colcon_core.package_identification:_identify(/home/mscrobotics2425laptop42/RoboticsSystemsDesignProject/src/m-explore-ros2) by extensions ['colcon_pkg']
[0.399s] Level 1:colcon.colcon_core.package_identification:_identify(/home/mscrobotics2425laptop42/RoboticsSystemsDesignProject/src/m-explore-ros2) by extension 'colcon_pkg'
[0.399s] Level 1:colcon.colcon_core.package_identification:_identify(/home/mscrobotics2425laptop42/RoboticsSystemsDesignProject/src/m-explore-ros2) by extensions ['colcon_meta']
[0.399s] Level 1:colcon.colcon_core.package_identification:_identify(/home/mscrobotics2425laptop42/RoboticsSystemsDesignProject/src/m-explore-ros2) by extension 'colcon_meta'
[0.399s] Level 1:colcon.colcon_core.package_identification:_identify(/home/mscrobotics2425laptop42/RoboticsSystemsDesignProject/src/m-explore-ros2) by extensions ['ros']
[0.399s] Level 1:colcon.colcon_core.package_identification:_identify(/home/mscrobotics2425laptop42/RoboticsSystemsDesignProject/src/m-explore-ros2) by extension 'ros'
[0.400s] Level 1:colcon.colcon_core.package_identification:_identify(/home/mscrobotics2425laptop42/RoboticsSystemsDesignProject/src/m-explore-ros2) by extensions ['cmake', 'python']
[0.400s] Level 1:colcon.colcon_core.package_identification:_identify(/home/mscrobotics2425laptop42/RoboticsSystemsDesignProject/src/m-explore-ros2) by extension 'cmake'
[0.400s] Level 1:colcon.colcon_core.package_identification:_identify(/home/mscrobotics2425laptop42/RoboticsSystemsDesignProject/src/m-explore-ros2) by extension 'python'
[0.400s] Level 1:colcon.colcon_core.package_identification:_identify(/home/mscrobotics2425laptop42/RoboticsSystemsDesignProject/src/m-explore-ros2) by extensions ['python_setup_py']
[0.400s] Level 1:colcon.colcon_core.package_identification:_identify(/home/mscrobotics2425laptop42/RoboticsSystemsDesignProject/src/m-explore-ros2) by extension 'python_setup_py'
[0.400s] Level 1:colcon.colcon_core.package_identification:_identify(/home/mscrobotics2425laptop42/RoboticsSystemsDesignProject/src/object_detection) by extensions ['ignore', 'ignore_ament_install']
[0.400s] Level 1:colcon.colcon_core.package_identification:_identify(/home/mscrobotics2425laptop42/RoboticsSystemsDesignProject/src/object_detection) by extension 'ignore'
[0.400s] Level 1:colcon.colcon_core.package_identification:_identify(/home/mscrobotics2425laptop42/RoboticsSystemsDesignProject/src/object_detection) by extension 'ignore_ament_install'
[0.400s] Level 1:colcon.colcon_core.package_identification:_identify(/home/mscrobotics2425laptop42/RoboticsSystemsDesignProject/src/object_detection) by extensions ['colcon_pkg']
[0.400s] Level 1:colcon.colcon_core.package_identification:_identify(/home/mscrobotics2425laptop42/RoboticsSystemsDesignProject/src/object_detection) by extension 'colcon_pkg'
[0.400s] Level 1:colcon.colcon_core.package_identification:_identify(/home/mscrobotics2425laptop42/RoboticsSystemsDesignProject/src/object_detection) by extensions ['colcon_meta']
[0.400s] Level 1:colcon.colcon_core.package_identification:_identify(/home/mscrobotics2425laptop42/RoboticsSystemsDesignProject/src/object_detection) by extension 'colcon_meta'
[0.400s] Level 1:colcon.colcon_core.package_identification:_identify(/home/mscrobotics2425laptop42/RoboticsSystemsDesignProject/src/object_detection) by extensions ['ros']
[0.400s] Level 1:colcon.colcon_core.package_identification:_identify(/home/mscrobotics2425laptop42/RoboticsSystemsDesignProject/src/object_detection) by extension 'ros'
[0.400s] Level 1:colcon.colcon_core.package_identification:_identify(/home/mscrobotics2425laptop42/RoboticsSystemsDesignProject/src/object_detection) by extensions ['cmake', 'python']
[0.400s] Level 1:colcon.colcon_core.package_identification:_identify(/home/mscrobotics2425laptop42/RoboticsSystemsDesignProject/src/object_detection) by extension 'cmake'
[0.400s] Level 1:colcon.colcon_core.package_identification:_identify(/home/mscrobotics2425laptop42/RoboticsSystemsDesignProject/src/object_detection) by extension 'python'
[0.400s] Level 1:colcon.colcon_core.package_identification:_identify(/home/mscrobotics2425laptop42/RoboticsSystemsDesignProject/src/object_detection) by extensions ['python_setup_py']
[0.400s] Level 1:colcon.colcon_core.package_identification:_identify(/home/mscrobotics2425laptop42/RoboticsSystemsDesignProject/src/object_detection) by extension 'python_setup_py'
[0.400s] Level 1:colcon.colcon_core.package_identification:_identify(/home/mscrobotics2425laptop42/RoboticsSystemsDesignProject/src/object_detection/object_detect_package) by extensions ['ignore', 'ignore_ament_install']
[0.400s] Level 1:colcon.colcon_core.package_identification:_identify(/home/mscrobotics2425laptop42/RoboticsSystemsDesignProject/src/object_detection/object_detect_package) by extension 'ignore'
[0.400s] Level 1:colcon.colcon_core.package_identification:_identify(/home/mscrobotics2425laptop42/RoboticsSystemsDesignProject/src/object_detection/object_detect_package) by extension 'ignore_ament_install'
[0.400s] Level 1:colcon.colcon_core.package_identification:_identify(/home/mscrobotics2425laptop42/RoboticsSystemsDesignProject/src/object_detection/object_detect_package) by extensions ['colcon_pkg']
[0.400s] Level 1:colcon.colcon_core.package_identification:_identify(/home/mscrobotics2425laptop42/RoboticsSystemsDesignProject/src/object_detection/object_detect_package) by extension 'colcon_pkg'
[0.400s] Level 1:colcon.colcon_core.package_identification:_identify(/home/mscrobotics2425laptop42/RoboticsSystemsDesignProject/src/object_detection/object_detect_package) by extensions ['colcon_meta']
[0.400s] Level 1:colcon.colcon_core.package_identification:_identify(/home/mscrobotics2425laptop42/RoboticsSystemsDesignProject/src/object_detection/object_detect_package) by extension 'colcon_meta'
[0.400s] Level 1:colcon.colcon_core.package_identification:_identify(/home/mscrobotics2425laptop42/RoboticsSystemsDesignProject/src/object_detection/object_detect_package) by extensions ['ros']
[0.400s] Level 1:colcon.colcon_core.package_identification:_identify(/home/mscrobotics2425laptop42/RoboticsSystemsDesignProject/src/object_detection/object_detect_package) by extension 'ros'
[0.401s] DEBUG:colcon.colcon_core.package_identification:Package '/home/mscrobotics2425laptop42/RoboticsSystemsDesignProject/src/object_detection/object_detect_package' with type 'ros.ament_python' and name 'object_detect_package'
[0.401s] Level 1:colcon.colcon_core.package_identification:_identify(/home/mscrobotics2425laptop42/RoboticsSystemsDesignProject/src/px100_control) by extensions ['ignore', 'ignore_ament_install']
[0.401s] Level 1:colcon.colcon_core.package_identification:_identify(/home/mscrobotics2425laptop42/RoboticsSystemsDesignProject/src/px100_control) by extension 'ignore'
[0.401s] Level 1:colcon.colcon_core.package_identification:_identify(/home/mscrobotics2425laptop42/RoboticsSystemsDesignProject/src/px100_control) by extension 'ignore_ament_install'
[0.401s] Level 1:colcon.colcon_core.package_identification:_identify(/home/mscrobotics2425laptop42/RoboticsSystemsDesignProject/src/px100_control) by extensions ['colcon_pkg']
[0.401s] Level 1:colcon.colcon_core.package_identification:_identify(/home/mscrobotics2425laptop42/RoboticsSystemsDesignProject/src/px100_control) by extension 'colcon_pkg'
[0.401s] Level 1:colcon.colcon_core.package_identification:_identify(/home/mscrobotics2425laptop42/RoboticsSystemsDesignProject/src/px100_control) by extensions ['colcon_meta']
[0.401s] Level 1:colcon.colcon_core.package_identification:_identify(/home/mscrobotics2425laptop42/RoboticsSystemsDesignProject/src/px100_control) by extension 'colcon_meta'
[0.401s] Level 1:colcon.colcon_core.package_identification:_identify(/home/mscrobotics2425laptop42/RoboticsSystemsDesignProject/src/px100_control) by extensions ['ros']
[0.401s] Level 1:colcon.colcon_core.package_identification:_identify(/home/mscrobotics2425laptop42/RoboticsSystemsDesignProject/src/px100_control) by extension 'ros'
[0.402s] DEBUG:colcon.colcon_core.package_identification:Package '/home/mscrobotics2425laptop42/RoboticsSystemsDesignProject/src/px100_control' with type 'ros.ament_python' and name 'px100_control'
[0.402s] Level 1:colcon.colcon_core.package_identification:_identify(/home/mscrobotics2425laptop42/RoboticsSystemsDesignProject/src/robot_localization) by extensions ['ignore', 'ignore_ament_install']
[0.402s] Level 1:colcon.colcon_core.package_identification:_identify(/home/mscrobotics2425laptop42/RoboticsSystemsDesignProject/src/robot_localization) by extension 'ignore'
[0.402s] Level 1:colcon.colcon_core.package_identification:_identify(/home/mscrobotics2425laptop42/RoboticsSystemsDesignProject/src/robot_localization) by extension 'ignore_ament_install'
[0.402s] Level 1:colcon.colcon_core.package_identification:_identify(/home/mscrobotics2425laptop42/RoboticsSystemsDesignProject/src/robot_localization) by extensions ['colcon_pkg']
[0.402s] Level 1:colcon.colcon_core.package_identification:_identify(/home/mscrobotics2425laptop42/RoboticsSystemsDesignProject/src/robot_localization) by extension 'colcon_pkg'
[0.402s] Level 1:colcon.colcon_core.package_identification:_identify(/home/mscrobotics2425laptop42/RoboticsSystemsDesignProject/src/robot_localization) by extensions ['colcon_meta']
[0.402s] Level 1:colcon.colcon_core.package_identification:_identify(/home/mscrobotics2425laptop42/RoboticsSystemsDesignProject/src/robot_localization) by extension 'colcon_meta'
[0.402s] Level 1:colcon.colcon_core.package_identification:_identify(/home/mscrobotics2425laptop42/RoboticsSystemsDesignProject/src/robot_localization) by extensions ['ros']
[0.402s] Level 1:colcon.colcon_core.package_identification:_identify(/home/mscrobotics2425laptop42/RoboticsSystemsDesignProject/src/robot_localization) by extension 'ros'
[0.402s] Level 1:colcon.colcon_core.package_identification:_identify(/home/mscrobotics2425laptop42/RoboticsSystemsDesignProject/src/robot_localization) by extensions ['cmake', 'python']
[0.402s] Level 1:colcon.colcon_core.package_identification:_identify(/home/mscrobotics2425laptop42/RoboticsSystemsDesignProject/src/robot_localization) by extension 'cmake'
[0.402s] Level 1:colcon.colcon_core.package_identification:_identify(/home/mscrobotics2425laptop42/RoboticsSystemsDesignProject/src/robot_localization) by extension 'python'
[0.402s] Level 1:colcon.colcon_core.package_identification:_identify(/home/mscrobotics2425laptop42/RoboticsSystemsDesignProject/src/robot_localization) by extensions ['python_setup_py']
[0.402s] Level 1:colcon.colcon_core.package_identification:_identify(/home/mscrobotics2425laptop42/RoboticsSystemsDesignProject/src/robot_localization) by extension 'python_setup_py'
[0.402s] Level 1:colcon.colcon_core.package_identification:_identify(/home/mscrobotics2425laptop42/RoboticsSystemsDesignProject/src/rplidar_ros) by extensions ['ignore', 'ignore_ament_install']
[0.402s] Level 1:colcon.colcon_core.package_identification:_identify(/home/mscrobotics2425laptop42/RoboticsSystemsDesignProject/src/rplidar_ros) by extension 'ignore'
[0.403s] Level 1:colcon.colcon_core.package_identification:_identify(/home/mscrobotics2425laptop42/RoboticsSystemsDesignProject/src/rplidar_ros) by extension 'ignore_ament_install'
[0.403s] Level 1:colcon.colcon_core.package_identification:_identify(/home/mscrobotics2425laptop42/RoboticsSystemsDesignProject/src/rplidar_ros) by extensions ['colcon_pkg']
[0.403s] Level 1:colcon.colcon_core.package_identification:_identify(/home/mscrobotics2425laptop42/RoboticsSystemsDesignProject/src/rplidar_ros) by extension 'colcon_pkg'
[0.403s] Level 1:colcon.colcon_core.package_identification:_identify(/home/mscrobotics2425laptop42/RoboticsSystemsDesignProject/src/rplidar_ros) by extensions ['colcon_meta']
[0.403s] Level 1:colcon.colcon_core.package_identification:_identify(/home/mscrobotics2425laptop42/RoboticsSystemsDesignProject/src/rplidar_ros) by extension 'colcon_meta'
[0.403s] Level 1:colcon.colcon_core.package_identification:_identify(/home/mscrobotics2425laptop42/RoboticsSystemsDesignProject/src/rplidar_ros) by extensions ['ros']
[0.403s] Level 1:colcon.colcon_core.package_identification:_identify(/home/mscrobotics2425laptop42/RoboticsSystemsDesignProject/src/rplidar_ros) by extension 'ros'
[0.403s] Level 1:colcon.colcon_core.package_identification:_identify(/home/mscrobotics2425laptop42/RoboticsSystemsDesignProject/src/rplidar_ros) by extensions ['cmake', 'python']
[0.403s] Level 1:colcon.colcon_core.package_identification:_identify(/home/mscrobotics2425laptop42/RoboticsSystemsDesignProject/src/rplidar_ros) by extension 'cmake'
[0.403s] Level 1:colcon.colcon_core.package_identification:_identify(/home/mscrobotics2425laptop42/RoboticsSystemsDesignProject/src/rplidar_ros) by extension 'python'
[0.403s] Level 1:colcon.colcon_core.package_identification:_identify(/home/mscrobotics2425laptop42/RoboticsSystemsDesignProject/src/rplidar_ros) by extensions ['python_setup_py']
[0.403s] Level 1:colcon.colcon_core.package_identification:_identify(/home/mscrobotics2425laptop42/RoboticsSystemsDesignProject/src/rplidar_ros) by extension 'python_setup_py'
[0.403s] Level 1:colcon.colcon_core.package_identification:_identify(/home/mscrobotics2425laptop42/RoboticsSystemsDesignProject/src/sensors_package) by extensions ['ignore', 'ignore_ament_install']
[0.403s] Level 1:colcon.colcon_core.package_identification:_identify(/home/mscrobotics2425laptop42/RoboticsSystemsDesignProject/src/sensors_package) by extension 'ignore'
[0.403s] Level 1:colcon.colcon_core.package_identification:_identify(/home/mscrobotics2425laptop42/RoboticsSystemsDesignProject/src/sensors_package) by extension 'ignore_ament_install'
[0.403s] Level 1:colcon.colcon_core.package_identification:_identify(/home/mscrobotics2425laptop42/RoboticsSystemsDesignProject/src/sensors_package) by extensions ['colcon_pkg']
[0.403s] Level 1:colcon.colcon_core.package_identification:_identify(/home/mscrobotics2425laptop42/RoboticsSystemsDesignProject/src/sensors_package) by extension 'colcon_pkg'
[0.403s] Level 1:colcon.colcon_core.package_identification:_identify(/home/mscrobotics2425laptop42/RoboticsSystemsDesignProject/src/sensors_package) by extensions ['colcon_meta']
[0.403s] Level 1:colcon.colcon_core.package_identification:_identify(/home/mscrobotics2425laptop42/RoboticsSystemsDesignProject/src/sensors_package) by extension 'colcon_meta'
[0.403s] Level 1:colcon.colcon_core.package_identification:_identify(/home/mscrobotics2425laptop42/RoboticsSystemsDesignProject/src/sensors_package) by extensions ['ros']
[0.403s] Level 1:colcon.colcon_core.package_identification:_identify(/home/mscrobotics2425laptop42/RoboticsSystemsDesignProject/src/sensors_package) by extension 'ros'
[0.404s] DEBUG:colcon.colcon_core.package_identification:Package '/home/mscrobotics2425laptop42/RoboticsSystemsDesignProject/src/sensors_package' with type 'ros.ament_python' and name 'sensors_package'
[0.405s] Level 1:colcon.colcon_core.package_identification:_identify(/home/mscrobotics2425laptop42/RoboticsSystemsDesignProject/src/simulation_package) by extensions ['ignore', 'ignore_ament_install']
[0.405s] Level 1:colcon.colcon_core.package_identification:_identify(/home/mscrobotics2425laptop42/RoboticsSystemsDesignProject/src/simulation_package) by extension 'ignore'
[0.405s] Level 1:colcon.colcon_core.package_identification:_identify(/home/mscrobotics2425laptop42/RoboticsSystemsDesignProject/src/simulation_package) by extension 'ignore_ament_install'
[0.405s] Level 1:colcon.colcon_core.package_identification:_identify(/home/mscrobotics2425laptop42/RoboticsSystemsDesignProject/src/simulation_package) by extensions ['colcon_pkg']
[0.405s] Level 1:colcon.colcon_core.package_identification:_identify(/home/mscrobotics2425laptop42/RoboticsSystemsDesignProject/src/simulation_package) by extension 'colcon_pkg'
[0.405s] Level 1:colcon.colcon_core.package_identification:_identify(/home/mscrobotics2425laptop42/RoboticsSystemsDesignProject/src/simulation_package) by extensions ['colcon_meta']
[0.405s] Level 1:colcon.colcon_core.package_identification:_identify(/home/mscrobotics2425laptop42/RoboticsSystemsDesignProject/src/simulation_package) by extension 'colcon_meta'
[0.405s] Level 1:colcon.colcon_core.package_identification:_identify(/home/mscrobotics2425laptop42/RoboticsSystemsDesignProject/src/simulation_package) by extensions ['ros']
[0.405s] Level 1:colcon.colcon_core.package_identification:_identify(/home/mscrobotics2425laptop42/RoboticsSystemsDesignProject/src/simulation_package) by extension 'ros'
[0.406s] DEBUG:colcon.colcon_core.package_identification:Package '/home/mscrobotics2425laptop42/RoboticsSystemsDesignProject/src/simulation_package' with type 'ros.ament_python' and name 'simulation_package'
[0.407s] Level 1:colcon.colcon_core.package_discovery:discover_packages(recursive) using defaults
