[1.632s] Invoking command in '/home/mscrobotics2425laptop42/RoboticsSystemsDesignProject/src/sensors_package': PYTHONPATH=/home/mscrobotics2425laptop42/RoboticsSystemsDesignProject/build/sensors_package/prefix_override:/usr/lib/python3/dist-packages/colcon_core/task/python/colcon_distutils_commands:/home/mscrobotics2425laptop42/RoboticsSystemsDesignProject/install/sensors_package/lib/python3.10/site-packages:${PYTHONPATH} /usr/bin/python3 -W ignore:setup.py install is deprecated -W ignore:easy_install command is deprecated setup.py egg_info --egg-base ../../build/sensors_package build --build-base /home/mscrobotics2425laptop42/RoboticsSystemsDesignProject/build/sensors_package/build install --record /home/mscrobotics2425laptop42/RoboticsSystemsDesignProject/build/sensors_package/install.log --single-version-externally-managed install_data
[1.906s] running egg_info
[1.907s] writing ../../build/sensors_package/sensors_package.egg-info/PKG-INFO
[1.907s] writing dependency_links to ../../build/sensors_package/sensors_package.egg-info/dependency_links.txt
[1.907s] writing entry points to ../../build/sensors_package/sensors_package.egg-info/entry_points.txt
[1.907s] writing requirements to ../../build/sensors_package/sensors_package.egg-info/requires.txt
[1.908s] writing top-level names to ../../build/sensors_package/sensors_package.egg-info/top_level.txt
[1.910s] reading manifest file '../../build/sensors_package/sensors_package.egg-info/SOURCES.txt'
[1.912s] writing manifest file '../../build/sensors_package/sensors_package.egg-info/SOURCES.txt'
[1.912s] running build
[1.912s] running build_py
[1.912s] running install
[1.913s] running install_lib
[1.914s] running install_data
[1.915s] running install_egg_info
[1.917s] removing '/home/mscrobotics2425laptop42/RoboticsSystemsDesignProject/install/sensors_package/lib/python3.10/site-packages/sensors_package-0.0.0-py3.10.egg-info' (and everything under it)
[1.919s] Copying ../../build/sensors_package/sensors_package.egg-info to /home/mscrobotics2425laptop42/RoboticsSystemsDesignProject/install/sensors_package/lib/python3.10/site-packages/sensors_package-0.0.0-py3.10.egg-info
[1.920s] running install_scripts
[1.951s] Installing camera_code script to /home/mscrobotics2425laptop42/RoboticsSystemsDesignProject/install/sensors_package/lib/sensors_package
[1.951s] Installing lidar_code script to /home/mscrobotics2425laptop42/RoboticsSystemsDesignProject/install/sensors_package/lib/sensors_package
[1.952s] writing list of installed files to '/home/mscrobotics2425laptop42/RoboticsSystemsDesignProject/build/sensors_package/install.log'
[1.987s] Invoked command in '/home/mscrobotics2425laptop42/RoboticsSystemsDesignProject/src/sensors_package' returned '0': PYTHONPATH=/home/mscrobotics2425laptop42/RoboticsSystemsDesignProject/build/sensors_package/prefix_override:/usr/lib/python3/dist-packages/colcon_core/task/python/colcon_distutils_commands:/home/mscrobotics2425laptop42/RoboticsSystemsDesignProject/install/sensors_package/lib/python3.10/site-packages:${PYTHONPATH} /usr/bin/python3 -W ignore:setup.py install is deprecated -W ignore:easy_install command is deprecated setup.py egg_info --egg-base ../../build/sensors_package build --build-base /home/mscrobotics2425laptop42/RoboticsSystemsDesignProject/build/sensors_package/build install --record /home/mscrobotics2425laptop42/RoboticsSystemsDesignProject/build/sensors_package/install.log --single-version-externally-managed install_data
