[1.651s] Invoking command in '/home/mscrobotics2425laptop42/RoboticsSystemsDesignProject/src/sensors_package': PYTHONPATH=/home/mscrobotics2425laptop42/RoboticsSystemsDesignProject/build/sensors_package/prefix_override:/usr/lib/python3/dist-packages/colcon_core/task/python/colcon_distutils_commands:/home/mscrobotics2425laptop42/RoboticsSystemsDesignProject/install/sensors_package/lib/python3.10/site-packages:${PYTHONPATH} /usr/bin/python3 -W ignore:setup.py install is deprecated -W ignore:easy_install command is deprecated setup.py egg_info --egg-base ../../build/sensors_package build --build-base /home/mscrobotics2425laptop42/RoboticsSystemsDesignProject/build/sensors_package/build install --record /home/mscrobotics2425laptop42/RoboticsSystemsDesignProject/build/sensors_package/install.log --single-version-externally-managed install_data
[1.902s] running egg_info
[1.903s] writing ../../build/sensors_package/sensors_package.egg-info/PKG-INFO
[1.904s] writing dependency_links to ../../build/sensors_package/sensors_package.egg-info/dependency_links.txt
[1.904s] writing entry points to ../../build/sensors_package/sensors_package.egg-info/entry_points.txt
[1.905s] writing requirements to ../../build/sensors_package/sensors_package.egg-info/requires.txt
[1.905s] writing top-level names to ../../build/sensors_package/sensors_package.egg-info/top_level.txt
[1.907s] reading manifest file '../../build/sensors_package/sensors_package.egg-info/SOURCES.txt'
[1.909s] writing manifest file '../../build/sensors_package/sensors_package.egg-info/SOURCES.txt'
[1.909s] running build
[1.909s] running build_py
[1.909s] running install
[1.910s] running install_lib
[1.912s] running install_data
[1.912s] running install_egg_info
[1.915s] removing '/home/mscrobotics2425laptop42/RoboticsSystemsDesignProject/install/sensors_package/lib/python3.10/site-packages/sensors_package-0.0.0-py3.10.egg-info' (and everything under it)
[1.916s] Copying ../../build/sensors_package/sensors_package.egg-info to /home/mscrobotics2425laptop42/RoboticsSystemsDesignProject/install/sensors_package/lib/python3.10/site-packages/sensors_package-0.0.0-py3.10.egg-info
[1.918s] running install_scripts
[1.947s] Installing camera_code script to /home/mscrobotics2425laptop42/RoboticsSystemsDesignProject/install/sensors_package/lib/sensors_package
[1.947s] Installing lidar_code script to /home/mscrobotics2425laptop42/RoboticsSystemsDesignProject/install/sensors_package/lib/sensors_package
[1.947s] writing list of installed files to '/home/mscrobotics2425laptop42/RoboticsSystemsDesignProject/build/sensors_package/install.log'
[1.993s] Invoked command in '/home/mscrobotics2425laptop42/RoboticsSystemsDesignProject/src/sensors_package' returned '0': PYTHONPATH=/home/mscrobotics2425laptop42/RoboticsSystemsDesignProject/build/sensors_package/prefix_override:/usr/lib/python3/dist-packages/colcon_core/task/python/colcon_distutils_commands:/home/mscrobotics2425laptop42/RoboticsSystemsDesignProject/install/sensors_package/lib/python3.10/site-packages:${PYTHONPATH} /usr/bin/python3 -W ignore:setup.py install is deprecated -W ignore:easy_install command is deprecated setup.py egg_info --egg-base ../../build/sensors_package build --build-base /home/mscrobotics2425laptop42/RoboticsSystemsDesignProject/build/sensors_package/build install --record /home/mscrobotics2425laptop42/RoboticsSystemsDesignProject/build/sensors_package/install.log --single-version-externally-managed install_data
