[2.943s] Invoking command in '/home/mscrobotics2425laptop42/RoboticsSystemsDesignProject/src/px100_control': PYTHONPATH=/home/mscrobotics2425laptop42/RoboticsSystemsDesignProject/build/px100_control/prefix_override:/usr/lib/python3/dist-packages/colcon_core/task/python/colcon_distutils_commands:/home/mscrobotics2425laptop42/RoboticsSystemsDesignProject/install/px100_control/lib/python3.10/site-packages:${PYTHONPATH} /usr/bin/python3 -W ignore:setup.py install is deprecated -W ignore:easy_install command is deprecated setup.py egg_info --egg-base ../../build/px100_control build --build-base /home/mscrobotics2425laptop42/RoboticsSystemsDesignProject/build/px100_control/build install --record /home/mscrobotics2425laptop42/RoboticsSystemsDesignProject/build/px100_control/install.log --single-version-externally-managed install_data
[3.227s] running egg_info
[3.227s] writing ../../build/px100_control/px100_control.egg-info/PKG-INFO
[3.228s] writing dependency_links to ../../build/px100_control/px100_control.egg-info/dependency_links.txt
[3.228s] writing entry points to ../../build/px100_control/px100_control.egg-info/entry_points.txt
[3.228s] writing requirements to ../../build/px100_control/px100_control.egg-info/requires.txt
[3.228s] writing top-level names to ../../build/px100_control/px100_control.egg-info/top_level.txt
[3.229s] reading manifest file '../../build/px100_control/px100_control.egg-info/SOURCES.txt'
[3.231s] writing manifest file '../../build/px100_control/px100_control.egg-info/SOURCES.txt'
[3.231s] running build
[3.231s] running build_py
[3.231s] running install
[3.231s] running install_lib
[3.231s] running install_data
[3.231s] running install_egg_info
[3.232s] removing '/home/mscrobotics2425laptop42/RoboticsSystemsDesignProject/install/px100_control/lib/python3.10/site-packages/px100_control-0.0.0-py3.10.egg-info' (and everything under it)
[3.232s] Copying ../../build/px100_control/px100_control.egg-info to /home/mscrobotics2425laptop42/RoboticsSystemsDesignProject/install/px100_control/lib/python3.10/site-packages/px100_control-0.0.0-py3.10.egg-info
[3.233s] running install_scripts
[3.248s] Installing px100_node script to /home/mscrobotics2425laptop42/RoboticsSystemsDesignProject/install/px100_control/lib/px100_control
[3.249s] writing list of installed files to '/home/mscrobotics2425laptop42/RoboticsSystemsDesignProject/build/px100_control/install.log'
[3.304s] Invoked command in '/home/mscrobotics2425laptop42/RoboticsSystemsDesignProject/src/px100_control' returned '0': PYTHONPATH=/home/mscrobotics2425laptop42/RoboticsSystemsDesignProject/build/px100_control/prefix_override:/usr/lib/python3/dist-packages/colcon_core/task/python/colcon_distutils_commands:/home/mscrobotics2425laptop42/RoboticsSystemsDesignProject/install/px100_control/lib/python3.10/site-packages:${PYTHONPATH} /usr/bin/python3 -W ignore:setup.py install is deprecated -W ignore:easy_install command is deprecated setup.py egg_info --egg-base ../../build/px100_control build --build-base /home/mscrobotics2425laptop42/RoboticsSystemsDesignProject/build/px100_control/build install --record /home/mscrobotics2425laptop42/RoboticsSystemsDesignProject/build/px100_control/install.log --single-version-externally-managed install_data
