-- Found ament_cmake: 1.3.11 (/opt/ros/humble/share/ament_cmake/cmake)
-- Configuring done
-- Generating done
-- Build files have been written to: /home/mscrobotics2425laptop42/RoboticsSystemsDesignProject/build/leo
-- Install configuration: ""
-- Up-to-date: /home/mscrobotics2425laptop42/RoboticsSystemsDesignProject/install/leo/share/ament_index/resource_index/package_run_dependencies/leo
-- Installing: /home/mscrobotics2425laptop42/RoboticsSystemsDesignProject/install/leo/share/ament_index/resource_index/parent_prefix_path/leo
-- Installing: /home/mscrobotics2425laptop42/RoboticsSystemsDesignProject/install/leo/share/leo/environment/ament_prefix_path.sh
-- Installing: /home/mscrobotics2425laptop42/RoboticsSystemsDesignProject/install/leo/share/leo/environment/ament_prefix_path.dsv
-- Installing: /home/mscrobotics2425laptop42/RoboticsSystemsDesignProject/install/leo/share/leo/environment/path.sh
-- Installing: /home/mscrobotics2425laptop42/RoboticsSystemsDesignProject/install/leo/share/leo/environment/path.dsv
-- Up-to-date: /home/mscrobotics2425laptop42/RoboticsSystemsDesignProject/install/leo/share/leo/local_setup.bash
-- Up-to-date: /home/mscrobotics2425laptop42/RoboticsSystemsDesignProject/install/leo/share/leo/local_setup.sh
-- Up-to-date: /home/mscrobotics2425laptop42/RoboticsSystemsDesignProject/install/leo/share/leo/local_setup.zsh
-- Installing: /home/mscrobotics2425laptop42/RoboticsSystemsDesignProject/install/leo/share/leo/local_setup.dsv
-- Installing: /home/mscrobotics2425laptop42/RoboticsSystemsDesignProject/install/leo/share/leo/package.dsv
-- Up-to-date: /home/mscrobotics2425laptop42/RoboticsSystemsDesignProject/install/leo/share/ament_index/resource_index/packages/leo
-- Up-to-date: /home/mscrobotics2425laptop42/RoboticsSystemsDesignProject/install/leo/share/leo/cmake/leoConfig.cmake
-- Up-to-date: /home/mscrobotics2425laptop42/RoboticsSystemsDesignProject/install/leo/share/leo/cmake/leoConfig-version.cmake
-- Installing: /home/mscrobotics2425laptop42/RoboticsSystemsDesignProject/install/leo/share/leo/package.xml
