[1.716s] Invoking command in '/home/mscrobotics2425laptop42/RoboticsSystemsDesignProject/src/px100_control': PYTHONPATH=/home/mscrobotics2425laptop42/RoboticsSystemsDesignProject/build/px100_control/prefix_override:/usr/lib/python3/dist-packages/colcon_core/task/python/colcon_distutils_commands:/home/mscrobotics2425laptop42/RoboticsSystemsDesignProject/install/px100_control/lib/python3.10/site-packages:${PYTHONPATH} /usr/bin/python3 -W ignore:setup.py install is deprecated -W ignore:easy_install command is deprecated setup.py egg_info --egg-base ../../build/px100_control build --build-base /home/mscrobotics2425laptop42/RoboticsSystemsDesignProject/build/px100_control/build install --record /home/mscrobotics2425laptop42/RoboticsSystemsDesignProject/build/px100_control/install.log --single-version-externally-managed install_data
[1.984s] running egg_info
[1.985s] writing ../../build/px100_control/px100_control.egg-info/PKG-INFO
[1.985s] writing dependency_links to ../../build/px100_control/px100_control.egg-info/dependency_links.txt
[1.985s] writing entry points to ../../build/px100_control/px100_control.egg-info/entry_points.txt
[1.985s] writing requirements to ../../build/px100_control/px100_control.egg-info/requires.txt
[1.986s] writing top-level names to ../../build/px100_control/px100_control.egg-info/top_level.txt
[1.988s] reading manifest file '../../build/px100_control/px100_control.egg-info/SOURCES.txt'
[1.988s] writing manifest file '../../build/px100_control/px100_control.egg-info/SOURCES.txt'
[1.988s] running build
[1.988s] running build_py
[1.989s] copying px100_control/px100_node.py -> /home/mscrobotics2425laptop42/RoboticsSystemsDesignProject/build/px100_control/build/lib/px100_control
[1.989s] running install
[1.989s] running install_lib
[1.990s] copying /home/mscrobotics2425laptop42/RoboticsSystemsDesignProject/build/px100_control/build/lib/px100_control/px100_node.py -> /home/mscrobotics2425laptop42/RoboticsSystemsDesignProject/install/px100_control/lib/python3.10/site-packages/px100_control
[1.991s] byte-compiling /home/mscrobotics2425laptop42/RoboticsSystemsDesignProject/install/px100_control/lib/python3.10/site-packages/px100_control/px100_node.py to px100_node.cpython-310.pyc
[1.993s] running install_data
[1.993s] running install_egg_info
[1.997s] removing '/home/mscrobotics2425laptop42/RoboticsSystemsDesignProject/install/px100_control/lib/python3.10/site-packages/px100_control-0.0.0-py3.10.egg-info' (and everything under it)
[1.998s] Copying ../../build/px100_control/px100_control.egg-info to /home/mscrobotics2425laptop42/RoboticsSystemsDesignProject/install/px100_control/lib/python3.10/site-packages/px100_control-0.0.0-py3.10.egg-info
[1.998s] running install_scripts
[2.018s] Installing px100_node script to /home/mscrobotics2425laptop42/RoboticsSystemsDesignProject/install/px100_control/lib/px100_control
[2.019s] writing list of installed files to '/home/mscrobotics2425laptop42/RoboticsSystemsDesignProject/build/px100_control/install.log'
[2.048s] Invoked command in '/home/mscrobotics2425laptop42/RoboticsSystemsDesignProject/src/px100_control' returned '0': PYTHONPATH=/home/mscrobotics2425laptop42/RoboticsSystemsDesignProject/build/px100_control/prefix_override:/usr/lib/python3/dist-packages/colcon_core/task/python/colcon_distutils_commands:/home/mscrobotics2425laptop42/RoboticsSystemsDesignProject/install/px100_control/lib/python3.10/site-packages:${PYTHONPATH} /usr/bin/python3 -W ignore:setup.py install is deprecated -W ignore:easy_install command is deprecated setup.py egg_info --egg-base ../../build/px100_control build --build-base /home/mscrobotics2425laptop42/RoboticsSystemsDesignProject/build/px100_control/build install --record /home/mscrobotics2425laptop42/RoboticsSystemsDesignProject/build/px100_control/install.log --single-version-externally-managed install_data
