/home/mscrobotics2425laptop42/RoboticsSystemsDesignProject/install/hardware_package/lib/python3.10/site-packages/hardware_package/__init__.py
/home/mscrobotics2425laptop42/RoboticsSystemsDesignProject/install/hardware_package/lib/python3.10/site-packages/hardware_package/lidar_node.py
/home/mscrobotics2425laptop42/RoboticsSystemsDesignProject/install/hardware_package/lib/python3.10/site-packages/hardware_package/__pycache__/__init__.cpython-310.pyc
/home/mscrobotics2425laptop42/RoboticsSystemsDesignProject/install/hardware_package/lib/python3.10/site-packages/hardware_package/__pycache__/lidar_node.cpython-310.pyc
/home/mscrobotics2425laptop42/RoboticsSystemsDesignProject/install/hardware_package/share/ament_index/resource_index/packages/hardware_package
/home/mscrobotics2425laptop42/RoboticsSystemsDesignProject/install/hardware_package/share/hardware_package/package.xml
/home/mscrobotics2425laptop42/RoboticsSystemsDesignProject/install/hardware_package/share/hardware_package/urdf/leo_rover.urdf.xacro
/home/mscrobotics2425laptop42/RoboticsSystemsDesignProject/install/hardware_package/share/hardware_package/urdf/macros.xacro
/home/mscrobotics2425laptop42/RoboticsSystemsDesignProject/install/hardware_package/share/hardware_package/urdf/leo.urdf.xacro
/home/mscrobotics2425laptop42/RoboticsSystemsDesignProject/install/hardware_package/share/hardware_package/meshes/Chassis_outline.stl
/home/mscrobotics2425laptop42/RoboticsSystemsDesignProject/install/hardware_package/share/hardware_package/meshes/Wheel_outline.stl
/home/mscrobotics2425laptop42/RoboticsSystemsDesignProject/install/hardware_package/share/hardware_package/meshes/Generic_100mm_lidar.stl
/home/mscrobotics2425laptop42/RoboticsSystemsDesignProject/install/hardware_package/share/hardware_package/meshes/Rocker_outline.stl
/home/mscrobotics2425laptop42/RoboticsSystemsDesignProject/install/hardware_package/share/hardware_package/meshes/Mecanum_wheel_outline.stl
/home/mscrobotics2425laptop42/RoboticsSystemsDesignProject/install/hardware_package/share/hardware_package/meshes/Rover_mounts_v1.stl
/home/mscrobotics2425laptop42/RoboticsSystemsDesignProject/install/hardware_package/share/hardware_package/meshes/Rocker.dae
/home/mscrobotics2425laptop42/RoboticsSystemsDesignProject/install/hardware_package/share/hardware_package/meshes/WheelMecanumB.dae
/home/mscrobotics2425laptop42/RoboticsSystemsDesignProject/install/hardware_package/share/hardware_package/meshes/Chassis.dae
/home/mscrobotics2425laptop42/RoboticsSystemsDesignProject/install/hardware_package/share/hardware_package/meshes/WheelB.dae
/home/mscrobotics2425laptop42/RoboticsSystemsDesignProject/install/hardware_package/share/hardware_package/meshes/WheelMecanumA.dae
/home/mscrobotics2425laptop42/RoboticsSystemsDesignProject/install/hardware_package/share/hardware_package/meshes/WheelA.dae
/home/mscrobotics2425laptop42/RoboticsSystemsDesignProject/install/hardware_package/share/hardware_package/meshes/Antenna.dae
/home/mscrobotics2425laptop42/RoboticsSystemsDesignProject/install/hardware_package/share/hardware_package/worlds
/home/mscrobotics2425laptop42/RoboticsSystemsDesignProject/install/hardware_package/share/hardware_package/launch/nav.launch.py
/home/mscrobotics2425laptop42/RoboticsSystemsDesignProject/install/hardware_package/share/hardware_package/launch/lidar.launch.py
/home/mscrobotics2425laptop42/RoboticsSystemsDesignProject/install/hardware_package/share/hardware_package/launch/ekf.launch.py
/home/mscrobotics2425laptop42/RoboticsSystemsDesignProject/install/hardware_package/share/hardware_package/launch/slam.launch.py
/home/mscrobotics2425laptop42/RoboticsSystemsDesignProject/install/hardware_package/share/hardware_package/launch/depth_camera.launch.py
/home/mscrobotics2425laptop42/RoboticsSystemsDesignProject/install/hardware_package/share/hardware_package/launch/hardware.launch.py
/home/mscrobotics2425laptop42/RoboticsSystemsDesignProject/install/hardware_package/share/hardware_package/config/ekf_node.yaml
/home/mscrobotics2425laptop42/RoboticsSystemsDesignProject/install/hardware_package/share/hardware_package/config/bt_nav.yaml
/home/mscrobotics2425laptop42/RoboticsSystemsDesignProject/install/hardware_package/share/hardware_package/config/lidar_filter.yaml
/home/mscrobotics2425laptop42/RoboticsSystemsDesignProject/install/hardware_package/share/hardware_package/config/controller.yaml
/home/mscrobotics2425laptop42/RoboticsSystemsDesignProject/install/hardware_package/share/hardware_package/config/planner.yaml
/home/mscrobotics2425laptop42/RoboticsSystemsDesignProject/install/hardware_package/share/hardware_package/maps
/home/mscrobotics2425laptop42/RoboticsSystemsDesignProject/install/hardware_package/share/hardware_package/rviz/view_model.rviz
/home/mscrobotics2425laptop42/RoboticsSystemsDesignProject/install/hardware_package/share/hardware_package/rviz/nav2.rviz
/home/mscrobotics2425laptop42/RoboticsSystemsDesignProject/install/hardware_package/share/hardware_package/rviz/slam.rviz
/home/mscrobotics2425laptop42/RoboticsSystemsDesignProject/install/hardware_package/lib/python3.10/site-packages/hardware_package-0.0.0-py3.10.egg-info/top_level.txt
/home/mscrobotics2425laptop42/RoboticsSystemsDesignProject/install/hardware_package/lib/python3.10/site-packages/hardware_package-0.0.0-py3.10.egg-info/entry_points.txt
/home/mscrobotics2425laptop42/RoboticsSystemsDesignProject/install/hardware_package/lib/python3.10/site-packages/hardware_package-0.0.0-py3.10.egg-info/requires.txt
/home/mscrobotics2425laptop42/RoboticsSystemsDesignProject/install/hardware_package/lib/python3.10/site-packages/hardware_package-0.0.0-py3.10.egg-info/zip-safe
/home/mscrobotics2425laptop42/RoboticsSystemsDesignProject/install/hardware_package/lib/python3.10/site-packages/hardware_package-0.0.0-py3.10.egg-info/dependency_links.txt
/home/mscrobotics2425laptop42/RoboticsSystemsDesignProject/install/hardware_package/lib/python3.10/site-packages/hardware_package-0.0.0-py3.10.egg-info/PKG-INFO
/home/mscrobotics2425laptop42/RoboticsSystemsDesignProject/install/hardware_package/lib/python3.10/site-packages/hardware_package-0.0.0-py3.10.egg-info/SOURCES.txt
/home/mscrobotics2425laptop42/RoboticsSystemsDesignProject/install/hardware_package/lib/hardware_package/lidar_node
