[2.996s] Invoking command in '/home/mscrobotics2425laptop42/RoboticsSystemsDesignProject/src/simulation_package': PYTHONPATH=/home/mscrobotics2425laptop42/RoboticsSystemsDesignProject/build/simulation_package/prefix_override:/usr/lib/python3/dist-packages/colcon_core/task/python/colcon_distutils_commands:/home/mscrobotics2425laptop42/RoboticsSystemsDesignProject/install/simulation_package/lib/python3.10/site-packages:${PYTHONPATH} /usr/bin/python3 -W ignore:setup.py install is deprecated -W ignore:easy_install command is deprecated setup.py egg_info --egg-base ../../build/simulation_package build --build-base /home/mscrobotics2425laptop42/RoboticsSystemsDesignProject/build/simulation_package/build install --record /home/mscrobotics2425laptop42/RoboticsSystemsDesignProject/build/simulation_package/install.log --single-version-externally-managed install_data
[3.360s] running egg_info
[3.361s] writing ../../build/simulation_package/simulation_package.egg-info/PKG-INFO
[3.361s] writing dependency_links to ../../build/simulation_package/simulation_package.egg-info/dependency_links.txt
[3.361s] writing entry points to ../../build/simulation_package/simulation_package.egg-info/entry_points.txt
[3.361s] writing requirements to ../../build/simulation_package/simulation_package.egg-info/requires.txt
[3.362s] writing top-level names to ../../build/simulation_package/simulation_package.egg-info/top_level.txt
[3.365s] reading manifest file '../../build/simulation_package/simulation_package.egg-info/SOURCES.txt'
[3.366s] writing manifest file '../../build/simulation_package/simulation_package.egg-info/SOURCES.txt'
[3.366s] running build
[3.366s] running build_py
[3.367s] running install
[3.367s] running install_lib
[3.368s] running install_data
[3.370s] running install_egg_info
[3.372s] removing '/home/mscrobotics2425laptop42/RoboticsSystemsDesignProject/install/simulation_package/lib/python3.10/site-packages/simulation_package-0.0.0-py3.10.egg-info' (and everything under it)
[3.372s] Copying ../../build/simulation_package/simulation_package.egg-info to /home/mscrobotics2425laptop42/RoboticsSystemsDesignProject/install/simulation_package/lib/python3.10/site-packages/simulation_package-0.0.0-py3.10.egg-info
[3.374s] running install_scripts
[3.394s] writing list of installed files to '/home/mscrobotics2425laptop42/RoboticsSystemsDesignProject/build/simulation_package/install.log'
[3.412s] Invoked command in '/home/mscrobotics2425laptop42/RoboticsSystemsDesignProject/src/simulation_package' returned '0': PYTHONPATH=/home/mscrobotics2425laptop42/RoboticsSystemsDesignProject/build/simulation_package/prefix_override:/usr/lib/python3/dist-packages/colcon_core/task/python/colcon_distutils_commands:/home/mscrobotics2425laptop42/RoboticsSystemsDesignProject/install/simulation_package/lib/python3.10/site-packages:${PYTHONPATH} /usr/bin/python3 -W ignore:setup.py install is deprecated -W ignore:easy_install command is deprecated setup.py egg_info --egg-base ../../build/simulation_package build --build-base /home/mscrobotics2425laptop42/RoboticsSystemsDesignProject/build/simulation_package/build install --record /home/mscrobotics2425laptop42/RoboticsSystemsDesignProject/build/simulation_package/install.log --single-version-externally-managed install_data
