running egg_info
creating ../../build/simulation_package/simulation_package.egg-info
writing ../../build/simulation_package/simulation_package.egg-info/PKG-INFO
writing dependency_links to ../../build/simulation_package/simulation_package.egg-info/dependency_links.txt
writing entry points to ../../build/simulation_package/simulation_package.egg-info/entry_points.txt
writing requirements to ../../build/simulation_package/simulation_package.egg-info/requires.txt
writing top-level names to ../../build/simulation_package/simulation_package.egg-info/top_level.txt
writing manifest file '../../build/simulation_package/simulation_package.egg-info/SOURCES.txt'
reading manifest file '../../build/simulation_package/simulation_package.egg-info/SOURCES.txt'
writing manifest file '../../build/simulation_package/simulation_package.egg-info/SOURCES.txt'
running build
running build_py
creating /home/mscrobotics2425laptop42/RoboticsSystemsDesignProject/build/simulation_package/build
creating /home/mscrobotics2425laptop42/RoboticsSystemsDesignProject/build/simulation_package/build/lib
creating /home/mscrobotics2425laptop42/RoboticsSystemsDesignProject/build/simulation_package/build/lib/simulation_package
copying simulation_package/__init__.py -> /home/mscrobotics2425laptop42/RoboticsSystemsDesignProject/build/simulation_package/build/lib/simulation_package
running install
running install_lib
creating /home/mscrobotics2425laptop42/RoboticsSystemsDesignProject/install/simulation_package/lib/python3.10/site-packages/simulation_package
copying /home/mscrobotics2425laptop42/RoboticsSystemsDesignProject/build/simulation_package/build/lib/simulation_package/__init__.py -> /home/mscrobotics2425laptop42/RoboticsSystemsDesignProject/install/simulation_package/lib/python3.10/site-packages/simulation_package
byte-compiling /home/mscrobotics2425laptop42/RoboticsSystemsDesignProject/install/simulation_package/lib/python3.10/site-packages/simulation_package/__init__.py to __init__.cpython-310.pyc
running install_data
creating /home/mscrobotics2425laptop42/RoboticsSystemsDesignProject/install/simulation_package/share/ament_index
creating /home/mscrobotics2425laptop42/RoboticsSystemsDesignProject/install/simulation_package/share/ament_index/resource_index
creating /home/mscrobotics2425laptop42/RoboticsSystemsDesignProject/install/simulation_package/share/ament_index/resource_index/packages
copying resource/simulation_package -> /home/mscrobotics2425laptop42/RoboticsSystemsDesignProject/install/simulation_package/share/ament_index/resource_index/packages
copying package.xml -> /home/mscrobotics2425laptop42/RoboticsSystemsDesignProject/install/simulation_package/share/simulation_package
creating /home/mscrobotics2425laptop42/RoboticsSystemsDesignProject/install/simulation_package/share/simulation_package/urdf
copying urdf/leo_rover.urdf.xacro -> /home/mscrobotics2425laptop42/RoboticsSystemsDesignProject/install/simulation_package/share/simulation_package/urdf
creating /home/mscrobotics2425laptop42/RoboticsSystemsDesignProject/install/simulation_package/share/simulation_package/meshes
copying meshes/Chassis_outline.stl -> /home/mscrobotics2425laptop42/RoboticsSystemsDesignProject/install/simulation_package/share/simulation_package/meshes
copying meshes/Wheel_outline.stl -> /home/mscrobotics2425laptop42/RoboticsSystemsDesignProject/install/simulation_package/share/simulation_package/meshes
copying meshes/Generic_100mm_lidar.stl -> /home/mscrobotics2425laptop42/RoboticsSystemsDesignProject/install/simulation_package/share/simulation_package/meshes
copying meshes/Rocker_outline.stl -> /home/mscrobotics2425laptop42/RoboticsSystemsDesignProject/install/simulation_package/share/simulation_package/meshes
copying meshes/Mecanum_wheel_outline.stl -> /home/mscrobotics2425laptop42/RoboticsSystemsDesignProject/install/simulation_package/share/simulation_package/meshes
copying meshes/Rover_mounts_v1.stl -> /home/mscrobotics2425laptop42/RoboticsSystemsDesignProject/install/simulation_package/share/simulation_package/meshes
copying meshes/Rocker.dae -> /home/mscrobotics2425laptop42/RoboticsSystemsDesignProject/install/simulation_package/share/simulation_package/meshes
copying meshes/WheelMecanumB.dae -> /home/mscrobotics2425laptop42/RoboticsSystemsDesignProject/install/simulation_package/share/simulation_package/meshes
copying meshes/Chassis.dae -> /home/mscrobotics2425laptop42/RoboticsSystemsDesignProject/install/simulation_package/share/simulation_package/meshes
copying meshes/WheelB.dae -> /home/mscrobotics2425laptop42/RoboticsSystemsDesignProject/install/simulation_package/share/simulation_package/meshes
copying meshes/WheelMecanumA.dae -> /home/mscrobotics2425laptop42/RoboticsSystemsDesignProject/install/simulation_package/share/simulation_package/meshes
copying meshes/WheelA.dae -> /home/mscrobotics2425laptop42/RoboticsSystemsDesignProject/install/simulation_package/share/simulation_package/meshes
copying meshes/Antenna.dae -> /home/mscrobotics2425laptop42/RoboticsSystemsDesignProject/install/simulation_package/share/simulation_package/meshes
creating /home/mscrobotics2425laptop42/RoboticsSystemsDesignProject/install/simulation_package/share/simulation_package/worlds
copying worlds/meshes/wall.dae -> /home/mscrobotics2425laptop42/RoboticsSystemsDesignProject/install/simulation_package/share/simulation_package/worlds
copying worlds/meshes/hexagon.dae -> /home/mscrobotics2425laptop42/RoboticsSystemsDesignProject/install/simulation_package/share/simulation_package/worlds
copying worlds/model.sdf -> /home/mscrobotics2425laptop42/RoboticsSystemsDesignProject/install/simulation_package/share/simulation_package/worlds
copying worlds/tb3.sdf -> /home/mscrobotics2425laptop42/RoboticsSystemsDesignProject/install/simulation_package/share/simulation_package/worlds
creating /home/mscrobotics2425laptop42/RoboticsSystemsDesignProject/install/simulation_package/share/simulation_package/launch
copying launch/run_simulation.launch.py -> /home/mscrobotics2425laptop42/RoboticsSystemsDesignProject/install/simulation_package/share/simulation_package/launch
copying launch/nav.launch.py -> /home/mscrobotics2425laptop42/RoboticsSystemsDesignProject/install/simulation_package/share/simulation_package/launch
copying launch/simulation_bringup.launch.py -> /home/mscrobotics2425laptop42/RoboticsSystemsDesignProject/install/simulation_package/share/simulation_package/launch
copying launch/slam.launch.py -> /home/mscrobotics2425laptop42/RoboticsSystemsDesignProject/install/simulation_package/share/simulation_package/launch
creating /home/mscrobotics2425laptop42/RoboticsSystemsDesignProject/install/simulation_package/share/simulation_package/config
copying config/ekf_node.yaml -> /home/mscrobotics2425laptop42/RoboticsSystemsDesignProject/install/simulation_package/share/simulation_package/config
copying config/explore.yaml -> /home/mscrobotics2425laptop42/RoboticsSystemsDesignProject/install/simulation_package/share/simulation_package/config
copying config/diff_drive_control.yaml -> /home/mscrobotics2425laptop42/RoboticsSystemsDesignProject/install/simulation_package/share/simulation_package/config
copying config/bt_nav.yaml -> /home/mscrobotics2425laptop42/RoboticsSystemsDesignProject/install/simulation_package/share/simulation_package/config
copying config/controller.yaml -> /home/mscrobotics2425laptop42/RoboticsSystemsDesignProject/install/simulation_package/share/simulation_package/config
copying config/planner.yaml -> /home/mscrobotics2425laptop42/RoboticsSystemsDesignProject/install/simulation_package/share/simulation_package/config
creating /home/mscrobotics2425laptop42/RoboticsSystemsDesignProject/install/simulation_package/share/simulation_package/maps
creating /home/mscrobotics2425laptop42/RoboticsSystemsDesignProject/install/simulation_package/share/simulation_package/rviz
copying rviz/view_model.rviz -> /home/mscrobotics2425laptop42/RoboticsSystemsDesignProject/install/simulation_package/share/simulation_package/rviz
copying rviz/nav2.rviz -> /home/mscrobotics2425laptop42/RoboticsSystemsDesignProject/install/simulation_package/share/simulation_package/rviz
copying rviz/slam.rviz -> /home/mscrobotics2425laptop42/RoboticsSystemsDesignProject/install/simulation_package/share/simulation_package/rviz
creating /home/mscrobotics2425laptop42/RoboticsSystemsDesignProject/install/simulation_package/share/simulation_package/behaviour
copying behaviour/nav_tree.xml -> /home/mscrobotics2425laptop42/RoboticsSystemsDesignProject/install/simulation_package/share/simulation_package/behaviour
copying behaviour/bt_simple_nav.xml -> /home/mscrobotics2425laptop42/RoboticsSystemsDesignProject/install/simulation_package/share/simulation_package/behaviour
copying behaviour/nav_to_pose.xml -> /home/mscrobotics2425laptop42/RoboticsSystemsDesignProject/install/simulation_package/share/simulation_package/behaviour
running install_egg_info
Copying ../../build/simulation_package/simulation_package.egg-info to /home/mscrobotics2425laptop42/RoboticsSystemsDesignProject/install/simulation_package/lib/python3.10/site-packages/simulation_package-0.0.0-py3.10.egg-info
running install_scripts
writing list of installed files to '/home/mscrobotics2425laptop42/RoboticsSystemsDesignProject/build/simulation_package/install.log'
