[0.104s] Invoking command in '/home/mscrobotics2425laptop42/RoboticsSystemsDesignProject/build/leo_msgs': CMAKE_PREFIX_PATH=${CMAKE_PREFIX_PATH}:/home/mscrobotics2425laptop42/RoboticsSystemsDesignProject/install/simulation_package:/home/mscrobotics2425laptop42/RoboticsSystemsDesignProject/install/sensors_package:/home/mscrobotics2425laptop42/RoboticsSystemsDesignProject/install/px100_control:/home/mscrobotics2425laptop42/RoboticsSystemsDesignProject/install/object_detect_package:/home/mscrobotics2425laptop42/RoboticsSystemsDesignProject/install/hardware_package:/home/mscrobotics2425laptop42/interbotix_ws/install/interbotix_xs_modules:/home/mscrobotics2425laptop42/interbotix_ws/install/interbotix_perception_modules:/home/mscrobotics2425laptop42/interbotix_ws/install/interbotix_common_modules:/opt/ros/humble /usr/bin/cmake --build /home/mscrobotics2425laptop42/RoboticsSystemsDesignProject/build/leo_msgs -- -j12 -l12
[0.999s] [  1%] Built target leo_msgs__cpp
[1.000s] [ 12%] Built target leo_msgs__rosidl_generator_c
[1.000s] [ 12%] Built target ament_cmake_python_copy_leo_msgs
[1.000s] [ 23%] Built target leo_msgs__rosidl_typesupport_fastrtps_cpp
[1.000s] [ 34%] Built target leo_msgs__rosidl_typesupport_cpp
[1.000s] [ 46%] Built target leo_msgs__rosidl_typesupport_introspection_cpp
[1.001s] [ 68%] Built target leo_msgs__rosidl_typesupport_introspection_c
[1.001s] [ 68%] Built target leo_msgs__rosidl_typesupport_fastrtps_c
[1.001s] [ 79%] Built target leo_msgs__rosidl_typesupport_c
[1.001s] [ 79%] Built target leo_msgs
[1.001s] [ 80%] Built target leo_msgs__py
[1.001s] [ 90%] Built target leo_msgs__rosidl_generator_py
[1.001s] [100%] Built target leo_msgs__rosidl_typesupport_c__pyext
[1.001s] [100%] Built target leo_msgs__rosidl_typesupport_introspection_c__pyext
[1.001s] [100%] Built target leo_msgs__rosidl_typesupport_fastrtps_c__pyext
[1.001s] running egg_info
[1.001s] writing leo_msgs.egg-info/PKG-INFO
[1.001s] writing dependency_links to leo_msgs.egg-info/dependency_links.txt
[1.001s] writing top-level names to leo_msgs.egg-info/top_level.txt
[1.001s] reading manifest file 'leo_msgs.egg-info/SOURCES.txt'
[1.001s] writing manifest file 'leo_msgs.egg-info/SOURCES.txt'
[1.001s] [100%] Built target ament_cmake_python_build_leo_msgs_egg
[1.194s] Invoked command in '/home/mscrobotics2425laptop42/RoboticsSystemsDesignProject/build/leo_msgs' returned '0': CMAKE_PREFIX_PATH=${CMAKE_PREFIX_PATH}:/home/mscrobotics2425laptop42/RoboticsSystemsDesignProject/install/simulation_package:/home/mscrobotics2425laptop42/RoboticsSystemsDesignProject/install/sensors_package:/home/mscrobotics2425laptop42/RoboticsSystemsDesignProject/install/px100_control:/home/mscrobotics2425laptop42/RoboticsSystemsDesignProject/install/object_detect_package:/home/mscrobotics2425laptop42/RoboticsSystemsDesignProject/install/hardware_package:/home/mscrobotics2425laptop42/interbotix_ws/install/interbotix_xs_modules:/home/mscrobotics2425laptop42/interbotix_ws/install/interbotix_perception_modules:/home/mscrobotics2425laptop42/interbotix_ws/install/interbotix_common_modules:/opt/ros/humble /usr/bin/cmake --build /home/mscrobotics2425laptop42/RoboticsSystemsDesignProject/build/leo_msgs -- -j12 -l12
[1.196s] Invoking command in '/home/mscrobotics2425laptop42/RoboticsSystemsDesignProject/build/leo_msgs': CMAKE_PREFIX_PATH=${CMAKE_PREFIX_PATH}:/home/mscrobotics2425laptop42/RoboticsSystemsDesignProject/install/simulation_package:/home/mscrobotics2425laptop42/RoboticsSystemsDesignProject/install/sensors_package:/home/mscrobotics2425laptop42/RoboticsSystemsDesignProject/install/px100_control:/home/mscrobotics2425laptop42/RoboticsSystemsDesignProject/install/object_detect_package:/home/mscrobotics2425laptop42/RoboticsSystemsDesignProject/install/hardware_package:/home/mscrobotics2425laptop42/interbotix_ws/install/interbotix_xs_modules:/home/mscrobotics2425laptop42/interbotix_ws/install/interbotix_perception_modules:/home/mscrobotics2425laptop42/interbotix_ws/install/interbotix_common_modules:/opt/ros/humble /usr/bin/cmake --install /home/mscrobotics2425laptop42/RoboticsSystemsDesignProject/build/leo_msgs
[1.219s] -- Install configuration: ""
[1.219s] -- Up-to-date: /home/mscrobotics2425laptop42/RoboticsSystemsDesignProject/install/leo_msgs/share/ament_index/resource_index/rosidl_interfaces/leo_msgs
[1.219s] -- Up-to-date: /home/mscrobotics2425laptop42/RoboticsSystemsDesignProject/install/leo_msgs/include/leo_msgs/leo_msgs
[1.219s] -- Up-to-date: /home/mscrobotics2425laptop42/RoboticsSystemsDesignProject/install/leo_msgs/include/leo_msgs/leo_msgs/msg
[1.220s] -- Up-to-date: /home/mscrobotics2425laptop42/RoboticsSystemsDesignProject/install/leo_msgs/include/leo_msgs/leo_msgs/msg/wheel_states.h
[1.220s] -- Up-to-date: /home/mscrobotics2425laptop42/RoboticsSystemsDesignProject/install/leo_msgs/include/leo_msgs/leo_msgs/msg/rosidl_generator_c__visibility_control.h
[1.220s] -- Up-to-date: /home/mscrobotics2425laptop42/RoboticsSystemsDesignProject/install/leo_msgs/include/leo_msgs/leo_msgs/msg/detail
[1.220s] -- Up-to-date: /home/mscrobotics2425laptop42/RoboticsSystemsDesignProject/install/leo_msgs/include/leo_msgs/leo_msgs/msg/detail/wheel_states__functions.c
[1.220s] -- Up-to-date: /home/mscrobotics2425laptop42/RoboticsSystemsDesignProject/install/leo_msgs/include/leo_msgs/leo_msgs/msg/detail/imu__type_support.h
[1.221s] -- Up-to-date: /home/mscrobotics2425laptop42/RoboticsSystemsDesignProject/install/leo_msgs/include/leo_msgs/leo_msgs/msg/detail/imu__struct.h
[1.221s] -- Up-to-date: /home/mscrobotics2425laptop42/RoboticsSystemsDesignProject/install/leo_msgs/include/leo_msgs/leo_msgs/msg/detail/wheel_states__functions.h
[1.221s] -- Up-to-date: /home/mscrobotics2425laptop42/RoboticsSystemsDesignProject/install/leo_msgs/include/leo_msgs/leo_msgs/msg/detail/wheel_odom_mecanum__functions.c
[1.221s] -- Up-to-date: /home/mscrobotics2425laptop42/RoboticsSystemsDesignProject/install/leo_msgs/include/leo_msgs/leo_msgs/msg/detail/wheel_odom_mecanum__struct.h
[1.221s] -- Up-to-date: /home/mscrobotics2425laptop42/RoboticsSystemsDesignProject/install/leo_msgs/include/leo_msgs/leo_msgs/msg/detail/wheel_odom__struct.h
[1.221s] -- Up-to-date: /home/mscrobotics2425laptop42/RoboticsSystemsDesignProject/install/leo_msgs/include/leo_msgs/leo_msgs/msg/detail/wheel_odom__functions.h
[1.221s] -- Up-to-date: /home/mscrobotics2425laptop42/RoboticsSystemsDesignProject/install/leo_msgs/include/leo_msgs/leo_msgs/msg/detail/imu__functions.h
[1.221s] -- Up-to-date: /home/mscrobotics2425laptop42/RoboticsSystemsDesignProject/install/leo_msgs/include/leo_msgs/leo_msgs/msg/detail/wheel_odom__functions.c
[1.222s] -- Up-to-date: /home/mscrobotics2425laptop42/RoboticsSystemsDesignProject/install/leo_msgs/include/leo_msgs/leo_msgs/msg/detail/wheel_odom_mecanum__type_support.h
[1.223s] -- Up-to-date: /home/mscrobotics2425laptop42/RoboticsSystemsDesignProject/install/leo_msgs/include/leo_msgs/leo_msgs/msg/detail/wheel_states__type_support.h
[1.223s] -- Up-to-date: /home/mscrobotics2425laptop42/RoboticsSystemsDesignProject/install/leo_msgs/include/leo_msgs/leo_msgs/msg/detail/wheel_odom__type_support.h
[1.224s] -- Up-to-date: /home/mscrobotics2425laptop42/RoboticsSystemsDesignProject/install/leo_msgs/include/leo_msgs/leo_msgs/msg/detail/wheel_odom_mecanum__functions.h
[1.226s] -- Up-to-date: /home/mscrobotics2425laptop42/RoboticsSystemsDesignProject/install/leo_msgs/include/leo_msgs/leo_msgs/msg/detail/wheel_states__struct.h
[1.227s] -- Up-to-date: /home/mscrobotics2425laptop42/RoboticsSystemsDesignProject/install/leo_msgs/include/leo_msgs/leo_msgs/msg/detail/imu__functions.c
[1.227s] -- Up-to-date: /home/mscrobotics2425laptop42/RoboticsSystemsDesignProject/install/leo_msgs/include/leo_msgs/leo_msgs/msg/wheel_odom.h
[1.229s] -- Up-to-date: /home/mscrobotics2425laptop42/RoboticsSystemsDesignProject/install/leo_msgs/include/leo_msgs/leo_msgs/msg/wheel_odom_mecanum.h
[1.231s] -- Up-to-date: /home/mscrobotics2425laptop42/RoboticsSystemsDesignProject/install/leo_msgs/include/leo_msgs/leo_msgs/msg/imu.h
[1.231s] -- Up-to-date: /home/mscrobotics2425laptop42/RoboticsSystemsDesignProject/install/leo_msgs/include/leo_msgs/leo_msgs/srv
[1.231s] -- Up-to-date: /home/mscrobotics2425laptop42/RoboticsSystemsDesignProject/install/leo_msgs/include/leo_msgs/leo_msgs/srv/detail
[1.233s] -- Up-to-date: /home/mscrobotics2425laptop42/RoboticsSystemsDesignProject/install/leo_msgs/include/leo_msgs/leo_msgs/srv/detail/set_imu_calibration__functions.c
[1.234s] -- Up-to-date: /home/mscrobotics2425laptop42/RoboticsSystemsDesignProject/install/leo_msgs/include/leo_msgs/leo_msgs/srv/detail/set_imu_calibration__functions.h
[1.234s] -- Up-to-date: /home/mscrobotics2425laptop42/RoboticsSystemsDesignProject/install/leo_msgs/include/leo_msgs/leo_msgs/srv/detail/set_imu_calibration__type_support.h
[1.235s] -- Up-to-date: /home/mscrobotics2425laptop42/RoboticsSystemsDesignProject/install/leo_msgs/include/leo_msgs/leo_msgs/srv/detail/set_imu_calibration__struct.h
[1.236s] -- Up-to-date: /home/mscrobotics2425laptop42/RoboticsSystemsDesignProject/install/leo_msgs/include/leo_msgs/leo_msgs/srv/set_imu_calibration.h
[1.236s] -- Up-to-date: /home/mscrobotics2425laptop42/RoboticsSystemsDesignProject/install/leo_msgs/share/leo_msgs/environment/library_path.sh
[1.237s] -- Up-to-date: /home/mscrobotics2425laptop42/RoboticsSystemsDesignProject/install/leo_msgs/share/leo_msgs/environment/library_path.dsv
[1.237s] -- Up-to-date: /home/mscrobotics2425laptop42/RoboticsSystemsDesignProject/install/leo_msgs/lib/libleo_msgs__rosidl_generator_c.so
[1.237s] -- Up-to-date: /home/mscrobotics2425laptop42/RoboticsSystemsDesignProject/install/leo_msgs/include/leo_msgs/leo_msgs
[1.237s] -- Up-to-date: /home/mscrobotics2425laptop42/RoboticsSystemsDesignProject/install/leo_msgs/include/leo_msgs/leo_msgs/msg
[1.238s] -- Up-to-date: /home/mscrobotics2425laptop42/RoboticsSystemsDesignProject/install/leo_msgs/include/leo_msgs/leo_msgs/msg/detail
[1.238s] -- Up-to-date: /home/mscrobotics2425laptop42/RoboticsSystemsDesignProject/install/leo_msgs/include/leo_msgs/leo_msgs/msg/detail/wheel_odom_mecanum__rosidl_typesupport_fastrtps_c.h
[1.240s] -- Up-to-date: /home/mscrobotics2425laptop42/RoboticsSystemsDesignProject/install/leo_msgs/include/leo_msgs/leo_msgs/msg/detail/wheel_odom__rosidl_typesupport_fastrtps_c.h
[1.241s] -- Up-to-date: /home/mscrobotics2425laptop42/RoboticsSystemsDesignProject/install/leo_msgs/include/leo_msgs/leo_msgs/msg/detail/imu__rosidl_typesupport_fastrtps_c.h
[1.243s] -- Up-to-date: /home/mscrobotics2425laptop42/RoboticsSystemsDesignProject/install/leo_msgs/include/leo_msgs/leo_msgs/msg/detail/wheel_states__rosidl_typesupport_fastrtps_c.h
[1.243s] -- Up-to-date: /home/mscrobotics2425laptop42/RoboticsSystemsDesignProject/install/leo_msgs/include/leo_msgs/leo_msgs/msg/rosidl_typesupport_fastrtps_c__visibility_control.h
[1.243s] -- Up-to-date: /home/mscrobotics2425laptop42/RoboticsSystemsDesignProject/install/leo_msgs/include/leo_msgs/leo_msgs/srv
[1.243s] -- Up-to-date: /home/mscrobotics2425laptop42/RoboticsSystemsDesignProject/install/leo_msgs/include/leo_msgs/leo_msgs/srv/detail
[1.243s] -- Up-to-date: /home/mscrobotics2425laptop42/RoboticsSystemsDesignProject/install/leo_msgs/include/leo_msgs/leo_msgs/srv/detail/set_imu_calibration__rosidl_typesupport_fastrtps_c.h
[1.243s] -- Up-to-date: /home/mscrobotics2425laptop42/RoboticsSystemsDesignProject/install/leo_msgs/lib/libleo_msgs__rosidl_typesupport_fastrtps_c.so
[1.243s] -- Up-to-date: /home/mscrobotics2425laptop42/RoboticsSystemsDesignProject/install/leo_msgs/include/leo_msgs/leo_msgs
[1.245s] -- Up-to-date: /home/mscrobotics2425laptop42/RoboticsSystemsDesignProject/install/leo_msgs/include/leo_msgs/leo_msgs/msg
[1.245s] -- Up-to-date: /home/mscrobotics2425laptop42/RoboticsSystemsDesignProject/install/leo_msgs/include/leo_msgs/leo_msgs/msg/detail
[1.245s] -- Up-to-date: /home/mscrobotics2425laptop42/RoboticsSystemsDesignProject/install/leo_msgs/include/leo_msgs/leo_msgs/msg/detail/wheel_odom__rosidl_typesupport_introspection_c.h
[1.245s] -- Up-to-date: /home/mscrobotics2425laptop42/RoboticsSystemsDesignProject/install/leo_msgs/include/leo_msgs/leo_msgs/msg/detail/wheel_states__rosidl_typesupport_introspection_c.h
[1.246s] -- Up-to-date: /home/mscrobotics2425laptop42/RoboticsSystemsDesignProject/install/leo_msgs/include/leo_msgs/leo_msgs/msg/detail/wheel_odom_mecanum__rosidl_typesupport_introspection_c.h
[1.246s] -- Up-to-date: /home/mscrobotics2425laptop42/RoboticsSystemsDesignProject/install/leo_msgs/include/leo_msgs/leo_msgs/msg/detail/imu__type_support.c
[1.246s] -- Up-to-date: /home/mscrobotics2425laptop42/RoboticsSystemsDesignProject/install/leo_msgs/include/leo_msgs/leo_msgs/msg/detail/imu__rosidl_typesupport_introspection_c.h
[1.246s] -- Up-to-date: /home/mscrobotics2425laptop42/RoboticsSystemsDesignProject/install/leo_msgs/include/leo_msgs/leo_msgs/msg/detail/wheel_odom__type_support.c
[1.246s] -- Up-to-date: /home/mscrobotics2425laptop42/RoboticsSystemsDesignProject/install/leo_msgs/include/leo_msgs/leo_msgs/msg/detail/wheel_states__type_support.c
[1.246s] -- Up-to-date: /home/mscrobotics2425laptop42/RoboticsSystemsDesignProject/install/leo_msgs/include/leo_msgs/leo_msgs/msg/detail/wheel_odom_mecanum__type_support.c
[1.246s] -- Up-to-date: /home/mscrobotics2425laptop42/RoboticsSystemsDesignProject/install/leo_msgs/include/leo_msgs/leo_msgs/msg/rosidl_typesupport_introspection_c__visibility_control.h
[1.247s] -- Up-to-date: /home/mscrobotics2425laptop42/RoboticsSystemsDesignProject/install/leo_msgs/include/leo_msgs/leo_msgs/srv
[1.247s] -- Up-to-date: /home/mscrobotics2425laptop42/RoboticsSystemsDesignProject/install/leo_msgs/include/leo_msgs/leo_msgs/srv/detail
[1.247s] -- Up-to-date: /home/mscrobotics2425laptop42/RoboticsSystemsDesignProject/install/leo_msgs/include/leo_msgs/leo_msgs/srv/detail/set_imu_calibration__type_support.c
[1.247s] -- Up-to-date: /home/mscrobotics2425laptop42/RoboticsSystemsDesignProject/install/leo_msgs/include/leo_msgs/leo_msgs/srv/detail/set_imu_calibration__rosidl_typesupport_introspection_c.h
[1.247s] -- Up-to-date: /home/mscrobotics2425laptop42/RoboticsSystemsDesignProject/install/leo_msgs/lib/libleo_msgs__rosidl_typesupport_introspection_c.so
[1.247s] -- Up-to-date: /home/mscrobotics2425laptop42/RoboticsSystemsDesignProject/install/leo_msgs/lib/libleo_msgs__rosidl_typesupport_c.so
[1.247s] -- Up-to-date: /home/mscrobotics2425laptop42/RoboticsSystemsDesignProject/install/leo_msgs/include/leo_msgs/leo_msgs
[1.247s] -- Up-to-date: /home/mscrobotics2425laptop42/RoboticsSystemsDesignProject/install/leo_msgs/include/leo_msgs/leo_msgs/msg
[1.247s] -- Up-to-date: /home/mscrobotics2425laptop42/RoboticsSystemsDesignProject/install/leo_msgs/include/leo_msgs/leo_msgs/msg/rosidl_generator_cpp__visibility_control.hpp
[1.248s] -- Up-to-date: /home/mscrobotics2425laptop42/RoboticsSystemsDesignProject/install/leo_msgs/include/leo_msgs/leo_msgs/msg/detail
[1.248s] -- Up-to-date: /home/mscrobotics2425laptop42/RoboticsSystemsDesignProject/install/leo_msgs/include/leo_msgs/leo_msgs/msg/detail/wheel_odom__builder.hpp
[1.248s] -- Up-to-date: /home/mscrobotics2425laptop42/RoboticsSystemsDesignProject/install/leo_msgs/include/leo_msgs/leo_msgs/msg/detail/wheel_states__builder.hpp
[1.248s] -- Up-to-date: /home/mscrobotics2425laptop42/RoboticsSystemsDesignProject/install/leo_msgs/include/leo_msgs/leo_msgs/msg/detail/wheel_odom_mecanum__builder.hpp
[1.249s] -- Up-to-date: /home/mscrobotics2425laptop42/RoboticsSystemsDesignProject/install/leo_msgs/include/leo_msgs/leo_msgs/msg/detail/wheel_states__traits.hpp
[1.249s] -- Up-to-date: /home/mscrobotics2425laptop42/RoboticsSystemsDesignProject/install/leo_msgs/include/leo_msgs/leo_msgs/msg/detail/imu__struct.hpp
[1.249s] -- Up-to-date: /home/mscrobotics2425laptop42/RoboticsSystemsDesignProject/install/leo_msgs/include/leo_msgs/leo_msgs/msg/detail/wheel_states__type_support.hpp
[1.249s] -- Up-to-date: /home/mscrobotics2425laptop42/RoboticsSystemsDesignProject/install/leo_msgs/include/leo_msgs/leo_msgs/msg/detail/wheel_odom__traits.hpp
[1.251s] -- Up-to-date: /home/mscrobotics2425laptop42/RoboticsSystemsDesignProject/install/leo_msgs/include/leo_msgs/leo_msgs/msg/detail/wheel_odom__type_support.hpp
[1.251s] -- Up-to-date: /home/mscrobotics2425laptop42/RoboticsSystemsDesignProject/install/leo_msgs/include/leo_msgs/leo_msgs/msg/detail/imu__type_support.hpp
[1.253s] -- Up-to-date: /home/mscrobotics2425laptop42/RoboticsSystemsDesignProject/install/leo_msgs/include/leo_msgs/leo_msgs/msg/detail/wheel_states__struct.hpp
[1.253s] -- Up-to-date: /home/mscrobotics2425laptop42/RoboticsSystemsDesignProject/install/leo_msgs/include/leo_msgs/leo_msgs/msg/detail/wheel_odom_mecanum__struct.hpp
[1.253s] -- Up-to-date: /home/mscrobotics2425laptop42/RoboticsSystemsDesignProject/install/leo_msgs/include/leo_msgs/leo_msgs/msg/detail/wheel_odom_mecanum__type_support.hpp
[1.253s] -- Up-to-date: /home/mscrobotics2425laptop42/RoboticsSystemsDesignProject/install/leo_msgs/include/leo_msgs/leo_msgs/msg/detail/imu__builder.hpp
[1.254s] -- Up-to-date: /home/mscrobotics2425laptop42/RoboticsSystemsDesignProject/install/leo_msgs/include/leo_msgs/leo_msgs/msg/detail/wheel_odom_mecanum__traits.hpp
[1.254s] -- Up-to-date: /home/mscrobotics2425laptop42/RoboticsSystemsDesignProject/install/leo_msgs/include/leo_msgs/leo_msgs/msg/detail/imu__traits.hpp
[1.254s] -- Up-to-date: /home/mscrobotics2425laptop42/RoboticsSystemsDesignProject/install/leo_msgs/include/leo_msgs/leo_msgs/msg/detail/wheel_odom__struct.hpp
[1.254s] -- Up-to-date: /home/mscrobotics2425laptop42/RoboticsSystemsDesignProject/install/leo_msgs/include/leo_msgs/leo_msgs/msg/wheel_odom_mecanum.hpp
[1.254s] -- Up-to-date: /home/mscrobotics2425laptop42/RoboticsSystemsDesignProject/install/leo_msgs/include/leo_msgs/leo_msgs/msg/wheel_states.hpp
[1.254s] -- Up-to-date: /home/mscrobotics2425laptop42/RoboticsSystemsDesignProject/install/leo_msgs/include/leo_msgs/leo_msgs/msg/wheel_odom.hpp
[1.254s] -- Up-to-date: /home/mscrobotics2425laptop42/RoboticsSystemsDesignProject/install/leo_msgs/include/leo_msgs/leo_msgs/msg/imu.hpp
[1.254s] -- Up-to-date: /home/mscrobotics2425laptop42/RoboticsSystemsDesignProject/install/leo_msgs/include/leo_msgs/leo_msgs/srv
[1.254s] -- Up-to-date: /home/mscrobotics2425laptop42/RoboticsSystemsDesignProject/install/leo_msgs/include/leo_msgs/leo_msgs/srv/detail
[1.254s] -- Up-to-date: /home/mscrobotics2425laptop42/RoboticsSystemsDesignProject/install/leo_msgs/include/leo_msgs/leo_msgs/srv/detail/set_imu_calibration__traits.hpp
[1.254s] -- Up-to-date: /home/mscrobotics2425laptop42/RoboticsSystemsDesignProject/install/leo_msgs/include/leo_msgs/leo_msgs/srv/detail/set_imu_calibration__type_support.hpp
[1.254s] -- Up-to-date: /home/mscrobotics2425laptop42/RoboticsSystemsDesignProject/install/leo_msgs/include/leo_msgs/leo_msgs/srv/detail/set_imu_calibration__struct.hpp
[1.254s] -- Up-to-date: /home/mscrobotics2425laptop42/RoboticsSystemsDesignProject/install/leo_msgs/include/leo_msgs/leo_msgs/srv/detail/set_imu_calibration__builder.hpp
[1.254s] -- Up-to-date: /home/mscrobotics2425laptop42/RoboticsSystemsDesignProject/install/leo_msgs/include/leo_msgs/leo_msgs/srv/set_imu_calibration.hpp
[1.254s] -- Up-to-date: /home/mscrobotics2425laptop42/RoboticsSystemsDesignProject/install/leo_msgs/include/leo_msgs/leo_msgs
[1.254s] -- Up-to-date: /home/mscrobotics2425laptop42/RoboticsSystemsDesignProject/install/leo_msgs/include/leo_msgs/leo_msgs/msg
[1.255s] -- Up-to-date: /home/mscrobotics2425laptop42/RoboticsSystemsDesignProject/install/leo_msgs/include/leo_msgs/leo_msgs/msg/rosidl_typesupport_fastrtps_cpp__visibility_control.h
[1.255s] -- Up-to-date: /home/mscrobotics2425laptop42/RoboticsSystemsDesignProject/install/leo_msgs/include/leo_msgs/leo_msgs/msg/detail
[1.255s] -- Up-to-date: /home/mscrobotics2425laptop42/RoboticsSystemsDesignProject/install/leo_msgs/include/leo_msgs/leo_msgs/msg/detail/wheel_odom_mecanum__rosidl_typesupport_fastrtps_cpp.hpp
[1.255s] -- Up-to-date: /home/mscrobotics2425laptop42/RoboticsSystemsDesignProject/install/leo_msgs/include/leo_msgs/leo_msgs/msg/detail/wheel_states__rosidl_typesupport_fastrtps_cpp.hpp
[1.255s] -- Up-to-date: /home/mscrobotics2425laptop42/RoboticsSystemsDesignProject/install/leo_msgs/include/leo_msgs/leo_msgs/msg/detail/imu__rosidl_typesupport_fastrtps_cpp.hpp
[1.255s] -- Up-to-date: /home/mscrobotics2425laptop42/RoboticsSystemsDesignProject/install/leo_msgs/include/leo_msgs/leo_msgs/msg/detail/dds_fastrtps
[1.255s] -- Up-to-date: /home/mscrobotics2425laptop42/RoboticsSystemsDesignProject/install/leo_msgs/include/leo_msgs/leo_msgs/msg/detail/wheel_odom__rosidl_typesupport_fastrtps_cpp.hpp
[1.255s] -- Up-to-date: /home/mscrobotics2425laptop42/RoboticsSystemsDesignProject/install/leo_msgs/include/leo_msgs/leo_msgs/srv
[1.255s] -- Up-to-date: /home/mscrobotics2425laptop42/RoboticsSystemsDesignProject/install/leo_msgs/include/leo_msgs/leo_msgs/srv/detail
[1.255s] -- Up-to-date: /home/mscrobotics2425laptop42/RoboticsSystemsDesignProject/install/leo_msgs/include/leo_msgs/leo_msgs/srv/detail/set_imu_calibration__rosidl_typesupport_fastrtps_cpp.hpp
[1.255s] -- Up-to-date: /home/mscrobotics2425laptop42/RoboticsSystemsDesignProject/install/leo_msgs/include/leo_msgs/leo_msgs/srv/detail/dds_fastrtps
[1.255s] -- Up-to-date: /home/mscrobotics2425laptop42/RoboticsSystemsDesignProject/install/leo_msgs/lib/libleo_msgs__rosidl_typesupport_fastrtps_cpp.so
[1.255s] -- Up-to-date: /home/mscrobotics2425laptop42/RoboticsSystemsDesignProject/install/leo_msgs/include/leo_msgs/leo_msgs
[1.255s] -- Up-to-date: /home/mscrobotics2425laptop42/RoboticsSystemsDesignProject/install/leo_msgs/include/leo_msgs/leo_msgs/msg
[1.256s] -- Up-to-date: /home/mscrobotics2425laptop42/RoboticsSystemsDesignProject/install/leo_msgs/include/leo_msgs/leo_msgs/msg/detail
[1.256s] -- Up-to-date: /home/mscrobotics2425laptop42/RoboticsSystemsDesignProject/install/leo_msgs/include/leo_msgs/leo_msgs/msg/detail/wheel_states__rosidl_typesupport_introspection_cpp.hpp
[1.256s] -- Up-to-date: /home/mscrobotics2425laptop42/RoboticsSystemsDesignProject/install/leo_msgs/include/leo_msgs/leo_msgs/msg/detail/wheel_odom_mecanum__type_support.cpp
[1.256s] -- Up-to-date: /home/mscrobotics2425laptop42/RoboticsSystemsDesignProject/install/leo_msgs/include/leo_msgs/leo_msgs/msg/detail/imu__rosidl_typesupport_introspection_cpp.hpp
[1.256s] -- Up-to-date: /home/mscrobotics2425laptop42/RoboticsSystemsDesignProject/install/leo_msgs/include/leo_msgs/leo_msgs/msg/detail/wheel_odom__type_support.cpp
[1.256s] -- Up-to-date: /home/mscrobotics2425laptop42/RoboticsSystemsDesignProject/install/leo_msgs/include/leo_msgs/leo_msgs/msg/detail/wheel_odom_mecanum__rosidl_typesupport_introspection_cpp.hpp
[1.256s] -- Up-to-date: /home/mscrobotics2425laptop42/RoboticsSystemsDesignProject/install/leo_msgs/include/leo_msgs/leo_msgs/msg/detail/wheel_odom__rosidl_typesupport_introspection_cpp.hpp
[1.256s] -- Up-to-date: /home/mscrobotics2425laptop42/RoboticsSystemsDesignProject/install/leo_msgs/include/leo_msgs/leo_msgs/msg/detail/imu__type_support.cpp
[1.256s] -- Up-to-date: /home/mscrobotics2425laptop42/RoboticsSystemsDesignProject/install/leo_msgs/include/leo_msgs/leo_msgs/msg/detail/wheel_states__type_support.cpp
[1.256s] -- Up-to-date: /home/mscrobotics2425laptop42/RoboticsSystemsDesignProject/install/leo_msgs/include/leo_msgs/leo_msgs/srv
[1.256s] -- Up-to-date: /home/mscrobotics2425laptop42/RoboticsSystemsDesignProject/install/leo_msgs/include/leo_msgs/leo_msgs/srv/detail
[1.256s] -- Up-to-date: /home/mscrobotics2425laptop42/RoboticsSystemsDesignProject/install/leo_msgs/include/leo_msgs/leo_msgs/srv/detail/set_imu_calibration__type_support.cpp
[1.256s] -- Up-to-date: /home/mscrobotics2425laptop42/RoboticsSystemsDesignProject/install/leo_msgs/include/leo_msgs/leo_msgs/srv/detail/set_imu_calibration__rosidl_typesupport_introspection_cpp.hpp
[1.256s] -- Up-to-date: /home/mscrobotics2425laptop42/RoboticsSystemsDesignProject/install/leo_msgs/lib/libleo_msgs__rosidl_typesupport_introspection_cpp.so
[1.256s] -- Up-to-date: /home/mscrobotics2425laptop42/RoboticsSystemsDesignProject/install/leo_msgs/lib/libleo_msgs__rosidl_typesupport_cpp.so
[1.256s] -- Up-to-date: /home/mscrobotics2425laptop42/RoboticsSystemsDesignProject/install/leo_msgs/share/leo_msgs/environment/pythonpath.sh
[1.256s] -- Up-to-date: /home/mscrobotics2425laptop42/RoboticsSystemsDesignProject/install/leo_msgs/share/leo_msgs/environment/pythonpath.dsv
[1.257s] -- Up-to-date: /home/mscrobotics2425laptop42/RoboticsSystemsDesignProject/install/leo_msgs/local/lib/python3.10/dist-packages/leo_msgs-1.2.4-py3.10.egg-info
[1.257s] -- Installing: /home/mscrobotics2425laptop42/RoboticsSystemsDesignProject/install/leo_msgs/local/lib/python3.10/dist-packages/leo_msgs-1.2.4-py3.10.egg-info/top_level.txt
[1.257s] -- Installing: /home/mscrobotics2425laptop42/RoboticsSystemsDesignProject/install/leo_msgs/local/lib/python3.10/dist-packages/leo_msgs-1.2.4-py3.10.egg-info/dependency_links.txt
[1.257s] -- Installing: /home/mscrobotics2425laptop42/RoboticsSystemsDesignProject/install/leo_msgs/local/lib/python3.10/dist-packages/leo_msgs-1.2.4-py3.10.egg-info/PKG-INFO
[1.257s] -- Installing: /home/mscrobotics2425laptop42/RoboticsSystemsDesignProject/install/leo_msgs/local/lib/python3.10/dist-packages/leo_msgs-1.2.4-py3.10.egg-info/SOURCES.txt
[1.257s] -- Up-to-date: /home/mscrobotics2425laptop42/RoboticsSystemsDesignProject/install/leo_msgs/local/lib/python3.10/dist-packages/leo_msgs
[1.257s] -- Up-to-date: /home/mscrobotics2425laptop42/RoboticsSystemsDesignProject/install/leo_msgs/local/lib/python3.10/dist-packages/leo_msgs/leo_msgs_s__rosidl_typesupport_introspection_c.cpython-310-x86_64-linux-gnu.so
[1.257s] -- Up-to-date: /home/mscrobotics2425laptop42/RoboticsSystemsDesignProject/install/leo_msgs/local/lib/python3.10/dist-packages/leo_msgs/_leo_msgs_s.ep.rosidl_typesupport_c.c
[1.257s] -- Up-to-date: /home/mscrobotics2425laptop42/RoboticsSystemsDesignProject/install/leo_msgs/local/lib/python3.10/dist-packages/leo_msgs/leo_msgs_s__rosidl_typesupport_fastrtps_c.cpython-310-x86_64-linux-gnu.so
[1.257s] -- Up-to-date: /home/mscrobotics2425laptop42/RoboticsSystemsDesignProject/install/leo_msgs/local/lib/python3.10/dist-packages/leo_msgs/__init__.py
[1.257s] -- Up-to-date: /home/mscrobotics2425laptop42/RoboticsSystemsDesignProject/install/leo_msgs/local/lib/python3.10/dist-packages/leo_msgs/leo_msgs_s__rosidl_typesupport_c.cpython-310-x86_64-linux-gnu.so
[1.257s] -- Up-to-date: /home/mscrobotics2425laptop42/RoboticsSystemsDesignProject/install/leo_msgs/local/lib/python3.10/dist-packages/leo_msgs/_leo_msgs_s.ep.rosidl_typesupport_fastrtps_c.c
[1.257s] -- Up-to-date: /home/mscrobotics2425laptop42/RoboticsSystemsDesignProject/install/leo_msgs/local/lib/python3.10/dist-packages/leo_msgs/msg
[1.257s] -- Up-to-date: /home/mscrobotics2425laptop42/RoboticsSystemsDesignProject/install/leo_msgs/local/lib/python3.10/dist-packages/leo_msgs/msg/__init__.py
[1.257s] -- Up-to-date: /home/mscrobotics2425laptop42/RoboticsSystemsDesignProject/install/leo_msgs/local/lib/python3.10/dist-packages/leo_msgs/msg/_wheel_odom.py
[1.257s] -- Up-to-date: /home/mscrobotics2425laptop42/RoboticsSystemsDesignProject/install/leo_msgs/local/lib/python3.10/dist-packages/leo_msgs/msg/_wheel_odom_s.c
[1.257s] -- Up-to-date: /home/mscrobotics2425laptop42/RoboticsSystemsDesignProject/install/leo_msgs/local/lib/python3.10/dist-packages/leo_msgs/msg/_imu.py
[1.257s] -- Up-to-date: /home/mscrobotics2425laptop42/RoboticsSystemsDesignProject/install/leo_msgs/local/lib/python3.10/dist-packages/leo_msgs/msg/_wheel_states_s.c
[1.257s] -- Up-to-date: /home/mscrobotics2425laptop42/RoboticsSystemsDesignProject/install/leo_msgs/local/lib/python3.10/dist-packages/leo_msgs/msg/_imu_s.c
[1.257s] -- Up-to-date: /home/mscrobotics2425laptop42/RoboticsSystemsDesignProject/install/leo_msgs/local/lib/python3.10/dist-packages/leo_msgs/msg/_wheel_odom_mecanum.py
[1.258s] -- Up-to-date: /home/mscrobotics2425laptop42/RoboticsSystemsDesignProject/install/leo_msgs/local/lib/python3.10/dist-packages/leo_msgs/msg/_wheel_odom_mecanum_s.c
[1.258s] -- Up-to-date: /home/mscrobotics2425laptop42/RoboticsSystemsDesignProject/install/leo_msgs/local/lib/python3.10/dist-packages/leo_msgs/msg/_wheel_states.py
[1.258s] -- Up-to-date: /home/mscrobotics2425laptop42/RoboticsSystemsDesignProject/install/leo_msgs/local/lib/python3.10/dist-packages/leo_msgs/_leo_msgs_s.ep.rosidl_typesupport_introspection_c.c
[1.258s] -- Up-to-date: /home/mscrobotics2425laptop42/RoboticsSystemsDesignProject/install/leo_msgs/local/lib/python3.10/dist-packages/leo_msgs/srv
[1.258s] -- Up-to-date: /home/mscrobotics2425laptop42/RoboticsSystemsDesignProject/install/leo_msgs/local/lib/python3.10/dist-packages/leo_msgs/srv/_set_imu_calibration_s.c
[1.258s] -- Up-to-date: /home/mscrobotics2425laptop42/RoboticsSystemsDesignProject/install/leo_msgs/local/lib/python3.10/dist-packages/leo_msgs/srv/__init__.py
[1.258s] -- Up-to-date: /home/mscrobotics2425laptop42/RoboticsSystemsDesignProject/install/leo_msgs/local/lib/python3.10/dist-packages/leo_msgs/srv/_set_imu_calibration.py
[1.258s] -- Up-to-date: /home/mscrobotics2425laptop42/RoboticsSystemsDesignProject/install/leo_msgs/local/lib/python3.10/dist-packages/leo_msgs/libleo_msgs__rosidl_generator_py.so
[1.295s] Listing '/home/mscrobotics2425laptop42/RoboticsSystemsDesignProject/install/leo_msgs/local/lib/python3.10/dist-packages/leo_msgs'...
[1.295s] Listing '/home/mscrobotics2425laptop42/RoboticsSystemsDesignProject/install/leo_msgs/local/lib/python3.10/dist-packages/leo_msgs/msg'...
[1.296s] Listing '/home/mscrobotics2425laptop42/RoboticsSystemsDesignProject/install/leo_msgs/local/lib/python3.10/dist-packages/leo_msgs/srv'...
[1.301s] -- Up-to-date: /home/mscrobotics2425laptop42/RoboticsSystemsDesignProject/install/leo_msgs/local/lib/python3.10/dist-packages/leo_msgs/leo_msgs_s__rosidl_typesupport_fastrtps_c.cpython-310-x86_64-linux-gnu.so
[1.301s] -- Up-to-date: /home/mscrobotics2425laptop42/RoboticsSystemsDesignProject/install/leo_msgs/local/lib/python3.10/dist-packages/leo_msgs/leo_msgs_s__rosidl_typesupport_introspection_c.cpython-310-x86_64-linux-gnu.so
[1.301s] -- Up-to-date: /home/mscrobotics2425laptop42/RoboticsSystemsDesignProject/install/leo_msgs/local/lib/python3.10/dist-packages/leo_msgs/leo_msgs_s__rosidl_typesupport_c.cpython-310-x86_64-linux-gnu.so
[1.301s] -- Up-to-date: /home/mscrobotics2425laptop42/RoboticsSystemsDesignProject/install/leo_msgs/lib/libleo_msgs__rosidl_generator_py.so
[1.302s] -- Up-to-date: /home/mscrobotics2425laptop42/RoboticsSystemsDesignProject/install/leo_msgs/share/leo_msgs/msg/Imu.idl
[1.302s] -- Up-to-date: /home/mscrobotics2425laptop42/RoboticsSystemsDesignProject/install/leo_msgs/share/leo_msgs/msg/WheelOdom.idl
[1.302s] -- Up-to-date: /home/mscrobotics2425laptop42/RoboticsSystemsDesignProject/install/leo_msgs/share/leo_msgs/msg/WheelOdomMecanum.idl
[1.302s] -- Up-to-date: /home/mscrobotics2425laptop42/RoboticsSystemsDesignProject/install/leo_msgs/share/leo_msgs/msg/WheelStates.idl
[1.302s] -- Up-to-date: /home/mscrobotics2425laptop42/RoboticsSystemsDesignProject/install/leo_msgs/share/leo_msgs/srv/SetImuCalibration.idl
[1.302s] -- Up-to-date: /home/mscrobotics2425laptop42/RoboticsSystemsDesignProject/install/leo_msgs/share/leo_msgs/msg/Imu.msg
[1.302s] -- Up-to-date: /home/mscrobotics2425laptop42/RoboticsSystemsDesignProject/install/leo_msgs/share/leo_msgs/msg/WheelOdom.msg
[1.303s] -- Up-to-date: /home/mscrobotics2425laptop42/RoboticsSystemsDesignProject/install/leo_msgs/share/leo_msgs/msg/WheelOdomMecanum.msg
[1.303s] -- Up-to-date: /home/mscrobotics2425laptop42/RoboticsSystemsDesignProject/install/leo_msgs/share/leo_msgs/msg/WheelStates.msg
[1.303s] -- Up-to-date: /home/mscrobotics2425laptop42/RoboticsSystemsDesignProject/install/leo_msgs/share/leo_msgs/srv/SetImuCalibration.srv
[1.303s] -- Up-to-date: /home/mscrobotics2425laptop42/RoboticsSystemsDesignProject/install/leo_msgs/share/leo_msgs/srv/SetImuCalibration_Request.msg
[1.303s] -- Up-to-date: /home/mscrobotics2425laptop42/RoboticsSystemsDesignProject/install/leo_msgs/share/leo_msgs/srv/SetImuCalibration_Response.msg
[1.303s] -- Up-to-date: /home/mscrobotics2425laptop42/RoboticsSystemsDesignProject/install/leo_msgs/share/ament_index/resource_index/package_run_dependencies/leo_msgs
[1.303s] -- Up-to-date: /home/mscrobotics2425laptop42/RoboticsSystemsDesignProject/install/leo_msgs/share/ament_index/resource_index/parent_prefix_path/leo_msgs
[1.303s] -- Up-to-date: /home/mscrobotics2425laptop42/RoboticsSystemsDesignProject/install/leo_msgs/share/leo_msgs/environment/ament_prefix_path.sh
[1.303s] -- Up-to-date: /home/mscrobotics2425laptop42/RoboticsSystemsDesignProject/install/leo_msgs/share/leo_msgs/environment/ament_prefix_path.dsv
[1.304s] -- Up-to-date: /home/mscrobotics2425laptop42/RoboticsSystemsDesignProject/install/leo_msgs/share/leo_msgs/environment/path.sh
[1.304s] -- Up-to-date: /home/mscrobotics2425laptop42/RoboticsSystemsDesignProject/install/leo_msgs/share/leo_msgs/environment/path.dsv
[1.307s] -- Up-to-date: /home/mscrobotics2425laptop42/RoboticsSystemsDesignProject/install/leo_msgs/share/leo_msgs/local_setup.bash
[1.307s] -- Up-to-date: /home/mscrobotics2425laptop42/RoboticsSystemsDesignProject/install/leo_msgs/share/leo_msgs/local_setup.sh
[1.310s] -- Up-to-date: /home/mscrobotics2425laptop42/RoboticsSystemsDesignProject/install/leo_msgs/share/leo_msgs/local_setup.zsh
[1.310s] -- Up-to-date: /home/mscrobotics2425laptop42/RoboticsSystemsDesignProject/install/leo_msgs/share/leo_msgs/local_setup.dsv
[1.311s] -- Installing: /home/mscrobotics2425laptop42/RoboticsSystemsDesignProject/install/leo_msgs/share/leo_msgs/package.dsv
[1.311s] -- Up-to-date: /home/mscrobotics2425laptop42/RoboticsSystemsDesignProject/install/leo_msgs/share/ament_index/resource_index/packages/leo_msgs
[1.312s] -- Up-to-date: /home/mscrobotics2425laptop42/RoboticsSystemsDesignProject/install/leo_msgs/share/leo_msgs/cmake/export_leo_msgs__rosidl_generator_cExport.cmake
[1.312s] -- Up-to-date: /home/mscrobotics2425laptop42/RoboticsSystemsDesignProject/install/leo_msgs/share/leo_msgs/cmake/export_leo_msgs__rosidl_generator_cExport-noconfig.cmake
[1.314s] -- Up-to-date: /home/mscrobotics2425laptop42/RoboticsSystemsDesignProject/install/leo_msgs/share/leo_msgs/cmake/export_leo_msgs__rosidl_typesupport_fastrtps_cExport.cmake
[1.317s] -- Up-to-date: /home/mscrobotics2425laptop42/RoboticsSystemsDesignProject/install/leo_msgs/share/leo_msgs/cmake/export_leo_msgs__rosidl_typesupport_fastrtps_cExport-noconfig.cmake
[1.317s] -- Up-to-date: /home/mscrobotics2425laptop42/RoboticsSystemsDesignProject/install/leo_msgs/share/leo_msgs/cmake/leo_msgs__rosidl_typesupport_introspection_cExport.cmake
[1.318s] -- Up-to-date: /home/mscrobotics2425laptop42/RoboticsSystemsDesignProject/install/leo_msgs/share/leo_msgs/cmake/leo_msgs__rosidl_typesupport_introspection_cExport-noconfig.cmake
[1.318s] -- Up-to-date: /home/mscrobotics2425laptop42/RoboticsSystemsDesignProject/install/leo_msgs/share/leo_msgs/cmake/leo_msgs__rosidl_typesupport_cExport.cmake
[1.318s] -- Up-to-date: /home/mscrobotics2425laptop42/RoboticsSystemsDesignProject/install/leo_msgs/share/leo_msgs/cmake/leo_msgs__rosidl_typesupport_cExport-noconfig.cmake
[1.319s] -- Up-to-date: /home/mscrobotics2425laptop42/RoboticsSystemsDesignProject/install/leo_msgs/share/leo_msgs/cmake/export_leo_msgs__rosidl_generator_cppExport.cmake
[1.319s] -- Up-to-date: /home/mscrobotics2425laptop42/RoboticsSystemsDesignProject/install/leo_msgs/share/leo_msgs/cmake/export_leo_msgs__rosidl_typesupport_fastrtps_cppExport.cmake
[1.320s] -- Up-to-date: /home/mscrobotics2425laptop42/RoboticsSystemsDesignProject/install/leo_msgs/share/leo_msgs/cmake/export_leo_msgs__rosidl_typesupport_fastrtps_cppExport-noconfig.cmake
[1.320s] -- Up-to-date: /home/mscrobotics2425laptop42/RoboticsSystemsDesignProject/install/leo_msgs/share/leo_msgs/cmake/leo_msgs__rosidl_typesupport_introspection_cppExport.cmake
[1.321s] -- Up-to-date: /home/mscrobotics2425laptop42/RoboticsSystemsDesignProject/install/leo_msgs/share/leo_msgs/cmake/leo_msgs__rosidl_typesupport_introspection_cppExport-noconfig.cmake
[1.321s] -- Up-to-date: /home/mscrobotics2425laptop42/RoboticsSystemsDesignProject/install/leo_msgs/share/leo_msgs/cmake/leo_msgs__rosidl_typesupport_cppExport.cmake
[1.321s] -- Up-to-date: /home/mscrobotics2425laptop42/RoboticsSystemsDesignProject/install/leo_msgs/share/leo_msgs/cmake/leo_msgs__rosidl_typesupport_cppExport-noconfig.cmake
[1.322s] -- Up-to-date: /home/mscrobotics2425laptop42/RoboticsSystemsDesignProject/install/leo_msgs/share/leo_msgs/cmake/export_leo_msgs__rosidl_generator_pyExport.cmake
[1.322s] -- Up-to-date: /home/mscrobotics2425laptop42/RoboticsSystemsDesignProject/install/leo_msgs/share/leo_msgs/cmake/export_leo_msgs__rosidl_generator_pyExport-noconfig.cmake
[1.322s] -- Up-to-date: /home/mscrobotics2425laptop42/RoboticsSystemsDesignProject/install/leo_msgs/share/leo_msgs/cmake/rosidl_cmake-extras.cmake
[1.323s] -- Up-to-date: /home/mscrobotics2425laptop42/RoboticsSystemsDesignProject/install/leo_msgs/share/leo_msgs/cmake/ament_cmake_export_dependencies-extras.cmake
[1.323s] -- Up-to-date: /home/mscrobotics2425laptop42/RoboticsSystemsDesignProject/install/leo_msgs/share/leo_msgs/cmake/ament_cmake_export_include_directories-extras.cmake
[1.323s] -- Up-to-date: /home/mscrobotics2425laptop42/RoboticsSystemsDesignProject/install/leo_msgs/share/leo_msgs/cmake/ament_cmake_export_libraries-extras.cmake
[1.323s] -- Up-to-date: /home/mscrobotics2425laptop42/RoboticsSystemsDesignProject/install/leo_msgs/share/leo_msgs/cmake/ament_cmake_export_targets-extras.cmake
[1.323s] -- Up-to-date: /home/mscrobotics2425laptop42/RoboticsSystemsDesignProject/install/leo_msgs/share/leo_msgs/cmake/rosidl_cmake_export_typesupport_targets-extras.cmake
[1.324s] -- Up-to-date: /home/mscrobotics2425laptop42/RoboticsSystemsDesignProject/install/leo_msgs/share/leo_msgs/cmake/rosidl_cmake_export_typesupport_libraries-extras.cmake
[1.324s] -- Up-to-date: /home/mscrobotics2425laptop42/RoboticsSystemsDesignProject/install/leo_msgs/share/leo_msgs/cmake/leo_msgsConfig.cmake
[1.324s] -- Up-to-date: /home/mscrobotics2425laptop42/RoboticsSystemsDesignProject/install/leo_msgs/share/leo_msgs/cmake/leo_msgsConfig-version.cmake
[1.324s] -- Up-to-date: /home/mscrobotics2425laptop42/RoboticsSystemsDesignProject/install/leo_msgs/share/leo_msgs/package.xml
[1.331s] Invoked command in '/home/mscrobotics2425laptop42/RoboticsSystemsDesignProject/build/leo_msgs' returned '0': CMAKE_PREFIX_PATH=${CMAKE_PREFIX_PATH}:/home/mscrobotics2425laptop42/RoboticsSystemsDesignProject/install/simulation_package:/home/mscrobotics2425laptop42/RoboticsSystemsDesignProject/install/sensors_package:/home/mscrobotics2425laptop42/RoboticsSystemsDesignProject/install/px100_control:/home/mscrobotics2425laptop42/RoboticsSystemsDesignProject/install/object_detect_package:/home/mscrobotics2425laptop42/RoboticsSystemsDesignProject/install/hardware_package:/home/mscrobotics2425laptop42/interbotix_ws/install/interbotix_xs_modules:/home/mscrobotics2425laptop42/interbotix_ws/install/interbotix_perception_modules:/home/mscrobotics2425laptop42/interbotix_ws/install/interbotix_common_modules:/opt/ros/humble /usr/bin/cmake --install /home/mscrobotics2425laptop42/RoboticsSystemsDesignProject/build/leo_msgs
