[0.070s] Invoking command in '/home/mscrobotics2425laptop42/RoboticsSystemsDesignProject/build/leo_description': CMAKE_PREFIX_PATH=${CMAKE_PREFIX_PATH}:/home/mscrobotics2425laptop42/interbotix_ws/install/interbotix_xs_modules:/home/mscrobotics2425laptop42/interbotix_ws/install/interbotix_perception_modules:/home/mscrobotics2425laptop42/interbotix_ws/install/interbotix_common_modules:/opt/ros/humble /usr/bin/cmake --build /home/mscrobotics2425laptop42/RoboticsSystemsDesignProject/build/leo_description -- -j12 -l12
[1.671s] Invoked command in '/home/mscrobotics2425laptop42/RoboticsSystemsDesignProject/build/leo_description' returned '0': CMAKE_PREFIX_PATH=${CMAKE_PREFIX_PATH}:/home/mscrobotics2425laptop42/interbotix_ws/install/interbotix_xs_modules:/home/mscrobotics2425laptop42/interbotix_ws/install/interbotix_perception_modules:/home/mscrobotics2425laptop42/interbotix_ws/install/interbotix_common_modules:/opt/ros/humble /usr/bin/cmake --build /home/mscrobotics2425laptop42/RoboticsSystemsDesignProject/build/leo_description -- -j12 -l12
[1.696s] Invoking command in '/home/mscrobotics2425laptop42/RoboticsSystemsDesignProject/build/leo_description': CMAKE_PREFIX_PATH=${CMAKE_PREFIX_PATH}:/home/mscrobotics2425laptop42/interbotix_ws/install/interbotix_xs_modules:/home/mscrobotics2425laptop42/interbotix_ws/install/interbotix_perception_modules:/home/mscrobotics2425laptop42/interbotix_ws/install/interbotix_common_modules:/opt/ros/humble /usr/bin/cmake --install /home/mscrobotics2425laptop42/RoboticsSystemsDesignProject/build/leo_description
[2.230s] -- Install configuration: ""
[2.230s] -- Up-to-date: /home/mscrobotics2425laptop42/RoboticsSystemsDesignProject/install/leo_description/share/leo_description/launch
[2.230s] -- Up-to-date: /home/mscrobotics2425laptop42/RoboticsSystemsDesignProject/install/leo_description/share/leo_description/launch/state_publisher.launch.xml
[2.230s] -- Up-to-date: /home/mscrobotics2425laptop42/RoboticsSystemsDesignProject/install/leo_description/share/leo_description/models
[2.230s] -- Up-to-date: /home/mscrobotics2425laptop42/RoboticsSystemsDesignProject/install/leo_description/share/leo_description/models/Chassis_outline.stl
[2.232s] -- Up-to-date: /home/mscrobotics2425laptop42/RoboticsSystemsDesignProject/install/leo_description/share/leo_description/models/Wheel_outline.stl
[2.232s] -- Up-to-date: /home/mscrobotics2425laptop42/RoboticsSystemsDesignProject/install/leo_description/share/leo_description/models/Rocker.dae
[2.232s] -- Up-to-date: /home/mscrobotics2425laptop42/RoboticsSystemsDesignProject/install/leo_description/share/leo_description/models/WheelMecanumB.dae
[2.233s] -- Up-to-date: /home/mscrobotics2425laptop42/RoboticsSystemsDesignProject/install/leo_description/share/leo_description/models/Chassis.dae
[2.233s] -- Up-to-date: /home/mscrobotics2425laptop42/RoboticsSystemsDesignProject/install/leo_description/share/leo_description/models/WheelB.dae
[2.233s] -- Up-to-date: /home/mscrobotics2425laptop42/RoboticsSystemsDesignProject/install/leo_description/share/leo_description/models/WheelMecanumA.dae
[2.233s] -- Up-to-date: /home/mscrobotics2425laptop42/RoboticsSystemsDesignProject/install/leo_description/share/leo_description/models/WheelA.dae
[2.233s] -- Up-to-date: /home/mscrobotics2425laptop42/RoboticsSystemsDesignProject/install/leo_description/share/leo_description/models/Antenna.dae
[2.233s] -- Up-to-date: /home/mscrobotics2425laptop42/RoboticsSystemsDesignProject/install/leo_description/share/leo_description/models/Rocker_outline.stl
[2.233s] -- Up-to-date: /home/mscrobotics2425laptop42/RoboticsSystemsDesignProject/install/leo_description/share/leo_description/models/Mecanum_wheel_outline.stl
[2.233s] -- Up-to-date: /home/mscrobotics2425laptop42/RoboticsSystemsDesignProject/install/leo_description/share/leo_description/urdf
[2.233s] -- Up-to-date: /home/mscrobotics2425laptop42/RoboticsSystemsDesignProject/install/leo_description/share/leo_description/urdf/leo_sim.urdf.xacro
[2.233s] -- Up-to-date: /home/mscrobotics2425laptop42/RoboticsSystemsDesignProject/install/leo_description/share/leo_description/urdf/macros.xacro
[2.234s] -- Up-to-date: /home/mscrobotics2425laptop42/RoboticsSystemsDesignProject/install/leo_description/share/leo_description/urdf/leo.urdf.xacro
[2.235s] -- Up-to-date: /home/mscrobotics2425laptop42/RoboticsSystemsDesignProject/install/leo_description/share/leo_description/environment/gz_sim_resource_path.sh
[2.235s] -- Up-to-date: /home/mscrobotics2425laptop42/RoboticsSystemsDesignProject/install/leo_description/share/leo_description/environment/gz_sim_resource_path.dsv
[2.235s] -- Up-to-date: /home/mscrobotics2425laptop42/RoboticsSystemsDesignProject/install/leo_description/share/ament_index/resource_index/package_run_dependencies/leo_description
[2.235s] -- Up-to-date: /home/mscrobotics2425laptop42/RoboticsSystemsDesignProject/install/leo_description/share/ament_index/resource_index/parent_prefix_path/leo_description
[2.235s] -- Up-to-date: /home/mscrobotics2425laptop42/RoboticsSystemsDesignProject/install/leo_description/share/leo_description/environment/ament_prefix_path.sh
[2.235s] -- Up-to-date: /home/mscrobotics2425laptop42/RoboticsSystemsDesignProject/install/leo_description/share/leo_description/environment/ament_prefix_path.dsv
[2.235s] -- Up-to-date: /home/mscrobotics2425laptop42/RoboticsSystemsDesignProject/install/leo_description/share/leo_description/environment/path.sh
[2.236s] -- Up-to-date: /home/mscrobotics2425laptop42/RoboticsSystemsDesignProject/install/leo_description/share/leo_description/environment/path.dsv
[2.236s] -- Up-to-date: /home/mscrobotics2425laptop42/RoboticsSystemsDesignProject/install/leo_description/share/leo_description/local_setup.bash
[2.236s] -- Up-to-date: /home/mscrobotics2425laptop42/RoboticsSystemsDesignProject/install/leo_description/share/leo_description/local_setup.sh
[2.236s] -- Up-to-date: /home/mscrobotics2425laptop42/RoboticsSystemsDesignProject/install/leo_description/share/leo_description/local_setup.zsh
[2.236s] -- Up-to-date: /home/mscrobotics2425laptop42/RoboticsSystemsDesignProject/install/leo_description/share/leo_description/local_setup.dsv
[2.236s] -- Up-to-date: /home/mscrobotics2425laptop42/RoboticsSystemsDesignProject/install/leo_description/share/leo_description/package.dsv
[2.236s] -- Up-to-date: /home/mscrobotics2425laptop42/RoboticsSystemsDesignProject/install/leo_description/share/ament_index/resource_index/packages/leo_description
[2.245s] -- Up-to-date: /home/mscrobotics2425laptop42/RoboticsSystemsDesignProject/install/leo_description/share/leo_description/cmake/leo_descriptionConfig.cmake
[2.245s] -- Up-to-date: /home/mscrobotics2425laptop42/RoboticsSystemsDesignProject/install/leo_description/share/leo_description/cmake/leo_descriptionConfig-version.cmake
[2.245s] -- Up-to-date: /home/mscrobotics2425laptop42/RoboticsSystemsDesignProject/install/leo_description/share/leo_description/package.xml
[2.363s] Invoked command in '/home/mscrobotics2425laptop42/RoboticsSystemsDesignProject/build/leo_description' returned '0': CMAKE_PREFIX_PATH=${CMAKE_PREFIX_PATH}:/home/mscrobotics2425laptop42/interbotix_ws/install/interbotix_xs_modules:/home/mscrobotics2425laptop42/interbotix_ws/install/interbotix_perception_modules:/home/mscrobotics2425laptop42/interbotix_ws/install/interbotix_common_modules:/opt/ros/humble /usr/bin/cmake --install /home/mscrobotics2425laptop42/RoboticsSystemsDesignProject/build/leo_description
