[1.533s] Invoking command in '/home/mscrobotics2425laptop42/RoboticsSystemsDesignProject/src/px100_control': PYTHONPATH=/home/mscrobotics2425laptop42/RoboticsSystemsDesignProject/build/px100_control/prefix_override:/usr/lib/python3/dist-packages/colcon_core/task/python/colcon_distutils_commands:/home/mscrobotics2425laptop42/RoboticsSystemsDesignProject/install/px100_control/lib/python3.10/site-packages:${PYTHONPATH} /usr/bin/python3 -W ignore:setup.py install is deprecated -W ignore:easy_install command is deprecated setup.py egg_info --egg-base ../../build/px100_control build --build-base /home/mscrobotics2425laptop42/RoboticsSystemsDesignProject/build/px100_control/build install --record /home/mscrobotics2425laptop42/RoboticsSystemsDesignProject/build/px100_control/install.log --single-version-externally-managed install_data
[1.792s] running egg_info
[1.793s] writing ../../build/px100_control/px100_control.egg-info/PKG-INFO
[1.794s] writing dependency_links to ../../build/px100_control/px100_control.egg-info/dependency_links.txt
[1.794s] writing entry points to ../../build/px100_control/px100_control.egg-info/entry_points.txt
[1.794s] writing requirements to ../../build/px100_control/px100_control.egg-info/requires.txt
[1.795s] writing top-level names to ../../build/px100_control/px100_control.egg-info/top_level.txt
[1.798s] reading manifest file '../../build/px100_control/px100_control.egg-info/SOURCES.txt'
[1.799s] writing manifest file '../../build/px100_control/px100_control.egg-info/SOURCES.txt'
[1.799s] running build
[1.799s] running build_py
[1.799s] copying px100_control/px100_node.py -> /home/mscrobotics2425laptop42/RoboticsSystemsDesignProject/build/px100_control/build/lib/px100_control
[1.800s] running install
[1.800s] running install_lib
[1.802s] copying /home/mscrobotics2425laptop42/RoboticsSystemsDesignProject/build/px100_control/build/lib/px100_control/px100_node.py -> /home/mscrobotics2425laptop42/RoboticsSystemsDesignProject/install/px100_control/lib/python3.10/site-packages/px100_control
[1.803s] byte-compiling /home/mscrobotics2425laptop42/RoboticsSystemsDesignProject/install/px100_control/lib/python3.10/site-packages/px100_control/px100_node.py to px100_node.cpython-310.pyc
[1.806s] running install_data
[1.806s] running install_egg_info
[1.809s] removing '/home/mscrobotics2425laptop42/RoboticsSystemsDesignProject/install/px100_control/lib/python3.10/site-packages/px100_control-0.0.0-py3.10.egg-info' (and everything under it)
[1.809s] Copying ../../build/px100_control/px100_control.egg-info to /home/mscrobotics2425laptop42/RoboticsSystemsDesignProject/install/px100_control/lib/python3.10/site-packages/px100_control-0.0.0-py3.10.egg-info
[1.811s] running install_scripts
[1.843s] Installing px100_node script to /home/mscrobotics2425laptop42/RoboticsSystemsDesignProject/install/px100_control/lib/px100_control
[1.843s] writing list of installed files to '/home/mscrobotics2425laptop42/RoboticsSystemsDesignProject/build/px100_control/install.log'
[1.881s] Invoked command in '/home/mscrobotics2425laptop42/RoboticsSystemsDesignProject/src/px100_control' returned '0': PYTHONPATH=/home/mscrobotics2425laptop42/RoboticsSystemsDesignProject/build/px100_control/prefix_override:/usr/lib/python3/dist-packages/colcon_core/task/python/colcon_distutils_commands:/home/mscrobotics2425laptop42/RoboticsSystemsDesignProject/install/px100_control/lib/python3.10/site-packages:${PYTHONPATH} /usr/bin/python3 -W ignore:setup.py install is deprecated -W ignore:easy_install command is deprecated setup.py egg_info --egg-base ../../build/px100_control build --build-base /home/mscrobotics2425laptop42/RoboticsSystemsDesignProject/build/px100_control/build install --record /home/mscrobotics2425laptop42/RoboticsSystemsDesignProject/build/px100_control/install.log --single-version-externally-managed install_data
